[1712569296.741810] [o327:80574:0]     ucp_context.c:1969 UCX  WARN  UCP API version is incompatible: required >= 1.15, actual 1.14.1 (loaded from /home_nfs/bhamitono/install/x86_64/rh/8.6/ucx/1.14.1/gnu/8.5.0/lib/libucp.so.0)
[1712569296.759148] [o327:80618:0]     ucp_context.c:1969 UCX  WARN  UCP API version is incompatible: required >= 1.15, actual 1.14.1 (loaded from /home_nfs/bhamitono/install/x86_64/rh/8.6/ucx/1.14.1/gnu/8.5.0/lib/libucp.so.0)
[1712569296.968459] [o327:80722:0]     ucp_context.c:1969 UCX  WARN  UCP API version is incompatible: required >= 1.15, actual 1.14.1 (loaded from /home_nfs/bhamitono/install/x86_64/rh/8.6/ucx/1.14.1/gnu/8.5.0/lib/libucp.so.0)
[1712569297.021912] [o327:80733:0]     ucp_context.c:1969 UCX  WARN  UCP API version is incompatible: required >= 1.15, actual 1.14.1 (loaded from /home_nfs/bhamitono/install/x86_64/rh/8.6/ucx/1.14.1/gnu/8.5.0/lib/libucp.so.0)
[1712569297.060021] [o327:80761:0]     ucp_context.c:1969 UCX  WARN  UCP API version is incompatible: required >= 1.15, actual 1.14.1 (loaded from /home_nfs/bhamitono/install/x86_64/rh/8.6/ucx/1.14.1/gnu/8.5.0/lib/libucp.so.0)
[1712569297.070037] [o327:80764:0]     ucp_context.c:1969 UCX  WARN  UCP API version is incompatible: required >= 1.15, actual 1.14.1 (loaded from /home_nfs/bhamitono/install/x86_64/rh/8.6/ucx/1.14.1/gnu/8.5.0/lib/libucp.so.0)
[1712569297.078154] [o327:80850:0]     ucp_context.c:1969 UCX  WARN  UCP API version is incompatible: required >= 1.15, actual 1.14.1 (loaded from /home_nfs/bhamitono/install/x86_64/rh/8.6/ucx/1.14.1/gnu/8.5.0/lib/libucp.so.0)
[1712569297.078293] [o327:80816:0]     ucp_context.c:1969 UCX  WARN  UCP API version is incompatible: required >= 1.15, actual 1.14.1 (loaded from /home_nfs/bhamitono/install/x86_64/rh/8.6/ucx/1.14.1/gnu/8.5.0/lib/libucp.so.0)
[1712569297.078680] [o327:80564:0]     ucp_context.c:1969 UCX  WARN  UCP API version is incompatible: required >= 1.15, actual 1.14.1 (loaded from /home_nfs/bhamitono/install/x86_64/rh/8.6/ucx/1.14.1/gnu/8.5.0/lib/libucp.so.0)
[1712569297.085751] [o327:80714:0]     ucp_context.c:1969 UCX  WARN  UCP API version is incompatible: required >= 1.15, actual 1.14.1 (loaded from /home_nfs/bhamitono/install/x86_64/rh/8.6/ucx/1.14.1/gnu/8.5.0/lib/libucp.so.0)
[1712569297.086499] [o327:80742:0]     ucp_context.c:1969 UCX  WARN  UCP API version is incompatible: required >= 1.15, actual 1.14.1 (loaded from /home_nfs/bhamitono/install/x86_64/rh/8.6/ucx/1.14.1/gnu/8.5.0/lib/libucp.so.0)
[1712569297.087609] [o327:80848:0]     ucp_context.c:1969 UCX  WARN  UCP API version is incompatible: required >= 1.15, actual 1.14.1 (loaded from /home_nfs/bhamitono/install/x86_64/rh/8.6/ucx/1.14.1/gnu/8.5.0/lib/libucp.so.0)
[1712569297.089381] [o327:80887:0]     ucp_context.c:1969 UCX  WARN  UCP API version is incompatible: required >= 1.15, actual 1.14.1 (loaded from /home_nfs/bhamitono/install/x86_64/rh/8.6/ucx/1.14.1/gnu/8.5.0/lib/libucp.so.0)
[1712569297.092700] [o327:80710:0]     ucp_context.c:1969 UCX  WARN  UCP API version is incompatible: required >= 1.15, actual 1.14.1 (loaded from /home_nfs/bhamitono/install/x86_64/rh/8.6/ucx/1.14.1/gnu/8.5.0/lib/libucp.so.0)
[1712569297.094774] [o327:80611:0]     ucp_context.c:1969 UCX  WARN  UCP API version is incompatible: required >= 1.15, actual 1.14.1 (loaded from /home_nfs/bhamitono/install/x86_64/rh/8.6/ucx/1.14.1/gnu/8.5.0/lib/libucp.so.0)
[1712569297.095052] [o327:80686:0]     ucp_context.c:1969 UCX  WARN  UCP API version is incompatible: required >= 1.15, actual 1.14.1 (loaded from /home_nfs/bhamitono/install/x86_64/rh/8.6/ucx/1.14.1/gnu/8.5.0/lib/libucp.so.0)
[1712569297.098192] [o327:80718:0]     ucp_context.c:1969 UCX  WARN  UCP API version is incompatible: required >= 1.15, actual 1.14.1 (loaded from /home_nfs/bhamitono/install/x86_64/rh/8.6/ucx/1.14.1/gnu/8.5.0/lib/libucp.so.0)
[1712569297.099216] [o327:80578:0]     ucp_context.c:1969 UCX  WARN  UCP API version is incompatible: required >= 1.15, actual 1.14.1 (loaded from /home_nfs/bhamitono/install/x86_64/rh/8.6/ucx/1.14.1/gnu/8.5.0/lib/libucp.so.0)
[1712569297.099216] [o327:80582:0]     ucp_context.c:1969 UCX  WARN  UCP API version is incompatible: required >= 1.15, actual 1.14.1 (loaded from /home_nfs/bhamitono/install/x86_64/rh/8.6/ucx/1.14.1/gnu/8.5.0/lib/libucp.so.0)
[1712569297.100253] [o327:80635:0]     ucp_context.c:1969 UCX  WARN  UCP API version is incompatible: required >= 1.15, actual 1.14.1 (loaded from /home_nfs/bhamitono/install/x86_64/rh/8.6/ucx/1.14.1/gnu/8.5.0/lib/libucp.so.0)
[1712569297.100626] [o327:80711:0]     ucp_context.c:1969 UCX  WARN  UCP API version is incompatible: required >= 1.15, actual 1.14.1 (loaded from /home_nfs/bhamitono/install/x86_64/rh/8.6/ucx/1.14.1/gnu/8.5.0/lib/libucp.so.0)
[1712569297.101035] [o327:80575:0]     ucp_context.c:1969 UCX  WARN  UCP API version is incompatible: required >= 1.15, actual 1.14.1 (loaded from /home_nfs/bhamitono/install/x86_64/rh/8.6/ucx/1.14.1/gnu/8.5.0/lib/libucp.so.0)
[1712569297.102322] [o327:80608:0]     ucp_context.c:1969 UCX  WARN  UCP API version is incompatible: required >= 1.15, actual 1.14.1 (loaded from /home_nfs/bhamitono/install/x86_64/rh/8.6/ucx/1.14.1/gnu/8.5.0/lib/libucp.so.0)
[1712569297.102390] [o327:80565:0]     ucp_context.c:1969 UCX  WARN  UCP API version is incompatible: required >= 1.15, actual 1.14.1 (loaded from /home_nfs/bhamitono/install/x86_64/rh/8.6/ucx/1.14.1/gnu/8.5.0/lib/libucp.so.0)
[1712569297.102991] [o327:80859:0]     ucp_context.c:1969 UCX  WARN  UCP API version is incompatible: required >= 1.15, actual 1.14.1 (loaded from /home_nfs/bhamitono/install/x86_64/rh/8.6/ucx/1.14.1/gnu/8.5.0/lib/libucp.so.0)
[1712569297.122296] [o327:80619:0]     ucp_context.c:1969 UCX  WARN  UCP API version is incompatible: required >= 1.15, actual 1.14.1 (loaded from /home_nfs/bhamitono/install/x86_64/rh/8.6/ucx/1.14.1/gnu/8.5.0/lib/libucp.so.0)
[1712569297.128807] [o327:80869:0]     ucp_context.c:1969 UCX  WARN  UCP API version is incompatible: required >= 1.15, actual 1.14.1 (loaded from /home_nfs/bhamitono/install/x86_64/rh/8.6/ucx/1.14.1/gnu/8.5.0/lib/libucp.so.0)
[1712569297.129514] [o327:80852:0]     ucp_context.c:1969 UCX  WARN  UCP API version is incompatible: required >= 1.15, actual 1.14.1 (loaded from /home_nfs/bhamitono/install/x86_64/rh/8.6/ucx/1.14.1/gnu/8.5.0/lib/libucp.so.0)
[1712569297.130508] [o327:80554:0]     ucp_context.c:1969 UCX  WARN  UCP API version is incompatible: required >= 1.15, actual 1.14.1 (loaded from /home_nfs/bhamitono/install/x86_64/rh/8.6/ucx/1.14.1/gnu/8.5.0/lib/libucp.so.0)
[1712569297.133017] [o327:80723:0]     ucp_context.c:1969 UCX  WARN  UCP API version is incompatible: required >= 1.15, actual 1.14.1 (loaded from /home_nfs/bhamitono/install/x86_64/rh/8.6/ucx/1.14.1/gnu/8.5.0/lib/libucp.so.0)
[1712569297.134026] [o327:80857:0]     ucp_context.c:1969 UCX  WARN  UCP API version is incompatible: required >= 1.15, actual 1.14.1 (loaded from /home_nfs/bhamitono/install/x86_64/rh/8.6/ucx/1.14.1/gnu/8.5.0/lib/libucp.so.0)
[1712569297.137629] [o327:80612:0]     ucp_context.c:1969 UCX  WARN  UCP API version is incompatible: required >= 1.15, actual 1.14.1 (loaded from /home_nfs/bhamitono/install/x86_64/rh/8.6/ucx/1.14.1/gnu/8.5.0/lib/libucp.so.0)
[1712569297.137901] [o327:80842:0]     ucp_context.c:1969 UCX  WARN  UCP API version is incompatible: required >= 1.15, actual 1.14.1 (loaded from /home_nfs/bhamitono/install/x86_64/rh/8.6/ucx/1.14.1/gnu/8.5.0/lib/libucp.so.0)
[1712569297.138098] [o327:80811:0]     ucp_context.c:1969 UCX  WARN  UCP API version is incompatible: required >= 1.15, actual 1.14.1 (loaded from /home_nfs/bhamitono/install/x86_64/rh/8.6/ucx/1.14.1/gnu/8.5.0/lib/libucp.so.0)
[1712569297.138870] [o327:80770:0]     ucp_context.c:1969 UCX  WARN  UCP API version is incompatible: required >= 1.15, actual 1.14.1 (loaded from /home_nfs/bhamitono/install/x86_64/rh/8.6/ucx/1.14.1/gnu/8.5.0/lib/libucp.so.0)
[1712569297.140079] [o327:80853:0]     ucp_context.c:1969 UCX  WARN  UCP API version is incompatible: required >= 1.15, actual 1.14.1 (loaded from /home_nfs/bhamitono/install/x86_64/rh/8.6/ucx/1.14.1/gnu/8.5.0/lib/libucp.so.0)
[1712569297.140439] [o327:80819:0]     ucp_context.c:1969 UCX  WARN  UCP API version is incompatible: required >= 1.15, actual 1.14.1 (loaded from /home_nfs/bhamitono/install/x86_64/rh/8.6/ucx/1.14.1/gnu/8.5.0/lib/libucp.so.0)
[1712569297.140556] [o327:80699:0]     ucp_context.c:1969 UCX  WARN  UCP API version is incompatible: required >= 1.15, actual 1.14.1 (loaded from /home_nfs/bhamitono/install/x86_64/rh/8.6/ucx/1.14.1/gnu/8.5.0/lib/libucp.so.0)
[1712569297.140576] [o327:80581:0]     ucp_context.c:1969 UCX  WARN  UCP API version is incompatible: required >= 1.15, actual 1.14.1 (loaded from /home_nfs/bhamitono/install/x86_64/rh/8.6/ucx/1.14.1/gnu/8.5.0/lib/libucp.so.0)
[1712569297.140625] [o327:80594:0]     ucp_context.c:1969 UCX  WARN  UCP API version is incompatible: required >= 1.15, actual 1.14.1 (loaded from /home_nfs/bhamitono/install/x86_64/rh/8.6/ucx/1.14.1/gnu/8.5.0/lib/libucp.so.0)
[1712569297.140649] [o327:80569:0]     ucp_context.c:1969 UCX  WARN  UCP API version is incompatible: required >= 1.15, actual 1.14.1 (loaded from /home_nfs/bhamitono/install/x86_64/rh/8.6/ucx/1.14.1/gnu/8.5.0/lib/libucp.so.0)
[1712569297.141025] [o327:80685:0]     ucp_context.c:1969 UCX  WARN  UCP API version is incompatible: required >= 1.15, actual 1.14.1 (loaded from /home_nfs/bhamitono/install/x86_64/rh/8.6/ucx/1.14.1/gnu/8.5.0/lib/libucp.so.0)
[1712569297.141740] [o327:80766:0]     ucp_context.c:1969 UCX  WARN  UCP API version is incompatible: required >= 1.15, actual 1.14.1 (loaded from /home_nfs/bhamitono/install/x86_64/rh/8.6/ucx/1.14.1/gnu/8.5.0/lib/libucp.so.0)
[1712569297.142289] [o327:80599:0]     ucp_context.c:1969 UCX  WARN  UCP API version is incompatible: required >= 1.15, actual 1.14.1 (loaded from /home_nfs/bhamitono/install/x86_64/rh/8.6/ucx/1.14.1/gnu/8.5.0/lib/libucp.so.0)
[1712569297.142717] [o327:80570:0]     ucp_context.c:1969 UCX  WARN  UCP API version is incompatible: required >= 1.15, actual 1.14.1 (loaded from /home_nfs/bhamitono/install/x86_64/rh/8.6/ucx/1.14.1/gnu/8.5.0/lib/libucp.so.0)
[1712569297.142986] [o327:80732:0]     ucp_context.c:1969 UCX  WARN  UCP API version is incompatible: required >= 1.15, actual 1.14.1 (loaded from /home_nfs/bhamitono/install/x86_64/rh/8.6/ucx/1.14.1/gnu/8.5.0/lib/libucp.so.0)
[1712569297.142986] [o327:80833:0]     ucp_context.c:1969 UCX  WARN  UCP API version is incompatible: required >= 1.15, actual 1.14.1 (loaded from /home_nfs/bhamitono/install/x86_64/rh/8.6/ucx/1.14.1/gnu/8.5.0/lib/libucp.so.0)
[1712569297.143071] [o327:80572:0]     ucp_context.c:1969 UCX  WARN  UCP API version is incompatible: required >= 1.15, actual 1.14.1 (loaded from /home_nfs/bhamitono/install/x86_64/rh/8.6/ucx/1.14.1/gnu/8.5.0/lib/libucp.so.0)
[1712569297.143076] [o327:80577:0]     ucp_context.c:1969 UCX  WARN  UCP API version is incompatible: required >= 1.15, actual 1.14.1 (loaded from /home_nfs/bhamitono/install/x86_64/rh/8.6/ucx/1.14.1/gnu/8.5.0/lib/libucp.so.0)
[1712569297.143288] [o327:80573:0]     ucp_context.c:1969 UCX  WARN  UCP API version is incompatible: required >= 1.15, actual 1.14.1 (loaded from /home_nfs/bhamitono/install/x86_64/rh/8.6/ucx/1.14.1/gnu/8.5.0/lib/libucp.so.0)
[1712569297.143431] [o327:80576:0]     ucp_context.c:1969 UCX  WARN  UCP API version is incompatible: required >= 1.15, actual 1.14.1 (loaded from /home_nfs/bhamitono/install/x86_64/rh/8.6/ucx/1.14.1/gnu/8.5.0/lib/libucp.so.0)
[1712569297.143525] [o327:80609:0]     ucp_context.c:1969 UCX  WARN  UCP API version is incompatible: required >= 1.15, actual 1.14.1 (loaded from /home_nfs/bhamitono/install/x86_64/rh/8.6/ucx/1.14.1/gnu/8.5.0/lib/libucp.so.0)
[1712569297.143671] [o327:80604:0]     ucp_context.c:1969 UCX  WARN  UCP API version is incompatible: required >= 1.15, actual 1.14.1 (loaded from /home_nfs/bhamitono/install/x86_64/rh/8.6/ucx/1.14.1/gnu/8.5.0/lib/libucp.so.0)
[1712569297.143716] [o327:80737:0]     ucp_context.c:1969 UCX  WARN  UCP API version is incompatible: required >= 1.15, actual 1.14.1 (loaded from /home_nfs/bhamitono/install/x86_64/rh/8.6/ucx/1.14.1/gnu/8.5.0/lib/libucp.so.0)
[1712569297.143705] [o327:80583:0]     ucp_context.c:1969 UCX  WARN  UCP API version is incompatible: required >= 1.15, actual 1.14.1 (loaded from /home_nfs/bhamitono/install/x86_64/rh/8.6/ucx/1.14.1/gnu/8.5.0/lib/libucp.so.0)
[1712569297.144038] [o327:80861:0]     ucp_context.c:1969 UCX  WARN  UCP API version is incompatible: required >= 1.15, actual 1.14.1 (loaded from /home_nfs/bhamitono/install/x86_64/rh/8.6/ucx/1.14.1/gnu/8.5.0/lib/libucp.so.0)
[1712569297.144074] [o327:80791:0]     ucp_context.c:1969 UCX  WARN  UCP API version is incompatible: required >= 1.15, actual 1.14.1 (loaded from /home_nfs/bhamitono/install/x86_64/rh/8.6/ucx/1.14.1/gnu/8.5.0/lib/libucp.so.0)
[1712569297.144115] [o327:80571:0]     ucp_context.c:1969 UCX  WARN  UCP API version is incompatible: required >= 1.15, actual 1.14.1 (loaded from /home_nfs/bhamitono/install/x86_64/rh/8.6/ucx/1.14.1/gnu/8.5.0/lib/libucp.so.0)
[1712569297.144346] [o327:80670:0]     ucp_context.c:1969 UCX  WARN  UCP API version is incompatible: required >= 1.15, actual 1.14.1 (loaded from /home_nfs/bhamitono/install/x86_64/rh/8.6/ucx/1.14.1/gnu/8.5.0/lib/libucp.so.0)
[1712569297.144378] [o327:80829:0]     ucp_context.c:1969 UCX  WARN  UCP API version is incompatible: required >= 1.15, actual 1.14.1 (loaded from /home_nfs/bhamitono/install/x86_64/rh/8.6/ucx/1.14.1/gnu/8.5.0/lib/libucp.so.0)
[1712569297.144388] [o327:80567:0]     ucp_context.c:1969 UCX  WARN  UCP API version is incompatible: required >= 1.15, actual 1.14.1 (loaded from /home_nfs/bhamitono/install/x86_64/rh/8.6/ucx/1.14.1/gnu/8.5.0/lib/libucp.so.0)
[1712569297.144462] [o327:80822:0]     ucp_context.c:1969 UCX  WARN  UCP API version is incompatible: required >= 1.15, actual 1.14.1 (loaded from /home_nfs/bhamitono/install/x86_64/rh/8.6/ucx/1.14.1/gnu/8.5.0/lib/libucp.so.0)
[1712569297.144610] [o327:80740:0]     ucp_context.c:1969 UCX  WARN  UCP API version is incompatible: required >= 1.15, actual 1.14.1 (loaded from /home_nfs/bhamitono/install/x86_64/rh/8.6/ucx/1.14.1/gnu/8.5.0/lib/libucp.so.0)
[1712569297.144649] [o327:80568:0]     ucp_context.c:1969 UCX  WARN  UCP API version is incompatible: required >= 1.15, actual 1.14.1 (loaded from /home_nfs/bhamitono/install/x86_64/rh/8.6/ucx/1.14.1/gnu/8.5.0/lib/libucp.so.0)
[1712569297.144737] [o327:80700:0]     ucp_context.c:1969 UCX  WARN  UCP API version is incompatible: required >= 1.15, actual 1.14.1 (loaded from /home_nfs/bhamitono/install/x86_64/rh/8.6/ucx/1.14.1/gnu/8.5.0/lib/libucp.so.0)
[1712569297.144951] [o327:80663:0]     ucp_context.c:1969 UCX  WARN  UCP API version is incompatible: required >= 1.15, actual 1.14.1 (loaded from /home_nfs/bhamitono/install/x86_64/rh/8.6/ucx/1.14.1/gnu/8.5.0/lib/libucp.so.0)
[1712569297.144934] [o327:80719:0]     ucp_context.c:1969 UCX  WARN  UCP API version is incompatible: required >= 1.15, actual 1.14.1 (loaded from /home_nfs/bhamitono/install/x86_64/rh/8.6/ucx/1.14.1/gnu/8.5.0/lib/libucp.so.0)
[1712569297.145053] [o327:80726:0]     ucp_context.c:1969 UCX  WARN  UCP API version is incompatible: required >= 1.15, actual 1.14.1 (loaded from /home_nfs/bhamitono/install/x86_64/rh/8.6/ucx/1.14.1/gnu/8.5.0/lib/libucp.so.0)
[1712569297.145174] [o327:80551:0]     ucp_context.c:1969 UCX  WARN  UCP API version is incompatible: required >= 1.15, actual 1.14.1 (loaded from /home_nfs/bhamitono/install/x86_64/rh/8.6/ucx/1.14.1/gnu/8.5.0/lib/libucp.so.0)
[1712569297.145249] [o327:80797:0]     ucp_context.c:1969 UCX  WARN  UCP API version is incompatible: required >= 1.15, actual 1.14.1 (loaded from /home_nfs/bhamitono/install/x86_64/rh/8.6/ucx/1.14.1/gnu/8.5.0/lib/libucp.so.0)
[1712569297.145257] [o327:80662:0]     ucp_context.c:1969 UCX  WARN  UCP API version is incompatible: required >= 1.15, actual 1.14.1 (loaded from /home_nfs/bhamitono/install/x86_64/rh/8.6/ucx/1.14.1/gnu/8.5.0/lib/libucp.so.0)
[1712569297.145289] [o327:80566:0]     ucp_context.c:1969 UCX  WARN  UCP API version is incompatible: required >= 1.15, actual 1.14.1 (loaded from /home_nfs/bhamitono/install/x86_64/rh/8.6/ucx/1.14.1/gnu/8.5.0/lib/libucp.so.0)
[1712569297.145411] [o327:80579:0]     ucp_context.c:1969 UCX  WARN  UCP API version is incompatible: required >= 1.15, actual 1.14.1 (loaded from /home_nfs/bhamitono/install/x86_64/rh/8.6/ucx/1.14.1/gnu/8.5.0/lib/libucp.so.0)
[1712569297.145522] [o327:80580:0]     ucp_context.c:1969 UCX  WARN  UCP API version is incompatible: required >= 1.15, actual 1.14.1 (loaded from /home_nfs/bhamitono/install/x86_64/rh/8.6/ucx/1.14.1/gnu/8.5.0/lib/libucp.so.0)
[1712569297.145674] [o327:80552:0]     ucp_context.c:1969 UCX  WARN  UCP API version is incompatible: required >= 1.15, actual 1.14.1 (loaded from /home_nfs/bhamitono/install/x86_64/rh/8.6/ucx/1.14.1/gnu/8.5.0/lib/libucp.so.0)
[1712569297.145668] [o327:80553:0]     ucp_context.c:1969 UCX  WARN  UCP API version is incompatible: required >= 1.15, actual 1.14.1 (loaded from /home_nfs/bhamitono/install/x86_64/rh/8.6/ucx/1.14.1/gnu/8.5.0/lib/libucp.so.0)
[1712569297.146049] [o327:80727:0]     ucp_context.c:1969 UCX  WARN  UCP API version is incompatible: required >= 1.15, actual 1.14.1 (loaded from /home_nfs/bhamitono/install/x86_64/rh/8.6/ucx/1.14.1/gnu/8.5.0/lib/libucp.so.0)
[1712569297.146214] [o327:80890:0]     ucp_context.c:1969 UCX  WARN  UCP API version is incompatible: required >= 1.15, actual 1.14.1 (loaded from /home_nfs/bhamitono/install/x86_64/rh/8.6/ucx/1.14.1/gnu/8.5.0/lib/libucp.so.0)
[1712569297.146346] [o327:80731:0]     ucp_context.c:1969 UCX  WARN  UCP API version is incompatible: required >= 1.15, actual 1.14.1 (loaded from /home_nfs/bhamitono/install/x86_64/rh/8.6/ucx/1.14.1/gnu/8.5.0/lib/libucp.so.0)
[1712569297.146357] [o327:80628:0]     ucp_context.c:1969 UCX  WARN  UCP API version is incompatible: required >= 1.15, actual 1.14.1 (loaded from /home_nfs/bhamitono/install/x86_64/rh/8.6/ucx/1.14.1/gnu/8.5.0/lib/libucp.so.0)
[1712569297.146459] [o327:80639:0]     ucp_context.c:1969 UCX  WARN  UCP API version is incompatible: required >= 1.15, actual 1.14.1 (loaded from /home_nfs/bhamitono/install/x86_64/rh/8.6/ucx/1.14.1/gnu/8.5.0/lib/libucp.so.0)
[1712569297.146522] [o327:80736:0]     ucp_context.c:1969 UCX  WARN  UCP API version is incompatible: required >= 1.15, actual 1.14.1 (loaded from /home_nfs/bhamitono/install/x86_64/rh/8.6/ucx/1.14.1/gnu/8.5.0/lib/libucp.so.0)
[1712569297.146875] [o327:80865:0]     ucp_context.c:1969 UCX  WARN  UCP API version is incompatible: required >= 1.15, actual 1.14.1 (loaded from /home_nfs/bhamitono/install/x86_64/rh/8.6/ucx/1.14.1/gnu/8.5.0/lib/libucp.so.0)
[1712569297.146947] [o327:80593:0]     ucp_context.c:1969 UCX  WARN  UCP API version is incompatible: required >= 1.15, actual 1.14.1 (loaded from /home_nfs/bhamitono/install/x86_64/rh/8.6/ucx/1.14.1/gnu/8.5.0/lib/libucp.so.0)
[1712569297.146966] [o327:80691:0]     ucp_context.c:1969 UCX  WARN  UCP API version is incompatible: required >= 1.15, actual 1.14.1 (loaded from /home_nfs/bhamitono/install/x86_64/rh/8.6/ucx/1.14.1/gnu/8.5.0/lib/libucp.so.0)
[1712569297.147001] [o327:80789:0]     ucp_context.c:1969 UCX  WARN  UCP API version is incompatible: required >= 1.15, actual 1.14.1 (loaded from /home_nfs/bhamitono/install/x86_64/rh/8.6/ucx/1.14.1/gnu/8.5.0/lib/libucp.so.0)
[1712569297.147046] [o327:80735:0]     ucp_context.c:1969 UCX  WARN  UCP API version is incompatible: required >= 1.15, actual 1.14.1 (loaded from /home_nfs/bhamitono/install/x86_64/rh/8.6/ucx/1.14.1/gnu/8.5.0/lib/libucp.so.0)
[1712569297.147151] [o327:80794:0]     ucp_context.c:1969 UCX  WARN  UCP API version is incompatible: required >= 1.15, actual 1.14.1 (loaded from /home_nfs/bhamitono/install/x86_64/rh/8.6/ucx/1.14.1/gnu/8.5.0/lib/libucp.so.0)
[1712569297.147163] [o327:80750:0]     ucp_context.c:1969 UCX  WARN  UCP API version is incompatible: required >= 1.15, actual 1.14.1 (loaded from /home_nfs/bhamitono/install/x86_64/rh/8.6/ucx/1.14.1/gnu/8.5.0/lib/libucp.so.0)
[1712569297.147120] [o327:80584:0]     ucp_context.c:1969 UCX  WARN  UCP API version is incompatible: required >= 1.15, actual 1.14.1 (loaded from /home_nfs/bhamitono/install/x86_64/rh/8.6/ucx/1.14.1/gnu/8.5.0/lib/libucp.so.0)
[1712569297.147136] [o327:80586:0]     ucp_context.c:1969 UCX  WARN  UCP API version is incompatible: required >= 1.15, actual 1.14.1 (loaded from /home_nfs/bhamitono/install/x86_64/rh/8.6/ucx/1.14.1/gnu/8.5.0/lib/libucp.so.0)
[1712569297.147121] [o327:80728:0]     ucp_context.c:1969 UCX  WARN  UCP API version is incompatible: required >= 1.15, actual 1.14.1 (loaded from /home_nfs/bhamitono/install/x86_64/rh/8.6/ucx/1.14.1/gnu/8.5.0/lib/libucp.so.0)
[1712569297.147180] [o327:80754:0]     ucp_context.c:1969 UCX  WARN  UCP API version is incompatible: required >= 1.15, actual 1.14.1 (loaded from /home_nfs/bhamitono/install/x86_64/rh/8.6/ucx/1.14.1/gnu/8.5.0/lib/libucp.so.0)
[1712569297.147287] [o327:80840:0]     ucp_context.c:1969 UCX  WARN  UCP API version is incompatible: required >= 1.15, actual 1.14.1 (loaded from /home_nfs/bhamitono/install/x86_64/rh/8.6/ucx/1.14.1/gnu/8.5.0/lib/libucp.so.0)
[1712569297.147307] [o327:80871:0]     ucp_context.c:1969 UCX  WARN  UCP API version is incompatible: required >= 1.15, actual 1.14.1 (loaded from /home_nfs/bhamitono/install/x86_64/rh/8.6/ucx/1.14.1/gnu/8.5.0/lib/libucp.so.0)
[1712569297.147289] [o327:80780:0]     ucp_context.c:1969 UCX  WARN  UCP API version is incompatible: required >= 1.15, actual 1.14.1 (loaded from /home_nfs/bhamitono/install/x86_64/rh/8.6/ucx/1.14.1/gnu/8.5.0/lib/libucp.so.0)
[1712569297.147382] [o327:80744:0]     ucp_context.c:1969 UCX  WARN  UCP API version is incompatible: required >= 1.15, actual 1.14.1 (loaded from /home_nfs/bhamitono/install/x86_64/rh/8.6/ucx/1.14.1/gnu/8.5.0/lib/libucp.so.0)
[1712569297.147396] [o327:80781:0]     ucp_context.c:1969 UCX  WARN  UCP API version is incompatible: required >= 1.15, actual 1.14.1 (loaded from /home_nfs/bhamitono/install/x86_64/rh/8.6/ucx/1.14.1/gnu/8.5.0/lib/libucp.so.0)
[1712569297.147434] [o327:80799:0]     ucp_context.c:1969 UCX  WARN  UCP API version is incompatible: required >= 1.15, actual 1.14.1 (loaded from /home_nfs/bhamitono/install/x86_64/rh/8.6/ucx/1.14.1/gnu/8.5.0/lib/libucp.so.0)
[1712569297.147504] [o327:80598:0]     ucp_context.c:1969 UCX  WARN  UCP API version is incompatible: required >= 1.15, actual 1.14.1 (loaded from /home_nfs/bhamitono/install/x86_64/rh/8.6/ucx/1.14.1/gnu/8.5.0/lib/libucp.so.0)
[1712569297.147556] [o327:80585:0]     ucp_context.c:1969 UCX  WARN  UCP API version is incompatible: required >= 1.15, actual 1.14.1 (loaded from /home_nfs/bhamitono/install/x86_64/rh/8.6/ucx/1.14.1/gnu/8.5.0/lib/libucp.so.0)
[1712569297.147561] [o327:80592:0]     ucp_context.c:1969 UCX  WARN  UCP API version is incompatible: required >= 1.15, actual 1.14.1 (loaded from /home_nfs/bhamitono/install/x86_64/rh/8.6/ucx/1.14.1/gnu/8.5.0/lib/libucp.so.0)
[1712569297.147575] [o327:80752:0]     ucp_context.c:1969 UCX  WARN  UCP API version is incompatible: required >= 1.15, actual 1.14.1 (loaded from /home_nfs/bhamitono/install/x86_64/rh/8.6/ucx/1.14.1/gnu/8.5.0/lib/libucp.so.0)
[1712569297.147575] [o327:80657:0]     ucp_context.c:1969 UCX  WARN  UCP API version is incompatible: required >= 1.15, actual 1.14.1 (loaded from /home_nfs/bhamitono/install/x86_64/rh/8.6/ucx/1.14.1/gnu/8.5.0/lib/libucp.so.0)
[1712569297.147585] [o327:80878:0]     ucp_context.c:1969 UCX  WARN  UCP API version is incompatible: required >= 1.15, actual 1.14.1 (loaded from /home_nfs/bhamitono/install/x86_64/rh/8.6/ucx/1.14.1/gnu/8.5.0/lib/libucp.so.0)
[1712569297.147691] [o327:80814:0]     ucp_context.c:1969 UCX  WARN  UCP API version is incompatible: required >= 1.15, actual 1.14.1 (loaded from /home_nfs/bhamitono/install/x86_64/rh/8.6/ucx/1.14.1/gnu/8.5.0/lib/libucp.so.0)
[1712569297.147693] [o327:80695:0]     ucp_context.c:1969 UCX  WARN  UCP API version is incompatible: required >= 1.15, actual 1.14.1 (loaded from /home_nfs/bhamitono/install/x86_64/rh/8.6/ucx/1.14.1/gnu/8.5.0/lib/libucp.so.0)
[1712569297.147770] [o327:80587:0]     ucp_context.c:1969 UCX  WARN  UCP API version is incompatible: required >= 1.15, actual 1.14.1 (loaded from /home_nfs/bhamitono/install/x86_64/rh/8.6/ucx/1.14.1/gnu/8.5.0/lib/libucp.so.0)
[1712569297.147752] [o327:80745:0]     ucp_context.c:1969 UCX  WARN  UCP API version is incompatible: required >= 1.15, actual 1.14.1 (loaded from /home_nfs/bhamitono/install/x86_64/rh/8.6/ucx/1.14.1/gnu/8.5.0/lib/libucp.so.0)
[1712569297.147796] [o327:80625:0]     ucp_context.c:1969 UCX  WARN  UCP API version is incompatible: required >= 1.15, actual 1.14.1 (loaded from /home_nfs/bhamitono/install/x86_64/rh/8.6/ucx/1.14.1/gnu/8.5.0/lib/libucp.so.0)
[1712569297.147802] [o327:80777:0]     ucp_context.c:1969 UCX  WARN  UCP API version is incompatible: required >= 1.15, actual 1.14.1 (loaded from /home_nfs/bhamitono/install/x86_64/rh/8.6/ucx/1.14.1/gnu/8.5.0/lib/libucp.so.0)
[1712569297.147808] [o327:80804:0]     ucp_context.c:1969 UCX  WARN  UCP API version is incompatible: required >= 1.15, actual 1.14.1 (loaded from /home_nfs/bhamitono/install/x86_64/rh/8.6/ucx/1.14.1/gnu/8.5.0/lib/libucp.so.0)
[1712569297.147892] [o327:80880:0]     ucp_context.c:1969 UCX  WARN  UCP API version is incompatible: required >= 1.15, actual 1.14.1 (loaded from /home_nfs/bhamitono/install/x86_64/rh/8.6/ucx/1.14.1/gnu/8.5.0/lib/libucp.so.0)
[1712569297.147901] [o327:80807:0]     ucp_context.c:1969 UCX  WARN  UCP API version is incompatible: required >= 1.15, actual 1.14.1 (loaded from /home_nfs/bhamitono/install/x86_64/rh/8.6/ucx/1.14.1/gnu/8.5.0/lib/libucp.so.0)
[1712569297.147951] [o327:80832:0]     ucp_context.c:1969 UCX  WARN  UCP API version is incompatible: required >= 1.15, actual 1.14.1 (loaded from /home_nfs/bhamitono/install/x86_64/rh/8.6/ucx/1.14.1/gnu/8.5.0/lib/libucp.so.0)
[1712569297.147984] [o327:80806:0]     ucp_context.c:1969 UCX  WARN  UCP API version is incompatible: required >= 1.15, actual 1.14.1 (loaded from /home_nfs/bhamitono/install/x86_64/rh/8.6/ucx/1.14.1/gnu/8.5.0/lib/libucp.so.0)
[1712569297.148035] [o327:80703:0]     ucp_context.c:1969 UCX  WARN  UCP API version is incompatible: required >= 1.15, actual 1.14.1 (loaded from /home_nfs/bhamitono/install/x86_64/rh/8.6/ucx/1.14.1/gnu/8.5.0/lib/libucp.so.0)
[1712569297.148087] [o327:80741:0]     ucp_context.c:1969 UCX  WARN  UCP API version is incompatible: required >= 1.15, actual 1.14.1 (loaded from /home_nfs/bhamitono/install/x86_64/rh/8.6/ucx/1.14.1/gnu/8.5.0/lib/libucp.so.0)
[1712569297.148091] [o327:80648:0]     ucp_context.c:1969 UCX  WARN  UCP API version is incompatible: required >= 1.15, actual 1.14.1 (loaded from /home_nfs/bhamitono/install/x86_64/rh/8.6/ucx/1.14.1/gnu/8.5.0/lib/libucp.so.0)
[1712569297.148105] [o327:80643:0]     ucp_context.c:1969 UCX  WARN  UCP API version is incompatible: required >= 1.15, actual 1.14.1 (loaded from /home_nfs/bhamitono/install/x86_64/rh/8.6/ucx/1.14.1/gnu/8.5.0/lib/libucp.so.0)
[1712569297.148165] [o327:80739:0]     ucp_context.c:1969 UCX  WARN  UCP API version is incompatible: required >= 1.15, actual 1.14.1 (loaded from /home_nfs/bhamitono/install/x86_64/rh/8.6/ucx/1.14.1/gnu/8.5.0/lib/libucp.so.0)
[1712569297.148162] [o327:80651:0]     ucp_context.c:1969 UCX  WARN  UCP API version is incompatible: required >= 1.15, actual 1.14.1 (loaded from /home_nfs/bhamitono/install/x86_64/rh/8.6/ucx/1.14.1/gnu/8.5.0/lib/libucp.so.0)
[1712569297.148195] [o327:80897:0]     ucp_context.c:1969 UCX  WARN  UCP API version is incompatible: required >= 1.15, actual 1.14.1 (loaded from /home_nfs/bhamitono/install/x86_64/rh/8.6/ucx/1.14.1/gnu/8.5.0/lib/libucp.so.0)
[1712569297.148191] [o327:80899:0]     ucp_context.c:1969 UCX  WARN  UCP API version is incompatible: required >= 1.15, actual 1.14.1 (loaded from /home_nfs/bhamitono/install/x86_64/rh/8.6/ucx/1.14.1/gnu/8.5.0/lib/libucp.so.0)
[1712569297.148255] [o327:80824:0]     ucp_context.c:1969 UCX  WARN  UCP API version is incompatible: required >= 1.15, actual 1.14.1 (loaded from /home_nfs/bhamitono/install/x86_64/rh/8.6/ucx/1.14.1/gnu/8.5.0/lib/libucp.so.0)
[1712569297.148254] [o327:80893:0]     ucp_context.c:1969 UCX  WARN  UCP API version is incompatible: required >= 1.15, actual 1.14.1 (loaded from /home_nfs/bhamitono/install/x86_64/rh/8.6/ucx/1.14.1/gnu/8.5.0/lib/libucp.so.0)
[1712569297.148255] [o327:80906:0]     ucp_context.c:1969 UCX  WARN  UCP API version is incompatible: required >= 1.15, actual 1.14.1 (loaded from /home_nfs/bhamitono/install/x86_64/rh/8.6/ucx/1.14.1/gnu/8.5.0/lib/libucp.so.0)
[1712569297.148259] [o327:80844:0]     ucp_context.c:1969 UCX  WARN  UCP API version is incompatible: required >= 1.15, actual 1.14.1 (loaded from /home_nfs/bhamitono/install/x86_64/rh/8.6/ucx/1.14.1/gnu/8.5.0/lib/libucp.so.0)
(HemoCell) (Config) reading config.xml
 _   _   ____   __  __   _____    ___   ____   __     __ 
( )_( ) ( ___) (  \/  ) (  _  )  / __) ( ___) (  )   (  )
 ) _ (   )__)   )    (   )(_)(  ( (__   )__)   )(__   )(__ 
(_) (_) (____) (_/\/\_) (_____)  \___) (____) (____) (____) 
                         v.2.6

(unbounded) (Parameters) calculating flow parameters
(HemoCell) dt is set to *auto*. Tau will be set to 1!
(HemoCell) System parameters:
	 dx: 	5e-07
	 dt: 	3.78788e-08
	 dm: 	1.28125e-16
	 dN: 	4.4649e-08
	 tau: 	1
	 nu_lbm: 	0.166667
	 u_lb_max: 	7.57576e-07
	 f_limit: 	0.00111985
(unbounded) (Fluid) Initializing Palabos Fluid Field
(HemoCell) Using default domain management.
(HemoCell) (Fluid) Setting Fluid Equilibrium
Size of the multi-block:     200-by-200-by-200
Number of atomic-blocks:     128
Smallest atomic-block:       50-by-50-by-25
Largest atomic-block:        50-by-50-by-25
Number of allocated cells:   8 million
Fraction of allocated domain: 100 percent

(Hemocell) (HemoCellFields) (Init) particle envelope: 25 [lu]
Cellfield  (+ material model) of RBC
  Volume :90 µm³ VolumeFraction of lsp per fluid node: 1.1215 %
  Nvertex: 642
(Cell-mechanics model) High Order model parameters for RBC cellfield
	 k_link:   0.000183679
	 k_area:   9.18393e-07
	 k_bend: : 1.46943e-05
	 k_volume: 3.67357e-06
	 eta_m:    0
	 mean_edge:1.00019
	 N faces:  1280
(HemoCell) (Timescale Seperation) Setting seperation of RBC to 20 timesteps
(HemoCell) (Timescale separation) Setting update separation of all particles to 5 timesteps
(HemoCell) (CellField) Setting output variables for RBC cells
(HemoCell) (Fluid) Setting output variables for fluid field
(HemoCell) (CellField) Loading particle positions 
(readPositionsBloodCells) Reading particle positions...
(readPositionsBloodCells) Particle count in file (RBC): 128000.
(HemoCell) (Output) writing output at timestep 0 (0 s). Approx. performance: 0.00 s / iteration.
(unbounded) fresh start: warming up cell-free fluid domain for 0 iterations...
(unbounded) Starting simulation...
 | RBC Volume ratio [x100%]: 1.925
(main)   nCells (global) = 2000
(HemoCell) (SanityCheck) Performing Sanity check on simulation parameters and setup
(HemoCell) WARNING: Force limit active at 50 pN. Results can be inaccurate due to force capping.
Size of the multi-block:     200-by-200-by-200
Number of atomic-blocks:     128
Smallest atomic-block:       50-by-50-by-25
Largest atomic-block:        50-by-50-by-25
Number of allocated cells:   8 million
Fraction of allocated domain: 100 percent
(SanityCheck) one of the dimensions of the largest atomic block is more than 25.
  This can be inefficient. The best performance is below 26x26x26 blocks.
  It is recommended to adjust the number of processors or the sparseBlockStructure accordingly.
Hemocell Profiler Statistics (Only Process 0):
HemoCell: 603.146000
 MpiReceive: 0.000000
 MpiSend: 0.000000
 deleteIncompleteCells: 0.014000
 iterate: 601.384000
  advanceParticles: 22.772000
  applyConstitutiveModel: 9.427000
  collideAndStream: 403.644000
  deleteNonLocalParticles: 3.147000
  interpolateFluidVelocity: 22.652000
  setExternalVector: 17.421000
  spreadParticleForce: 84.954000
  syncEnvelopes: 37.212000
   MpiReceive: 7.482000
   MpiSend: 1.240000
 output: 0.582000
  applyConstitutiveModel: 0.015000
  deleteIncompleteCells: 0.005000
  separateForceVectors: 0.032000
  syncEnvelopes: 0.102000
   MpiReceive: 0.017000
   MpiSend: 0.014000
  unifyForceVectors: 0.011000
  updateResidenceTime: 0.000000
  writeOutput: 0.313000
   writeCellCSVInfo: 0.168000
    syncEnvelopes: 0.072000
     MpiReceive: 0.004000
     MpiSend: 0.002000
   writeCellField: 0.127000
   writeFluidField: 0.018000
 syncEnvelopes: 0.246000
  MpiReceive: 0.024000
  MpiSend: 0.014000
(main) Simulation finished :) 
