Restoring modules from user's hemocell
Lmod Warning: The following modules were not loaded: ear




DCGMI support OFF
Mapping frequencies from 192 processes to 192 CPUs...
---------------- EAR 4.3 MPI enabled ----------------
                   App/user id: 'experiment-ear.job'/'jvandijk'
           Node/job id/step_id: 'tcn1190'/'5776026'/'0'
     P_STATE/frequency (turbo): 0/2400000 (0)
    Tasks/nodes/ppn/node_ratio: 192/1/192/1.000
             Policy (learning): monitoring (0)
Policy threshold/Perf accuracy: 0.00/10000000.00
   DynAIS levels/window/AVX512: 10/200/2
                      VAR path: /var/ear
           EAR privileged user: 0
                       EARL on: 1 
                  Max CPU freq: 2400000
-------------------------------------------------------
EAR initialized successfully.
Warning, going to time guided because low number of MPI calls per second current 21.727272 
EAR(experiment-ear.job) at 2.400 in tcn1190 MR[0] elapsed 55 sec.: [32m(CPI=0.307 GBS=520.21 Power=705.7W Time=1.142s
	AvgCPUF=2.40GHz/AvgIMCF=1.80GHz GFlop/s=625.51 IO=11.45MB/s MPI_time/exec_Time (max/avg/min): 52.0/30.9/8.7 %)  
	 Next Frequency 2.40[0m
EAR(experiment-ear.job) at 2.400 in tcn1190 MR[0] elapsed 70 sec.: [32m(CPI=0.406 GBS=435.33 Power=749.0W Time=1.603s
	AvgCPUF=2.39GHz/AvgIMCF=1.80GHz GFlop/s=916.59 IO=0.00MB/s MPI_time/exec_Time (max/avg/min): 54.8/35.0/15.8 %)  
	 Next Frequency 2.40[0m
EAR(experiment-ear.job) at 2.400 in tcn1190 MR[0] elapsed 86 sec.: [32m(CPI=0.417 GBS=430.99 Power=690.0W Time=1.518s
	AvgCPUF=2.39GHz/AvgIMCF=1.80GHz GFlop/s=1093.49 IO=36.29MB/s MPI_time/exec_Time (max/avg/min): 54.1/34.7/15.2 %)  
	 Next Frequency 2.40[0m
EAR(experiment-ear.job) at 2.400 in tcn1190 MR[0] elapsed 106 sec.: [32m(CPI=0.399 GBS=431.40 Power=748.7W Time=1.598s
	AvgCPUF=2.39GHz/AvgIMCF=1.80GHz GFlop/s=1198.45 IO=34.47MB/s MPI_time/exec_Time (max/avg/min): 56.2/36.7/17.5 %)  
	 Next Frequency 2.40[0m
EAR(experiment-ear.job) at 2.400 in tcn1190 MR[0] elapsed 127 sec.: [32m(CPI=0.407 GBS=401.07 Power=738.2W Time=1.432s
	AvgCPUF=2.39GHz/AvgIMCF=1.80GHz GFlop/s=1318.94 IO=0.00MB/s MPI_time/exec_Time (max/avg/min): 52.9/31.8/10.4 %)  
	 Next Frequency 2.40[0m
EAR(experiment-ear.job) at 2.400 in tcn1190 MR[0] elapsed 143 sec.: [32m(CPI=0.418 GBS=411.54 Power=736.2W Time=1.529s
	AvgCPUF=2.39GHz/AvgIMCF=1.80GHz GFlop/s=1378.29 IO=0.01MB/s MPI_time/exec_Time (max/avg/min): 54.0/34.6/12.8 %)  
	 Next Frequency 2.40[0m
EAR(experiment-ear.job) at 2.400 in tcn1190 MR[0] elapsed 159 sec.: [32m(CPI=0.404 GBS=451.23 Power=714.1W Time=1.578s
	AvgCPUF=2.39GHz/AvgIMCF=1.80GHz GFlop/s=1416.61 IO=0.00MB/s MPI_time/exec_Time (max/avg/min): 53.7/33.9/13.0 %)  [0m
EAR(experiment-ear.job) at 2.400 in tcn1190 MR[0] elapsed 174 sec.: [32m(CPI=0.417 GBS=441.88 Power=736.3W Time=1.529s
	AvgCPUF=2.39GHz/AvgIMCF=1.80GHz GFlop/s=1455.30 IO=0.01MB/s MPI_time/exec_Time (max/avg/min): 55.0/35.8/11.7 %)  
	 Next Frequency 2.40[0m
EAR(experiment-ear.job) at 2.400 in tcn1190 MR[0] elapsed 190 sec.: [32m(CPI=0.408 GBS=433.11 Power=713.0W Time=1.580s
	AvgCPUF=2.39GHz/AvgIMCF=1.80GHz GFlop/s=1484.07 IO=0.00MB/s MPI_time/exec_Time (max/avg/min): 53.8/33.7/9.6 %)  [0m
EAR(experiment-ear.job) at 2.400 in tcn1190 MR[0] elapsed 204 sec.: [32m(CPI=0.423 GBS=399.55 Power=732.8W Time=1.533s
	AvgCPUF=2.38GHz/AvgIMCF=1.80GHz GFlop/s=1511.76 IO=0.01MB/s MPI_time/exec_Time (max/avg/min): 54.6/35.0/11.5 %)  [0m
EAR(experiment-ear.job) at 2.400 in tcn1190 MR[0] elapsed 220 sec.: [32m(CPI=0.401 GBS=468.27 Power=688.7W Time=1.416s
	AvgCPUF=2.39GHz/AvgIMCF=1.80GHz GFlop/s=1527.34 IO=0.01MB/s MPI_time/exec_Time (max/avg/min): 52.8/32.4/9.5 %)  
	 Next Frequency 2.40[0m
EAR(experiment-ear.job) at 2.400 in tcn1190 MR[0] elapsed 234 sec.: [32m(CPI=0.417 GBS=410.69 Power=758.3W Time=1.573s
	AvgCPUF=2.38GHz/AvgIMCF=1.80GHz GFlop/s=1546.23 IO=0.01MB/s MPI_time/exec_Time (max/avg/min): 56.7/37.7/15.1 %)  [0m
EAR(experiment-ear.job) at 2.400 in tcn1190 MR[0] elapsed 252 sec.: [32m(CPI=0.409 GBS=454.82 Power=685.4W Time=1.426s
	AvgCPUF=2.39GHz/AvgIMCF=1.80GHz GFlop/s=1561.68 IO=0.01MB/s MPI_time/exec_Time (max/avg/min): 52.6/32.0/8.9 %)  
	 Next Frequency 2.40[0m
EAR(experiment-ear.job) at 2.400 in tcn1190 MR[0] elapsed 267 sec.: [32m(CPI=0.409 GBS=424.56 Power=733.7W Time=1.837s
	AvgCPUF=2.39GHz/AvgIMCF=1.80GHz GFlop/s=1576.75 IO=0.00MB/s MPI_time/exec_Time (max/avg/min): 55.2/37.0/12.5 %)  [0m
EAR(experiment-ear.job) at 2.400 in tcn1190 MR[0] elapsed 281 sec.: [32m(CPI=0.404 GBS=355.25 Power=733.9W Time=1.526s
	AvgCPUF=2.38GHz/AvgIMCF=1.80GHz GFlop/s=1584.96 IO=0.01MB/s MPI_time/exec_Time (max/avg/min): 55.9/37.2/12.6 %)  [0m
EAR(experiment-ear.job) at 2.400 in tcn1190 MR[0] elapsed 297 sec.: [32m(CPI=0.401 GBS=472.10 Power=714.1W Time=1.366s
	AvgCPUF=2.39GHz/AvgIMCF=1.80GHz GFlop/s=1593.09 IO=0.01MB/s MPI_time/exec_Time (max/avg/min): 54.6/35.2/12.1 %)  
	 Next Frequency 2.40[0m
EAR(experiment-ear.job) at 2.400 in tcn1190 MR[0] elapsed 312 sec.: [32m(CPI=0.402 GBS=397.97 Power=710.3W Time=1.582s
	AvgCPUF=2.39GHz/AvgIMCF=1.80GHz GFlop/s=1600.20 IO=0.01MB/s MPI_time/exec_Time (max/avg/min): 56.7/38.4/15.5 %)  [0m
EAR(experiment-ear.job) at 2.400 in tcn1190 MR[0] elapsed 326 sec.: [32m(CPI=0.360 GBS=309.27 Power=737.8W Time=1.501s
	AvgCPUF=2.38GHz/AvgIMCF=1.80GHz GFlop/s=1588.57 IO=0.01MB/s MPI_time/exec_Time (max/avg/min): 62.8/47.5/24.6 %)  
	 Next Frequency 2.40[0m
EAR(experiment-ear.job) at 2.400 in tcn1190 MR[0] elapsed 341 sec.: [32m(CPI=0.397 GBS=383.41 Power=713.3W Time=1.460s
	AvgCPUF=2.39GHz/AvgIMCF=1.80GHz GFlop/s=1593.00 IO=0.01MB/s MPI_time/exec_Time (max/avg/min): 59.7/41.5/14.5 %)  [0m
