[1710463171.263766] [o118:664482:0]          parser.c:1993 UCX  WARN  unused environment variable: UCX_DIR (maybe: UCX_TLS?)
[1710463171.263766] [o118:664482:0]          parser.c:1993 UCX  WARN  (set UCX_WARN_UNUSED_ENV_VARS=n to suppress this warning)
[1710463171.263874] [o118:664499:0]          parser.c:1993 UCX  WARN  unused environment variable: UCX_DIR (maybe: UCX_TLS?)
[1710463171.263874] [o118:664499:0]          parser.c:1993 UCX  WARN  (set UCX_WARN_UNUSED_ENV_VARS=n to suppress this warning)
[1710463171.264186] [o118:664502:0]          parser.c:1993 UCX  WARN  unused environment variable: UCX_DIR (maybe: UCX_TLS?)
[1710463171.264186] [o118:664502:0]          parser.c:1993 UCX  WARN  (set UCX_WARN_UNUSED_ENV_VARS=n to suppress this warning)
[1710463171.264283] [o118:664501:0]          parser.c:1993 UCX  WARN  unused environment variable: UCX_DIR (maybe: UCX_TLS?)
[1710463171.264283] [o118:664501:0]          parser.c:1993 UCX  WARN  (set UCX_WARN_UNUSED_ENV_VARS=n to suppress this warning)
[1710463171.268289] [o118:664481:0]          parser.c:1993 UCX  WARN  unused environment variable: UCX_DIR (maybe: UCX_TLS?)
[1710463171.268289] [o118:664481:0]          parser.c:1993 UCX  WARN  (set UCX_WARN_UNUSED_ENV_VARS=n to suppress this warning)
[1710463171.270481] [o118:664480:0]          parser.c:1993 UCX  WARN  unused environment variable: UCX_DIR (maybe: UCX_TLS?)
[1710463171.270481] [o118:664480:0]          parser.c:1993 UCX  WARN  (set UCX_WARN_UNUSED_ENV_VARS=n to suppress this warning)
[1710463171.272080] [o118:664477:0]          parser.c:1993 UCX  WARN  unused environment variable: UCX_DIR (maybe: UCX_TLS?)
[1710463171.272080] [o118:664477:0]          parser.c:1993 UCX  WARN  (set UCX_WARN_UNUSED_ENV_VARS=n to suppress this warning)
[1710463171.273353] [o118:664476:0]          parser.c:1993 UCX  WARN  unused environment variable: UCX_DIR (maybe: UCX_TLS?)
[1710463171.273353] [o118:664476:0]          parser.c:1993 UCX  WARN  (set UCX_WARN_UNUSED_ENV_VARS=n to suppress this warning)
[1710463171.273949] [o118:664479:0]          parser.c:1993 UCX  WARN  unused environment variable: UCX_DIR (maybe: UCX_TLS?)
[1710463171.273949] [o118:664479:0]          parser.c:1993 UCX  WARN  (set UCX_WARN_UNUSED_ENV_VARS=n to suppress this warning)
[1710463171.275549] [o118:664500:0]          parser.c:1993 UCX  WARN  unused environment variable: UCX_DIR (maybe: UCX_TLS?)
[1710463171.275549] [o118:664500:0]          parser.c:1993 UCX  WARN  (set UCX_WARN_UNUSED_ENV_VARS=n to suppress this warning)
[1710463171.277230] [o118:664504:0]          parser.c:1993 UCX  WARN  unused environment variable: UCX_DIR (maybe: UCX_TLS?)
[1710463171.277230] [o118:664504:0]          parser.c:1993 UCX  WARN  (set UCX_WARN_UNUSED_ENV_VARS=n to suppress this warning)
[1710463171.277411] [o118:664478:0]          parser.c:1993 UCX  WARN  unused environment variable: UCX_DIR (maybe: UCX_TLS?)
[1710463171.277411] [o118:664478:0]          parser.c:1993 UCX  WARN  (set UCX_WARN_UNUSED_ENV_VARS=n to suppress this warning)
[1710463171.277569] [o118:664503:0]          parser.c:1993 UCX  WARN  unused environment variable: UCX_DIR (maybe: UCX_TLS?)
[1710463171.277569] [o118:664503:0]          parser.c:1993 UCX  WARN  (set UCX_WARN_UNUSED_ENV_VARS=n to suppress this warning)
[1710463171.283784] [o118:664475:0]          parser.c:1993 UCX  WARN  unused environment variable: UCX_DIR (maybe: UCX_TLS?)
[1710463171.283784] [o118:664475:0]          parser.c:1993 UCX  WARN  (set UCX_WARN_UNUSED_ENV_VARS=n to suppress this warning)
[1710463171.284209] [o118:664505:0]          parser.c:1993 UCX  WARN  unused environment variable: UCX_DIR (maybe: UCX_TLS?)
[1710463171.284209] [o118:664505:0]          parser.c:1993 UCX  WARN  (set UCX_WARN_UNUSED_ENV_VARS=n to suppress this warning)
[1710463171.284287] [o118:664506:0]          parser.c:1993 UCX  WARN  unused environment variable: UCX_DIR (maybe: UCX_TLS?)
[1710463171.284287] [o118:664506:0]          parser.c:1993 UCX  WARN  (set UCX_WARN_UNUSED_ENV_VARS=n to suppress this warning)
[1710463171.377446] [o118:664508:0]          parser.c:1993 UCX  WARN  unused environment variable: UCX_DIR (maybe: UCX_TLS?)
[1710463171.377446] [o118:664508:0]          parser.c:1993 UCX  WARN  (set UCX_WARN_UNUSED_ENV_VARS=n to suppress this warning)
[1710463171.381544] [o118:664507:0]          parser.c:1993 UCX  WARN  unused environment variable: UCX_DIR (maybe: UCX_TLS?)
[1710463171.381544] [o118:664507:0]          parser.c:1993 UCX  WARN  (set UCX_WARN_UNUSED_ENV_VARS=n to suppress this warning)
[1710463171.383868] [o118:664509:0]          parser.c:1993 UCX  WARN  unused environment variable: UCX_DIR (maybe: UCX_TLS?)
[1710463171.383868] [o118:664509:0]          parser.c:1993 UCX  WARN  (set UCX_WARN_UNUSED_ENV_VARS=n to suppress this warning)
[1710463171.392962] [o118:664510:0]          parser.c:1993 UCX  WARN  unused environment variable: UCX_DIR (maybe: UCX_TLS?)
[1710463171.392962] [o118:664510:0]          parser.c:1993 UCX  WARN  (set UCX_WARN_UNUSED_ENV_VARS=n to suppress this warning)
[1710463171.393932] [o118:664511:0]          parser.c:1993 UCX  WARN  unused environment variable: UCX_DIR (maybe: UCX_TLS?)
[1710463171.393932] [o118:664511:0]          parser.c:1993 UCX  WARN  (set UCX_WARN_UNUSED_ENV_VARS=n to suppress this warning)
[1710463171.414692] [o118:664515:0]          parser.c:1993 UCX  WARN  unused environment variable: UCX_DIR (maybe: UCX_TLS?)
[1710463171.414692] [o118:664515:0]          parser.c:1993 UCX  WARN  (set UCX_WARN_UNUSED_ENV_VARS=n to suppress this warning)
[1710463171.444831] [o118:664512:0]          parser.c:1993 UCX  WARN  unused environment variable: UCX_DIR (maybe: UCX_TLS?)
[1710463171.444831] [o118:664512:0]          parser.c:1993 UCX  WARN  (set UCX_WARN_UNUSED_ENV_VARS=n to suppress this warning)
[1710463171.486521] [o118:664522:0]          parser.c:1993 UCX  WARN  unused environment variable: UCX_DIR (maybe: UCX_TLS?)
[1710463171.486521] [o118:664522:0]          parser.c:1993 UCX  WARN  (set UCX_WARN_UNUSED_ENV_VARS=n to suppress this warning)
[1710463171.487478] [o118:664517:0]          parser.c:1993 UCX  WARN  unused environment variable: UCX_DIR (maybe: UCX_TLS?)
[1710463171.487478] [o118:664517:0]          parser.c:1993 UCX  WARN  (set UCX_WARN_UNUSED_ENV_VARS=n to suppress this warning)
[1710463171.487509] [o118:664523:0]          parser.c:1993 UCX  WARN  unused environment variable: UCX_DIR (maybe: UCX_TLS?)
[1710463171.487509] [o118:664523:0]          parser.c:1993 UCX  WARN  (set UCX_WARN_UNUSED_ENV_VARS=n to suppress this warning)
[1710463171.487733] [o118:664516:0]          parser.c:1993 UCX  WARN  unused environment variable: UCX_DIR (maybe: UCX_TLS?)
[1710463171.487733] [o118:664516:0]          parser.c:1993 UCX  WARN  (set UCX_WARN_UNUSED_ENV_VARS=n to suppress this warning)
[1710463171.487731] [o118:664536:0]          parser.c:1993 UCX  WARN  unused environment variable: UCX_DIR (maybe: UCX_TLS?)
[1710463171.487731] [o118:664536:0]          parser.c:1993 UCX  WARN  (set UCX_WARN_UNUSED_ENV_VARS=n to suppress this warning)
[1710463171.487771] [o118:664518:0]          parser.c:1993 UCX  WARN  unused environment variable: UCX_DIR (maybe: UCX_TLS?)
[1710463171.487771] [o118:664518:0]          parser.c:1993 UCX  WARN  (set UCX_WARN_UNUSED_ENV_VARS=n to suppress this warning)
[1710463171.488039] [o118:664544:0]          parser.c:1993 UCX  WARN  unused environment variable: UCX_DIR (maybe: UCX_TLS?)
[1710463171.488039] [o118:664544:0]          parser.c:1993 UCX  WARN  (set UCX_WARN_UNUSED_ENV_VARS=n to suppress this warning)
[1710463171.488061] [o118:664513:0]          parser.c:1993 UCX  WARN  unused environment variable: UCX_DIR (maybe: UCX_TLS?)
[1710463171.488061] [o118:664513:0]          parser.c:1993 UCX  WARN  (set UCX_WARN_UNUSED_ENV_VARS=n to suppress this warning)
[1710463171.488134] [o118:664514:0]          parser.c:1993 UCX  WARN  unused environment variable: UCX_DIR (maybe: UCX_TLS?)
[1710463171.488134] [o118:664514:0]          parser.c:1993 UCX  WARN  (set UCX_WARN_UNUSED_ENV_VARS=n to suppress this warning)
[1710463171.488132] [o118:664525:0]          parser.c:1993 UCX  WARN  unused environment variable: UCX_DIR (maybe: UCX_TLS?)
[1710463171.488132] [o118:664525:0]          parser.c:1993 UCX  WARN  (set UCX_WARN_UNUSED_ENV_VARS=n to suppress this warning)
[1710463171.488155] [o118:664530:0]          parser.c:1993 UCX  WARN  unused environment variable: UCX_DIR (maybe: UCX_TLS?)
[1710463171.488155] [o118:664530:0]          parser.c:1993 UCX  WARN  (set UCX_WARN_UNUSED_ENV_VARS=n to suppress this warning)
[1710463171.488259] [o118:664519:0]          parser.c:1993 UCX  WARN  unused environment variable: UCX_DIR (maybe: UCX_TLS?)
[1710463171.488259] [o118:664519:0]          parser.c:1993 UCX  WARN  (set UCX_WARN_UNUSED_ENV_VARS=n to suppress this warning)
[1710463171.488298] [o118:664521:0]          parser.c:1993 UCX  WARN  unused environment variable: UCX_DIR (maybe: UCX_TLS?)
[1710463171.488298] [o118:664521:0]          parser.c:1993 UCX  WARN  (set UCX_WARN_UNUSED_ENV_VARS=n to suppress this warning)
[1710463171.488297] [o118:664520:0]          parser.c:1993 UCX  WARN  unused environment variable: UCX_DIR (maybe: UCX_TLS?)
[1710463171.488297] [o118:664520:0]          parser.c:1993 UCX  WARN  (set UCX_WARN_UNUSED_ENV_VARS=n to suppress this warning)
[1710463171.488307] [o118:664531:0]          parser.c:1993 UCX  WARN  unused environment variable: UCX_DIR (maybe: UCX_TLS?)
[1710463171.488307] [o118:664531:0]          parser.c:1993 UCX  WARN  (set UCX_WARN_UNUSED_ENV_VARS=n to suppress this warning)
[1710463171.488366] [o118:664567:0]          parser.c:1993 UCX  WARN  unused environment variable: UCX_DIR (maybe: UCX_TLS?)
[1710463171.488366] [o118:664567:0]          parser.c:1993 UCX  WARN  (set UCX_WARN_UNUSED_ENV_VARS=n to suppress this warning)
[1710463171.544820] [o118:664569:0]          parser.c:1993 UCX  WARN  unused environment variable: UCX_DIR (maybe: UCX_TLS?)
[1710463171.544820] [o118:664569:0]          parser.c:1993 UCX  WARN  (set UCX_WARN_UNUSED_ENV_VARS=n to suppress this warning)
[1710463171.545683] [o118:664546:0]          parser.c:1993 UCX  WARN  unused environment variable: UCX_DIR (maybe: UCX_TLS?)
[1710463171.545683] [o118:664546:0]          parser.c:1993 UCX  WARN  (set UCX_WARN_UNUSED_ENV_VARS=n to suppress this warning)
[1710463171.559491] [o118:664555:0]          parser.c:1993 UCX  WARN  unused environment variable: UCX_DIR (maybe: UCX_TLS?)
[1710463171.559491] [o118:664555:0]          parser.c:1993 UCX  WARN  (set UCX_WARN_UNUSED_ENV_VARS=n to suppress this warning)
[1710463171.561320] [o118:664548:0]          parser.c:1993 UCX  WARN  unused environment variable: UCX_DIR (maybe: UCX_TLS?)
[1710463171.561320] [o118:664548:0]          parser.c:1993 UCX  WARN  (set UCX_WARN_UNUSED_ENV_VARS=n to suppress this warning)
[1710463171.562497] [o118:664547:0]          parser.c:1993 UCX  WARN  unused environment variable: UCX_DIR (maybe: UCX_TLS?)
[1710463171.562497] [o118:664547:0]          parser.c:1993 UCX  WARN  (set UCX_WARN_UNUSED_ENV_VARS=n to suppress this warning)
[1710463171.563370] [o118:664558:0]          parser.c:1993 UCX  WARN  unused environment variable: UCX_DIR (maybe: UCX_TLS?)
[1710463171.563370] [o118:664558:0]          parser.c:1993 UCX  WARN  (set UCX_WARN_UNUSED_ENV_VARS=n to suppress this warning)
[1710463171.563715] [o118:664552:0]          parser.c:1993 UCX  WARN  unused environment variable: UCX_DIR (maybe: UCX_TLS?)
[1710463171.563715] [o118:664552:0]          parser.c:1993 UCX  WARN  (set UCX_WARN_UNUSED_ENV_VARS=n to suppress this warning)
[1710463171.563813] [o118:664538:0]          parser.c:1993 UCX  WARN  unused environment variable: UCX_DIR (maybe: UCX_TLS?)
[1710463171.563813] [o118:664538:0]          parser.c:1993 UCX  WARN  (set UCX_WARN_UNUSED_ENV_VARS=n to suppress this warning)
[1710463171.564029] [o118:664556:0]          parser.c:1993 UCX  WARN  unused environment variable: UCX_DIR (maybe: UCX_TLS?)
[1710463171.564029] [o118:664556:0]          parser.c:1993 UCX  WARN  (set UCX_WARN_UNUSED_ENV_VARS=n to suppress this warning)
[1710463171.564184] [o118:664532:0]          parser.c:1993 UCX  WARN  unused environment variable: UCX_DIR (maybe: UCX_TLS?)
[1710463171.564184] [o118:664532:0]          parser.c:1993 UCX  WARN  (set UCX_WARN_UNUSED_ENV_VARS=n to suppress this warning)
[1710463171.564327] [o118:664551:0]          parser.c:1993 UCX  WARN  unused environment variable: UCX_DIR (maybe: UCX_TLS?)
[1710463171.564327] [o118:664551:0]          parser.c:1993 UCX  WARN  (set UCX_WARN_UNUSED_ENV_VARS=n to suppress this warning)
[1710463171.564337] [o118:664565:0]          parser.c:1993 UCX  WARN  unused environment variable: UCX_DIR (maybe: UCX_TLS?)
[1710463171.564337] [o118:664565:0]          parser.c:1993 UCX  WARN  (set UCX_WARN_UNUSED_ENV_VARS=n to suppress this warning)
[1710463171.564356] [o118:664566:0]          parser.c:1993 UCX  WARN  unused environment variable: UCX_DIR (maybe: UCX_TLS?)
[1710463171.564356] [o118:664566:0]          parser.c:1993 UCX  WARN  (set UCX_WARN_UNUSED_ENV_VARS=n to suppress this warning)
[1710463171.564380] [o118:664561:0]          parser.c:1993 UCX  WARN  unused environment variable: UCX_DIR (maybe: UCX_TLS?)
[1710463171.564380] [o118:664561:0]          parser.c:1993 UCX  WARN  (set UCX_WARN_UNUSED_ENV_VARS=n to suppress this warning)
[1710463171.564448] [o118:664557:0]          parser.c:1993 UCX  WARN  unused environment variable: UCX_DIR (maybe: UCX_TLS?)
[1710463171.564448] [o118:664557:0]          parser.c:1993 UCX  WARN  (set UCX_WARN_UNUSED_ENV_VARS=n to suppress this warning)
[1710463171.564469] [o118:664549:0]          parser.c:1993 UCX  WARN  unused environment variable: UCX_DIR (maybe: UCX_TLS?)
[1710463171.564469] [o118:664549:0]          parser.c:1993 UCX  WARN  (set UCX_WARN_UNUSED_ENV_VARS=n to suppress this warning)
[1710463171.564560] [o118:664550:0]          parser.c:1993 UCX  WARN  unused environment variable: UCX_DIR (maybe: UCX_TLS?)
[1710463171.564560] [o118:664550:0]          parser.c:1993 UCX  WARN  (set UCX_WARN_UNUSED_ENV_VARS=n to suppress this warning)
[1710463171.564555] [o118:664581:0]          parser.c:1993 UCX  WARN  unused environment variable: UCX_DIR (maybe: UCX_TLS?)
[1710463171.564555] [o118:664581:0]          parser.c:1993 UCX  WARN  (set UCX_WARN_UNUSED_ENV_VARS=n to suppress this warning)
[1710463171.564591] [o118:664573:0]          parser.c:1993 UCX  WARN  unused environment variable: UCX_DIR (maybe: UCX_TLS?)
[1710463171.564591] [o118:664573:0]          parser.c:1993 UCX  WARN  (set UCX_WARN_UNUSED_ENV_VARS=n to suppress this warning)
[1710463171.564600] [o118:664579:0]          parser.c:1993 UCX  WARN  unused environment variable: UCX_DIR (maybe: UCX_TLS?)
[1710463171.564600] [o118:664579:0]          parser.c:1993 UCX  WARN  (set UCX_WARN_UNUSED_ENV_VARS=n to suppress this warning)
[1710463171.564578] [o118:664537:0]          parser.c:1993 UCX  WARN  unused environment variable: UCX_DIR (maybe: UCX_TLS?)
[1710463171.564578] [o118:664537:0]          parser.c:1993 UCX  WARN  (set UCX_WARN_UNUSED_ENV_VARS=n to suppress this warning)
[1710463171.564676] [o118:664574:0]          parser.c:1993 UCX  WARN  unused environment variable: UCX_DIR (maybe: UCX_TLS?)
[1710463171.564676] [o118:664574:0]          parser.c:1993 UCX  WARN  (set UCX_WARN_UNUSED_ENV_VARS=n to suppress this warning)
[1710463171.564769] [o118:664539:0]          parser.c:1993 UCX  WARN  unused environment variable: UCX_DIR (maybe: UCX_TLS?)
[1710463171.564769] [o118:664539:0]          parser.c:1993 UCX  WARN  (set UCX_WARN_UNUSED_ENV_VARS=n to suppress this warning)
[1710463171.564760] [o118:664545:0]          parser.c:1993 UCX  WARN  unused environment variable: UCX_DIR (maybe: UCX_TLS?)
[1710463171.564760] [o118:664545:0]          parser.c:1993 UCX  WARN  (set UCX_WARN_UNUSED_ENV_VARS=n to suppress this warning)
[1710463171.564765] [o118:664568:0]          parser.c:1993 UCX  WARN  unused environment variable: UCX_DIR (maybe: UCX_TLS?)
[1710463171.564765] [o118:664568:0]          parser.c:1993 UCX  WARN  (set UCX_WARN_UNUSED_ENV_VARS=n to suppress this warning)
(HemoCell) (Config) reading config.xml
 _   _   ____   __  __   _____    ___   ____   __     __ 
( )_( ) ( ___) (  \/  ) (  _  )  / __) ( ___) (  )   (  )
 ) _ (   )__)   )    (   )(_)(  ( (__   )__)   )(__   )(__ 
(_) (_) (____) (_/\/\_) (_____)  \___) (____) (____) (____) 
                         v.2.6

(unbounded) (Parameters) calculating flow parameters
(HemoCell) dt is set to *auto*. Tau will be set to 1!
(HemoCell) System parameters:
	 dx: 	5e-07
	 dt: 	3.78788e-08
	 dm: 	1.28125e-16
	 dN: 	4.4649e-08
	 tau: 	1
	 nu_lbm: 	0.166667
	 u_lb_max: 	7.57576e-07
	 f_limit: 	0.00111985
(unbounded) (Fluid) Initializing Palabos Fluid Field
(HemoCell) Using default domain management.
(HemoCell) (Fluid) Setting Fluid Equilibrium
Size of the multi-block:     200-by-200-by-200
Number of atomic-blocks:     64
Smallest atomic-block:       50-by-50-by-50
Largest atomic-block:        50-by-50-by-50
Number of allocated cells:   8 million
Fraction of allocated domain: 100 percent

(Hemocell) (HemoCellFields) (Init) particle envelope: 25 [lu]
Cellfield  (+ material model) of RBC
  Volume :90 µm³ VolumeFraction of lsp per fluid node: 1.1215 %
  Nvertex: 642
(Cell-mechanics model) High Order model parameters for RBC cellfield
	 k_link:   0.000183679
	 k_area:   9.18393e-07
	 k_bend: : 1.46943e-05
	 k_volume: 3.67357e-06
	 eta_m:    0
	 mean_edge:1.00019
	 N faces:  1280
(HemoCell) (Timescale Seperation) Setting seperation of RBC to 20 timesteps
(HemoCell) (Timescale separation) Setting update separation of all particles to 5 timesteps
(HemoCell) (CellField) Setting output variables for RBC cells
(HemoCell) (Fluid) Setting output variables for fluid field
(HemoCell) (CellField) Loading particle positions 
(readPositionsBloodCells) Reading particle positions...
(readPositionsBloodCells) Particle count in file (RBC): 128000.
(HemoCell) (Output) writing output at timestep 0 (0 s). Approx. performance: 0.00 s / iteration.
(unbounded) fresh start: warming up cell-free fluid domain for 0 iterations...
(unbounded) Starting simulation...
 | RBC Volume ratio [x100%]: 1.925
(main)   nCells (global) = 2000
(HemoCell) (SanityCheck) Performing Sanity check on simulation parameters and setup
(HemoCell) WARNING: Force limit active at 50 pN. Results can be inaccurate due to force capping.
Size of the multi-block:     200-by-200-by-200
Number of atomic-blocks:     64
Smallest atomic-block:       50-by-50-by-50
Largest atomic-block:        50-by-50-by-50
Number of allocated cells:   8 million
Fraction of allocated domain: 100 percent
(SanityCheck) one of the dimensions of the largest atomic block is more than 25.
  This can be inefficient. The best performance is below 26x26x26 blocks.
  It is recommended to adjust the number of processors or the sparseBlockStructure accordingly.
Hemocell Profiler Statistics (Only Process 0):
HemoCell: 1184.912000
 MpiReceive: 0.000000
 MpiSend: 0.000000
 deleteIncompleteCells: 0.041000
 iterate: 1182.125000
  advanceParticles: 94.376000
  applyConstitutiveModel: 22.928000
  collideAndStream: 692.896000
  deleteNonLocalParticles: 5.683000
  interpolateFluidVelocity: 34.379000
  setExternalVector: 40.262000
  spreadParticleForce: 189.514000
  syncEnvelopes: 101.823000
   MpiReceive: 25.078000
   MpiSend: 26.073000
 output: 1.065000
  applyConstitutiveModel: 0.027000
  deleteIncompleteCells: 0.007000
  separateForceVectors: 0.059000
  syncEnvelopes: 0.191000
   MpiReceive: 0.063000
   MpiSend: 0.067000
  unifyForceVectors: 0.012000
  updateResidenceTime: 0.001000
  writeOutput: 0.601000
   writeCellCSVInfo: 0.329000
    syncEnvelopes: 0.205000
     MpiReceive: 0.017000
     MpiSend: 0.018000
   writeCellField: 0.181000
   writeFluidField: 0.090000
 syncEnvelopes: 0.305000
  MpiReceive: 0.082000
  MpiSend: 0.091000
(main) Simulation finished :) 
 -- 
Energy = 295692.913634247 J (Average of 249 W, 890 samples, over 1187.521741503 s )
Measurement details in './report_883111.csv'
