Restoring modules from user's hemocell
srun: Job 5762123 step creation temporarily disabled, retrying (Requested nodes are busy)
srun: Step created for StepId=5762123.2
event syntax error: '..,l3_misses,l3_cache_accesses'
                                  \___ parser error
Run 'perf list' for a list of valid events

 Usage: perf stat [<options>] [<command>]

    -e, --event <event>   event selector. use 'perf list' to list available events
event syntax error: '..,l3_misses,l3_cache_accesses'
                                  \___ parser error
Run 'perf list' for a list of valid events

 Usage: perf stat [<options>] [<command>]

    -e, --event <event>   event selector. use 'perf list' to list available events
srun: error: tcn387: tasks 16,55: Exited with exit code 129
srun: Terminating StepId=5762123.2
slurmstepd: error: *** STEP 5762123.2 ON tcn387 CANCELLED AT 2024-04-02T22:47:40 ***
srun: error: tcn387: tasks 0-15,17-54,56-63: Terminated
srun: Force Terminated StepId=5762123.2
srun: Job 5762123 step creation temporarily disabled, retrying (Requested nodes are busy)
srun: Step created for StepId=5762123.3
srun: Job 5762123 step creation temporarily disabled, retrying (Requested nodes are busy)
srun: Step created for StepId=5762123.4
