[1710441788.915140] [o118:100944:0]          parser.c:1993 UCX  WARN  unused environment variable: UCX_DIR (maybe: UCX_TLS?)
[1710441788.915140] [o118:100944:0]          parser.c:1993 UCX  WARN  (set UCX_WARN_UNUSED_ENV_VARS=n to suppress this warning)
[1710441788.915184] [o118:100950:0]          parser.c:1993 UCX  WARN  unused environment variable: UCX_DIR (maybe: UCX_TLS?)
[1710441788.915184] [o118:100950:0]          parser.c:1993 UCX  WARN  (set UCX_WARN_UNUSED_ENV_VARS=n to suppress this warning)
[1710441788.915261] [o118:100946:0]          parser.c:1993 UCX  WARN  unused environment variable: UCX_DIR (maybe: UCX_TLS?)
[1710441788.915261] [o118:100946:0]          parser.c:1993 UCX  WARN  (set UCX_WARN_UNUSED_ENV_VARS=n to suppress this warning)
[1710441788.915362] [o118:100951:0]          parser.c:1993 UCX  WARN  unused environment variable: UCX_DIR (maybe: UCX_TLS?)
[1710441788.915362] [o118:100951:0]          parser.c:1993 UCX  WARN  (set UCX_WARN_UNUSED_ENV_VARS=n to suppress this warning)
[1710441788.915615] [o118:100956:0]          parser.c:1993 UCX  WARN  unused environment variable: UCX_DIR (maybe: UCX_TLS?)
[1710441788.915615] [o118:100956:0]          parser.c:1993 UCX  WARN  (set UCX_WARN_UNUSED_ENV_VARS=n to suppress this warning)
[1710441788.915782] [o118:100963:0]          parser.c:1993 UCX  WARN  unused environment variable: UCX_DIR (maybe: UCX_TLS?)
[1710441788.915782] [o118:100963:0]          parser.c:1993 UCX  WARN  (set UCX_WARN_UNUSED_ENV_VARS=n to suppress this warning)
[1710441788.915809] [o118:100962:0]          parser.c:1993 UCX  WARN  unused environment variable: UCX_DIR (maybe: UCX_TLS?)
[1710441788.915809] [o118:100962:0]          parser.c:1993 UCX  WARN  (set UCX_WARN_UNUSED_ENV_VARS=n to suppress this warning)
[1710441788.915998] [o118:100943:0]          parser.c:1993 UCX  WARN  unused environment variable: UCX_DIR (maybe: UCX_TLS?)
[1710441788.915998] [o118:100943:0]          parser.c:1993 UCX  WARN  (set UCX_WARN_UNUSED_ENV_VARS=n to suppress this warning)
[1710441788.916036] [o118:100961:0]          parser.c:1993 UCX  WARN  unused environment variable: UCX_DIR (maybe: UCX_TLS?)
[1710441788.916036] [o118:100961:0]          parser.c:1993 UCX  WARN  (set UCX_WARN_UNUSED_ENV_VARS=n to suppress this warning)
[1710441788.916046] [o118:100945:0]          parser.c:1993 UCX  WARN  unused environment variable: UCX_DIR (maybe: UCX_TLS?)
[1710441788.916046] [o118:100945:0]          parser.c:1993 UCX  WARN  (set UCX_WARN_UNUSED_ENV_VARS=n to suppress this warning)
[1710441788.916094] [o118:100949:0]          parser.c:1993 UCX  WARN  unused environment variable: UCX_DIR (maybe: UCX_TLS?)
[1710441788.916094] [o118:100949:0]          parser.c:1993 UCX  WARN  (set UCX_WARN_UNUSED_ENV_VARS=n to suppress this warning)
[1710441788.916157] [o118:100942:0]          parser.c:1993 UCX  WARN  unused environment variable: UCX_DIR (maybe: UCX_TLS?)
[1710441788.916157] [o118:100942:0]          parser.c:1993 UCX  WARN  (set UCX_WARN_UNUSED_ENV_VARS=n to suppress this warning)
[1710441788.916185] [o118:100960:0]          parser.c:1993 UCX  WARN  unused environment variable: UCX_DIR (maybe: UCX_TLS?)
[1710441788.916185] [o118:100960:0]          parser.c:1993 UCX  WARN  (set UCX_WARN_UNUSED_ENV_VARS=n to suppress this warning)
[1710441788.916192] [o118:100947:0]          parser.c:1993 UCX  WARN  unused environment variable: UCX_DIR (maybe: UCX_TLS?)
[1710441788.916192] [o118:100947:0]          parser.c:1993 UCX  WARN  (set UCX_WARN_UNUSED_ENV_VARS=n to suppress this warning)
[1710441788.916247] [o118:100952:0]          parser.c:1993 UCX  WARN  unused environment variable: UCX_DIR (maybe: UCX_TLS?)
[1710441788.916247] [o118:100952:0]          parser.c:1993 UCX  WARN  (set UCX_WARN_UNUSED_ENV_VARS=n to suppress this warning)
[1710441788.916299] [o118:100948:0]          parser.c:1993 UCX  WARN  unused environment variable: UCX_DIR (maybe: UCX_TLS?)
[1710441788.916299] [o118:100948:0]          parser.c:1993 UCX  WARN  (set UCX_WARN_UNUSED_ENV_VARS=n to suppress this warning)
(HemoCell) (Config) reading config.xml
 _   _   ____   __  __   _____    ___   ____   __     __ 
( )_( ) ( ___) (  \/  ) (  _  )  / __) ( ___) (  )   (  )
 ) _ (   )__)   )    (   )(_)(  ( (__   )__)   )(__   )(__ 
(_) (_) (____) (_/\/\_) (_____)  \___) (____) (____) (____) 
                         v.2.6

(unbounded) (Parameters) calculating flow parameters
(HemoCell) dt is set to *auto*. Tau will be set to 1!
(HemoCell) System parameters:
	 dx: 	5e-07
	 dt: 	3.78788e-08
	 dm: 	1.28125e-16
	 dN: 	4.4649e-08
	 tau: 	1
	 nu_lbm: 	0.166667
	 u_lb_max: 	7.57576e-07
	 f_limit: 	0.00111985
(unbounded) (Fluid) Initializing Palabos Fluid Field
(HemoCell) Using default domain management.
(HemoCell) (Fluid) Setting Fluid Equilibrium
Size of the multi-block:     200-by-200-by-100
Number of atomic-blocks:     16
Smallest atomic-block:       100-by-50-by-50
Largest atomic-block:        100-by-50-by-50
Number of allocated cells:   4 million
Fraction of allocated domain: 100 percent

(Hemocell) (HemoCellFields) (Init) particle envelope: 25 [lu]
Cellfield  (+ material model) of RBC
  Volume :90 µm³ VolumeFraction of lsp per fluid node: 1.1215 %
  Nvertex: 642
(Cell-mechanics model) High Order model parameters for RBC cellfield
	 k_link:   0.000183679
	 k_area:   9.18393e-07
	 k_bend: : 1.46943e-05
	 k_volume: 3.67357e-06
	 eta_m:    0
	 mean_edge:1.00019
	 N faces:  1280
(HemoCell) (Timescale Seperation) Setting seperation of RBC to 20 timesteps
(HemoCell) (Timescale separation) Setting update separation of all particles to 5 timesteps
(HemoCell) (CellField) Setting output variables for RBC cells
(HemoCell) (Fluid) Setting output variables for fluid field
(HemoCell) (CellField) Loading particle positions 
(readPositionsBloodCells) Reading particle positions...
(readPositionsBloodCells) Particle count in file (RBC): 128000.
(HemoCell) (Output) writing output at timestep 0 (0 s). Approx. performance: 0.00 s / iteration.
(unbounded) fresh start: warming up cell-free fluid domain for 0 iterations...
(unbounded) Starting simulation...
 | RBC Volume ratio [x100%]: 1.925
(main)   nCells (global) = 1000
(HemoCell) (SanityCheck) Performing Sanity check on simulation parameters and setup
(HemoCell) WARNING: Force limit active at 50 pN. Results can be inaccurate due to force capping.
Size of the multi-block:     200-by-200-by-100
Number of atomic-blocks:     16
Smallest atomic-block:       100-by-50-by-50
Largest atomic-block:        100-by-50-by-50
Number of allocated cells:   4 million
Fraction of allocated domain: 100 percent
(SanityCheck) one of the dimensions of the largest atomic block is more than 25.
  This can be inefficient. The best performance is below 26x26x26 blocks.
  It is recommended to adjust the number of processors or the sparseBlockStructure accordingly.
Hemocell Profiler Statistics (Only Process 0):
HemoCell: 2028.394000
 MpiReceive: 0.000000
 MpiSend: 0.000000
 deleteIncompleteCells: 0.026000
 iterate: 2026.275000
  advanceParticles: 125.970000
  applyConstitutiveModel: 48.097000
  collideAndStream: 1186.865000
  deleteNonLocalParticles: 10.020000
  interpolateFluidVelocity: 57.109000
  setExternalVector: 69.165000
  spreadParticleForce: 384.725000
  syncEnvelopes: 144.053000
   MpiReceive: 34.699000
   MpiSend: 49.871000
 output: 0.817000
  applyConstitutiveModel: 0.042000
  deleteIncompleteCells: 0.013000
  separateForceVectors: 0.079000
  syncEnvelopes: 0.113000
   MpiReceive: 0.035000
   MpiSend: 0.043000
  unifyForceVectors: 0.012000
  updateResidenceTime: 0.001000
  writeOutput: 0.496000
   writeCellCSVInfo: 0.109000
    syncEnvelopes: 0.031000
     MpiReceive: 0.013000
     MpiSend: 0.012000
   writeCellField: 0.249000
   writeFluidField: 0.137000
 syncEnvelopes: 0.244000
  MpiReceive: 0.058000
  MpiSend: 0.050000
(main) Simulation finished :) 
 -- 
Energy = 359223.791427309 J (Average of 177 W, 1577 samples, over 2029.512945917 s )
Measurement details in './report_883092.csv'
