CONFIG = FIXED
Loading openmpi/4.1.5/gnu/8.5.0/openmpi-4.1.5-none-1.0
  Loading requirement: ucx/1.14.1/gnu/8.5.0/ucx-1.14.1-none-1.0
Zone reclaim
Numa balancing
Transparent HP
Drop Cache
Turbo
 #####################################
 Begin : 
 #####################################
--------------------------------------------------------------------------
WARNING: There was an error initializing an OpenFabrics device.

  Local host:   o118
  Local device: mlx5_0
--------------------------------------------------------------------------
[1710411341.190960] [o118:28876:0]          parser.c:1993 UCX  WARN  unused environment variable: UCX_DIR (maybe: UCX_TLS?)
[1710411341.190960] [o118:28876:0]          parser.c:1993 UCX  WARN  (set UCX_WARN_UNUSED_ENV_VARS=n to suppress this warning)
[1710411341.190961] [o118:28865:0]          parser.c:1993 UCX  WARN  unused environment variable: UCX_DIR (maybe: UCX_TLS?)
[1710411341.190961] [o118:28865:0]          parser.c:1993 UCX  WARN  (set UCX_WARN_UNUSED_ENV_VARS=n to suppress this warning)
[1710411341.190961] [o118:28872:0]          parser.c:1993 UCX  WARN  unused environment variable: UCX_DIR (maybe: UCX_TLS?)
[1710411341.190961] [o118:28872:0]          parser.c:1993 UCX  WARN  (set UCX_WARN_UNUSED_ENV_VARS=n to suppress this warning)
[1710411341.190961] [o118:28873:0]          parser.c:1993 UCX  WARN  unused environment variable: UCX_DIR (maybe: UCX_TLS?)
[1710411341.190961] [o118:28873:0]          parser.c:1993 UCX  WARN  (set UCX_WARN_UNUSED_ENV_VARS=n to suppress this warning)
[1710411341.191070] [o118:28869:0]          parser.c:1993 UCX  WARN  unused environment variable: UCX_DIR (maybe: UCX_TLS?)
[1710411341.191070] [o118:28869:0]          parser.c:1993 UCX  WARN  (set UCX_WARN_UNUSED_ENV_VARS=n to suppress this warning)
[1710411341.191146] [o118:28878:0]          parser.c:1993 UCX  WARN  unused environment variable: UCX_DIR (maybe: UCX_TLS?)
[1710411341.191146] [o118:28878:0]          parser.c:1993 UCX  WARN  (set UCX_WARN_UNUSED_ENV_VARS=n to suppress this warning)
[1710411341.191218] [o118:28875:0]          parser.c:1993 UCX  WARN  unused environment variable: UCX_DIR (maybe: UCX_TLS?)
[1710411341.191218] [o118:28875:0]          parser.c:1993 UCX  WARN  (set UCX_WARN_UNUSED_ENV_VARS=n to suppress this warning)
[1710411341.191315] [o118:28867:0]          parser.c:1993 UCX  WARN  unused environment variable: UCX_DIR (maybe: UCX_TLS?)
[1710411341.191315] [o118:28867:0]          parser.c:1993 UCX  WARN  (set UCX_WARN_UNUSED_ENV_VARS=n to suppress this warning)
[1710411341.191330] [o118:28874:0]          parser.c:1993 UCX  WARN  unused environment variable: UCX_DIR (maybe: UCX_TLS?)
[1710411341.191330] [o118:28874:0]          parser.c:1993 UCX  WARN  (set UCX_WARN_UNUSED_ENV_VARS=n to suppress this warning)
[1710411341.191348] [o118:28871:0]          parser.c:1993 UCX  WARN  unused environment variable: UCX_DIR (maybe: UCX_TLS?)
[1710411341.191348] [o118:28871:0]          parser.c:1993 UCX  WARN  (set UCX_WARN_UNUSED_ENV_VARS=n to suppress this warning)
[1710411341.191382] [o118:28870:0]          parser.c:1993 UCX  WARN  unused environment variable: UCX_DIR (maybe: UCX_TLS?)
[1710411341.191382] [o118:28870:0]          parser.c:1993 UCX  WARN  (set UCX_WARN_UNUSED_ENV_VARS=n to suppress this warning)
[1710411341.191418] [o118:28866:0]          parser.c:1993 UCX  WARN  unused environment variable: UCX_DIR (maybe: UCX_TLS?)
[1710411341.191418] [o118:28866:0]          parser.c:1993 UCX  WARN  (set UCX_WARN_UNUSED_ENV_VARS=n to suppress this warning)
[1710411341.191474] [o118:28879:0]          parser.c:1993 UCX  WARN  unused environment variable: UCX_DIR (maybe: UCX_TLS?)
[1710411341.191474] [o118:28879:0]          parser.c:1993 UCX  WARN  (set UCX_WARN_UNUSED_ENV_VARS=n to suppress this warning)
[1710411341.191475] [o118:28864:0]          parser.c:1993 UCX  WARN  unused environment variable: UCX_DIR (maybe: UCX_TLS?)
[1710411341.191475] [o118:28864:0]          parser.c:1993 UCX  WARN  (set UCX_WARN_UNUSED_ENV_VARS=n to suppress this warning)
[1710411341.191533] [o118:28877:0]          parser.c:1993 UCX  WARN  unused environment variable: UCX_DIR (maybe: UCX_TLS?)
[1710411341.191533] [o118:28877:0]          parser.c:1993 UCX  WARN  (set UCX_WARN_UNUSED_ENV_VARS=n to suppress this warning)
[1710411341.191528] [o118:28868:0]          parser.c:1993 UCX  WARN  unused environment variable: UCX_DIR (maybe: UCX_TLS?)
[1710411341.191528] [o118:28868:0]          parser.c:1993 UCX  WARN  (set UCX_WARN_UNUSED_ENV_VARS=n to suppress this warning)
(HemoCell) (Config) reading config.xml
 _   _   ____   __  __   _____    ___   ____   __     __ 
( )_( ) ( ___) (  \/  ) (  _  )  / __) ( ___) (  )   (  )
 ) _ (   )__)   )    (   )(_)(  ( (__   )__)   )(__   )(__ 
(_) (_) (____) (_/\/\_) (_____)  \___) (____) (____) (____) 
                         v.2.6

(unbounded) (Parameters) calculating flow parameters
(HemoCell) dt is set to *auto*. Tau will be set to 1!
(HemoCell) System parameters:
	 dx: 	5e-07
	 dt: 	3.78788e-08
	 dm: 	1.28125e-16
	 dN: 	4.4649e-08
	 tau: 	1
	 nu_lbm: 	0.166667
	 u_lb_max: 	7.57576e-07
	 f_limit: 	0.00111985
(unbounded) (Fluid) Initializing Palabos Fluid Field
(HemoCell) Using default domain management.
(HemoCell) (Fluid) Setting Fluid Equilibrium
Size of the multi-block:     200-by-200-by-100
Number of atomic-blocks:     16
Smallest atomic-block:       100-by-50-by-50
Largest atomic-block:        100-by-50-by-50
Number of allocated cells:   4 million
Fraction of allocated domain: 100 percent

(Hemocell) (HemoCellFields) (Init) particle envelope: 25 [lu]
Cellfield  (+ material model) of RBC
  Volume :90 µm³ VolumeFraction of lsp per fluid node: 1.1215 %
  Nvertex: 642
(Cell-mechanics model) High Order model parameters for RBC cellfield
	 k_link:   0.000183679
	 k_area:   9.18393e-07
	 k_bend: : 1.46943e-05
	 k_volume: 3.67357e-06
	 eta_m:    0
	 mean_edge:1.00019
	 N faces:  1280
(HemoCell) (Timescale Seperation) Setting seperation of RBC to 20 timesteps
(HemoCell) (Timescale separation) Setting update separation of all particles to 5 timesteps
(HemoCell) (CellField) Setting output variables for RBC cells
(HemoCell) (Fluid) Setting output variables for fluid field
(HemoCell) (CellField) Loading particle positions 
(readPositionsBloodCells) Reading particle positions...
(readPositionsBloodCells) Particle count in file (RBC): 128000.
(HemoCell) (Output) writing output at timestep 0 (0 s). Approx. performance: 0.00 s / iteration.
(unbounded) fresh start: warming up cell-free fluid domain for 0 iterations...
(unbounded) Starting simulation...
 | RBC Volume ratio [x100%]: 1.925
(main)   nCells (global) = 1000
(HemoCell) (SanityCheck) Performing Sanity check on simulation parameters and setup
(HemoCell) WARNING: Force limit active at 50 pN. Results can be inaccurate due to force capping.
Size of the multi-block:     200-by-200-by-100
Number of atomic-blocks:     16
Smallest atomic-block:       100-by-50-by-50
Largest atomic-block:        100-by-50-by-50
Number of allocated cells:   4 million
Fraction of allocated domain: 100 percent
(SanityCheck) one of the dimensions of the largest atomic block is more than 25.
  This can be inefficient. The best performance is below 26x26x26 blocks.
  It is recommended to adjust the number of processors or the sparseBlockStructure accordingly.
[o118:28860] 15 more processes have sent help message help-mpi-btl-openib.txt / error in device init
[o118:28860] Set MCA parameter "orte_base_help_aggregate" to 0 to see all help / error messages
Hemocell Profiler Statistics (Only Process 0):
HemoCell: 2010.936000
 MpiReceive: 0.000000
 MpiSend: 0.000000
 deleteIncompleteCells: 0.026000
 iterate: 2008.837000
  advanceParticles: 124.216000
  applyConstitutiveModel: 45.312000
  collideAndStream: 1192.015000
  deleteNonLocalParticles: 9.249000
  interpolateFluidVelocity: 54.920000
  setExternalVector: 65.603000
  spreadParticleForce: 368.120000
  syncEnvelopes: 149.148000
   MpiReceive: 33.953000
   MpiSend: 49.309000
 output: 0.804000
  applyConstitutiveModel: 0.037000
  deleteIncompleteCells: 0.008000
  separateForceVectors: 0.074000
  syncEnvelopes: 0.115000
   MpiReceive: 0.036000
   MpiSend: 0.043000
  unifyForceVectors: 0.012000
  updateResidenceTime: 0.001000
  writeOutput: 0.485000
   writeCellCSVInfo: 0.144000
    syncEnvelopes: 0.057000
     MpiReceive: 0.018000
     MpiSend: 0.019000
   writeCellField: 0.231000
   writeFluidField: 0.108000
 syncEnvelopes: 0.246000
  MpiReceive: 0.059000
  MpiSend: 0.054000
(main) Simulation finished :) 
BULL MPI TASKS   = 16
BULL Bin name    = /home_nfs/bhamitono/projects/compbiomed2/wp4/hemocell/HemoCell-dev-develop/build_ampere_gnu/cube_aarch64 
BULL config      = fixed 
BULL PARTITION   = Ampere_Q8030_1s_80c_1t_edr_256GB_3200
BULL Time        = 2011.83
