CONFIG = FIXED
Loading openmpi/4.1.5/gnu/8.5.0/openmpi-4.1.5-none-1.0
  Loading requirement: ucx/1.14.1/gnu/8.5.0/ucx-1.14.1-none-1.0
Perf Event Paranoid to -1
Zone reclaim
Numa balancing
Transparent HP
Drop Cache
Turbo
 #####################################
 Begin : 
 #####################################
--------------------------------------------------------------------------
WARNING: There was an error initializing an OpenFabrics device.

  Local host:   o118
  Local device: mlx5_0
--------------------------------------------------------------------------
[1712571537.612942] [o118:2253938:0]          parser.c:1993 UCX  WARN  unused environment variable: UCX_DIR (maybe: UCX_TLS?)
[1712571537.612942] [o118:2253938:0]          parser.c:1993 UCX  WARN  (set UCX_WARN_UNUSED_ENV_VARS=n to suppress this warning)
[1712571537.614077] [o118:2253943:0]          parser.c:1993 UCX  WARN  unused environment variable: UCX_DIR (maybe: UCX_TLS?)
[1712571537.614077] [o118:2253943:0]          parser.c:1993 UCX  WARN  (set UCX_WARN_UNUSED_ENV_VARS=n to suppress this warning)
[1712571537.613882] [o118:2253952:0]          parser.c:1993 UCX  WARN  unused environment variable: UCX_DIR (maybe: UCX_TLS?)
[1712571537.613882] [o118:2253952:0]          parser.c:1993 UCX  WARN  (set UCX_WARN_UNUSED_ENV_VARS=n to suppress this warning)
[1712571537.612265] [o118:2253955:0]          parser.c:1993 UCX  WARN  unused environment variable: UCX_DIR (maybe: UCX_TLS?)
[1712571537.612265] [o118:2253955:0]          parser.c:1993 UCX  WARN  (set UCX_WARN_UNUSED_ENV_VARS=n to suppress this warning)
[1712571537.612930] [o118:2253954:0]          parser.c:1993 UCX  WARN  unused environment variable: UCX_DIR (maybe: UCX_TLS?)
[1712571537.612930] [o118:2253954:0]          parser.c:1993 UCX  WARN  (set UCX_WARN_UNUSED_ENV_VARS=n to suppress this warning)
[1712571537.617286] [o118:2253935:0]          parser.c:1993 UCX  WARN  unused environment variable: UCX_DIR (maybe: UCX_TLS?)
[1712571537.617286] [o118:2253935:0]          parser.c:1993 UCX  WARN  (set UCX_WARN_UNUSED_ENV_VARS=n to suppress this warning)
[1712571537.618924] [o118:2253948:0]          parser.c:1993 UCX  WARN  unused environment variable: UCX_DIR (maybe: UCX_TLS?)
[1712571537.618924] [o118:2253948:0]          parser.c:1993 UCX  WARN  (set UCX_WARN_UNUSED_ENV_VARS=n to suppress this warning)
[1712571537.618935] [o118:2253950:0]          parser.c:1993 UCX  WARN  unused environment variable: UCX_DIR (maybe: UCX_TLS?)
[1712571537.618935] [o118:2253950:0]          parser.c:1993 UCX  WARN  (set UCX_WARN_UNUSED_ENV_VARS=n to suppress this warning)
[1712571537.618954] [o118:2253940:0]          parser.c:1993 UCX  WARN  unused environment variable: UCX_DIR (maybe: UCX_TLS?)
[1712571537.618954] [o118:2253940:0]          parser.c:1993 UCX  WARN  (set UCX_WARN_UNUSED_ENV_VARS=n to suppress this warning)
[1712571537.619066] [o118:2253946:0]          parser.c:1993 UCX  WARN  unused environment variable: UCX_DIR (maybe: UCX_TLS?)
[1712571537.619066] [o118:2253946:0]          parser.c:1993 UCX  WARN  (set UCX_WARN_UNUSED_ENV_VARS=n to suppress this warning)
[1712571537.619100] [o118:2253939:0]          parser.c:1993 UCX  WARN  unused environment variable: UCX_DIR (maybe: UCX_TLS?)
[1712571537.619100] [o118:2253939:0]          parser.c:1993 UCX  WARN  (set UCX_WARN_UNUSED_ENV_VARS=n to suppress this warning)
[1712571537.619327] [o118:2253937:0]          parser.c:1993 UCX  WARN  unused environment variable: UCX_DIR (maybe: UCX_TLS?)
[1712571537.619327] [o118:2253937:0]          parser.c:1993 UCX  WARN  (set UCX_WARN_UNUSED_ENV_VARS=n to suppress this warning)
[1712571537.619493] [o118:2253945:0]          parser.c:1993 UCX  WARN  unused environment variable: UCX_DIR (maybe: UCX_TLS?)
[1712571537.619493] [o118:2253945:0]          parser.c:1993 UCX  WARN  (set UCX_WARN_UNUSED_ENV_VARS=n to suppress this warning)
[1712571537.619509] [o118:2253947:0]          parser.c:1993 UCX  WARN  unused environment variable: UCX_DIR (maybe: UCX_TLS?)
[1712571537.619509] [o118:2253947:0]          parser.c:1993 UCX  WARN  (set UCX_WARN_UNUSED_ENV_VARS=n to suppress this warning)
[1712571537.619561] [o118:2253933:0]          parser.c:1993 UCX  WARN  unused environment variable: UCX_DIR (maybe: UCX_TLS?)
[1712571537.619561] [o118:2253933:0]          parser.c:1993 UCX  WARN  (set UCX_WARN_UNUSED_ENV_VARS=n to suppress this warning)
[1712571537.619626] [o118:2253936:0]          parser.c:1993 UCX  WARN  unused environment variable: UCX_DIR (maybe: UCX_TLS?)
[1712571537.619626] [o118:2253936:0]          parser.c:1993 UCX  WARN  (set UCX_WARN_UNUSED_ENV_VARS=n to suppress this warning)
[1712571537.619606] [o118:2253941:0]          parser.c:1993 UCX  WARN  unused environment variable: UCX_DIR (maybe: UCX_TLS?)
[1712571537.619606] [o118:2253941:0]          parser.c:1993 UCX  WARN  (set UCX_WARN_UNUSED_ENV_VARS=n to suppress this warning)
[1712571537.619622] [o118:2253951:0]          parser.c:1993 UCX  WARN  unused environment variable: UCX_DIR (maybe: UCX_TLS?)
[1712571537.619622] [o118:2253951:0]          parser.c:1993 UCX  WARN  (set UCX_WARN_UNUSED_ENV_VARS=n to suppress this warning)
[1712571537.619848] [o118:2253942:0]          parser.c:1993 UCX  WARN  unused environment variable: UCX_DIR (maybe: UCX_TLS?)
[1712571537.619848] [o118:2253942:0]          parser.c:1993 UCX  WARN  (set UCX_WARN_UNUSED_ENV_VARS=n to suppress this warning)
[1712571537.619967] [o118:2253944:0]          parser.c:1993 UCX  WARN  unused environment variable: UCX_DIR (maybe: UCX_TLS?)
[1712571537.619967] [o118:2253944:0]          parser.c:1993 UCX  WARN  (set UCX_WARN_UNUSED_ENV_VARS=n to suppress this warning)
[1712571537.620111] [o118:2253934:0]          parser.c:1993 UCX  WARN  unused environment variable: UCX_DIR (maybe: UCX_TLS?)
[1712571537.620111] [o118:2253934:0]          parser.c:1993 UCX  WARN  (set UCX_WARN_UNUSED_ENV_VARS=n to suppress this warning)
[1712571537.620247] [o118:2253956:0]          parser.c:1993 UCX  WARN  unused environment variable: UCX_DIR (maybe: UCX_TLS?)
[1712571537.620247] [o118:2253956:0]          parser.c:1993 UCX  WARN  (set UCX_WARN_UNUSED_ENV_VARS=n to suppress this warning)
[1712571537.620388] [o118:2253949:0]          parser.c:1993 UCX  WARN  unused environment variable: UCX_DIR (maybe: UCX_TLS?)
[1712571537.620388] [o118:2253949:0]          parser.c:1993 UCX  WARN  (set UCX_WARN_UNUSED_ENV_VARS=n to suppress this warning)
[1712571537.620630] [o118:2253953:0]          parser.c:1993 UCX  WARN  unused environment variable: UCX_DIR (maybe: UCX_TLS?)
[1712571537.620630] [o118:2253953:0]          parser.c:1993 UCX  WARN  (set UCX_WARN_UNUSED_ENV_VARS=n to suppress this warning)
[1712571537.794804] [o118:2254011:0]          parser.c:1993 UCX  WARN  unused environment variable: UCX_DIR (maybe: UCX_TLS?)
[1712571537.794804] [o118:2254011:0]          parser.c:1993 UCX  WARN  (set UCX_WARN_UNUSED_ENV_VARS=n to suppress this warning)
[1712571537.799819] [o118:2254007:0]          parser.c:1993 UCX  WARN  unused environment variable: UCX_DIR (maybe: UCX_TLS?)
[1712571537.799819] [o118:2254007:0]          parser.c:1993 UCX  WARN  (set UCX_WARN_UNUSED_ENV_VARS=n to suppress this warning)
[1712571537.835083] [o118:2254008:0]          parser.c:1993 UCX  WARN  unused environment variable: UCX_DIR (maybe: UCX_TLS?)
[1712571537.835083] [o118:2254008:0]          parser.c:1993 UCX  WARN  (set UCX_WARN_UNUSED_ENV_VARS=n to suppress this warning)
[1712571537.865763] [o118:2254010:0]          parser.c:1993 UCX  WARN  unused environment variable: UCX_DIR (maybe: UCX_TLS?)
[1712571537.865763] [o118:2254010:0]          parser.c:1993 UCX  WARN  (set UCX_WARN_UNUSED_ENV_VARS=n to suppress this warning)
[1712571537.866200] [o118:2254006:0]          parser.c:1993 UCX  WARN  unused environment variable: UCX_DIR (maybe: UCX_TLS?)
[1712571537.866200] [o118:2254006:0]          parser.c:1993 UCX  WARN  (set UCX_WARN_UNUSED_ENV_VARS=n to suppress this warning)
[1712571537.869119] [o118:2254013:0]          parser.c:1993 UCX  WARN  unused environment variable: UCX_DIR (maybe: UCX_TLS?)
[1712571537.869119] [o118:2254013:0]          parser.c:1993 UCX  WARN  (set UCX_WARN_UNUSED_ENV_VARS=n to suppress this warning)
[1712571537.872921] [o118:2254005:0]          parser.c:1993 UCX  WARN  unused environment variable: UCX_DIR (maybe: UCX_TLS?)
[1712571537.872921] [o118:2254005:0]          parser.c:1993 UCX  WARN  (set UCX_WARN_UNUSED_ENV_VARS=n to suppress this warning)
[1712571537.892299] [o118:2254014:0]          parser.c:1993 UCX  WARN  unused environment variable: UCX_DIR (maybe: UCX_TLS?)
[1712571537.892299] [o118:2254014:0]          parser.c:1993 UCX  WARN  (set UCX_WARN_UNUSED_ENV_VARS=n to suppress this warning)
[1712571537.908030] [o118:2254009:0]          parser.c:1993 UCX  WARN  unused environment variable: UCX_DIR (maybe: UCX_TLS?)
[1712571537.908030] [o118:2254009:0]          parser.c:1993 UCX  WARN  (set UCX_WARN_UNUSED_ENV_VARS=n to suppress this warning)
[1712571537.910420] [o118:2254012:0]          parser.c:1993 UCX  WARN  unused environment variable: UCX_DIR (maybe: UCX_TLS?)
[1712571537.910420] [o118:2254012:0]          parser.c:1993 UCX  WARN  (set UCX_WARN_UNUSED_ENV_VARS=n to suppress this warning)
[1712571537.968996] [o118:2254036:0]          parser.c:1993 UCX  WARN  unused environment variable: UCX_DIR (maybe: UCX_TLS?)
[1712571537.968996] [o118:2254036:0]          parser.c:1993 UCX  WARN  (set UCX_WARN_UNUSED_ENV_VARS=n to suppress this warning)
[1712571538.060412] [o118:2254040:0]          parser.c:1993 UCX  WARN  unused environment variable: UCX_DIR (maybe: UCX_TLS?)
[1712571538.060412] [o118:2254040:0]          parser.c:1993 UCX  WARN  (set UCX_WARN_UNUSED_ENV_VARS=n to suppress this warning)
[1712571538.061996] [o118:2254037:0]          parser.c:1993 UCX  WARN  unused environment variable: UCX_DIR (maybe: UCX_TLS?)
[1712571538.061996] [o118:2254037:0]          parser.c:1993 UCX  WARN  (set UCX_WARN_UNUSED_ENV_VARS=n to suppress this warning)
[1712571538.064790] [o118:2254042:0]          parser.c:1993 UCX  WARN  unused environment variable: UCX_DIR (maybe: UCX_TLS?)
[1712571538.064790] [o118:2254042:0]          parser.c:1993 UCX  WARN  (set UCX_WARN_UNUSED_ENV_VARS=n to suppress this warning)
[1712571538.064800] [o118:2254041:0]          parser.c:1993 UCX  WARN  unused environment variable: UCX_DIR (maybe: UCX_TLS?)
[1712571538.064800] [o118:2254041:0]          parser.c:1993 UCX  WARN  (set UCX_WARN_UNUSED_ENV_VARS=n to suppress this warning)
[1712571538.064794] [o118:2254050:0]          parser.c:1993 UCX  WARN  unused environment variable: UCX_DIR (maybe: UCX_TLS?)
[1712571538.064794] [o118:2254050:0]          parser.c:1993 UCX  WARN  (set UCX_WARN_UNUSED_ENV_VARS=n to suppress this warning)
[1712571538.065835] [o118:2254035:0]          parser.c:1993 UCX  WARN  unused environment variable: UCX_DIR (maybe: UCX_TLS?)
[1712571538.065835] [o118:2254035:0]          parser.c:1993 UCX  WARN  (set UCX_WARN_UNUSED_ENV_VARS=n to suppress this warning)
[1712571538.066022] [o118:2254054:0]          parser.c:1993 UCX  WARN  unused environment variable: UCX_DIR (maybe: UCX_TLS?)
[1712571538.066022] [o118:2254054:0]          parser.c:1993 UCX  WARN  (set UCX_WARN_UNUSED_ENV_VARS=n to suppress this warning)
[1712571538.066783] [o118:2254039:0]          parser.c:1993 UCX  WARN  unused environment variable: UCX_DIR (maybe: UCX_TLS?)
[1712571538.066783] [o118:2254039:0]          parser.c:1993 UCX  WARN  (set UCX_WARN_UNUSED_ENV_VARS=n to suppress this warning)
[1712571538.067390] [o118:2254044:0]          parser.c:1993 UCX  WARN  unused environment variable: UCX_DIR (maybe: UCX_TLS?)
[1712571538.067390] [o118:2254044:0]          parser.c:1993 UCX  WARN  (set UCX_WARN_UNUSED_ENV_VARS=n to suppress this warning)
[1712571538.067652] [o118:2254045:0]          parser.c:1993 UCX  WARN  unused environment variable: UCX_DIR (maybe: UCX_TLS?)
[1712571538.067652] [o118:2254045:0]          parser.c:1993 UCX  WARN  (set UCX_WARN_UNUSED_ENV_VARS=n to suppress this warning)
[1712571538.067724] [o118:2254038:0]          parser.c:1993 UCX  WARN  unused environment variable: UCX_DIR (maybe: UCX_TLS?)
[1712571538.067724] [o118:2254038:0]          parser.c:1993 UCX  WARN  (set UCX_WARN_UNUSED_ENV_VARS=n to suppress this warning)
[1712571538.067999] [o118:2254046:0]          parser.c:1993 UCX  WARN  unused environment variable: UCX_DIR (maybe: UCX_TLS?)
[1712571538.067999] [o118:2254046:0]          parser.c:1993 UCX  WARN  (set UCX_WARN_UNUSED_ENV_VARS=n to suppress this warning)
[1712571538.069029] [o118:2254056:0]          parser.c:1993 UCX  WARN  unused environment variable: UCX_DIR (maybe: UCX_TLS?)
[1712571538.069029] [o118:2254056:0]          parser.c:1993 UCX  WARN  (set UCX_WARN_UNUSED_ENV_VARS=n to suppress this warning)
[1712571538.069314] [o118:2254072:0]          parser.c:1993 UCX  WARN  unused environment variable: UCX_DIR (maybe: UCX_TLS?)
[1712571538.069314] [o118:2254072:0]          parser.c:1993 UCX  WARN  (set UCX_WARN_UNUSED_ENV_VARS=n to suppress this warning)
[1712571538.069329] [o118:2254052:0]          parser.c:1993 UCX  WARN  unused environment variable: UCX_DIR (maybe: UCX_TLS?)
[1712571538.069329] [o118:2254052:0]          parser.c:1993 UCX  WARN  (set UCX_WARN_UNUSED_ENV_VARS=n to suppress this warning)
[1712571538.069580] [o118:2254048:0]          parser.c:1993 UCX  WARN  unused environment variable: UCX_DIR (maybe: UCX_TLS?)
[1712571538.069580] [o118:2254048:0]          parser.c:1993 UCX  WARN  (set UCX_WARN_UNUSED_ENV_VARS=n to suppress this warning)
[1712571538.070070] [o118:2254059:0]          parser.c:1993 UCX  WARN  unused environment variable: UCX_DIR (maybe: UCX_TLS?)
[1712571538.070070] [o118:2254059:0]          parser.c:1993 UCX  WARN  (set UCX_WARN_UNUSED_ENV_VARS=n to suppress this warning)
[1712571538.070076] [o118:2254043:0]          parser.c:1993 UCX  WARN  unused environment variable: UCX_DIR (maybe: UCX_TLS?)
[1712571538.070076] [o118:2254043:0]          parser.c:1993 UCX  WARN  (set UCX_WARN_UNUSED_ENV_VARS=n to suppress this warning)
[1712571538.070286] [o118:2254047:0]          parser.c:1993 UCX  WARN  unused environment variable: UCX_DIR (maybe: UCX_TLS?)
[1712571538.070286] [o118:2254047:0]          parser.c:1993 UCX  WARN  (set UCX_WARN_UNUSED_ENV_VARS=n to suppress this warning)
[1712571538.070527] [o118:2254061:0]          parser.c:1993 UCX  WARN  unused environment variable: UCX_DIR (maybe: UCX_TLS?)
[1712571538.070527] [o118:2254061:0]          parser.c:1993 UCX  WARN  (set UCX_WARN_UNUSED_ENV_VARS=n to suppress this warning)
[1712571538.070578] [o118:2254051:0]          parser.c:1993 UCX  WARN  unused environment variable: UCX_DIR (maybe: UCX_TLS?)
[1712571538.070578] [o118:2254051:0]          parser.c:1993 UCX  WARN  (set UCX_WARN_UNUSED_ENV_VARS=n to suppress this warning)
[1712571538.071015] [o118:2254057:0]          parser.c:1993 UCX  WARN  unused environment variable: UCX_DIR (maybe: UCX_TLS?)
[1712571538.071015] [o118:2254057:0]          parser.c:1993 UCX  WARN  (set UCX_WARN_UNUSED_ENV_VARS=n to suppress this warning)
[1712571538.071015] [o118:2254055:0]          parser.c:1993 UCX  WARN  unused environment variable: UCX_DIR (maybe: UCX_TLS?)
[1712571538.071015] [o118:2254055:0]          parser.c:1993 UCX  WARN  (set UCX_WARN_UNUSED_ENV_VARS=n to suppress this warning)
[1712571538.071177] [o118:2254053:0]          parser.c:1993 UCX  WARN  unused environment variable: UCX_DIR (maybe: UCX_TLS?)
[1712571538.071177] [o118:2254053:0]          parser.c:1993 UCX  WARN  (set UCX_WARN_UNUSED_ENV_VARS=n to suppress this warning)
[1712571538.072158] [o118:2254058:0]          parser.c:1993 UCX  WARN  unused environment variable: UCX_DIR (maybe: UCX_TLS?)
[1712571538.072158] [o118:2254058:0]          parser.c:1993 UCX  WARN  (set UCX_WARN_UNUSED_ENV_VARS=n to suppress this warning)
[1712571538.072368] [o118:2254049:0]          parser.c:1993 UCX  WARN  unused environment variable: UCX_DIR (maybe: UCX_TLS?)
[1712571538.072368] [o118:2254049:0]          parser.c:1993 UCX  WARN  (set UCX_WARN_UNUSED_ENV_VARS=n to suppress this warning)
[1712571538.072401] [o118:2254087:0]          parser.c:1993 UCX  WARN  unused environment variable: UCX_DIR (maybe: UCX_TLS?)
[1712571538.072401] [o118:2254087:0]          parser.c:1993 UCX  WARN  (set UCX_WARN_UNUSED_ENV_VARS=n to suppress this warning)
[1712571538.075656] [o118:2254095:0]          parser.c:1993 UCX  WARN  unused environment variable: UCX_DIR (maybe: UCX_TLS?)
[1712571538.075656] [o118:2254095:0]          parser.c:1993 UCX  WARN  (set UCX_WARN_UNUSED_ENV_VARS=n to suppress this warning)
[1712571538.077087] [o118:2254064:0]          parser.c:1993 UCX  WARN  unused environment variable: UCX_DIR (maybe: UCX_TLS?)
[1712571538.077087] [o118:2254064:0]          parser.c:1993 UCX  WARN  (set UCX_WARN_UNUSED_ENV_VARS=n to suppress this warning)
[1712571538.079153] [o118:2254066:0]          parser.c:1993 UCX  WARN  unused environment variable: UCX_DIR (maybe: UCX_TLS?)
[1712571538.079153] [o118:2254066:0]          parser.c:1993 UCX  WARN  (set UCX_WARN_UNUSED_ENV_VARS=n to suppress this warning)
[1712571538.080402] [o118:2254077:0]          parser.c:1993 UCX  WARN  unused environment variable: UCX_DIR (maybe: UCX_TLS?)
[1712571538.080402] [o118:2254077:0]          parser.c:1993 UCX  WARN  (set UCX_WARN_UNUSED_ENV_VARS=n to suppress this warning)
[1712571538.080513] [o118:2254081:0]          parser.c:1993 UCX  WARN  unused environment variable: UCX_DIR (maybe: UCX_TLS?)
[1712571538.080513] [o118:2254081:0]          parser.c:1993 UCX  WARN  (set UCX_WARN_UNUSED_ENV_VARS=n to suppress this warning)
[1712571538.081317] [o118:2254082:0]          parser.c:1993 UCX  WARN  unused environment variable: UCX_DIR (maybe: UCX_TLS?)
[1712571538.081317] [o118:2254082:0]          parser.c:1993 UCX  WARN  (set UCX_WARN_UNUSED_ENV_VARS=n to suppress this warning)
[1712571538.081744] [o118:2254071:0]          parser.c:1993 UCX  WARN  unused environment variable: UCX_DIR (maybe: UCX_TLS?)
[1712571538.081744] [o118:2254071:0]          parser.c:1993 UCX  WARN  (set UCX_WARN_UNUSED_ENV_VARS=n to suppress this warning)
[1712571538.087011] [o118:2254079:0]          parser.c:1993 UCX  WARN  unused environment variable: UCX_DIR (maybe: UCX_TLS?)
[1712571538.087011] [o118:2254079:0]          parser.c:1993 UCX  WARN  (set UCX_WARN_UNUSED_ENV_VARS=n to suppress this warning)
[1712571538.087219] [o118:2254069:0]          parser.c:1993 UCX  WARN  unused environment variable: UCX_DIR (maybe: UCX_TLS?)
[1712571538.087219] [o118:2254069:0]          parser.c:1993 UCX  WARN  (set UCX_WARN_UNUSED_ENV_VARS=n to suppress this warning)
[1712571538.088648] [o118:2254062:0]          parser.c:1993 UCX  WARN  unused environment variable: UCX_DIR (maybe: UCX_TLS?)
[1712571538.088648] [o118:2254062:0]          parser.c:1993 UCX  WARN  (set UCX_WARN_UNUSED_ENV_VARS=n to suppress this warning)
[1712571538.088824] [o118:2254088:0]          parser.c:1993 UCX  WARN  unused environment variable: UCX_DIR (maybe: UCX_TLS?)
[1712571538.088824] [o118:2254088:0]          parser.c:1993 UCX  WARN  (set UCX_WARN_UNUSED_ENV_VARS=n to suppress this warning)
[1712571538.096319] [o118:2254060:0]          parser.c:1993 UCX  WARN  unused environment variable: UCX_DIR (maybe: UCX_TLS?)
[1712571538.096319] [o118:2254060:0]          parser.c:1993 UCX  WARN  (set UCX_WARN_UNUSED_ENV_VARS=n to suppress this warning)
[1712571538.096649] [o118:2254080:0]          parser.c:1993 UCX  WARN  unused environment variable: UCX_DIR (maybe: UCX_TLS?)
[1712571538.096649] [o118:2254080:0]          parser.c:1993 UCX  WARN  (set UCX_WARN_UNUSED_ENV_VARS=n to suppress this warning)
[1712571538.096886] [o118:2254076:0]          parser.c:1993 UCX  WARN  unused environment variable: UCX_DIR (maybe: UCX_TLS?)
[1712571538.096886] [o118:2254076:0]          parser.c:1993 UCX  WARN  (set UCX_WARN_UNUSED_ENV_VARS=n to suppress this warning)
[1712571538.097009] [o118:2254089:0]          parser.c:1993 UCX  WARN  unused environment variable: UCX_DIR (maybe: UCX_TLS?)
[1712571538.097009] [o118:2254089:0]          parser.c:1993 UCX  WARN  (set UCX_WARN_UNUSED_ENV_VARS=n to suppress this warning)
[1712571538.097090] [o118:2254096:0]          parser.c:1993 UCX  WARN  unused environment variable: UCX_DIR (maybe: UCX_TLS?)
[1712571538.097090] [o118:2254096:0]          parser.c:1993 UCX  WARN  (set UCX_WARN_UNUSED_ENV_VARS=n to suppress this warning)
[1712571538.097190] [o118:2254091:0]          parser.c:1993 UCX  WARN  unused environment variable: UCX_DIR (maybe: UCX_TLS?)
[1712571538.097190] [o118:2254091:0]          parser.c:1993 UCX  WARN  (set UCX_WARN_UNUSED_ENV_VARS=n to suppress this warning)
[1712571538.097245] [o118:2254063:0]          parser.c:1993 UCX  WARN  unused environment variable: UCX_DIR (maybe: UCX_TLS?)
[1712571538.097245] [o118:2254063:0]          parser.c:1993 UCX  WARN  (set UCX_WARN_UNUSED_ENV_VARS=n to suppress this warning)
(HemoCell) (Config) reading config-fixed.xml
 _   _   ____   __  __   _____    ___   ____   __     __ 
( )_( ) ( ___) (  \/  ) (  _  )  / __) ( ___) (  )   (  )
 ) _ (   )__)   )    (   )(_)(  ( (__   )__)   )(__   )(__ 
(_) (_) (____) (_/\/\_) (_____)  \___) (____) (____) (____) 
                         v.2.6

(unbounded) (Parameters) calculating flow parameters
(HemoCell) dt is set to *auto*. Tau will be set to 1!
(HemoCell) System parameters:
	 dx: 	5e-07
	 dt: 	3.78788e-08
	 dm: 	1.28125e-16
	 dN: 	4.4649e-08
	 tau: 	1
	 nu_lbm: 	0.166667
	 u_lb_max: 	7.57576e-07
	 f_limit: 	0.00111985
(unbounded) (Fluid) Initializing Palabos Fluid Field
(HemoCell) Using default domain management.
(HemoCell) (Fluid) Setting Fluid Equilibrium
Size of the multi-block:     200-by-200-by-100
Number of atomic-blocks:     80
Smallest atomic-block:       50-by-20-by-50
Largest atomic-block:        50-by-20-by-50
Number of allocated cells:   4 million
Fraction of allocated domain: 100 percent

(Hemocell) (HemoCellFields) (Init) particle envelope: 25 [lu]
Cellfield  (+ material model) of RBC
  Volume :90 µm³ VolumeFraction of lsp per fluid node: 1.1215 %
  Nvertex: 642
(Cell-mechanics model) High Order model parameters for RBC cellfield
	 k_link:   0.000183679
	 k_area:   9.18393e-07
	 k_bend: : 1.46943e-05
	 k_volume: 3.67357e-06
	 eta_m:    0
	 mean_edge:1.00019
	 N faces:  1280
(HemoCell) (Timescale Seperation) Setting seperation of RBC to 20 timesteps
(HemoCell) (Timescale separation) Setting update separation of all particles to 5 timesteps
(HemoCell) (CellField) Setting output variables for RBC cells
(HemoCell) (Fluid) Setting output variables for fluid field
(HemoCell) (CellField) Loading particle positions 
(readPositionsBloodCells) Reading particle positions...
(readPositionsBloodCells) Particle count in file (RBC): 128000.
(HemoCell) (Output) writing output at timestep 0 (0 s). Approx. performance: 0.00 s / iteration.
(unbounded) fresh start: warming up cell-free fluid domain for 0 iterations...
(unbounded) Starting simulation...
 | RBC Volume ratio [x100%]: 1.925
(main)   nCells (global) = 1000
Hemocell Profiler Statistics (Only Process 0):
HemoCell: 2.033000
 MpiReceive: 0.000000
 MpiSend: 0.000000
 deleteIncompleteCells: 0.023000
 output: 0.657000
  applyConstitutiveModel: 0.017000
  deleteIncompleteCells: 0.009000
  separateForceVectors: 0.047000
  syncEnvelopes: 0.120000
   MpiReceive: 0.039000
   MpiSend: 0.034000
  unifyForceVectors: 0.007000
  updateResidenceTime: 0.000000
  writeOutput: 0.338000
   writeCellCSVInfo: 0.178000
    syncEnvelopes: 0.093000
     MpiReceive: 0.018000
     MpiSend: 0.015000
   writeCellField: 0.089000
   writeFluidField: 0.071000
 syncEnvelopes: 0.261000
  MpiReceive: 0.050000
  MpiSend: 0.051000
(main) Simulation finished :) 
[o118:2253925] 79 more processes have sent help message help-mpi-btl-openib.txt / error in device init
[o118:2253925] Set MCA parameter "orte_base_help_aggregate" to 0 to see all help / error messages
 #####################################
 perf report
 #####################################
# started on Mon Apr  8 12:18:56 2024


 Performance counter stats for 'system wide':

   141,896,825,941      br_pred                                                       (45.89%)
   699,615,170,479      instructions              #    1.27  insn per cycle           (45.89%)
   551,771,557,975      cpu-cycles                                                    (53.62%)
     4,526,142,616 ns   duration_time                                               
   195,672,960,778      mem_access_rd                                                 (53.62%)
    82,624,165,193      mem_access_wr                                                 (53.63%)
       984,407,639      l1d_cache_wb                                                  (53.79%)
     2,359,585,242      l2d_cache_wb                                                  (54.01%)
     2,048,312,348      l1d_cache_refill                                              (54.11%)
   291,869,907,227      l1d_cache                                                     (54.11%)
     7,688,089,535      l2d_cache                                                     (46.38%)
       995,211,070      l2d_cache_refill                                              (46.37%)
     5,400,699,610      l3d_cache                                                     (46.21%)
     2,565,910,237      l3d_cache_refill                                              (45.99%)

       4.526142616 seconds time elapsed

cat: bull_time.out: No such file or directory
BULL MPI TASKS   = 80
BULL Bin name    = /home_nfs/bhamitono/projects/compbiomed2/wp4/hemocell/HemoCell-dev-develop/build_ampere_gnu/cube_aarch64 
BULL config      = fixed 
BULL PARTITION   = Ampere_Q8030_1s_80c_1t_edr_256GB_3200
BULL Time        = 
