Restoring modules from user's hemocell
DCGMI support OFF
Mapping frequencies from 64 processes to 128 CPUs...
---------------- EAR 4.3 MPI enabled ----------------
                   App/user id: 'experiment-ear.job'/'jvandijk'
           Node/job id/step_id: 'tcn412'/'5775984'/'0'
     P_STATE/frequency (turbo): 0/2600000 (0)
    Tasks/nodes/ppn/node_ratio: 64/1/64/1.000
             Policy (learning): monitoring (0)
Policy threshold/Perf accuracy: 0.00/10000000.00
   DynAIS levels/window/AVX512: 10/200/2
                      VAR path: /var/ear
           EAR privileged user: 0
                       EARL on: 1 
                  Max CPU freq: 2600000
-------------------------------------------------------
EAR initialized successfully.
EAR(experiment-ear.job) at 2.600 in tcn412 MR[0] elapsed 29 sec.: [32m(CPI=0.639 GBS=77.11 Power=354.4W Time=0.978s
	AvgCPUF=2.57GHz/AvgIMCF=1.47GHz GFlop/s=478.55 IO=6.76MB/s MPI_time/exec_Time (max/avg/min): 45.7/25.8/9.0 %)  
	 Next Frequency 2.60[0m
EAR(experiment-ear.job) at 2.600 in tcn412 MR[0] elapsed 40 sec.: [32m(CPI=0.647 GBS=77.24 Power=397.3W Time=1.170s
	AvgCPUF=2.57GHz/AvgIMCF=1.47GHz GFlop/s=484.24 IO=0.00MB/s MPI_time/exec_Time (max/avg/min): 45.5/25.5/8.6 %)  [0m
EAR(experiment-ear.job) at 2.600 in tcn412 MR[0] elapsed 61 sec.: [32m(CPI=0.649 GBS=77.41 Power=399.0W Time=1.022s
	AvgCPUF=2.57GHz/AvgIMCF=1.47GHz GFlop/s=489.11 IO=0.00MB/s MPI_time/exec_Time (max/avg/min): 45.6/25.4/8.3 %)  [0m
EAR(experiment-ear.job) at 2.600 in tcn412 MR[0] elapsed 83 sec.: [32m(CPI=0.649 GBS=77.50 Power=384.4W Time=1.070s
	AvgCPUF=2.57GHz/AvgIMCF=1.47GHz GFlop/s=491.72 IO=0.00MB/s MPI_time/exec_Time (max/avg/min): 45.3/25.3/8.3 %)  [0m
EAR(experiment-ear.job) at 2.600 in tcn412 MR[0] elapsed 104 sec.: [32m(CPI=0.652 GBS=77.66 Power=428.1W Time=1.067s
	AvgCPUF=2.57GHz/AvgIMCF=1.47GHz GFlop/s=493.42 IO=0.00MB/s MPI_time/exec_Time (max/avg/min): 45.1/25.1/8.1 %)  [0m
EAR(experiment-ear.job) at 2.600 in tcn412 MR[0] elapsed 125 sec.: [32m(CPI=0.650 GBS=77.53 Power=407.2W Time=1.068s
	AvgCPUF=2.57GHz/AvgIMCF=1.47GHz GFlop/s=494.39 IO=0.00MB/s MPI_time/exec_Time (max/avg/min): 45.3/25.2/8.3 %)  [0m
EAR(experiment-ear.job) at 2.600 in tcn412 MR[0] elapsed 147 sec.: [32m(CPI=0.646 GBS=77.09 Power=384.4W Time=1.075s
	AvgCPUF=2.57GHz/AvgIMCF=1.47GHz GFlop/s=494.61 IO=0.00MB/s MPI_time/exec_Time (max/avg/min): 45.9/25.7/8.9 %)  [0m
EAR(experiment-ear.job) at 2.600 in tcn412 MR[0] elapsed 168 sec.: [32m(CPI=0.651 GBS=77.59 Power=428.0W Time=1.067s
	AvgCPUF=2.57GHz/AvgIMCF=1.47GHz GFlop/s=495.26 IO=0.00MB/s MPI_time/exec_Time (max/avg/min): 45.6/25.2/8.2 %)  [0m
EAR(experiment-ear.job) at 2.600 in tcn412 MR[0] elapsed 189 sec.: [32m(CPI=0.649 GBS=77.51 Power=407.2W Time=1.068s
	AvgCPUF=2.57GHz/AvgIMCF=1.47GHz GFlop/s=495.69 IO=0.00MB/s MPI_time/exec_Time (max/avg/min): 45.2/25.3/8.2 %)  [0m
EAR(experiment-ear.job) at 2.600 in tcn412 MR[0] elapsed 210 sec.: [32m(CPI=0.647 GBS=77.17 Power=382.4W Time=1.026s
	AvgCPUF=2.57GHz/AvgIMCF=1.47GHz GFlop/s=495.81 IO=0.00MB/s MPI_time/exec_Time (max/avg/min): 45.7/25.6/8.6 %)  [0m
EAR(experiment-ear.job) at 2.600 in tcn412 MR[0] elapsed 231 sec.: [32m(CPI=0.649 GBS=77.59 Power=429.0W Time=1.070s
	AvgCPUF=2.57GHz/AvgIMCF=1.47GHz GFlop/s=496.08 IO=0.00MB/s MPI_time/exec_Time (max/avg/min): 45.1/25.3/8.2 %)  [0m
EAR(experiment-ear.job) at 2.600 in tcn412 MR[0] elapsed 252 sec.: [32m(CPI=0.650 GBS=77.86 Power=407.1W Time=1.021s
	AvgCPUF=2.57GHz/AvgIMCF=1.47GHz GFlop/s=496.33 IO=0.00MB/s MPI_time/exec_Time (max/avg/min): 45.1/25.1/8.0 %)  [0m
EAR(experiment-ear.job) at 2.600 in tcn412 MR[0] elapsed 273 sec.: [32m(CPI=0.647 GBS=77.39 Power=388.5W Time=1.073s
	AvgCPUF=2.57GHz/AvgIMCF=1.47GHz GFlop/s=496.40 IO=0.00MB/s MPI_time/exec_Time (max/avg/min): 45.4/25.5/8.5 %)  [0m
EAR(experiment-ear.job) at 2.600 in tcn412 MR[0] elapsed 295 sec.: [32m(CPI=0.647 GBS=77.49 Power=430.2W Time=1.071s
	AvgCPUF=2.57GHz/AvgIMCF=1.47GHz GFlop/s=496.50 IO=0.00MB/s MPI_time/exec_Time (max/avg/min): 45.6/25.4/8.6 %)  [0m
EAR(experiment-ear.job) at 2.600 in tcn412 MR[0] elapsed 316 sec.: [32m(CPI=0.651 GBS=77.68 Power=410.8W Time=1.068s
	AvgCPUF=2.57GHz/AvgIMCF=1.47GHz GFlop/s=496.69 IO=0.00MB/s MPI_time/exec_Time (max/avg/min): 45.4/25.1/8.2 %)  [0m
EAR(experiment-ear.job) at 2.600 in tcn412 MR[0] elapsed 337 sec.: [32m(CPI=0.648 GBS=77.57 Power=389.8W Time=1.070s
	AvgCPUF=2.57GHz/AvgIMCF=1.47GHz GFlop/s=496.77 IO=0.00MB/s MPI_time/exec_Time (max/avg/min): 45.7/25.3/8.5 %)  [0m
EAR(experiment-ear.job) at 2.600 in tcn412 MR[0] elapsed 357 sec.: [32m(CPI=0.649 GBS=77.55 Power=429.9W Time=1.021s
	AvgCPUF=2.57GHz/AvgIMCF=1.47GHz GFlop/s=496.87 IO=0.00MB/s MPI_time/exec_Time (max/avg/min): 45.8/25.3/8.2 %)  [0m
EAR(experiment-ear.job) at 2.600 in tcn412 MR[0] elapsed 378 sec.: [32m(CPI=0.651 GBS=77.80 Power=409.1W Time=1.019s
	AvgCPUF=2.57GHz/AvgIMCF=1.47GHz GFlop/s=497.03 IO=0.00MB/s MPI_time/exec_Time (max/avg/min): 45.3/25.0/8.2 %)  [0m
EAR(experiment-ear.job) at 2.600 in tcn412 MR[0] elapsed 400 sec.: [32m(CPI=0.648 GBS=77.46 Power=409.6W Time=1.072s
	AvgCPUF=2.57GHz/AvgIMCF=1.47GHz GFlop/s=497.07 IO=0.00MB/s MPI_time/exec_Time (max/avg/min): 45.4/25.4/8.5 %)  [0m
EAR(experiment-ear.job) at 2.600 in tcn412 MR[0] elapsed 421 sec.: [32m(CPI=0.648 GBS=77.55 Power=430.8W Time=1.070s
	AvgCPUF=2.57GHz/AvgIMCF=1.47GHz GFlop/s=497.14 IO=0.00MB/s MPI_time/exec_Time (max/avg/min): 45.4/25.3/8.4 %)  [0m
EAR(experiment-ear.job) at 2.600 in tcn412 MR[0] elapsed 443 sec.: [32m(CPI=0.649 GBS=77.74 Power=389.6W Time=1.071s
	AvgCPUF=2.57GHz/AvgIMCF=1.47GHz GFlop/s=497.21 IO=0.00MB/s MPI_time/exec_Time (max/avg/min): 45.6/25.2/8.5 %)  [0m
EAR(experiment-ear.job) at 2.600 in tcn412 MR[0] elapsed 463 sec.: [32m(CPI=0.652 GBS=77.76 Power=411.9W Time=1.068s
	AvgCPUF=2.57GHz/AvgIMCF=1.47GHz GFlop/s=497.31 IO=0.00MB/s MPI_time/exec_Time (max/avg/min): 45.3/25.0/8.0 %)  [0m
EAR(experiment-ear.job) at 2.600 in tcn412 MR[0] elapsed 484 sec.: [32m(CPI=0.649 GBS=77.55 Power=430.3W Time=1.022s
	AvgCPUF=2.57GHz/AvgIMCF=1.47GHz GFlop/s=497.35 IO=0.00MB/s MPI_time/exec_Time (max/avg/min): 45.9/25.3/8.2 %)  [0m
