Restoring modules from user's hemocell
Lmod Warning: The following modules were not loaded: ear




DCGMI support OFF
Mapping frequencies from 96 processes to 192 CPUs...
---------------- EAR 4.3 MPI enabled ----------------
                   App/user id: 'experiment-ear.job'/'jvandijk'
           Node/job id/step_id: 'tcn1165'/'5776006'/'0'
     P_STATE/frequency (turbo): 0/2400000 (0)
    Tasks/nodes/ppn/node_ratio: 96/1/96/1.000
             Policy (learning): monitoring (0)
Policy threshold/Perf accuracy: 0.00/10000000.00
   DynAIS levels/window/AVX512: 10/200/2
                      VAR path: /var/ear
           EAR privileged user: 0
                       EARL on: 1 
                  Max CPU freq: 2400000
-------------------------------------------------------
EAR initialized successfully.
EAR(experiment-ear.job) at 2.400 in tcn1165 MR[0] elapsed 27 sec.: [32m(CPI=0.443 GBS=218.64 Power=547.3W Time=0.022s
	AvgCPUF=2.40GHz/AvgIMCF=1.80GHz GFlop/s=453.18 IO=11.11MB/s MPI_time/exec_Time (max/avg/min): 43.4/27.8/6.9 %)  
	 Next Frequency 2.40[0m
EAR(experiment-ear.job) at 2.400 in tcn1165 MR[0] elapsed 38 sec.: [32m(CPI=0.456 GBS=209.91 Power=494.6W Time=0.022s
	AvgCPUF=2.38GHz/AvgIMCF=1.80GHz GFlop/s=601.14 IO=0.00MB/s MPI_time/exec_Time (max/avg/min): 43.3/27.9/6.8 %)  
	 Next Frequency 2.40[0m
EAR(experiment-ear.job) at 2.400 in tcn1165 MR[0] elapsed 49 sec.: [32m(CPI=0.458 GBS=208.37 Power=548.6W Time=0.022s
	AvgCPUF=2.38GHz/AvgIMCF=1.80GHz GFlop/s=680.20 IO=0.00MB/s MPI_time/exec_Time (max/avg/min): 45.4/27.4/6.0 %)  
	 Next Frequency 2.40[0m
EAR(experiment-ear.job) at 2.400 in tcn1165 MR[0] elapsed 60 sec.: [32m(CPI=0.453 GBS=216.62 Power=491.6W Time=0.023s
	AvgCPUF=2.38GHz/AvgIMCF=1.80GHz GFlop/s=727.36 IO=0.00MB/s MPI_time/exec_Time (max/avg/min): 43.1/28.4/8.1 %)  [0m
EAR(experiment-ear.job) at 2.400 in tcn1165 MR[0] elapsed 81 sec.: [32m(CPI=0.457 GBS=218.94 Power=523.9W Time=0.022s
	AvgCPUF=2.38GHz/AvgIMCF=1.80GHz GFlop/s=785.10 IO=0.00MB/s MPI_time/exec_Time (max/avg/min): 43.8/27.5/6.3 %)  [0m
EAR(experiment-ear.job) at 2.400 in tcn1165 MR[0] elapsed 103 sec.: [32m(CPI=0.459 GBS=229.11 Power=526.4W Time=0.022s
	AvgCPUF=2.38GHz/AvgIMCF=1.80GHz GFlop/s=818.54 IO=0.00MB/s MPI_time/exec_Time (max/avg/min): 43.4/27.2/5.8 %)  [0m
EAR(experiment-ear.job) at 2.400 in tcn1165 MR[0] elapsed 125 sec.: [32m(CPI=0.458 GBS=221.90 Power=525.9W Time=0.022s
	AvgCPUF=2.38GHz/AvgIMCF=1.80GHz GFlop/s=839.85 IO=0.00MB/s MPI_time/exec_Time (max/avg/min): 43.8/27.4/6.0 %)  [0m
EAR(experiment-ear.job) at 2.400 in tcn1165 MR[0] elapsed 147 sec.: [32m(CPI=0.458 GBS=225.95 Power=524.2W Time=0.022s
	AvgCPUF=2.38GHz/AvgIMCF=1.80GHz GFlop/s=854.71 IO=0.00MB/s MPI_time/exec_Time (max/avg/min): 42.6/27.4/6.0 %)  [0m
EAR(experiment-ear.job) at 2.400 in tcn1165 MR[0] elapsed 168 sec.: [32m(CPI=0.457 GBS=204.30 Power=523.0W Time=0.022s
	AvgCPUF=2.38GHz/AvgIMCF=1.80GHz GFlop/s=865.23 IO=0.00MB/s MPI_time/exec_Time (max/avg/min): 44.1/27.5/6.0 %)  [0m
EAR(experiment-ear.job) at 2.400 in tcn1165 MR[0] elapsed 190 sec.: [32m(CPI=0.458 GBS=199.88 Power=525.0W Time=0.022s
	AvgCPUF=2.39GHz/AvgIMCF=1.80GHz GFlop/s=873.69 IO=0.00MB/s MPI_time/exec_Time (max/avg/min): 43.4/27.4/6.0 %)  [0m
EAR(experiment-ear.job) at 2.400 in tcn1165 MR[0] elapsed 212 sec.: [32m(CPI=0.457 GBS=233.62 Power=523.7W Time=0.022s
	AvgCPUF=2.38GHz/AvgIMCF=1.80GHz GFlop/s=880.18 IO=0.00MB/s MPI_time/exec_Time (max/avg/min): 42.9/27.7/6.2 %)  [0m
EAR(experiment-ear.job) at 2.400 in tcn1165 MR[0] elapsed 234 sec.: [32m(CPI=0.458 GBS=236.21 Power=526.9W Time=0.022s
	AvgCPUF=2.39GHz/AvgIMCF=1.80GHz GFlop/s=885.71 IO=0.00MB/s MPI_time/exec_Time (max/avg/min): 42.5/27.4/6.3 %)  [0m
EAR(experiment-ear.job) at 2.400 in tcn1165 MR[0] elapsed 255 sec.: [32m(CPI=0.459 GBS=209.97 Power=526.6W Time=0.022s
	AvgCPUF=2.39GHz/AvgIMCF=1.80GHz GFlop/s=890.32 IO=0.00MB/s MPI_time/exec_Time (max/avg/min): 42.3/27.2/6.0 %)  [0m
EAR(experiment-ear.job) at 2.400 in tcn1165 MR[0] elapsed 277 sec.: [32m(CPI=0.458 GBS=197.94 Power=525.0W Time=0.022s
	AvgCPUF=2.38GHz/AvgIMCF=1.80GHz GFlop/s=894.05 IO=0.00MB/s MPI_time/exec_Time (max/avg/min): 42.7/27.4/6.1 %)  [0m
EAR(experiment-ear.job) at 2.400 in tcn1165 MR[0] elapsed 299 sec.: [32m(CPI=0.457 GBS=233.50 Power=525.6W Time=0.022s
	AvgCPUF=2.39GHz/AvgIMCF=1.80GHz GFlop/s=897.22 IO=0.00MB/s MPI_time/exec_Time (max/avg/min): 45.0/27.5/6.4 %)  [0m
EAR(experiment-ear.job) at 2.400 in tcn1165 MR[0] elapsed 320 sec.: [32m(CPI=0.457 GBS=217.58 Power=524.7W Time=0.022s
	AvgCPUF=2.38GHz/AvgIMCF=1.80GHz GFlop/s=899.90 IO=0.00MB/s MPI_time/exec_Time (max/avg/min): 44.6/27.5/6.1 %)  [0m
EAR(experiment-ear.job) at 2.400 in tcn1165 MR[0] elapsed 342 sec.: [32m(CPI=0.459 GBS=247.16 Power=527.6W Time=0.022s
	AvgCPUF=2.38GHz/AvgIMCF=1.80GHz GFlop/s=902.40 IO=0.00MB/s MPI_time/exec_Time (max/avg/min): 43.0/27.3/5.7 %)  [0m
EAR(experiment-ear.job) at 2.400 in tcn1165 MR[0] elapsed 364 sec.: [32m(CPI=0.458 GBS=175.31 Power=526.7W Time=0.022s
	AvgCPUF=2.38GHz/AvgIMCF=1.80GHz GFlop/s=904.54 IO=0.00MB/s MPI_time/exec_Time (max/avg/min): 43.6/27.4/6.1 %)  
	 Next Frequency 2.40[0m
EAR(experiment-ear.job) at 2.400 in tcn1165 MR[0] elapsed 386 sec.: [32m(CPI=0.456 GBS=215.97 Power=522.5W Time=0.022s
	AvgCPUF=2.39GHz/AvgIMCF=1.80GHz GFlop/s=906.13 IO=0.00MB/s MPI_time/exec_Time (max/avg/min): 44.0/27.9/6.6 %)  [0m
EAR(experiment-ear.job) at 2.400 in tcn1165 MR[0] elapsed 407 sec.: [32m(CPI=0.459 GBS=240.36 Power=526.6W Time=0.022s
	AvgCPUF=2.38GHz/AvgIMCF=1.80GHz GFlop/s=907.94 IO=0.00MB/s MPI_time/exec_Time (max/avg/min): 43.0/27.2/5.8 %)  
	 Next Frequency 2.40[0m
