Restoring modules from user's hemocell
Lmod Warning: The following modules were not loaded: ear




DCGMI support OFF
Mapping frequencies from 96 processes to 192 CPUs...
---------------- EAR 4.3 MPI enabled ----------------
                   App/user id: 'experiment-ear.job'/'jvandijk'
           Node/job id/step_id: 'tcn874'/'5775990'/'0'
     P_STATE/frequency (turbo): 0/2400000 (0)
    Tasks/nodes/ppn/node_ratio: 96/1/96/1.000
             Policy (learning): monitoring (0)
Policy threshold/Perf accuracy: 0.00/10000000.00
   DynAIS levels/window/AVX512: 10/200/2
                      VAR path: /var/ear
           EAR privileged user: 0
                       EARL on: 1 
                  Max CPU freq: 2400000
-------------------------------------------------------
EAR initialized successfully.
EAR(experiment-ear.job) at 2.400 in tcn874 MR[0] elapsed 26 sec.: [32m(CPI=0.406 GBS=254.65 Power=555.9W Time=0.553s
	AvgCPUF=2.39GHz/AvgIMCF=1.80GHz GFlop/s=686.81 IO=11.84MB/s MPI_time/exec_Time (max/avg/min): 43.6/24.8/5.7 %)  
	 Next Frequency 2.40[0m
EAR(experiment-ear.job) at 2.400 in tcn874 MR[0] elapsed 36 sec.: [32m(CPI=0.484 GBS=212.64 Power=551.2W Time=0.634s
	AvgCPUF=2.38GHz/AvgIMCF=1.80GHz GFlop/s=752.16 IO=0.00MB/s MPI_time/exec_Time (max/avg/min): 44.2/25.2/5.5 %)  
	 Next Frequency 2.40[0m
EAR(experiment-ear.job) at 2.400 in tcn874 MR[0] elapsed 45 sec.: [32m(CPI=0.490 GBS=199.57 Power=559.0W Time=0.624s
	AvgCPUF=2.38GHz/AvgIMCF=1.80GHz GFlop/s=790.35 IO=29.38MB/s MPI_time/exec_Time (max/avg/min): 42.8/24.1/4.7 %)  
	 Next Frequency 2.40[0m
EAR(experiment-ear.job) at 2.400 in tcn874 MR[0] elapsed 56 sec.: [32m(CPI=0.481 GBS=211.15 Power=550.8W Time=0.635s
	AvgCPUF=2.38GHz/AvgIMCF=1.80GHz GFlop/s=811.82 IO=28.86MB/s MPI_time/exec_Time (max/avg/min): 43.6/25.7/6.4 %)  
	 Next Frequency 2.40[0m
EAR(experiment-ear.job) at 2.400 in tcn874 MR[0] elapsed 67 sec.: [32m(CPI=0.483 GBS=235.29 Power=554.6W Time=0.591s
	AvgCPUF=2.39GHz/AvgIMCF=1.80GHz GFlop/s=829.61 IO=0.01MB/s MPI_time/exec_Time (max/avg/min): 44.4/25.3/5.5 %)  
	 Next Frequency 2.40[0m
EAR(experiment-ear.job) at 2.400 in tcn874 MR[0] elapsed 77 sec.: [32m(CPI=0.487 GBS=230.69 Power=559.6W Time=0.585s
	AvgCPUF=2.40GHz/AvgIMCF=1.80GHz GFlop/s=842.84 IO=0.01MB/s MPI_time/exec_Time (max/avg/min): 43.2/24.6/5.1 %)  
	 Next Frequency 2.40[0m
EAR(experiment-ear.job) at 2.400 in tcn874 MR[0] elapsed 86 sec.: [32m(CPI=0.481 GBS=232.38 Power=553.2W Time=0.636s
	AvgCPUF=2.38GHz/AvgIMCF=1.80GHz GFlop/s=850.24 IO=0.01MB/s MPI_time/exec_Time (max/avg/min): 44.2/25.5/5.7 %)  [0m
EAR(experiment-ear.job) at 2.400 in tcn874 MR[0] elapsed 99 sec.: [32m(CPI=0.487 GBS=235.59 Power=578.4W Time=0.606s
	AvgCPUF=2.38GHz/AvgIMCF=1.80GHz GFlop/s=859.18 IO=0.01MB/s MPI_time/exec_Time (max/avg/min): 43.9/24.6/4.6 %)  [0m
EAR(experiment-ear.job) at 2.400 in tcn874 MR[0] elapsed 111 sec.: [32m(CPI=0.486 GBS=240.79 Power=530.5W Time=0.610s
	AvgCPUF=2.38GHz/AvgIMCF=1.80GHz GFlop/s=865.84 IO=0.01MB/s MPI_time/exec_Time (max/avg/min): 43.5/24.8/5.1 %)  [0m
EAR(experiment-ear.job) at 2.400 in tcn874 MR[0] elapsed 123 sec.: [32m(CPI=0.489 GBS=188.45 Power=573.3W Time=0.607s
	AvgCPUF=2.38GHz/AvgIMCF=1.80GHz GFlop/s=871.43 IO=0.01MB/s MPI_time/exec_Time (max/avg/min): 43.9/24.3/3.9 %)  [0m
EAR(experiment-ear.job) at 2.400 in tcn874 MR[0] elapsed 135 sec.: [32m(CPI=0.487 GBS=222.82 Power=575.8W Time=0.606s
	AvgCPUF=2.38GHz/AvgIMCF=1.80GHz GFlop/s=875.94 IO=0.01MB/s MPI_time/exec_Time (max/avg/min): 43.5/24.6/4.5 %)  
	 Next Frequency 2.40[0m
EAR(experiment-ear.job) at 2.400 in tcn874 MR[0] elapsed 147 sec.: [32m(CPI=0.484 GBS=239.93 Power=552.2W Time=0.585s
	AvgCPUF=2.39GHz/AvgIMCF=1.80GHz GFlop/s=878.95 IO=0.01MB/s MPI_time/exec_Time (max/avg/min): 43.7/25.3/6.2 %)  [0m
EAR(experiment-ear.job) at 2.400 in tcn874 MR[0] elapsed 159 sec.: [32m(CPI=0.490 GBS=228.03 Power=575.2W Time=0.607s
	AvgCPUF=2.38GHz/AvgIMCF=1.80GHz GFlop/s=882.35 IO=0.01MB/s MPI_time/exec_Time (max/avg/min): 43.0/24.2/4.2 %)  [0m
EAR(experiment-ear.job) at 2.400 in tcn874 MR[0] elapsed 171 sec.: [32m(CPI=0.485 GBS=256.34 Power=524.4W Time=0.609s
	AvgCPUF=2.38GHz/AvgIMCF=1.80GHz GFlop/s=884.84 IO=0.01MB/s MPI_time/exec_Time (max/avg/min): 43.2/24.9/5.3 %)  [0m
EAR(experiment-ear.job) at 2.400 in tcn874 MR[0] elapsed 183 sec.: [32m(CPI=0.490 GBS=230.60 Power=575.9W Time=0.606s
	AvgCPUF=2.39GHz/AvgIMCF=1.80GHz GFlop/s=887.42 IO=0.01MB/s MPI_time/exec_Time (max/avg/min): 43.6/24.3/4.2 %)  
	 Next Frequency 2.40[0m
EAR(experiment-ear.job) at 2.400 in tcn874 MR[0] elapsed 195 sec.: [32m(CPI=0.485 GBS=203.53 Power=571.1W Time=0.612s
	AvgCPUF=2.38GHz/AvgIMCF=1.80GHz GFlop/s=889.17 IO=0.01MB/s MPI_time/exec_Time (max/avg/min): 44.0/24.9/4.7 %)  [0m
EAR(experiment-ear.job) at 2.400 in tcn874 MR[0] elapsed 207 sec.: [32m(CPI=0.487 GBS=227.66 Power=573.6W Time=0.608s
	AvgCPUF=2.39GHz/AvgIMCF=1.80GHz GFlop/s=890.82 IO=0.01MB/s MPI_time/exec_Time (max/avg/min): 43.2/24.7/5.3 %)  [0m
EAR(experiment-ear.job) at 2.400 in tcn874 MR[0] elapsed 220 sec.: [32m(CPI=0.489 GBS=207.99 Power=532.9W Time=0.608s
	AvgCPUF=2.38GHz/AvgIMCF=1.80GHz GFlop/s=892.55 IO=0.01MB/s MPI_time/exec_Time (max/avg/min): 43.2/24.4/4.5 %)  [0m
EAR(experiment-ear.job) at 2.400 in tcn874 MR[0] elapsed 232 sec.: [32m(CPI=0.486 GBS=196.26 Power=574.7W Time=0.609s
	AvgCPUF=2.38GHz/AvgIMCF=1.80GHz GFlop/s=893.89 IO=0.01MB/s MPI_time/exec_Time (max/avg/min): 42.6/24.8/6.4 %)  [0m
EAR(experiment-ear.job) at 2.400 in tcn874 MR[0] elapsed 244 sec.: [32m(CPI=0.491 GBS=229.47 Power=576.4W Time=0.605s
	AvgCPUF=2.38GHz/AvgIMCF=1.80GHz GFlop/s=895.33 IO=0.01MB/s MPI_time/exec_Time (max/avg/min): 42.8/24.2/4.6 %)  
	 Next Frequency 2.40[0m
EAR(experiment-ear.job) at 2.400 in tcn874 MR[0] elapsed 256 sec.: [32m(CPI=0.486 GBS=183.35 Power=570.9W Time=0.611s
	AvgCPUF=2.38GHz/AvgIMCF=1.80GHz GFlop/s=896.32 IO=0.01MB/s MPI_time/exec_Time (max/avg/min): 42.8/24.9/5.7 %)  [0m
EAR(experiment-ear.job) at 2.400 in tcn874 MR[0] elapsed 268 sec.: [32m(CPI=0.486 GBS=192.97 Power=552.6W Time=0.581s
	AvgCPUF=2.38GHz/AvgIMCF=1.80GHz GFlop/s=897.28 IO=0.01MB/s MPI_time/exec_Time (max/avg/min): 43.4/24.8/5.3 %)  
	 Next Frequency 2.40[0m
EAR(experiment-ear.job) at 2.400 in tcn874 MR[0] elapsed 280 sec.: [32m(CPI=0.486 GBS=204.14 Power=570.5W Time=0.609s
	AvgCPUF=2.39GHz/AvgIMCF=1.80GHz GFlop/s=898.06 IO=0.01MB/s MPI_time/exec_Time (max/avg/min): 43.6/24.9/5.3 %)  [0m
EAR(experiment-ear.job) at 2.400 in tcn874 MR[0] elapsed 292 sec.: [32m(CPI=0.489 GBS=245.42 Power=530.2W Time=0.608s
	AvgCPUF=2.38GHz/AvgIMCF=1.80GHz GFlop/s=899.02 IO=0.01MB/s MPI_time/exec_Time (max/avg/min): 42.8/24.5/5.6 %)  [0m
EAR(experiment-ear.job) at 2.400 in tcn874 MR[0] elapsed 304 sec.: [32m(CPI=0.488 GBS=179.89 Power=574.4W Time=0.607s
	AvgCPUF=2.38GHz/AvgIMCF=1.80GHz GFlop/s=899.89 IO=0.01MB/s MPI_time/exec_Time (max/avg/min): 43.2/24.5/4.3 %)  
	 Next Frequency 2.40[0m
EAR(experiment-ear.job) at 2.400 in tcn874 MR[0] elapsed 316 sec.: [32m(CPI=0.485 GBS=221.03 Power=571.8W Time=0.610s
	AvgCPUF=2.38GHz/AvgIMCF=1.80GHz GFlop/s=900.51 IO=0.01MB/s MPI_time/exec_Time (max/avg/min): 44.2/25.1/4.7 %)  [0m
EAR(experiment-ear.job) at 2.400 in tcn874 MR[0] elapsed 329 sec.: [32m(CPI=0.488 GBS=258.01 Power=572.2W Time=0.608s
	AvgCPUF=2.38GHz/AvgIMCF=1.80GHz GFlop/s=901.23 IO=0.01MB/s MPI_time/exec_Time (max/avg/min): 42.9/24.4/5.4 %)  
	 Next Frequency 2.40[0m
EAR(experiment-ear.job) at 2.400 in tcn874 MR[0] elapsed 341 sec.: [32m(CPI=0.487 GBS=229.33 Power=529.1W Time=0.610s
	AvgCPUF=2.38GHz/AvgIMCF=1.80GHz GFlop/s=901.73 IO=0.01MB/s MPI_time/exec_Time (max/avg/min): 43.4/24.8/5.7 %)  [0m
EAR(experiment-ear.job) at 2.400 in tcn874 MR[0] elapsed 353 sec.: [32m(CPI=0.486 GBS=242.45 Power=574.8W Time=0.609s
	AvgCPUF=2.38GHz/AvgIMCF=1.80GHz GFlop/s=902.30 IO=0.01MB/s MPI_time/exec_Time (max/avg/min): 43.6/24.7/5.2 %)  [0m
EAR(experiment-ear.job) at 2.400 in tcn874 MR[0] elapsed 365 sec.: [32m(CPI=0.489 GBS=150.16 Power=574.3W Time=0.607s
	AvgCPUF=2.38GHz/AvgIMCF=1.80GHz GFlop/s=902.96 IO=0.01MB/s MPI_time/exec_Time (max/avg/min): 43.2/24.3/4.4 %)  [0m
EAR(experiment-ear.job) at 2.400 in tcn874 MR[0] elapsed 377 sec.: [32m(CPI=0.493 GBS=219.72 Power=532.2W Time=0.603s
	AvgCPUF=2.38GHz/AvgIMCF=1.80GHz GFlop/s=903.65 IO=0.01MB/s MPI_time/exec_Time (max/avg/min): 42.4/23.9/4.7 %)  
	 Next Frequency 2.40[0m
EAR(experiment-ear.job) at 2.400 in tcn874 MR[0] elapsed 389 sec.: [32m(CPI=0.483 GBS=228.77 Power=568.0W Time=0.613s
	AvgCPUF=2.39GHz/AvgIMCF=1.80GHz GFlop/s=903.96 IO=0.01MB/s MPI_time/exec_Time (max/avg/min): 43.8/25.2/6.2 %)  [0m
EAR(experiment-ear.job) at 2.400 in tcn874 MR[0] elapsed 402 sec.: [32m(CPI=0.492 GBS=215.43 Power=577.5W Time=0.606s
	AvgCPUF=2.38GHz/AvgIMCF=1.80GHz GFlop/s=904.51 IO=0.01MB/s MPI_time/exec_Time (max/avg/min): 42.4/24.1/4.8 %)  [0m
EAR(experiment-ear.job) at 2.400 in tcn874 MR[0] elapsed 414 sec.: [32m(CPI=0.486 GBS=248.55 Power=573.9W Time=0.608s
	AvgCPUF=2.39GHz/AvgIMCF=1.80GHz GFlop/s=904.92 IO=0.01MB/s MPI_time/exec_Time (max/avg/min): 43.5/24.7/5.1 %)  [0m
EAR(experiment-ear.job) at 2.400 in tcn874 MR[0] elapsed 425 sec.: [32m(CPI=0.491 GBS=264.30 Power=536.0W Time=0.606s
	AvgCPUF=2.38GHz/AvgIMCF=1.80GHz GFlop/s=905.46 IO=0.01MB/s MPI_time/exec_Time (max/avg/min): 42.7/24.2/4.5 %)  [0m
EAR(experiment-ear.job) at 2.400 in tcn874 MR[0] elapsed 437 sec.: [32m(CPI=0.490 GBS=197.61 Power=560.8W Time=0.578s
	AvgCPUF=2.38GHz/AvgIMCF=1.80GHz GFlop/s=905.93 IO=0.01MB/s MPI_time/exec_Time (max/avg/min): 43.4/24.2/4.2 %)  
	 Next Frequency 2.40[0m
EAR(experiment-ear.job) at 2.400 in tcn874 MR[0] elapsed 450 sec.: [32m(CPI=0.483 GBS=207.43 Power=571.0W Time=0.612s
	AvgCPUF=2.38GHz/AvgIMCF=1.80GHz GFlop/s=906.06 IO=0.01MB/s MPI_time/exec_Time (max/avg/min): 44.0/25.4/6.3 %)  [0m
EAR(experiment-ear.job) at 2.400 in tcn874 MR[0] elapsed 462 sec.: [32m(CPI=0.492 GBS=258.70 Power=574.5W Time=0.607s
	AvgCPUF=2.38GHz/AvgIMCF=1.80GHz GFlop/s=906.51 IO=0.01MB/s MPI_time/exec_Time (max/avg/min): 42.4/24.0/4.7 %)  [0m
EAR(experiment-ear.job) at 2.400 in tcn874 MR[0] elapsed 474 sec.: [32m(CPI=0.487 GBS=202.60 Power=577.3W Time=0.609s
	AvgCPUF=2.38GHz/AvgIMCF=1.80GHz GFlop/s=906.81 IO=0.01MB/s MPI_time/exec_Time (max/avg/min): 43.2/24.6/4.8 %)  
	 Next Frequency 2.40[0m
EAR(experiment-ear.job) at 2.400 in tcn874 MR[0] elapsed 486 sec.: [32m(CPI=0.485 GBS=258.27 Power=530.1W Time=0.610s
	AvgCPUF=2.39GHz/AvgIMCF=1.80GHz GFlop/s=907.03 IO=0.01MB/s MPI_time/exec_Time (max/avg/min): 44.0/24.9/5.0 %)  [0m
EAR(experiment-ear.job) at 2.400 in tcn874 MR[0] elapsed 498 sec.: [32m(CPI=0.490 GBS=232.59 Power=574.9W Time=0.607s
	AvgCPUF=2.38GHz/AvgIMCF=1.80GHz GFlop/s=907.42 IO=0.01MB/s MPI_time/exec_Time (max/avg/min): 43.1/24.2/4.3 %)  
	 Next Frequency 2.40[0m
EAR(experiment-ear.job) at 2.400 in tcn874 MR[0] elapsed 511 sec.: [32m(CPI=0.483 GBS=226.02 Power=569.7W Time=0.612s
	AvgCPUF=2.38GHz/AvgIMCF=1.80GHz GFlop/s=907.52 IO=0.01MB/s MPI_time/exec_Time (max/avg/min): 43.8/25.3/6.0 %)  [0m
EAR(experiment-ear.job) at 2.400 in tcn874 MR[0] elapsed 523 sec.: [32m(CPI=0.488 GBS=228.74 Power=527.8W Time=0.607s
	AvgCPUF=2.39GHz/AvgIMCF=1.80GHz GFlop/s=907.85 IO=0.01MB/s MPI_time/exec_Time (max/avg/min): 43.1/24.5/4.1 %)  [0m
EAR(experiment-ear.job) at 2.400 in tcn874 MR[0] elapsed 535 sec.: [32m(CPI=0.486 GBS=179.11 Power=573.8W Time=0.609s
	AvgCPUF=2.38GHz/AvgIMCF=1.80GHz GFlop/s=908.09 IO=0.01MB/s MPI_time/exec_Time (max/avg/min): 43.2/24.7/5.7 %)  [0m
