[1710413359.953649] [o118:29302:0]          parser.c:1993 UCX  WARN  unused environment variable: UCX_DIR (maybe: UCX_TLS?)
[1710413359.953649] [o118:29302:0]          parser.c:1993 UCX  WARN  (set UCX_WARN_UNUSED_ENV_VARS=n to suppress this warning)
[1710413359.953903] [o118:29289:0]          parser.c:1993 UCX  WARN  unused environment variable: UCX_DIR (maybe: UCX_TLS?)
[1710413359.953903] [o118:29289:0]          parser.c:1993 UCX  WARN  (set UCX_WARN_UNUSED_ENV_VARS=n to suppress this warning)
[1710413359.953935] [o118:29304:0]          parser.c:1993 UCX  WARN  unused environment variable: UCX_DIR (maybe: UCX_TLS?)
[1710413359.953935] [o118:29304:0]          parser.c:1993 UCX  WARN  (set UCX_WARN_UNUSED_ENV_VARS=n to suppress this warning)
[1710413359.954105] [o118:29297:0]          parser.c:1993 UCX  WARN  unused environment variable: UCX_DIR (maybe: UCX_TLS?)
[1710413359.954105] [o118:29297:0]          parser.c:1993 UCX  WARN  (set UCX_WARN_UNUSED_ENV_VARS=n to suppress this warning)
[1710413359.954105] [o118:29298:0]          parser.c:1993 UCX  WARN  unused environment variable: UCX_DIR (maybe: UCX_TLS?)
[1710413359.954105] [o118:29298:0]          parser.c:1993 UCX  WARN  (set UCX_WARN_UNUSED_ENV_VARS=n to suppress this warning)
[1710413359.954227] [o118:29301:0]          parser.c:1993 UCX  WARN  unused environment variable: UCX_DIR (maybe: UCX_TLS?)
[1710413359.954227] [o118:29301:0]          parser.c:1993 UCX  WARN  (set UCX_WARN_UNUSED_ENV_VARS=n to suppress this warning)
[1710413359.954307] [o118:29291:0]          parser.c:1993 UCX  WARN  unused environment variable: UCX_DIR (maybe: UCX_TLS?)
[1710413359.954307] [o118:29291:0]          parser.c:1993 UCX  WARN  (set UCX_WARN_UNUSED_ENV_VARS=n to suppress this warning)
[1710413359.954337] [o118:29292:0]          parser.c:1993 UCX  WARN  unused environment variable: UCX_DIR (maybe: UCX_TLS?)
[1710413359.954332] [o118:29293:0]          parser.c:1993 UCX  WARN  unused environment variable: UCX_DIR (maybe: UCX_TLS?)
[1710413359.954332] [o118:29293:0]          parser.c:1993 UCX  WARN  (set UCX_WARN_UNUSED_ENV_VARS=n to suppress this warning)
[1710413359.954352] [o118:29303:0]          parser.c:1993 UCX  WARN  unused environment variable: UCX_DIR (maybe: UCX_TLS?)
[1710413359.954337] [o118:29292:0]          parser.c:1993 UCX  WARN  (set UCX_WARN_UNUSED_ENV_VARS=n to suppress this warning)
[1710413359.954352] [o118:29303:0]          parser.c:1993 UCX  WARN  (set UCX_WARN_UNUSED_ENV_VARS=n to suppress this warning)
[1710413359.954421] [o118:29300:0]          parser.c:1993 UCX  WARN  unused environment variable: UCX_DIR (maybe: UCX_TLS?)
[1710413359.954421] [o118:29300:0]          parser.c:1993 UCX  WARN  (set UCX_WARN_UNUSED_ENV_VARS=n to suppress this warning)
[1710413359.954459] [o118:29296:0]          parser.c:1993 UCX  WARN  unused environment variable: UCX_DIR (maybe: UCX_TLS?)
[1710413359.954459] [o118:29296:0]          parser.c:1993 UCX  WARN  (set UCX_WARN_UNUSED_ENV_VARS=n to suppress this warning)
[1710413359.954456] [o118:29299:0]          parser.c:1993 UCX  WARN  unused environment variable: UCX_DIR (maybe: UCX_TLS?)
[1710413359.954456] [o118:29299:0]          parser.c:1993 UCX  WARN  (set UCX_WARN_UNUSED_ENV_VARS=n to suppress this warning)
[1710413359.954477] [o118:29295:0]          parser.c:1993 UCX  WARN  unused environment variable: UCX_DIR (maybe: UCX_TLS?)
[1710413359.954477] [o118:29295:0]          parser.c:1993 UCX  WARN  (set UCX_WARN_UNUSED_ENV_VARS=n to suppress this warning)
[1710413359.954512] [o118:29294:0]          parser.c:1993 UCX  WARN  unused environment variable: UCX_DIR (maybe: UCX_TLS?)
[1710413359.954512] [o118:29294:0]          parser.c:1993 UCX  WARN  (set UCX_WARN_UNUSED_ENV_VARS=n to suppress this warning)
[1710413359.954529] [o118:29290:0]          parser.c:1993 UCX  WARN  unused environment variable: UCX_DIR (maybe: UCX_TLS?)
[1710413359.954529] [o118:29290:0]          parser.c:1993 UCX  WARN  (set UCX_WARN_UNUSED_ENV_VARS=n to suppress this warning)
(HemoCell) (Config) reading config.xml
 _   _   ____   __  __   _____    ___   ____   __     __ 
( )_( ) ( ___) (  \/  ) (  _  )  / __) ( ___) (  )   (  )
 ) _ (   )__)   )    (   )(_)(  ( (__   )__)   )(__   )(__ 
(_) (_) (____) (_/\/\_) (_____)  \___) (____) (____) (____) 
                         v.2.6

(unbounded) (Parameters) calculating flow parameters
(HemoCell) dt is set to *auto*. Tau will be set to 1!
(HemoCell) System parameters:
	 dx: 	5e-07
	 dt: 	3.78788e-08
	 dm: 	1.28125e-16
	 dN: 	4.4649e-08
	 tau: 	1
	 nu_lbm: 	0.166667
	 u_lb_max: 	7.57576e-07
	 f_limit: 	0.00111985
(unbounded) (Fluid) Initializing Palabos Fluid Field
(HemoCell) Using default domain management.
(HemoCell) (Fluid) Setting Fluid Equilibrium
Size of the multi-block:     200-by-200-by-100
Number of atomic-blocks:     16
Smallest atomic-block:       100-by-50-by-50
Largest atomic-block:        100-by-50-by-50
Number of allocated cells:   4 million
Fraction of allocated domain: 100 percent

(Hemocell) (HemoCellFields) (Init) particle envelope: 25 [lu]
Cellfield  (+ material model) of RBC
  Volume :90 µm³ VolumeFraction of lsp per fluid node: 1.1215 %
  Nvertex: 642
(Cell-mechanics model) High Order model parameters for RBC cellfield
	 k_link:   0.000183679
	 k_area:   9.18393e-07
	 k_bend: : 1.46943e-05
	 k_volume: 3.67357e-06
	 eta_m:    0
	 mean_edge:1.00019
	 N faces:  1280
(HemoCell) (Timescale Seperation) Setting seperation of RBC to 20 timesteps
(HemoCell) (Timescale separation) Setting update separation of all particles to 5 timesteps
(HemoCell) (CellField) Setting output variables for RBC cells
(HemoCell) (Fluid) Setting output variables for fluid field
(HemoCell) (CellField) Loading particle positions 
(readPositionsBloodCells) Reading particle positions...
(readPositionsBloodCells) Particle count in file (RBC): 128000.
(HemoCell) (Output) writing output at timestep 0 (0 s). Approx. performance: 0.00 s / iteration.
(unbounded) fresh start: warming up cell-free fluid domain for 0 iterations...
(unbounded) Starting simulation...
 | RBC Volume ratio [x100%]: 1.925
(main)   nCells (global) = 1000
(HemoCell) (SanityCheck) Performing Sanity check on simulation parameters and setup
(HemoCell) WARNING: Force limit active at 50 pN. Results can be inaccurate due to force capping.
Size of the multi-block:     200-by-200-by-100
Number of atomic-blocks:     16
Smallest atomic-block:       100-by-50-by-50
Largest atomic-block:        100-by-50-by-50
Number of allocated cells:   4 million
Fraction of allocated domain: 100 percent
(SanityCheck) one of the dimensions of the largest atomic block is more than 25.
  This can be inefficient. The best performance is below 26x26x26 blocks.
  It is recommended to adjust the number of processors or the sparseBlockStructure accordingly.
Hemocell Profiler Statistics (Only Process 0):
HemoCell: 2008.344000
 MpiReceive: 0.000000
 MpiSend: 0.000000
 deleteIncompleteCells: 0.026000
 iterate: 2005.995000
  advanceParticles: 124.448000
  applyConstitutiveModel: 45.408000
  collideAndStream: 1188.282000
  deleteNonLocalParticles: 9.161000
  interpolateFluidVelocity: 54.849000
  setExternalVector: 64.542000
  spreadParticleForce: 369.176000
  syncEnvelopes: 149.867000
   MpiReceive: 34.036000
   MpiSend: 49.074000
 output: 1.059000
  applyConstitutiveModel: 0.038000
  deleteIncompleteCells: 0.008000
  separateForceVectors: 0.075000
  syncEnvelopes: 0.115000
   MpiReceive: 0.036000
   MpiSend: 0.043000
  unifyForceVectors: 0.012000
  updateResidenceTime: 0.001000
  writeOutput: 0.735000
   writeCellCSVInfo: 0.140000
    syncEnvelopes: 0.050000
     MpiReceive: 0.017000
     MpiSend: 0.019000
   writeCellField: 0.481000
   writeFluidField: 0.112000
 syncEnvelopes: 0.236000
  MpiReceive: 0.064000
  MpiSend: 0.052000
(main) Simulation finished :) 
