CONFIG = FIXED
Loading openmpi/4.1.5/gnu/8.5.0/openmpi-4.1.5-none-1.0
  Loading requirement: ucx/1.14.1/gnu/8.5.0/ucx-1.14.1-none-1.0
Zone reclaim
Numa balancing
Transparent HP
Drop Cache
Turbo
 #####################################
 Begin : 
 #####################################
--------------------------------------------------------------------------
WARNING: There was an error initializing an OpenFabrics device.

  Local host:   o118
  Local device: mlx5_0
--------------------------------------------------------------------------
[1710258767.415103] [o118:23366:0]          parser.c:1993 UCX  WARN  unused environment variable: UCX_DIR (maybe: UCX_TLS?)
[1710258767.415103] [o118:23366:0]          parser.c:1993 UCX  WARN  (set UCX_WARN_UNUSED_ENV_VARS=n to suppress this warning)
[1710258767.417106] [o118:23378:0]          parser.c:1993 UCX  WARN  unused environment variable: UCX_DIR (maybe: UCX_TLS?)
[1710258767.417106] [o118:23378:0]          parser.c:1993 UCX  WARN  (set UCX_WARN_UNUSED_ENV_VARS=n to suppress this warning)
[1710258767.417086] [o118:23335:0]          parser.c:1993 UCX  WARN  unused environment variable: UCX_DIR (maybe: UCX_TLS?)
[1710258767.417086] [o118:23335:0]          parser.c:1993 UCX  WARN  (set UCX_WARN_UNUSED_ENV_VARS=n to suppress this warning)
[1710258767.418148] [o118:23394:0]          parser.c:1993 UCX  WARN  unused environment variable: UCX_DIR (maybe: UCX_TLS?)
[1710258767.418148] [o118:23394:0]          parser.c:1993 UCX  WARN  (set UCX_WARN_UNUSED_ENV_VARS=n to suppress this warning)
[1710258767.418162] [o118:23385:0]          parser.c:1993 UCX  WARN  unused environment variable: UCX_DIR (maybe: UCX_TLS?)
[1710258767.418162] [o118:23385:0]          parser.c:1993 UCX  WARN  (set UCX_WARN_UNUSED_ENV_VARS=n to suppress this warning)
[1710258767.419061] [o118:23360:0]          parser.c:1993 UCX  WARN  unused environment variable: UCX_DIR (maybe: UCX_TLS?)
[1710258767.419061] [o118:23360:0]          parser.c:1993 UCX  WARN  (set UCX_WARN_UNUSED_ENV_VARS=n to suppress this warning)
[1710258767.419051] [o118:23384:0]          parser.c:1993 UCX  WARN  unused environment variable: UCX_DIR (maybe: UCX_TLS?)
[1710258767.419051] [o118:23384:0]          parser.c:1993 UCX  WARN  (set UCX_WARN_UNUSED_ENV_VARS=n to suppress this warning)
[1710258767.419081] [o118:23337:0]          parser.c:1993 UCX  WARN  unused environment variable: UCX_DIR (maybe: UCX_TLS?)
[1710258767.419081] [o118:23337:0]          parser.c:1993 UCX  WARN  (set UCX_WARN_UNUSED_ENV_VARS=n to suppress this warning)
[1710258767.419114] [o118:23361:0]          parser.c:1993 UCX  WARN  unused environment variable: UCX_DIR (maybe: UCX_TLS?)
[1710258767.419114] [o118:23361:0]          parser.c:1993 UCX  WARN  (set UCX_WARN_UNUSED_ENV_VARS=n to suppress this warning)
[1710258767.419120] [o118:23368:0]          parser.c:1993 UCX  WARN  unused environment variable: UCX_DIR (maybe: UCX_TLS?)
[1710258767.419120] [o118:23368:0]          parser.c:1993 UCX  WARN  (set UCX_WARN_UNUSED_ENV_VARS=n to suppress this warning)
[1710258767.419193] [o118:23343:0]          parser.c:1993 UCX  WARN  unused environment variable: UCX_DIR (maybe: UCX_TLS?)
[1710258767.419193] [o118:23343:0]          parser.c:1993 UCX  WARN  (set UCX_WARN_UNUSED_ENV_VARS=n to suppress this warning)
[1710258767.419209] [o118:23336:0]          parser.c:1993 UCX  WARN  unused environment variable: UCX_DIR (maybe: UCX_TLS?)
[1710258767.419209] [o118:23336:0]          parser.c:1993 UCX  WARN  (set UCX_WARN_UNUSED_ENV_VARS=n to suppress this warning)
[1710258767.419313] [o118:23392:0]          parser.c:1993 UCX  WARN  unused environment variable: UCX_DIR (maybe: UCX_TLS?)
[1710258767.419313] [o118:23392:0]          parser.c:1993 UCX  WARN  (set UCX_WARN_UNUSED_ENV_VARS=n to suppress this warning)
[1710258767.419398] [o118:23355:0]          parser.c:1993 UCX  WARN  unused environment variable: UCX_DIR (maybe: UCX_TLS?)
[1710258767.419398] [o118:23355:0]          parser.c:1993 UCX  WARN  (set UCX_WARN_UNUSED_ENV_VARS=n to suppress this warning)
[1710258767.419432] [o118:23362:0]          parser.c:1993 UCX  WARN  unused environment variable: UCX_DIR (maybe: UCX_TLS?)
[1710258767.419432] [o118:23362:0]          parser.c:1993 UCX  WARN  (set UCX_WARN_UNUSED_ENV_VARS=n to suppress this warning)
[1710258767.419432] [o118:23359:0]          parser.c:1993 UCX  WARN  unused environment variable: UCX_DIR (maybe: UCX_TLS?)
[1710258767.419432] [o118:23359:0]          parser.c:1993 UCX  WARN  (set UCX_WARN_UNUSED_ENV_VARS=n to suppress this warning)
[1710258767.419467] [o118:23344:0]          parser.c:1993 UCX  WARN  unused environment variable: UCX_DIR (maybe: UCX_TLS?)
[1710258767.419467] [o118:23344:0]          parser.c:1993 UCX  WARN  (set UCX_WARN_UNUSED_ENV_VARS=n to suppress this warning)
[1710258767.419494] [o118:23431:0]          parser.c:1993 UCX  WARN  unused environment variable: UCX_DIR (maybe: UCX_TLS?)
[1710258767.419494] [o118:23431:0]          parser.c:1993 UCX  WARN  (set UCX_WARN_UNUSED_ENV_VARS=n to suppress this warning)
[1710258767.419518] [o118:23333:0]          parser.c:1993 UCX  WARN  unused environment variable: UCX_DIR (maybe: UCX_TLS?)
[1710258767.419518] [o118:23333:0]          parser.c:1993 UCX  WARN  (set UCX_WARN_UNUSED_ENV_VARS=n to suppress this warning)
[1710258767.419572] [o118:23382:0]          parser.c:1993 UCX  WARN  unused environment variable: UCX_DIR (maybe: UCX_TLS?)
[1710258767.419572] [o118:23382:0]          parser.c:1993 UCX  WARN  (set UCX_WARN_UNUSED_ENV_VARS=n to suppress this warning)
[1710258767.419607] [o118:23374:0]          parser.c:1993 UCX  WARN  unused environment variable: UCX_DIR (maybe: UCX_TLS?)
[1710258767.419607] [o118:23374:0]          parser.c:1993 UCX  WARN  (set UCX_WARN_UNUSED_ENV_VARS=n to suppress this warning)
[1710258767.419731] [o118:23363:0]          parser.c:1993 UCX  WARN  unused environment variable: UCX_DIR (maybe: UCX_TLS?)
[1710258767.419731] [o118:23363:0]          parser.c:1993 UCX  WARN  (set UCX_WARN_UNUSED_ENV_VARS=n to suppress this warning)
[1710258767.419905] [o118:23386:0]          parser.c:1993 UCX  WARN  unused environment variable: UCX_DIR (maybe: UCX_TLS?)
[1710258767.419905] [o118:23386:0]          parser.c:1993 UCX  WARN  (set UCX_WARN_UNUSED_ENV_VARS=n to suppress this warning)
[1710258767.420109] [o118:23353:0]          parser.c:1993 UCX  WARN  unused environment variable: UCX_DIR (maybe: UCX_TLS?)
[1710258767.420109] [o118:23353:0]          parser.c:1993 UCX  WARN  (set UCX_WARN_UNUSED_ENV_VARS=n to suppress this warning)
[1710258767.438511] [o118:23339:0]          parser.c:1993 UCX  WARN  unused environment variable: UCX_DIR (maybe: UCX_TLS?)
[1710258767.438511] [o118:23339:0]          parser.c:1993 UCX  WARN  (set UCX_WARN_UNUSED_ENV_VARS=n to suppress this warning)
[1710258767.460035] [o118:23393:0]          parser.c:1993 UCX  WARN  unused environment variable: UCX_DIR (maybe: UCX_TLS?)
[1710258767.460035] [o118:23393:0]          parser.c:1993 UCX  WARN  (set UCX_WARN_UNUSED_ENV_VARS=n to suppress this warning)
[1710258767.535199] [o118:23383:0]          parser.c:1993 UCX  WARN  unused environment variable: UCX_DIR (maybe: UCX_TLS?)
[1710258767.535199] [o118:23383:0]          parser.c:1993 UCX  WARN  (set UCX_WARN_UNUSED_ENV_VARS=n to suppress this warning)
[1710258767.535758] [o118:23387:0]          parser.c:1993 UCX  WARN  unused environment variable: UCX_DIR (maybe: UCX_TLS?)
[1710258767.535758] [o118:23387:0]          parser.c:1993 UCX  WARN  (set UCX_WARN_UNUSED_ENV_VARS=n to suppress this warning)
[1710258767.536174] [o118:23365:0]          parser.c:1993 UCX  WARN  unused environment variable: UCX_DIR (maybe: UCX_TLS?)
[1710258767.536174] [o118:23365:0]          parser.c:1993 UCX  WARN  (set UCX_WARN_UNUSED_ENV_VARS=n to suppress this warning)
[1710258767.536356] [o118:23396:0]          parser.c:1993 UCX  WARN  unused environment variable: UCX_DIR (maybe: UCX_TLS?)
[1710258767.536356] [o118:23396:0]          parser.c:1993 UCX  WARN  (set UCX_WARN_UNUSED_ENV_VARS=n to suppress this warning)
[1710258767.536496] [o118:23338:0]          parser.c:1993 UCX  WARN  unused environment variable: UCX_DIR (maybe: UCX_TLS?)
[1710258767.536496] [o118:23338:0]          parser.c:1993 UCX  WARN  (set UCX_WARN_UNUSED_ENV_VARS=n to suppress this warning)
[1710258767.536585] [o118:23377:0]          parser.c:1993 UCX  WARN  unused environment variable: UCX_DIR (maybe: UCX_TLS?)
[1710258767.536585] [o118:23377:0]          parser.c:1993 UCX  WARN  (set UCX_WARN_UNUSED_ENV_VARS=n to suppress this warning)
[1710258767.536597] [o118:23354:0]          parser.c:1993 UCX  WARN  unused environment variable: UCX_DIR (maybe: UCX_TLS?)
[1710258767.536597] [o118:23354:0]          parser.c:1993 UCX  WARN  (set UCX_WARN_UNUSED_ENV_VARS=n to suppress this warning)
[1710258767.536613] [o118:23391:0]          parser.c:1993 UCX  WARN  unused environment variable: UCX_DIR (maybe: UCX_TLS?)
[1710258767.536613] [o118:23391:0]          parser.c:1993 UCX  WARN  (set UCX_WARN_UNUSED_ENV_VARS=n to suppress this warning)
[1710258767.536695] [o118:23389:0]          parser.c:1993 UCX  WARN  unused environment variable: UCX_DIR (maybe: UCX_TLS?)
[1710258767.536695] [o118:23389:0]          parser.c:1993 UCX  WARN  (set UCX_WARN_UNUSED_ENV_VARS=n to suppress this warning)
[1710258767.536772] [o118:23388:0]          parser.c:1993 UCX  WARN  unused environment variable: UCX_DIR (maybe: UCX_TLS?)
[1710258767.536772] [o118:23388:0]          parser.c:1993 UCX  WARN  (set UCX_WARN_UNUSED_ENV_VARS=n to suppress this warning)
[1710258767.536962] [o118:23367:0]          parser.c:1993 UCX  WARN  unused environment variable: UCX_DIR (maybe: UCX_TLS?)
[1710258767.536962] [o118:23367:0]          parser.c:1993 UCX  WARN  (set UCX_WARN_UNUSED_ENV_VARS=n to suppress this warning)
[1710258767.537009] [o118:23524:0]          parser.c:1993 UCX  WARN  unused environment variable: UCX_DIR (maybe: UCX_TLS?)
[1710258767.537009] [o118:23524:0]          parser.c:1993 UCX  WARN  (set UCX_WARN_UNUSED_ENV_VARS=n to suppress this warning)
[1710258767.537118] [o118:23342:0]          parser.c:1993 UCX  WARN  unused environment variable: UCX_DIR (maybe: UCX_TLS?)
[1710258767.537118] [o118:23342:0]          parser.c:1993 UCX  WARN  (set UCX_WARN_UNUSED_ENV_VARS=n to suppress this warning)
[1710258767.537170] [o118:23332:0]          parser.c:1993 UCX  WARN  unused environment variable: UCX_DIR (maybe: UCX_TLS?)
[1710258767.537170] [o118:23332:0]          parser.c:1993 UCX  WARN  (set UCX_WARN_UNUSED_ENV_VARS=n to suppress this warning)
[1710258767.537409] [o118:23345:0]          parser.c:1993 UCX  WARN  unused environment variable: UCX_DIR (maybe: UCX_TLS?)
[1710258767.537409] [o118:23345:0]          parser.c:1993 UCX  WARN  (set UCX_WARN_UNUSED_ENV_VARS=n to suppress this warning)
[1710258767.537419] [o118:23370:0]          parser.c:1993 UCX  WARN  unused environment variable: UCX_DIR (maybe: UCX_TLS?)
[1710258767.537419] [o118:23370:0]          parser.c:1993 UCX  WARN  (set UCX_WARN_UNUSED_ENV_VARS=n to suppress this warning)
[1710258767.537404] [o118:23375:0]          parser.c:1993 UCX  WARN  unused environment variable: UCX_DIR (maybe: UCX_TLS?)
[1710258767.537404] [o118:23375:0]          parser.c:1993 UCX  WARN  (set UCX_WARN_UNUSED_ENV_VARS=n to suppress this warning)
[1710258767.537465] [o118:23347:0]          parser.c:1993 UCX  WARN  unused environment variable: UCX_DIR (maybe: UCX_TLS?)
[1710258767.537465] [o118:23347:0]          parser.c:1993 UCX  WARN  (set UCX_WARN_UNUSED_ENV_VARS=n to suppress this warning)
[1710258767.537520] [o118:23350:0]          parser.c:1993 UCX  WARN  unused environment variable: UCX_DIR (maybe: UCX_TLS?)
[1710258767.537520] [o118:23350:0]          parser.c:1993 UCX  WARN  (set UCX_WARN_UNUSED_ENV_VARS=n to suppress this warning)
[1710258767.537524] [o118:23364:0]          parser.c:1993 UCX  WARN  unused environment variable: UCX_DIR (maybe: UCX_TLS?)
[1710258767.537524] [o118:23364:0]          parser.c:1993 UCX  WARN  (set UCX_WARN_UNUSED_ENV_VARS=n to suppress this warning)
[1710258767.537602] [o118:23341:0]          parser.c:1993 UCX  WARN  unused environment variable: UCX_DIR (maybe: UCX_TLS?)
[1710258767.537602] [o118:23341:0]          parser.c:1993 UCX  WARN  (set UCX_WARN_UNUSED_ENV_VARS=n to suppress this warning)
[1710258767.537657] [o118:23372:0]          parser.c:1993 UCX  WARN  unused environment variable: UCX_DIR (maybe: UCX_TLS?)
[1710258767.537657] [o118:23372:0]          parser.c:1993 UCX  WARN  (set UCX_WARN_UNUSED_ENV_VARS=n to suppress this warning)
[1710258767.537709] [o118:23373:0]          parser.c:1993 UCX  WARN  unused environment variable: UCX_DIR (maybe: UCX_TLS?)
[1710258767.537709] [o118:23373:0]          parser.c:1993 UCX  WARN  (set UCX_WARN_UNUSED_ENV_VARS=n to suppress this warning)
[1710258767.537709] [o118:23371:0]          parser.c:1993 UCX  WARN  unused environment variable: UCX_DIR (maybe: UCX_TLS?)
[1710258767.537709] [o118:23371:0]          parser.c:1993 UCX  WARN  (set UCX_WARN_UNUSED_ENV_VARS=n to suppress this warning)
[1710258767.537746] [o118:23381:0]          parser.c:1993 UCX  WARN  unused environment variable: UCX_DIR (maybe: UCX_TLS?)
[1710258767.537746] [o118:23381:0]          parser.c:1993 UCX  WARN  (set UCX_WARN_UNUSED_ENV_VARS=n to suppress this warning)
[1710258767.537778] [o118:23376:0]          parser.c:1993 UCX  WARN  unused environment variable: UCX_DIR (maybe: UCX_TLS?)
[1710258767.537778] [o118:23376:0]          parser.c:1993 UCX  WARN  (set UCX_WARN_UNUSED_ENV_VARS=n to suppress this warning)
[1710258767.537855] [o118:23352:0]          parser.c:1993 UCX  WARN  unused environment variable: UCX_DIR (maybe: UCX_TLS?)
[1710258767.537855] [o118:23352:0]          parser.c:1993 UCX  WARN  (set UCX_WARN_UNUSED_ENV_VARS=n to suppress this warning)
[1710258767.537889] [o118:23379:0]          parser.c:1993 UCX  WARN  unused environment variable: UCX_DIR (maybe: UCX_TLS?)
[1710258767.537889] [o118:23379:0]          parser.c:1993 UCX  WARN  (set UCX_WARN_UNUSED_ENV_VARS=n to suppress this warning)
[1710258767.537894] [o118:23397:0]          parser.c:1993 UCX  WARN  unused environment variable: UCX_DIR (maybe: UCX_TLS?)
[1710258767.537894] [o118:23397:0]          parser.c:1993 UCX  WARN  (set UCX_WARN_UNUSED_ENV_VARS=n to suppress this warning)
[1710258767.537910] [o118:23395:0]          parser.c:1993 UCX  WARN  unused environment variable: UCX_DIR (maybe: UCX_TLS?)
[1710258767.537910] [o118:23395:0]          parser.c:1993 UCX  WARN  (set UCX_WARN_UNUSED_ENV_VARS=n to suppress this warning)
[1710258767.537887] [o118:23340:0]          parser.c:1993 UCX  WARN  unused environment variable: UCX_DIR (maybe: UCX_TLS?)
[1710258767.537887] [o118:23340:0]          parser.c:1993 UCX  WARN  (set UCX_WARN_UNUSED_ENV_VARS=n to suppress this warning)
[1710258767.537911] [o118:23331:0]          parser.c:1993 UCX  WARN  unused environment variable: UCX_DIR (maybe: UCX_TLS?)
[1710258767.537911] [o118:23331:0]          parser.c:1993 UCX  WARN  (set UCX_WARN_UNUSED_ENV_VARS=n to suppress this warning)
[1710258767.537953] [o118:23523:0]          parser.c:1993 UCX  WARN  unused environment variable: UCX_DIR (maybe: UCX_TLS?)
[1710258767.537953] [o118:23523:0]          parser.c:1993 UCX  WARN  (set UCX_WARN_UNUSED_ENV_VARS=n to suppress this warning)
[1710258767.537988] [o118:23369:0]          parser.c:1993 UCX  WARN  unused environment variable: UCX_DIR (maybe: UCX_TLS?)
[1710258767.537988] [o118:23369:0]          parser.c:1993 UCX  WARN  (set UCX_WARN_UNUSED_ENV_VARS=n to suppress this warning)
[1710258767.537989] [o118:23380:0]          parser.c:1993 UCX  WARN  unused environment variable: UCX_DIR (maybe: UCX_TLS?)
[1710258767.537989] [o118:23380:0]          parser.c:1993 UCX  WARN  (set UCX_WARN_UNUSED_ENV_VARS=n to suppress this warning)
[1710258767.537985] [o118:23390:0]          parser.c:1993 UCX  WARN  unused environment variable: UCX_DIR (maybe: UCX_TLS?)
[1710258767.537985] [o118:23390:0]          parser.c:1993 UCX  WARN  (set UCX_WARN_UNUSED_ENV_VARS=n to suppress this warning)
[1710258767.537969] [o118:23346:0]          parser.c:1993 UCX  WARN  unused environment variable: UCX_DIR (maybe: UCX_TLS?)
[1710258767.537969] [o118:23346:0]          parser.c:1993 UCX  WARN  (set UCX_WARN_UNUSED_ENV_VARS=n to suppress this warning)
[1710258767.537991] [o118:23334:0]          parser.c:1993 UCX  WARN  unused environment variable: UCX_DIR (maybe: UCX_TLS?)
[1710258767.537991] [o118:23334:0]          parser.c:1993 UCX  WARN  (set UCX_WARN_UNUSED_ENV_VARS=n to suppress this warning)
(HemoCell) (Config) reading config-fixed.xml
 _   _   ____   __  __   _____    ___   ____   __     __ 
( )_( ) ( ___) (  \/  ) (  _  )  / __) ( ___) (  )   (  )
 ) _ (   )__)   )    (   )(_)(  ( (__   )__)   )(__   )(__ 
(_) (_) (____) (_/\/\_) (_____)  \___) (____) (____) (____) 
                         v.2.6

(unbounded) (Parameters) calculating flow parameters
(HemoCell) dt is set to *auto*. Tau will be set to 1!
(HemoCell) System parameters:
	 dx: 	5e-07
	 dt: 	3.78788e-08
	 dm: 	1.28125e-16
	 dN: 	4.4649e-08
	 tau: 	1
	 nu_lbm: 	0.166667
	 u_lb_max: 	7.57576e-07
	 f_limit: 	0.00111985
(unbounded) (Fluid) Initializing Palabos Fluid Field
(HemoCell) Using default domain management.
(HemoCell) (Fluid) Setting Fluid Equilibrium
Size of the multi-block:     200-by-200-by-100
Number of atomic-blocks:     64
Smallest atomic-block:       50-by-50-by-25
Largest atomic-block:        50-by-50-by-25
Number of allocated cells:   4 million
Fraction of allocated domain: 100 percent

(Hemocell) (HemoCellFields) (Init) particle envelope: 25 [lu]
Cellfield  (+ material model) of RBC
  Volume :90 µm³ VolumeFraction of lsp per fluid node: 1.1215 %
  Nvertex: 642
(Cell-mechanics model) High Order model parameters for RBC cellfield
	 k_link:   0.000183679
	 k_area:   9.18393e-07
	 k_bend: : 1.46943e-05
	 k_volume: 3.67357e-06
	 eta_m:    0
	 mean_edge:1.00019
	 N faces:  1280
(HemoCell) (Timescale Seperation) Setting seperation of RBC to 20 timesteps
(HemoCell) (Timescale separation) Setting update separation of all particles to 5 timesteps
(HemoCell) (CellField) Setting output variables for RBC cells
(HemoCell) (Fluid) Setting output variables for fluid field
(HemoCell) (CellField) Loading particle positions 
(readPositionsBloodCells) Reading particle positions...
(readPositionsBloodCells) Particle count in file (RBC): 128000.
(HemoCell) (Output) writing output at timestep 0 (0 s). Approx. performance: 0.00 s / iteration.
(unbounded) fresh start: warming up cell-free fluid domain for 0 iterations...
(unbounded) Starting simulation...
 | RBC Volume ratio [x100%]: 1.925
(main)   nCells (global) = 1000
Hemocell Profiler Statistics (Only Process 0):
HemoCell: 1.862000
 MpiReceive: 0.000000
 MpiSend: 0.000000
 deleteIncompleteCells: 0.024000
 output: 0.636000
  applyConstitutiveModel: 0.018000
  deleteIncompleteCells: 0.006000
  separateForceVectors: 0.041000
  syncEnvelopes: 0.121000
   MpiReceive: 0.034000
   MpiSend: 0.028000
  unifyForceVectors: 0.007000
  updateResidenceTime: 0.001000
  writeOutput: 0.318000
   writeCellCSVInfo: 0.139000
    syncEnvelopes: 0.066000
     MpiReceive: 0.018000
     MpiSend: 0.014000
   writeCellField: 0.118000
   writeFluidField: 0.060000
 syncEnvelopes: 0.181000
  MpiReceive: 0.050000
  MpiSend: 0.032000
(main) Simulation finished :) 
[o118:23299] 63 more processes have sent help message help-mpi-btl-openib.txt / error in device init
[o118:23299] Set MCA parameter "orte_base_help_aggregate" to 0 to see all help / error messages
 -- 
Energy = 714.376429025 J (Average of 175 W, 3 samples, over 4.082151023 s )
Measurement details in './report_881924.csv'
cat: bull_time.out: No such file or directory
BULL MPI TASKS   = 64
BULL Bin name    = /home_nfs/bhamitono/projects/compbiomed2/wp4/hemocell/HemoCell-dev-develop/build_ampere_gnu/cube_aarch64 
BULL config      = fixed 
BULL PARTITION   = Ampere_Q8030_1s_80c_1t_edr_256GB_3200
BULL Time        = 
