[1710473180.127420] [o405:2850800:0]     ucp_context.c:1969 UCX  WARN  UCP API version is incompatible: required >= 1.15, actual 1.14.1 (loaded from /home_nfs/bhamitono/install/x86_64/rh/8.6/ucx/1.14.1/gnu/8.5.0/lib/libucp.so.0)
[1710473180.141301] [o405:2850857:0]     ucp_context.c:1969 UCX  WARN  UCP API version is incompatible: required >= 1.15, actual 1.14.1 (loaded from /home_nfs/bhamitono/install/x86_64/rh/8.6/ucx/1.14.1/gnu/8.5.0/lib/libucp.so.0)
[1710473180.153492] [o405:2850870:0]     ucp_context.c:1969 UCX  WARN  UCP API version is incompatible: required >= 1.15, actual 1.14.1 (loaded from /home_nfs/bhamitono/install/x86_64/rh/8.6/ucx/1.14.1/gnu/8.5.0/lib/libucp.so.0)
[1710473180.156627] [o405:2850848:0]     ucp_context.c:1969 UCX  WARN  UCP API version is incompatible: required >= 1.15, actual 1.14.1 (loaded from /home_nfs/bhamitono/install/x86_64/rh/8.6/ucx/1.14.1/gnu/8.5.0/lib/libucp.so.0)
[1710473180.161979] [o405:2850854:0]     ucp_context.c:1969 UCX  WARN  UCP API version is incompatible: required >= 1.15, actual 1.14.1 (loaded from /home_nfs/bhamitono/install/x86_64/rh/8.6/ucx/1.14.1/gnu/8.5.0/lib/libucp.so.0)
[1710473180.162730] [o405:2850856:0]     ucp_context.c:1969 UCX  WARN  UCP API version is incompatible: required >= 1.15, actual 1.14.1 (loaded from /home_nfs/bhamitono/install/x86_64/rh/8.6/ucx/1.14.1/gnu/8.5.0/lib/libucp.so.0)
[1710473180.163751] [o405:2850850:0]     ucp_context.c:1969 UCX  WARN  UCP API version is incompatible: required >= 1.15, actual 1.14.1 (loaded from /home_nfs/bhamitono/install/x86_64/rh/8.6/ucx/1.14.1/gnu/8.5.0/lib/libucp.so.0)
[1710473180.166000] [o405:2850918:0]     ucp_context.c:1969 UCX  WARN  UCP API version is incompatible: required >= 1.15, actual 1.14.1 (loaded from /home_nfs/bhamitono/install/x86_64/rh/8.6/ucx/1.14.1/gnu/8.5.0/lib/libucp.so.0)
[1710473180.166761] [o405:2850787:0]     ucp_context.c:1969 UCX  WARN  UCP API version is incompatible: required >= 1.15, actual 1.14.1 (loaded from /home_nfs/bhamitono/install/x86_64/rh/8.6/ucx/1.14.1/gnu/8.5.0/lib/libucp.so.0)
[1710473180.166961] [o405:2850846:0]     ucp_context.c:1969 UCX  WARN  UCP API version is incompatible: required >= 1.15, actual 1.14.1 (loaded from /home_nfs/bhamitono/install/x86_64/rh/8.6/ucx/1.14.1/gnu/8.5.0/lib/libucp.so.0)
[1710473180.167286] [o405:2850867:0]     ucp_context.c:1969 UCX  WARN  UCP API version is incompatible: required >= 1.15, actual 1.14.1 (loaded from /home_nfs/bhamitono/install/x86_64/rh/8.6/ucx/1.14.1/gnu/8.5.0/lib/libucp.so.0)
[1710473180.168533] [o405:2850859:0]     ucp_context.c:1969 UCX  WARN  UCP API version is incompatible: required >= 1.15, actual 1.14.1 (loaded from /home_nfs/bhamitono/install/x86_64/rh/8.6/ucx/1.14.1/gnu/8.5.0/lib/libucp.so.0)
[1710473180.168513] [o405:2850890:0]     ucp_context.c:1969 UCX  WARN  UCP API version is incompatible: required >= 1.15, actual 1.14.1 (loaded from /home_nfs/bhamitono/install/x86_64/rh/8.6/ucx/1.14.1/gnu/8.5.0/lib/libucp.so.0)
[1710473180.168839] [o405:2850862:0]     ucp_context.c:1969 UCX  WARN  UCP API version is incompatible: required >= 1.15, actual 1.14.1 (loaded from /home_nfs/bhamitono/install/x86_64/rh/8.6/ucx/1.14.1/gnu/8.5.0/lib/libucp.so.0)
[1710473180.168975] [o405:2850865:0]     ucp_context.c:1969 UCX  WARN  UCP API version is incompatible: required >= 1.15, actual 1.14.1 (loaded from /home_nfs/bhamitono/install/x86_64/rh/8.6/ucx/1.14.1/gnu/8.5.0/lib/libucp.so.0)
[1710473180.175792] [o405:2850843:0]     ucp_context.c:1969 UCX  WARN  UCP API version is incompatible: required >= 1.15, actual 1.14.1 (loaded from /home_nfs/bhamitono/install/x86_64/rh/8.6/ucx/1.14.1/gnu/8.5.0/lib/libucp.so.0)
[1710473180.176055] [o405:2850796:0]     ucp_context.c:1969 UCX  WARN  UCP API version is incompatible: required >= 1.15, actual 1.14.1 (loaded from /home_nfs/bhamitono/install/x86_64/rh/8.6/ucx/1.14.1/gnu/8.5.0/lib/libucp.so.0)
[1710473180.176015] [o405:2850840:0]     ucp_context.c:1969 UCX  WARN  UCP API version is incompatible: required >= 1.15, actual 1.14.1 (loaded from /home_nfs/bhamitono/install/x86_64/rh/8.6/ucx/1.14.1/gnu/8.5.0/lib/libucp.so.0)
[1710473180.177026] [o405:2850863:0]     ucp_context.c:1969 UCX  WARN  UCP API version is incompatible: required >= 1.15, actual 1.14.1 (loaded from /home_nfs/bhamitono/install/x86_64/rh/8.6/ucx/1.14.1/gnu/8.5.0/lib/libucp.so.0)
[1710473180.177223] [o405:2850879:0]     ucp_context.c:1969 UCX  WARN  UCP API version is incompatible: required >= 1.15, actual 1.14.1 (loaded from /home_nfs/bhamitono/install/x86_64/rh/8.6/ucx/1.14.1/gnu/8.5.0/lib/libucp.so.0)
[1710473180.179354] [o405:2850873:0]     ucp_context.c:1969 UCX  WARN  UCP API version is incompatible: required >= 1.15, actual 1.14.1 (loaded from /home_nfs/bhamitono/install/x86_64/rh/8.6/ucx/1.14.1/gnu/8.5.0/lib/libucp.so.0)
[1710473180.179275] [o405:2850876:0]     ucp_context.c:1969 UCX  WARN  UCP API version is incompatible: required >= 1.15, actual 1.14.1 (loaded from /home_nfs/bhamitono/install/x86_64/rh/8.6/ucx/1.14.1/gnu/8.5.0/lib/libucp.so.0)
[1710473180.179508] [o405:2850881:0]     ucp_context.c:1969 UCX  WARN  UCP API version is incompatible: required >= 1.15, actual 1.14.1 (loaded from /home_nfs/bhamitono/install/x86_64/rh/8.6/ucx/1.14.1/gnu/8.5.0/lib/libucp.so.0)
[1710473180.180498] [o405:2850893:0]     ucp_context.c:1969 UCX  WARN  UCP API version is incompatible: required >= 1.15, actual 1.14.1 (loaded from /home_nfs/bhamitono/install/x86_64/rh/8.6/ucx/1.14.1/gnu/8.5.0/lib/libucp.so.0)
[1710473180.181210] [o405:2850824:0]     ucp_context.c:1969 UCX  WARN  UCP API version is incompatible: required >= 1.15, actual 1.14.1 (loaded from /home_nfs/bhamitono/install/x86_64/rh/8.6/ucx/1.14.1/gnu/8.5.0/lib/libucp.so.0)
[1710473180.182387] [o405:2850852:0]     ucp_context.c:1969 UCX  WARN  UCP API version is incompatible: required >= 1.15, actual 1.14.1 (loaded from /home_nfs/bhamitono/install/x86_64/rh/8.6/ucx/1.14.1/gnu/8.5.0/lib/libucp.so.0)
[1710473180.184067] [o405:2850887:0]     ucp_context.c:1969 UCX  WARN  UCP API version is incompatible: required >= 1.15, actual 1.14.1 (loaded from /home_nfs/bhamitono/install/x86_64/rh/8.6/ucx/1.14.1/gnu/8.5.0/lib/libucp.so.0)
[1710473180.184243] [o405:2850883:0]     ucp_context.c:1969 UCX  WARN  UCP API version is incompatible: required >= 1.15, actual 1.14.1 (loaded from /home_nfs/bhamitono/install/x86_64/rh/8.6/ucx/1.14.1/gnu/8.5.0/lib/libucp.so.0)
[1710473180.186975] [o405:2850915:0]     ucp_context.c:1969 UCX  WARN  UCP API version is incompatible: required >= 1.15, actual 1.14.1 (loaded from /home_nfs/bhamitono/install/x86_64/rh/8.6/ucx/1.14.1/gnu/8.5.0/lib/libucp.so.0)
[1710473180.187418] [o405:2850798:0]     ucp_context.c:1969 UCX  WARN  UCP API version is incompatible: required >= 1.15, actual 1.14.1 (loaded from /home_nfs/bhamitono/install/x86_64/rh/8.6/ucx/1.14.1/gnu/8.5.0/lib/libucp.so.0)
[1710473180.187641] [o405:2850892:0]     ucp_context.c:1969 UCX  WARN  UCP API version is incompatible: required >= 1.15, actual 1.14.1 (loaded from /home_nfs/bhamitono/install/x86_64/rh/8.6/ucx/1.14.1/gnu/8.5.0/lib/libucp.so.0)
[1710473180.188386] [o405:2850810:0]     ucp_context.c:1969 UCX  WARN  UCP API version is incompatible: required >= 1.15, actual 1.14.1 (loaded from /home_nfs/bhamitono/install/x86_64/rh/8.6/ucx/1.14.1/gnu/8.5.0/lib/libucp.so.0)
[1710473180.188572] [o405:2850884:0]     ucp_context.c:1969 UCX  WARN  UCP API version is incompatible: required >= 1.15, actual 1.14.1 (loaded from /home_nfs/bhamitono/install/x86_64/rh/8.6/ucx/1.14.1/gnu/8.5.0/lib/libucp.so.0)
[1710473180.188612] [o405:2850807:0]     ucp_context.c:1969 UCX  WARN  UCP API version is incompatible: required >= 1.15, actual 1.14.1 (loaded from /home_nfs/bhamitono/install/x86_64/rh/8.6/ucx/1.14.1/gnu/8.5.0/lib/libucp.so.0)
[1710473180.188590] [o405:2850826:0]     ucp_context.c:1969 UCX  WARN  UCP API version is incompatible: required >= 1.15, actual 1.14.1 (loaded from /home_nfs/bhamitono/install/x86_64/rh/8.6/ucx/1.14.1/gnu/8.5.0/lib/libucp.so.0)
[1710473180.188776] [o405:2850837:0]     ucp_context.c:1969 UCX  WARN  UCP API version is incompatible: required >= 1.15, actual 1.14.1 (loaded from /home_nfs/bhamitono/install/x86_64/rh/8.6/ucx/1.14.1/gnu/8.5.0/lib/libucp.so.0)
[1710473180.189316] [o405:2850803:0]     ucp_context.c:1969 UCX  WARN  UCP API version is incompatible: required >= 1.15, actual 1.14.1 (loaded from /home_nfs/bhamitono/install/x86_64/rh/8.6/ucx/1.14.1/gnu/8.5.0/lib/libucp.so.0)
[1710473180.189472] [o405:2850830:0]     ucp_context.c:1969 UCX  WARN  UCP API version is incompatible: required >= 1.15, actual 1.14.1 (loaded from /home_nfs/bhamitono/install/x86_64/rh/8.6/ucx/1.14.1/gnu/8.5.0/lib/libucp.so.0)
[1710473180.189739] [o405:2850888:0]     ucp_context.c:1969 UCX  WARN  UCP API version is incompatible: required >= 1.15, actual 1.14.1 (loaded from /home_nfs/bhamitono/install/x86_64/rh/8.6/ucx/1.14.1/gnu/8.5.0/lib/libucp.so.0)
[1710473180.190005] [o405:2850841:0]     ucp_context.c:1969 UCX  WARN  UCP API version is incompatible: required >= 1.15, actual 1.14.1 (loaded from /home_nfs/bhamitono/install/x86_64/rh/8.6/ucx/1.14.1/gnu/8.5.0/lib/libucp.so.0)
[1710473180.190101] [o405:2850827:0]     ucp_context.c:1969 UCX  WARN  UCP API version is incompatible: required >= 1.15, actual 1.14.1 (loaded from /home_nfs/bhamitono/install/x86_64/rh/8.6/ucx/1.14.1/gnu/8.5.0/lib/libucp.so.0)
[1710473180.190530] [o405:2850822:0]     ucp_context.c:1969 UCX  WARN  UCP API version is incompatible: required >= 1.15, actual 1.14.1 (loaded from /home_nfs/bhamitono/install/x86_64/rh/8.6/ucx/1.14.1/gnu/8.5.0/lib/libucp.so.0)
[1710473180.190599] [o405:2850813:0]     ucp_context.c:1969 UCX  WARN  UCP API version is incompatible: required >= 1.15, actual 1.14.1 (loaded from /home_nfs/bhamitono/install/x86_64/rh/8.6/ucx/1.14.1/gnu/8.5.0/lib/libucp.so.0)
[1710473180.190616] [o405:2850818:0]     ucp_context.c:1969 UCX  WARN  UCP API version is incompatible: required >= 1.15, actual 1.14.1 (loaded from /home_nfs/bhamitono/install/x86_64/rh/8.6/ucx/1.14.1/gnu/8.5.0/lib/libucp.so.0)
[1710473180.190794] [o405:2850794:0]     ucp_context.c:1969 UCX  WARN  UCP API version is incompatible: required >= 1.15, actual 1.14.1 (loaded from /home_nfs/bhamitono/install/x86_64/rh/8.6/ucx/1.14.1/gnu/8.5.0/lib/libucp.so.0)
[1710473180.190937] [o405:2850802:0]     ucp_context.c:1969 UCX  WARN  UCP API version is incompatible: required >= 1.15, actual 1.14.1 (loaded from /home_nfs/bhamitono/install/x86_64/rh/8.6/ucx/1.14.1/gnu/8.5.0/lib/libucp.so.0)
[1710473180.191376] [o405:2850788:0]     ucp_context.c:1969 UCX  WARN  UCP API version is incompatible: required >= 1.15, actual 1.14.1 (loaded from /home_nfs/bhamitono/install/x86_64/rh/8.6/ucx/1.14.1/gnu/8.5.0/lib/libucp.so.0)
[1710473180.191386] [o405:2850806:0]     ucp_context.c:1969 UCX  WARN  UCP API version is incompatible: required >= 1.15, actual 1.14.1 (loaded from /home_nfs/bhamitono/install/x86_64/rh/8.6/ucx/1.14.1/gnu/8.5.0/lib/libucp.so.0)
[1710473180.191363] [o405:2850815:0]     ucp_context.c:1969 UCX  WARN  UCP API version is incompatible: required >= 1.15, actual 1.14.1 (loaded from /home_nfs/bhamitono/install/x86_64/rh/8.6/ucx/1.14.1/gnu/8.5.0/lib/libucp.so.0)
[1710473180.191528] [o405:2850874:0]     ucp_context.c:1969 UCX  WARN  UCP API version is incompatible: required >= 1.15, actual 1.14.1 (loaded from /home_nfs/bhamitono/install/x86_64/rh/8.6/ucx/1.14.1/gnu/8.5.0/lib/libucp.so.0)
[1710473180.191586] [o405:2850790:0]     ucp_context.c:1969 UCX  WARN  UCP API version is incompatible: required >= 1.15, actual 1.14.1 (loaded from /home_nfs/bhamitono/install/x86_64/rh/8.6/ucx/1.14.1/gnu/8.5.0/lib/libucp.so.0)
[1710473180.192447] [o405:2850820:0]     ucp_context.c:1969 UCX  WARN  UCP API version is incompatible: required >= 1.15, actual 1.14.1 (loaded from /home_nfs/bhamitono/install/x86_64/rh/8.6/ucx/1.14.1/gnu/8.5.0/lib/libucp.so.0)
[1710473180.192451] [o405:2850832:0]     ucp_context.c:1969 UCX  WARN  UCP API version is incompatible: required >= 1.15, actual 1.14.1 (loaded from /home_nfs/bhamitono/install/x86_64/rh/8.6/ucx/1.14.1/gnu/8.5.0/lib/libucp.so.0)
[1710473180.192469] [o405:2850792:0]     ucp_context.c:1969 UCX  WARN  UCP API version is incompatible: required >= 1.15, actual 1.14.1 (loaded from /home_nfs/bhamitono/install/x86_64/rh/8.6/ucx/1.14.1/gnu/8.5.0/lib/libucp.so.0)
[1710473180.192481] [o405:2850834:0]     ucp_context.c:1969 UCX  WARN  UCP API version is incompatible: required >= 1.15, actual 1.14.1 (loaded from /home_nfs/bhamitono/install/x86_64/rh/8.6/ucx/1.14.1/gnu/8.5.0/lib/libucp.so.0)
[1710473180.192533] [o405:2850836:0]     ucp_context.c:1969 UCX  WARN  UCP API version is incompatible: required >= 1.15, actual 1.14.1 (loaded from /home_nfs/bhamitono/install/x86_64/rh/8.6/ucx/1.14.1/gnu/8.5.0/lib/libucp.so.0)
(HemoCell) (Config) reading config.xml
 _   _   ____   __  __   _____    ___   ____   __     __ 
( )_( ) ( ___) (  \/  ) (  _  )  / __) ( ___) (  )   (  )
 ) _ (   )__)   )    (   )(_)(  ( (__   )__)   )(__   )(__ 
(_) (_) (____) (_/\/\_) (_____)  \___) (____) (____) (____) 
                         v.2.6

(unbounded) (Parameters) calculating flow parameters
(HemoCell) dt is set to *auto*. Tau will be set to 1!
(HemoCell) System parameters:
	 dx: 	5e-07
	 dt: 	3.78788e-08
	 dm: 	1.28125e-16
	 dN: 	4.4649e-08
	 tau: 	1
	 nu_lbm: 	0.166667
	 u_lb_max: 	7.57576e-07
	 f_limit: 	0.00111985
(unbounded) (Fluid) Initializing Palabos Fluid Field
(HemoCell) Using default domain management.
(HemoCell) (Fluid) Setting Fluid Equilibrium
Size of the multi-block:     100-by-100-by-175
Number of atomic-blocks:     56
Smallest atomic-block:       50-by-50-by-12
Largest atomic-block:        50-by-50-by-13
Number of allocated cells:   1.75 million
Fraction of allocated domain: 100 percent

(Hemocell) (HemoCellFields) (Init) particle envelope: 25 [lu]
Cellfield  (+ material model) of RBC
  Volume :90 µm³ VolumeFraction of lsp per fluid node: 1.1215 %
  Nvertex: 642
(Cell-mechanics model) High Order model parameters for RBC cellfield
	 k_link:   0.000183679
	 k_area:   9.18393e-07
	 k_bend: : 1.46943e-05
	 k_volume: 3.67357e-06
	 eta_m:    0
	 mean_edge:1.00019
	 N faces:  1280
(HemoCell) (Timescale Seperation) Setting seperation of RBC to 20 timesteps
(HemoCell) (Timescale separation) Setting update separation of all particles to 5 timesteps
(HemoCell) (CellField) Setting output variables for RBC cells
(HemoCell) (Fluid) Setting output variables for fluid field
(HemoCell) (CellField) Loading particle positions 
(readPositionsBloodCells) Reading particle positions...
(readPositionsBloodCells) Particle count in file (RBC): 128000.
(HemoCell) (Output) writing output at timestep 0 (0 s). Approx. performance: 0.00 s / iteration.
(unbounded) fresh start: warming up cell-free fluid domain for 0 iterations...
(unbounded) Starting simulation...
 | RBC Volume ratio [x100%]: 1.76
(main)   nCells (global) = 400
(HemoCell) (SanityCheck) Performing Sanity check on simulation parameters and setup
(HemoCell) WARNING: The number of atomic neighbours is suspiciously high: 44 Usually it should be < 30 ! Please check the domain decomposition structure!
(HemoCell) WARNING: Force limit active at 50 pN. Results can be inaccurate due to force capping.
Size of the multi-block:     100-by-100-by-175
Number of atomic-blocks:     56
Smallest atomic-block:       50-by-50-by-12
Largest atomic-block:        50-by-50-by-13
Number of allocated cells:   1.75 million
Fraction of allocated domain: 100 percent
(SanityCheck) one of the dimensions of the largest atomic block is more than 25.
  This can be inefficient. The best performance is below 26x26x26 blocks.
  It is recommended to adjust the number of processors or the sparseBlockStructure accordingly.
(SanityCheck) one of the dimensions of the smallest atomic block is less than 16.
  This can be inefficient. For the best performance we recommend between 20^3 to 25^3 blocks.
  It is recommended to adjust the number of processors or the sparseBlockStructure, and making sure that the particleEnvelope is smaller than the block size.
Hemocell Profiler Statistics (Only Process 0):
HemoCell: 456.943000
 MpiReceive: 0.000000
 MpiSend: 0.000000
 deleteIncompleteCells: 0.008000
 iterate: 455.813000
  advanceParticles: 14.713000
  applyConstitutiveModel: 5.147000
  collideAndStream: 301.994000
  deleteNonLocalParticles: 0.912000
  interpolateFluidVelocity: 7.707000
  setExternalVector: 26.259000
  spreadParticleForce: 69.206000
  syncEnvelopes: 29.706000
   MpiReceive: 5.733000
   MpiSend: 1.776000
 output: 0.331000
  applyConstitutiveModel: 0.005000
  deleteIncompleteCells: 0.003000
  separateForceVectors: 0.012000
  syncEnvelopes: 0.057000
   MpiReceive: 0.009000
   MpiSend: 0.006000
  unifyForceVectors: 0.005000
  updateResidenceTime: 0.000000
  writeOutput: 0.183000
   writeCellCSVInfo: 0.098000
    syncEnvelopes: 0.063000
     MpiReceive: 0.003000
     MpiSend: 0.001000
   writeCellField: 0.073000
   writeFluidField: 0.011000
 syncEnvelopes: 0.123000
  MpiReceive: 0.012000
  MpiSend: 0.007000
(main) Simulation finished :) 
 -- 
Energy = 363734.263074259 J (Average of 791 W, 414 samples, over 459.841040549 s )
Measurement details in './report_882347.csv'
