Restoring modules from user's hemocell
DCGMI support OFF
Mapping frequencies from 64 processes to 128 CPUs...
---------------- EAR 4.3 MPI enabled ----------------
                   App/user id: 'experiment-ear.job'/'jvandijk'
           Node/job id/step_id: 'tcn411'/'5775982'/'0'
     P_STATE/frequency (turbo): 0/2600000 (0)
    Tasks/nodes/ppn/node_ratio: 64/1/64/1.000
             Policy (learning): monitoring (0)
Policy threshold/Perf accuracy: 0.00/10000000.00
   DynAIS levels/window/AVX512: 10/200/2
                      VAR path: /var/ear
           EAR privileged user: 0
                       EARL on: 1 
                  Max CPU freq: 2600000
-------------------------------------------------------
EAR initialized successfully.
EAR(experiment-ear.job) at 2.600 in tcn411 MR[0] elapsed 29 sec.: [32m(CPI=0.718 GBS=82.86 Power=361.7W Time=1.037s
	AvgCPUF=2.57GHz/AvgIMCF=1.47GHz GFlop/s=506.43 IO=7.06MB/s MPI_time/exec_Time (max/avg/min): 34.9/18.0/6.6 %)  
	 Next Frequency 2.60[0m
EAR(experiment-ear.job) at 2.600 in tcn411 MR[0] elapsed 41 sec.: [32m(CPI=0.740 GBS=82.95 Power=366.9W Time=1.240s
	AvgCPUF=2.57GHz/AvgIMCF=1.47GHz GFlop/s=516.25 IO=0.00MB/s MPI_time/exec_Time (max/avg/min): 34.4/17.6/5.8 %)  [0m
EAR(experiment-ear.job) at 2.600 in tcn411 MR[0] elapsed 63 sec.: [32m(CPI=0.741 GBS=83.04 Power=392.1W Time=1.125s
	AvgCPUF=2.57GHz/AvgIMCF=1.47GHz GFlop/s=524.02 IO=0.00MB/s MPI_time/exec_Time (max/avg/min): 34.3/17.6/5.7 %)  [0m
EAR(experiment-ear.job) at 2.600 in tcn411 MR[0] elapsed 86 sec.: [32m(CPI=0.742 GBS=83.09 Power=393.5W Time=1.134s
	AvgCPUF=2.57GHz/AvgIMCF=1.47GHz GFlop/s=527.67 IO=0.00MB/s MPI_time/exec_Time (max/avg/min): 33.9/17.5/5.8 %)  [0m
EAR(experiment-ear.job) at 2.600 in tcn411 MR[0] elapsed 109 sec.: [32m(CPI=0.746 GBS=83.18 Power=415.7W Time=1.129s
	AvgCPUF=2.57GHz/AvgIMCF=1.47GHz GFlop/s=529.93 IO=0.00MB/s MPI_time/exec_Time (max/avg/min): 34.1/17.2/5.3 %)  [0m
EAR(experiment-ear.job) at 2.600 in tcn411 MR[0] elapsed 131 sec.: [32m(CPI=0.744 GBS=83.09 Power=377.6W Time=1.131s
	AvgCPUF=2.57GHz/AvgIMCF=1.47GHz GFlop/s=531.25 IO=0.00MB/s MPI_time/exec_Time (max/avg/min): 33.7/17.4/5.8 %)  [0m
EAR(experiment-ear.job) at 2.600 in tcn411 MR[0] elapsed 154 sec.: [32m(CPI=0.742 GBS=83.02 Power=414.7W Time=1.134s
	AvgCPUF=2.57GHz/AvgIMCF=1.47GHz GFlop/s=532.09 IO=0.00MB/s MPI_time/exec_Time (max/avg/min): 34.3/17.5/5.8 %)  [0m
EAR(experiment-ear.job) at 2.600 in tcn411 MR[0] elapsed 177 sec.: [32m(CPI=0.741 GBS=82.99 Power=380.4W Time=1.125s
	AvgCPUF=2.57GHz/AvgIMCF=1.47GHz GFlop/s=532.70 IO=0.00MB/s MPI_time/exec_Time (max/avg/min): 34.1/17.6/6.0 %)  [0m
EAR(experiment-ear.job) at 2.600 in tcn411 MR[0] elapsed 199 sec.: [32m(CPI=0.745 GBS=83.21 Power=414.8W Time=1.135s
	AvgCPUF=2.57GHz/AvgIMCF=1.47GHz GFlop/s=533.35 IO=0.00MB/s MPI_time/exec_Time (max/avg/min): 34.3/17.2/5.3 %)  [0m
EAR(experiment-ear.job) at 2.600 in tcn411 MR[0] elapsed 222 sec.: [32m(CPI=0.744 GBS=83.09 Power=398.4W Time=1.128s
	AvgCPUF=2.57GHz/AvgIMCF=1.47GHz GFlop/s=533.73 IO=0.00MB/s MPI_time/exec_Time (max/avg/min): 34.3/17.4/5.9 %)  [0m
EAR(experiment-ear.job) at 2.600 in tcn411 MR[0] elapsed 243 sec.: [32m(CPI=0.741 GBS=83.15 Power=397.4W Time=1.131s
	AvgCPUF=2.57GHz/AvgIMCF=1.47GHz GFlop/s=534.08 IO=0.00MB/s MPI_time/exec_Time (max/avg/min): 34.2/17.5/5.8 %)  [0m
EAR(experiment-ear.job) at 2.600 in tcn411 MR[0] elapsed 266 sec.: [32m(CPI=0.742 GBS=83.07 Power=397.4W Time=1.078s
	AvgCPUF=2.57GHz/AvgIMCF=1.47GHz GFlop/s=534.35 IO=0.00MB/s MPI_time/exec_Time (max/avg/min): 34.2/17.6/5.8 %)  [0m
EAR(experiment-ear.job) at 2.600 in tcn411 MR[0] elapsed 288 sec.: [32m(CPI=0.745 GBS=83.27 Power=415.6W Time=1.135s
	AvgCPUF=2.57GHz/AvgIMCF=1.47GHz GFlop/s=534.64 IO=0.00MB/s MPI_time/exec_Time (max/avg/min): 34.3/17.1/5.3 %)  [0m
EAR(experiment-ear.job) at 2.600 in tcn411 MR[0] elapsed 310 sec.: [32m(CPI=0.742 GBS=83.00 Power=377.2W Time=1.080s
	AvgCPUF=2.57GHz/AvgIMCF=1.47GHz GFlop/s=534.75 IO=0.00MB/s MPI_time/exec_Time (max/avg/min): 34.3/17.6/5.9 %)  [0m
EAR(experiment-ear.job) at 2.600 in tcn411 MR[0] elapsed 333 sec.: [32m(CPI=0.740 GBS=83.16 Power=417.4W Time=1.130s
	AvgCPUF=2.57GHz/AvgIMCF=1.47GHz GFlop/s=534.84 IO=0.00MB/s MPI_time/exec_Time (max/avg/min): 34.0/17.6/5.9 %)  [0m
EAR(experiment-ear.job) at 2.600 in tcn411 MR[0] elapsed 355 sec.: [32m(CPI=0.740 GBS=83.26 Power=379.3W Time=1.134s
	AvgCPUF=2.57GHz/AvgIMCF=1.47GHz GFlop/s=534.91 IO=0.00MB/s MPI_time/exec_Time (max/avg/min): 34.1/17.7/6.1 %)  [0m
EAR(experiment-ear.job) at 2.600 in tcn411 MR[0] elapsed 378 sec.: [32m(CPI=0.746 GBS=83.36 Power=418.4W Time=1.133s
	AvgCPUF=2.57GHz/AvgIMCF=1.47GHz GFlop/s=535.08 IO=0.00MB/s MPI_time/exec_Time (max/avg/min): 33.7/17.1/5.3 %)  [0m
EAR(experiment-ear.job) at 2.600 in tcn411 MR[0] elapsed 401 sec.: [32m(CPI=0.742 GBS=83.24 Power=400.0W Time=1.129s
	AvgCPUF=2.57GHz/AvgIMCF=1.47GHz GFlop/s=535.18 IO=0.00MB/s MPI_time/exec_Time (max/avg/min): 34.2/17.5/5.7 %)  [0m
EAR(experiment-ear.job) at 2.600 in tcn411 MR[0] elapsed 422 sec.: [32m(CPI=0.742 GBS=83.19 Power=397.6W Time=1.135s
	AvgCPUF=2.57GHz/AvgIMCF=1.47GHz GFlop/s=535.27 IO=0.00MB/s MPI_time/exec_Time (max/avg/min): 34.1/17.5/5.7 %)  [0m
EAR(experiment-ear.job) at 2.600 in tcn411 MR[0] elapsed 445 sec.: [32m(CPI=0.738 GBS=83.18 Power=397.3W Time=1.080s
	AvgCPUF=2.57GHz/AvgIMCF=1.47GHz GFlop/s=535.29 IO=0.00MB/s MPI_time/exec_Time (max/avg/min): 34.3/17.7/5.9 %)  [0m
EAR(experiment-ear.job) at 2.600 in tcn411 MR[0] elapsed 468 sec.: [32m(CPI=0.746 GBS=83.25 Power=398.1W Time=1.129s
	AvgCPUF=2.57GHz/AvgIMCF=1.47GHz GFlop/s=535.44 IO=0.00MB/s MPI_time/exec_Time (max/avg/min): 33.7/17.1/5.4 %)  [0m
EAR(experiment-ear.job) at 2.600 in tcn411 MR[0] elapsed 489 sec.: [32m(CPI=0.742 GBS=83.16 Power=396.7W Time=1.131s
	AvgCPUF=2.57GHz/AvgIMCF=1.47GHz GFlop/s=535.52 IO=0.00MB/s MPI_time/exec_Time (max/avg/min): 34.0/17.4/5.8 %)  [0m
EAR(experiment-ear.job) at 2.600 in tcn411 MR[0] elapsed 512 sec.: [32m(CPI=0.743 GBS=83.19 Power=396.2W Time=1.078s
	AvgCPUF=2.57GHz/AvgIMCF=1.47GHz GFlop/s=535.59 IO=0.00MB/s MPI_time/exec_Time (max/avg/min): 33.9/17.4/5.7 %)  [0m
EAR(experiment-ear.job) at 2.600 in tcn411 MR[0] elapsed 534 sec.: [32m(CPI=0.741 GBS=83.20 Power=396.4W Time=1.133s
	AvgCPUF=2.57GHz/AvgIMCF=1.47GHz GFlop/s=535.69 IO=0.00MB/s MPI_time/exec_Time (max/avg/min): 34.3/17.4/5.7 %)  [0m
EAR(experiment-ear.job) at 2.600 in tcn411 MR[0] elapsed 557 sec.: [32m(CPI=0.724 GBS=81.56 Power=409.4W Time=1.151s
	AvgCPUF=2.57GHz/AvgIMCF=1.47GHz GFlop/s=535.29 IO=0.00MB/s MPI_time/exec_Time (max/avg/min): 35.6/19.3/7.9 %)  [0m
EAR(experiment-ear.job) at 2.600 in tcn411 MR[0] elapsed 579 sec.: [32m(CPI=0.739 GBS=83.08 Power=396.7W Time=1.135s
	AvgCPUF=2.57GHz/AvgIMCF=1.47GHz GFlop/s=535.37 IO=0.00MB/s MPI_time/exec_Time (max/avg/min): 34.1/17.5/5.8 %)  [0m
EAR(experiment-ear.job) at 2.600 in tcn411 MR[0] elapsed 602 sec.: [32m(CPI=0.741 GBS=82.99 Power=395.5W Time=1.080s
	AvgCPUF=2.57GHz/AvgIMCF=1.47GHz GFlop/s=535.41 IO=0.00MB/s MPI_time/exec_Time (max/avg/min): 34.2/17.6/5.9 %)  [0m
EAR(experiment-ear.job) at 2.600 in tcn411 MR[0] elapsed 624 sec.: [32m(CPI=0.742 GBS=83.10 Power=395.4W Time=1.135s
	AvgCPUF=2.57GHz/AvgIMCF=1.47GHz GFlop/s=535.45 IO=0.00MB/s MPI_time/exec_Time (max/avg/min): 34.1/17.5/5.9 %)  [0m
EAR(experiment-ear.job) at 2.600 in tcn411 MR[0] elapsed 647 sec.: [32m(CPI=0.745 GBS=83.33 Power=419.4W Time=1.122s
	AvgCPUF=2.57GHz/AvgIMCF=1.47GHz GFlop/s=535.54 IO=0.00MB/s MPI_time/exec_Time (max/avg/min): 33.7/17.2/5.3 %)  [0m
EAR(experiment-ear.job) at 2.600 in tcn411 MR[0] elapsed 669 sec.: [32m(CPI=0.738 GBS=83.06 Power=375.5W Time=1.138s
	AvgCPUF=2.57GHz/AvgIMCF=1.47GHz GFlop/s=535.59 IO=0.00MB/s MPI_time/exec_Time (max/avg/min): 34.2/17.6/5.8 %)  [0m
EAR(experiment-ear.job) at 2.600 in tcn411 MR[0] elapsed 690 sec.: [32m(CPI=0.739 GBS=83.01 Power=415.8W Time=1.080s
	AvgCPUF=2.57GHz/AvgIMCF=1.47GHz GFlop/s=535.61 IO=0.00MB/s MPI_time/exec_Time (max/avg/min): 34.6/17.7/5.9 %)  [0m
EAR(experiment-ear.job) at 2.600 in tcn411 MR[0] elapsed 713 sec.: [32m(CPI=0.743 GBS=83.05 Power=376.9W Time=1.079s
	AvgCPUF=2.57GHz/AvgIMCF=1.47GHz GFlop/s=535.66 IO=0.00MB/s MPI_time/exec_Time (max/avg/min): 34.1/17.5/5.6 %)  [0m
EAR(experiment-ear.job) at 2.600 in tcn411 MR[0] elapsed 735 sec.: [32m(CPI=0.744 GBS=83.20 Power=415.5W Time=1.130s
	AvgCPUF=2.57GHz/AvgIMCF=1.47GHz GFlop/s=535.70 IO=0.00MB/s MPI_time/exec_Time (max/avg/min): 33.9/17.2/5.2 %)  [0m
EAR(experiment-ear.job) at 2.600 in tcn411 MR[0] elapsed 758 sec.: [32m(CPI=0.741 GBS=82.86 Power=397.8W Time=1.127s
	AvgCPUF=2.57GHz/AvgIMCF=1.47GHz GFlop/s=535.75 IO=0.00MB/s MPI_time/exec_Time (max/avg/min): 34.0/17.8/6.1 %)  [0m
EAR(experiment-ear.job) at 2.600 in tcn411 MR[0] elapsed 780 sec.: [32m(CPI=0.741 GBS=83.05 Power=394.4W Time=1.137s
	AvgCPUF=2.57GHz/AvgIMCF=1.47GHz GFlop/s=535.79 IO=0.00MB/s MPI_time/exec_Time (max/avg/min): 33.8/17.4/5.7 %)  [0m
EAR(experiment-ear.job) at 2.600 in tcn411 MR[0] elapsed 802 sec.: [32m(CPI=0.741 GBS=82.98 Power=395.9W Time=1.079s
	AvgCPUF=2.57GHz/AvgIMCF=1.47GHz GFlop/s=535.81 IO=0.00MB/s MPI_time/exec_Time (max/avg/min): 34.0/17.6/5.9 %)  [0m
