Restoring modules from user's hemocell
Lmod Warning: The following modules were not loaded: ear




DCGMI support OFF
Mapping frequencies from 96 processes to 192 CPUs...
---------------- EAR 4.3 MPI enabled ----------------
                   App/user id: 'experiment-ear.job'/'jvandijk'
           Node/job id/step_id: 'tcn1145'/'5776000'/'0'
     P_STATE/frequency (turbo): 0/2400000 (0)
    Tasks/nodes/ppn/node_ratio: 96/1/96/1.000
             Policy (learning): monitoring (0)
Policy threshold/Perf accuracy: 0.00/10000000.00
   DynAIS levels/window/AVX512: 10/200/2
                      VAR path: /var/ear
           EAR privileged user: 0
                       EARL on: 1 
                  Max CPU freq: 2400000
-------------------------------------------------------
EAR initialized successfully.
EAR(experiment-ear.job) at 2.400 in tcn1145 MR[0] elapsed 28 sec.: [32m(CPI=0.453 GBS=283.14 Power=538.7W Time=1.052s
	AvgCPUF=2.39GHz/AvgIMCF=1.80GHz GFlop/s=918.31 IO=10.76MB/s MPI_time/exec_Time (max/avg/min): 46.2/27.6/4.2 %)  
	 Next Frequency 2.40[0m
EAR(experiment-ear.job) at 2.400 in tcn1145 MR[0] elapsed 40 sec.: [32m(CPI=0.460 GBS=266.49 Power=576.8W Time=1.169s
	AvgCPUF=2.38GHz/AvgIMCF=1.80GHz GFlop/s=929.14 IO=0.00MB/s MPI_time/exec_Time (max/avg/min): 46.4/27.8/4.1 %)  
	 Next Frequency 2.40[0m
EAR(experiment-ear.job) at 2.400 in tcn1145 MR[0] elapsed 51 sec.: [32m(CPI=0.458 GBS=283.80 Power=536.6W Time=1.155s
	AvgCPUF=2.39GHz/AvgIMCF=1.80GHz GFlop/s=935.14 IO=24.01MB/s MPI_time/exec_Time (max/avg/min): 46.6/28.0/4.3 %)  
	 Next Frequency 2.40[0m
EAR(experiment-ear.job) at 2.400 in tcn1145 MR[0] elapsed 63 sec.: [32m(CPI=0.460 GBS=201.76 Power=531.9W Time=1.172s
	AvgCPUF=2.38GHz/AvgIMCF=1.80GHz GFlop/s=938.60 IO=23.65MB/s MPI_time/exec_Time (max/avg/min): 46.4/27.8/4.4 %)  
	 Next Frequency 2.40[0m
EAR(experiment-ear.job) at 2.400 in tcn1145 MR[0] elapsed 78 sec.: [32m(CPI=0.459 GBS=310.32 Power=538.2W Time=1.049s
	AvgCPUF=2.39GHz/AvgIMCF=1.80GHz GFlop/s=941.49 IO=0.01MB/s MPI_time/exec_Time (max/avg/min): 46.4/27.5/3.6 %)  
	 Next Frequency 2.40[0m
EAR(experiment-ear.job) at 2.400 in tcn1145 MR[0] elapsed 90 sec.: [32m(CPI=0.457 GBS=189.02 Power=579.0W Time=1.269s
	AvgCPUF=2.38GHz/AvgIMCF=1.80GHz GFlop/s=943.36 IO=0.01MB/s MPI_time/exec_Time (max/avg/min): 47.0/28.1/4.4 %)  
	 Next Frequency 2.40[0m
EAR(experiment-ear.job) at 2.400 in tcn1145 MR[0] elapsed 103 sec.: [32m(CPI=0.456 GBS=314.16 Power=534.1W Time=1.271s
	AvgCPUF=2.38GHz/AvgIMCF=1.80GHz GFlop/s=944.54 IO=0.01MB/s MPI_time/exec_Time (max/avg/min): 47.2/28.3/4.4 %)  [0m
EAR(experiment-ear.job) at 2.400 in tcn1145 MR[0] elapsed 116 sec.: [32m(CPI=0.456 GBS=255.16 Power=536.3W Time=1.269s
	AvgCPUF=2.38GHz/AvgIMCF=1.80GHz GFlop/s=945.59 IO=0.01MB/s MPI_time/exec_Time (max/avg/min): 47.1/28.3/4.6 %)  
	 Next Frequency 2.40[0m
EAR(experiment-ear.job) at 2.400 in tcn1145 MR[0] elapsed 127 sec.: [32m(CPI=0.456 GBS=235.30 Power=535.0W Time=1.268s
	AvgCPUF=2.38GHz/AvgIMCF=1.80GHz GFlop/s=946.34 IO=0.01MB/s MPI_time/exec_Time (max/avg/min): 47.2/28.3/4.1 %)  [0m
EAR(experiment-ear.job) at 2.400 in tcn1145 MR[0] elapsed 150 sec.: [32m(CPI=0.457 GBS=266.75 Power=562.4W Time=1.105s
	AvgCPUF=2.39GHz/AvgIMCF=1.80GHz GFlop/s=947.79 IO=0.00MB/s MPI_time/exec_Time (max/avg/min): 47.1/28.1/4.0 %)  [0m
EAR(experiment-ear.job) at 2.400 in tcn1145 MR[0] elapsed 173 sec.: [32m(CPI=0.458 GBS=279.82 Power=536.0W Time=1.107s
	AvgCPUF=2.38GHz/AvgIMCF=1.80GHz GFlop/s=948.93 IO=0.00MB/s MPI_time/exec_Time (max/avg/min): 47.0/28.0/3.8 %)  [0m
EAR(experiment-ear.job) at 2.400 in tcn1145 MR[0] elapsed 196 sec.: [32m(CPI=0.459 GBS=202.49 Power=538.2W Time=1.155s
	AvgCPUF=2.38GHz/AvgIMCF=1.80GHz GFlop/s=950.14 IO=0.00MB/s MPI_time/exec_Time (max/avg/min): 46.7/27.7/3.6 %)  [0m
EAR(experiment-ear.job) at 2.400 in tcn1145 MR[0] elapsed 218 sec.: [32m(CPI=0.459 GBS=201.33 Power=561.1W Time=1.157s
	AvgCPUF=2.38GHz/AvgIMCF=1.80GHz GFlop/s=950.91 IO=0.00MB/s MPI_time/exec_Time (max/avg/min): 46.8/27.8/3.7 %)  
	 Next Frequency 2.40[0m
EAR(experiment-ear.job) at 2.400 in tcn1145 MR[0] elapsed 240 sec.: [32m(CPI=0.459 GBS=277.84 Power=539.3W Time=1.106s
	AvgCPUF=2.38GHz/AvgIMCF=1.80GHz GFlop/s=951.43 IO=0.00MB/s MPI_time/exec_Time (max/avg/min): 46.8/27.9/4.0 %)  [0m
EAR(experiment-ear.job) at 2.400 in tcn1145 MR[0] elapsed 262 sec.: [32m(CPI=0.459 GBS=265.23 Power=540.6W Time=1.101s
	AvgCPUF=2.39GHz/AvgIMCF=1.80GHz GFlop/s=952.08 IO=0.00MB/s MPI_time/exec_Time (max/avg/min): 46.7/27.8/3.7 %)  
	 Next Frequency 2.40[0m
EAR(experiment-ear.job) at 2.400 in tcn1145 MR[0] elapsed 285 sec.: [32m(CPI=0.459 GBS=225.53 Power=559.6W Time=1.109s
	AvgCPUF=2.38GHz/AvgIMCF=1.80GHz GFlop/s=952.41 IO=0.00MB/s MPI_time/exec_Time (max/avg/min): 47.0/27.9/3.9 %)  [0m
EAR(experiment-ear.job) at 2.400 in tcn1145 MR[0] elapsed 307 sec.: [32m(CPI=0.460 GBS=259.48 Power=540.5W Time=1.155s
	AvgCPUF=2.38GHz/AvgIMCF=1.80GHz GFlop/s=952.96 IO=0.00MB/s MPI_time/exec_Time (max/avg/min): 46.5/27.6/3.8 %)  
	 Next Frequency 2.40[0m
EAR(experiment-ear.job) at 2.400 in tcn1145 MR[0] elapsed 330 sec.: [32m(CPI=0.457 GBS=260.38 Power=539.1W Time=1.104s
	AvgCPUF=2.38GHz/AvgIMCF=1.80GHz GFlop/s=953.23 IO=0.00MB/s MPI_time/exec_Time (max/avg/min): 46.7/28.0/4.0 %)  [0m
EAR(experiment-ear.job) at 2.400 in tcn1145 MR[0] elapsed 353 sec.: [32m(CPI=0.460 GBS=254.71 Power=560.7W Time=1.156s
	AvgCPUF=2.38GHz/AvgIMCF=1.80GHz GFlop/s=953.58 IO=0.00MB/s MPI_time/exec_Time (max/avg/min): 46.6/27.7/4.0 %)  [0m
EAR(experiment-ear.job) at 2.400 in tcn1145 MR[0] elapsed 376 sec.: [32m(CPI=0.460 GBS=289.10 Power=539.7W Time=1.103s
	AvgCPUF=2.38GHz/AvgIMCF=1.80GHz GFlop/s=953.91 IO=0.00MB/s MPI_time/exec_Time (max/avg/min): 46.5/27.7/3.5 %)  [0m
EAR(experiment-ear.job) at 2.400 in tcn1145 MR[0] elapsed 399 sec.: [32m(CPI=0.460 GBS=245.61 Power=539.3W Time=1.156s
	AvgCPUF=2.38GHz/AvgIMCF=1.80GHz GFlop/s=954.17 IO=0.00MB/s MPI_time/exec_Time (max/avg/min): 46.6/27.7/3.8 %)  [0m
EAR(experiment-ear.job) at 2.400 in tcn1145 MR[0] elapsed 422 sec.: [32m(CPI=0.459 GBS=187.82 Power=545.0W Time=1.157s
	AvgCPUF=2.38GHz/AvgIMCF=1.80GHz GFlop/s=954.36 IO=0.00MB/s MPI_time/exec_Time (max/avg/min): 46.8/27.7/3.4 %)  [0m
EAR(experiment-ear.job) at 2.400 in tcn1145 MR[0] elapsed 445 sec.: [32m(CPI=0.460 GBS=257.57 Power=538.8W Time=1.157s
	AvgCPUF=2.38GHz/AvgIMCF=1.80GHz GFlop/s=954.54 IO=0.00MB/s MPI_time/exec_Time (max/avg/min): 46.5/27.6/3.8 %)  
	 Next Frequency 2.40[0m
EAR(experiment-ear.job) at 2.400 in tcn1145 MR[0] elapsed 467 sec.: [32m(CPI=0.458 GBS=255.92 Power=560.4W Time=1.161s
	AvgCPUF=2.38GHz/AvgIMCF=1.80GHz GFlop/s=954.57 IO=0.00MB/s MPI_time/exec_Time (max/avg/min): 46.7/28.0/3.9 %)  [0m
