/gpfs/home3/jvandijk/showcees-framework/tmp.8ug7mXmYHF
config-fixed-large-empty.xml
RBC.xml
RBC.pos
PLT.pos
PLT.xml
filter.filter
/home/jvandijk/HemoCell-dev-no-scorep/Hemocell-Performance-Benchmarks/cube-benchmark/cube-benchmark
moved to /gpfs/home3/jvandijk/showcees-framework/tmp.8ug7mXmYHF

JOB STATISTICS
==============
Job ID: 5748508
Cluster: snellius
User/Group: jvandijk/jvandijk
State: TIMEOUT (exit code 0)
Nodes: 1
Cores per node: 128
CPU Utilized: 00:00:37
CPU Efficiency: 0.05% of 22:02:40 core-walltime
Job Wall-clock time: 00:10:20
Memory Utilized: 8.95 MB
Memory Efficiency: 0.00% of 224.00 GB
