/gpfs/home3/jvandijk/showcees-framework/tmp.oK4bMsVnA0
config-fixed.xml
RBC.xml
RBC.pos
PLT.pos
PLT.xml
filter.filter
/home/jvandijk/HemoCell-dev-no-scorep/Hemocell-Performance-Benchmarks/cube-benchmark/cube-benchmark
moved to /gpfs/home3/jvandijk/showcees-framework/tmp.oK4bMsVnA0
[1712524464.082478] [tcn1191:1331697:0]           ib_md.c:1406 UCX  WARN  IB: ibv_fork_init() was disabled or failed, yet a fork() has been issued.
[1712524464.082487] [tcn1191:1331697:0]           ib_md.c:1407 UCX  WARN  IB: data corruption might occur when using registered memory.
[1712524464.082486] [tcn1191:1331698:0]           ib_md.c:1406 UCX  WARN  IB: ibv_fork_init() was disabled or failed, yet a fork() has been issued.
[1712524464.082495] [tcn1191:1331698:0]           ib_md.c:1407 UCX  WARN  IB: data corruption might occur when using registered memory.
[1712524464.082649] [tcn1191:1331696:0]           ib_md.c:1406 UCX  WARN  IB: ibv_fork_init() was disabled or failed, yet a fork() has been issued.
[1712524464.082656] [tcn1191:1331696:0]           ib_md.c:1407 UCX  WARN  IB: data corruption might occur when using registered memory.
[1712524464.082601] [tcn1191:1331702:0]           ib_md.c:1406 UCX  WARN  IB: ibv_fork_init() was disabled or failed, yet a fork() has been issued.
[1712524464.082609] [tcn1191:1331702:0]           ib_md.c:1407 UCX  WARN  IB: data corruption might occur when using registered memory.
[1712524464.084888] [tcn1191:1331695:0]           ib_md.c:1406 UCX  WARN  IB: ibv_fork_init() was disabled or failed, yet a fork() has been issued.
[1712524464.084898] [tcn1191:1331695:0]           ib_md.c:1407 UCX  WARN  IB: data corruption might occur when using registered memory.
[1712524464.085940] [tcn1191:1331692:0]           ib_md.c:1406 UCX  WARN  IB: ibv_fork_init() was disabled or failed, yet a fork() has been issued.
[1712524464.085950] [tcn1191:1331692:0]           ib_md.c:1407 UCX  WARN  IB: data corruption might occur when using registered memory.
[1712524464.089729] [tcn1191:1331699:0]           ib_md.c:1406 UCX  WARN  IB: ibv_fork_init() was disabled or failed, yet a fork() has been issued.
[1712524464.089748] [tcn1191:1331699:0]           ib_md.c:1407 UCX  WARN  IB: data corruption might occur when using registered memory.
[1712524464.089706] [tcn1191:1331700:0]           ib_md.c:1406 UCX  WARN  IB: ibv_fork_init() was disabled or failed, yet a fork() has been issued.
[1712524464.089724] [tcn1191:1331700:0]           ib_md.c:1407 UCX  WARN  IB: data corruption might occur when using registered memory.
[1712524464.088446] [tcn1191:1331712:0]           ib_md.c:1406 UCX  WARN  IB: ibv_fork_init() was disabled or failed, yet a fork() has been issued.
[1712524464.088457] [tcn1191:1331712:0]           ib_md.c:1407 UCX  WARN  IB: data corruption might occur when using registered memory.
[1712524464.097025] [tcn1191:1331691:0]           ib_md.c:1406 UCX  WARN  IB: ibv_fork_init() was disabled or failed, yet a fork() has been issued.
[1712524464.097039] [tcn1191:1331691:0]           ib_md.c:1407 UCX  WARN  IB: data corruption might occur when using registered memory.
[1712524464.106901] [tcn1191:1331694:0]           ib_md.c:1406 UCX  WARN  IB: ibv_fork_init() was disabled or failed, yet a fork() has been issued.
[1712524464.106924] [tcn1191:1331694:0]           ib_md.c:1407 UCX  WARN  IB: data corruption might occur when using registered memory.
[1712524464.110862] [tcn1191:1331689:0]           ib_md.c:1406 UCX  WARN  IB: ibv_fork_init() was disabled or failed, yet a fork() has been issued.
[1712524464.110880] [tcn1191:1331689:0]           ib_md.c:1407 UCX  WARN  IB: data corruption might occur when using registered memory.
[1712524464.113929] [tcn1191:1331688:0]           ib_md.c:1406 UCX  WARN  IB: ibv_fork_init() was disabled or failed, yet a fork() has been issued.
[1712524464.113946] [tcn1191:1331688:0]           ib_md.c:1407 UCX  WARN  IB: data corruption might occur when using registered memory.
[1712524464.116865] [tcn1191:1331701:0]           ib_md.c:1406 UCX  WARN  IB: ibv_fork_init() was disabled or failed, yet a fork() has been issued.
[1712524464.116891] [tcn1191:1331701:0]           ib_md.c:1407 UCX  WARN  IB: data corruption might occur when using registered memory.
[1712524464.124060] [tcn1191:1331705:0]           ib_md.c:1406 UCX  WARN  IB: ibv_fork_init() was disabled or failed, yet a fork() has been issued.
[1712524464.124081] [tcn1191:1331705:0]           ib_md.c:1407 UCX  WARN  IB: data corruption might occur when using registered memory.
[1712524464.125394] [tcn1191:1331703:0]           ib_md.c:1406 UCX  WARN  IB: ibv_fork_init() was disabled or failed, yet a fork() has been issued.
[1712524464.125409] [tcn1191:1331703:0]           ib_md.c:1407 UCX  WARN  IB: data corruption might occur when using registered memory.
[1712524464.133343] [tcn1191:1331706:0]           ib_md.c:1406 UCX  WARN  IB: ibv_fork_init() was disabled or failed, yet a fork() has been issued.
[1712524464.133362] [tcn1191:1331706:0]           ib_md.c:1407 UCX  WARN  IB: data corruption might occur when using registered memory.
[1712524464.138463] [tcn1191:1331710:0]           ib_md.c:1406 UCX  WARN  IB: ibv_fork_init() was disabled or failed, yet a fork() has been issued.
[1712524464.138479] [tcn1191:1331710:0]           ib_md.c:1407 UCX  WARN  IB: data corruption might occur when using registered memory.
[1712524464.141992] [tcn1191:1331690:0]           ib_md.c:1406 UCX  WARN  IB: ibv_fork_init() was disabled or failed, yet a fork() has been issued.
[1712524464.142008] [tcn1191:1331690:0]           ib_md.c:1407 UCX  WARN  IB: data corruption might occur when using registered memory.
[1712524464.141879] [tcn1191:1331711:0]           ib_md.c:1406 UCX  WARN  IB: ibv_fork_init() was disabled or failed, yet a fork() has been issued.
[1712524464.141894] [tcn1191:1331711:0]           ib_md.c:1407 UCX  WARN  IB: data corruption might occur when using registered memory.
[1712524464.142230] [tcn1191:1331717:0]           ib_md.c:1406 UCX  WARN  IB: ibv_fork_init() was disabled or failed, yet a fork() has been issued.
[1712524464.142246] [tcn1191:1331717:0]           ib_md.c:1407 UCX  WARN  IB: data corruption might occur when using registered memory.
[1712524464.142851] [tcn1191:1331716:0]           ib_md.c:1406 UCX  WARN  IB: ibv_fork_init() was disabled or failed, yet a fork() has been issued.
[1712524464.142867] [tcn1191:1331716:0]           ib_md.c:1407 UCX  WARN  IB: data corruption might occur when using registered memory.
[1712524464.142572] [tcn1191:1331718:0]           ib_md.c:1406 UCX  WARN  IB: ibv_fork_init() was disabled or failed, yet a fork() has been issued.
[1712524464.142587] [tcn1191:1331718:0]           ib_md.c:1407 UCX  WARN  IB: data corruption might occur when using registered memory.
[1712524464.143178] [tcn1191:1331693:0]           ib_md.c:1406 UCX  WARN  IB: ibv_fork_init() was disabled or failed, yet a fork() has been issued.
[1712524464.143195] [tcn1191:1331693:0]           ib_md.c:1407 UCX  WARN  IB: data corruption might occur when using registered memory.
[1712524464.143856] [tcn1191:1331704:0]           ib_md.c:1406 UCX  WARN  IB: ibv_fork_init() was disabled or failed, yet a fork() has been issued.
[1712524464.143871] [tcn1191:1331704:0]           ib_md.c:1407 UCX  WARN  IB: data corruption might occur when using registered memory.
[1712524464.143263] [tcn1191:1331707:0]           ib_md.c:1406 UCX  WARN  IB: ibv_fork_init() was disabled or failed, yet a fork() has been issued.
[1712524464.143278] [tcn1191:1331707:0]           ib_md.c:1407 UCX  WARN  IB: data corruption might occur when using registered memory.
[1712524464.143853] [tcn1191:1331708:0]           ib_md.c:1406 UCX  WARN  IB: ibv_fork_init() was disabled or failed, yet a fork() has been issued.
[1712524464.143868] [tcn1191:1331708:0]           ib_md.c:1407 UCX  WARN  IB: data corruption might occur when using registered memory.
[1712524464.144152] [tcn1191:1331709:0]           ib_md.c:1406 UCX  WARN  IB: ibv_fork_init() was disabled or failed, yet a fork() has been issued.
[1712524464.144166] [tcn1191:1331709:0]           ib_md.c:1407 UCX  WARN  IB: data corruption might occur when using registered memory.
[1712524464.144253] [tcn1191:1331714:0]           ib_md.c:1406 UCX  WARN  IB: ibv_fork_init() was disabled or failed, yet a fork() has been issued.
[1712524464.144274] [tcn1191:1331714:0]           ib_md.c:1407 UCX  WARN  IB: data corruption might occur when using registered memory.
[1712524464.144372] [tcn1191:1331687:0]           ib_md.c:1406 UCX  WARN  IB: ibv_fork_init() was disabled or failed, yet a fork() has been issued.
[1712524464.144392] [tcn1191:1331687:0]           ib_md.c:1407 UCX  WARN  IB: data corruption might occur when using registered memory.
[1712524464.145036] [tcn1191:1331713:0]           ib_md.c:1406 UCX  WARN  IB: ibv_fork_init() was disabled or failed, yet a fork() has been issued.
[1712524464.145059] [tcn1191:1331713:0]           ib_md.c:1407 UCX  WARN  IB: data corruption might occur when using registered memory.
[1712524464.145035] [tcn1191:1331715:0]           ib_md.c:1406 UCX  WARN  IB: ibv_fork_init() was disabled or failed, yet a fork() has been issued.
[1712524464.145057] [tcn1191:1331715:0]           ib_md.c:1407 UCX  WARN  IB: data corruption might occur when using registered memory.
[1712524464.146416] [tcn1191:1331712:0]           ib_md.c:1406 UCX  WARN  IB: ibv_fork_init() was disabled or failed, yet a fork() has been issued.
[1712524464.146427] [tcn1191:1331712:0]           ib_md.c:1407 UCX  WARN  IB: data corruption might occur when using registered memory.
[1712524464.216205] [tcn1191:1331692:0]           ib_md.c:1406 UCX  WARN  IB: ibv_fork_init() was disabled or failed, yet a fork() has been issued.
[1712524464.216214] [tcn1191:1331692:0]           ib_md.c:1407 UCX  WARN  IB: data corruption might occur when using registered memory.
[1712524464.227099] [tcn1191:1331695:0]           ib_md.c:1406 UCX  WARN  IB: ibv_fork_init() was disabled or failed, yet a fork() has been issued.
[1712524464.227104] [tcn1191:1331695:0]           ib_md.c:1407 UCX  WARN  IB: data corruption might occur when using registered memory.
[1712524464.216937] [tcn1191:1331696:0]           ib_md.c:1406 UCX  WARN  IB: ibv_fork_init() was disabled or failed, yet a fork() has been issued.
[1712524464.216943] [tcn1191:1331696:0]           ib_md.c:1407 UCX  WARN  IB: data corruption might occur when using registered memory.
[1712524464.221727] [tcn1191:1331697:0]           ib_md.c:1406 UCX  WARN  IB: ibv_fork_init() was disabled or failed, yet a fork() has been issued.
[1712524464.221732] [tcn1191:1331697:0]           ib_md.c:1407 UCX  WARN  IB: data corruption might occur when using registered memory.
[1712524464.216936] [tcn1191:1331698:0]           ib_md.c:1406 UCX  WARN  IB: ibv_fork_init() was disabled or failed, yet a fork() has been issued.
[1712524464.216943] [tcn1191:1331698:0]           ib_md.c:1407 UCX  WARN  IB: data corruption might occur when using registered memory.
[1712524464.222159] [tcn1191:1331702:0]           ib_md.c:1406 UCX  WARN  IB: ibv_fork_init() was disabled or failed, yet a fork() has been issued.
[1712524464.222164] [tcn1191:1331702:0]           ib_md.c:1407 UCX  WARN  IB: data corruption might occur when using registered memory.
[1712524464.247336] [tcn1191:1331688:0]           ib_md.c:1406 UCX  WARN  IB: ibv_fork_init() was disabled or failed, yet a fork() has been issued.
[1712524464.247342] [tcn1191:1331688:0]           ib_md.c:1407 UCX  WARN  IB: data corruption might occur when using registered memory.
[1712524464.242061] [tcn1191:1331689:0]           ib_md.c:1406 UCX  WARN  IB: ibv_fork_init() was disabled or failed, yet a fork() has been issued.
[1712524464.242066] [tcn1191:1331689:0]           ib_md.c:1407 UCX  WARN  IB: data corruption might occur when using registered memory.
[1712524464.240967] [tcn1191:1331691:0]           ib_md.c:1406 UCX  WARN  IB: ibv_fork_init() was disabled or failed, yet a fork() has been issued.
[1712524464.240972] [tcn1191:1331691:0]           ib_md.c:1407 UCX  WARN  IB: data corruption might occur when using registered memory.
[1712524464.240581] [tcn1191:1331694:0]           ib_md.c:1406 UCX  WARN  IB: ibv_fork_init() was disabled or failed, yet a fork() has been issued.
[1712524464.240587] [tcn1191:1331694:0]           ib_md.c:1407 UCX  WARN  IB: data corruption might occur when using registered memory.
[1712524464.237458] [tcn1191:1331699:0]           ib_md.c:1406 UCX  WARN  IB: ibv_fork_init() was disabled or failed, yet a fork() has been issued.
[1712524464.237465] [tcn1191:1331699:0]           ib_md.c:1407 UCX  WARN  IB: data corruption might occur when using registered memory.
[1712524464.237458] [tcn1191:1331700:0]           ib_md.c:1406 UCX  WARN  IB: ibv_fork_init() was disabled or failed, yet a fork() has been issued.
[1712524464.237465] [tcn1191:1331700:0]           ib_md.c:1407 UCX  WARN  IB: data corruption might occur when using registered memory.
[1712524464.236581] [tcn1191:1331711:0]           ib_md.c:1406 UCX  WARN  IB: ibv_fork_init() was disabled or failed, yet a fork() has been issued.
[1712524464.236586] [tcn1191:1331711:0]           ib_md.c:1407 UCX  WARN  IB: data corruption might occur when using registered memory.
[1712524464.236857] [tcn1191:1331712:0]           ib_md.c:1406 UCX  WARN  IB: ibv_fork_init() was disabled or failed, yet a fork() has been issued.
[1712524464.236863] [tcn1191:1331712:0]           ib_md.c:1407 UCX  WARN  IB: data corruption might occur when using registered memory.
[1712524464.236745] [tcn1191:1331713:0]           ib_md.c:1406 UCX  WARN  IB: ibv_fork_init() was disabled or failed, yet a fork() has been issued.
[1712524464.236750] [tcn1191:1331713:0]           ib_md.c:1407 UCX  WARN  IB: data corruption might occur when using registered memory.
[1712524464.236755] [tcn1191:1331714:0]           ib_md.c:1406 UCX  WARN  IB: ibv_fork_init() was disabled or failed, yet a fork() has been issued.
[1712524464.236760] [tcn1191:1331714:0]           ib_md.c:1407 UCX  WARN  IB: data corruption might occur when using registered memory.
[1712524464.236794] [tcn1191:1331715:0]           ib_md.c:1406 UCX  WARN  IB: ibv_fork_init() was disabled or failed, yet a fork() has been issued.
[1712524464.236799] [tcn1191:1331715:0]           ib_md.c:1407 UCX  WARN  IB: data corruption might occur when using registered memory.
[1712524464.235262] [tcn1191:1331716:0]           ib_md.c:1406 UCX  WARN  IB: ibv_fork_init() was disabled or failed, yet a fork() has been issued.
[1712524464.235269] [tcn1191:1331716:0]           ib_md.c:1407 UCX  WARN  IB: data corruption might occur when using registered memory.
[1712524464.236793] [tcn1191:1331717:0]           ib_md.c:1406 UCX  WARN  IB: ibv_fork_init() was disabled or failed, yet a fork() has been issued.
[1712524464.236799] [tcn1191:1331717:0]           ib_md.c:1407 UCX  WARN  IB: data corruption might occur when using registered memory.
[1712524464.236299] [tcn1191:1331718:0]           ib_md.c:1406 UCX  WARN  IB: ibv_fork_init() was disabled or failed, yet a fork() has been issued.
[1712524464.236304] [tcn1191:1331718:0]           ib_md.c:1407 UCX  WARN  IB: data corruption might occur when using registered memory.
[1712524464.253424] [tcn1191:1331701:0]           ib_md.c:1406 UCX  WARN  IB: ibv_fork_init() was disabled or failed, yet a fork() has been issued.
[1712524464.253431] [tcn1191:1331701:0]           ib_md.c:1407 UCX  WARN  IB: data corruption might occur when using registered memory.
[1712524464.267947] [tcn1191:1331703:0]           ib_md.c:1406 UCX  WARN  IB: ibv_fork_init() was disabled or failed, yet a fork() has been issued.
[1712524464.267952] [tcn1191:1331703:0]           ib_md.c:1407 UCX  WARN  IB: data corruption might occur when using registered memory.
[1712524464.266779] [tcn1191:1331705:0]           ib_md.c:1406 UCX  WARN  IB: ibv_fork_init() was disabled or failed, yet a fork() has been issued.
[1712524464.266786] [tcn1191:1331705:0]           ib_md.c:1407 UCX  WARN  IB: data corruption might occur when using registered memory.
[1712524464.280926] [tcn1191:1331706:0]           ib_md.c:1406 UCX  WARN  IB: ibv_fork_init() was disabled or failed, yet a fork() has been issued.
[1712524464.280931] [tcn1191:1331706:0]           ib_md.c:1407 UCX  WARN  IB: data corruption might occur when using registered memory.
[1712524464.291312] [tcn1191:1331710:0]           ib_md.c:1406 UCX  WARN  IB: ibv_fork_init() was disabled or failed, yet a fork() has been issued.
[1712524464.291317] [tcn1191:1331710:0]           ib_md.c:1407 UCX  WARN  IB: data corruption might occur when using registered memory.
[1712524464.319340] [tcn1191:1331687:0]           ib_md.c:1406 UCX  WARN  IB: ibv_fork_init() was disabled or failed, yet a fork() has been issued.
[1712524464.319346] [tcn1191:1331687:0]           ib_md.c:1407 UCX  WARN  IB: data corruption might occur when using registered memory.
[1712524464.321526] [tcn1191:1331690:0]           ib_md.c:1406 UCX  WARN  IB: ibv_fork_init() was disabled or failed, yet a fork() has been issued.
[1712524464.321531] [tcn1191:1331690:0]           ib_md.c:1407 UCX  WARN  IB: data corruption might occur when using registered memory.
[1712524464.318311] [tcn1191:1331693:0]           ib_md.c:1406 UCX  WARN  IB: ibv_fork_init() was disabled or failed, yet a fork() has been issued.
[1712524464.318319] [tcn1191:1331693:0]           ib_md.c:1407 UCX  WARN  IB: data corruption might occur when using registered memory.
[1712524464.314133] [tcn1191:1331704:0]           ib_md.c:1406 UCX  WARN  IB: ibv_fork_init() was disabled or failed, yet a fork() has been issued.
[1712524464.314139] [tcn1191:1331704:0]           ib_md.c:1407 UCX  WARN  IB: data corruption might occur when using registered memory.
[1712524464.313502] [tcn1191:1331707:0]           ib_md.c:1406 UCX  WARN  IB: ibv_fork_init() was disabled or failed, yet a fork() has been issued.
[1712524464.313508] [tcn1191:1331707:0]           ib_md.c:1407 UCX  WARN  IB: data corruption might occur when using registered memory.
[1712524464.313507] [tcn1191:1331708:0]           ib_md.c:1406 UCX  WARN  IB: ibv_fork_init() was disabled or failed, yet a fork() has been issued.
[1712524464.313513] [tcn1191:1331708:0]           ib_md.c:1407 UCX  WARN  IB: data corruption might occur when using registered memory.
[1712524464.323990] [tcn1191:1331709:0]           ib_md.c:1406 UCX  WARN  IB: ibv_fork_init() was disabled or failed, yet a fork() has been issued.
[1712524464.323996] [tcn1191:1331709:0]           ib_md.c:1407 UCX  WARN  IB: data corruption might occur when using registered memory.
[1712524464.327282] [tcn1191:1331711:0]           ib_md.c:1406 UCX  WARN  IB: ibv_fork_init() was disabled or failed, yet a fork() has been issued.
[1712524464.327286] [tcn1191:1331711:0]           ib_md.c:1407 UCX  WARN  IB: data corruption might occur when using registered memory.
[1712524464.327291] [tcn1191:1331716:0]           ib_md.c:1406 UCX  WARN  IB: ibv_fork_init() was disabled or failed, yet a fork() has been issued.
[1712524464.327296] [tcn1191:1331716:0]           ib_md.c:1407 UCX  WARN  IB: data corruption might occur when using registered memory.
[1712524464.327261] [tcn1191:1331718:0]           ib_md.c:1406 UCX  WARN  IB: ibv_fork_init() was disabled or failed, yet a fork() has been issued.
[1712524464.327266] [tcn1191:1331718:0]           ib_md.c:1407 UCX  WARN  IB: data corruption might occur when using registered memory.
[1712524464.327653] [tcn1191:1331713:0]           ib_md.c:1406 UCX  WARN  IB: ibv_fork_init() was disabled or failed, yet a fork() has been issued.
[1712524464.327658] [tcn1191:1331713:0]           ib_md.c:1407 UCX  WARN  IB: data corruption might occur when using registered memory.
[1712524464.327652] [tcn1191:1331714:0]           ib_md.c:1406 UCX  WARN  IB: ibv_fork_init() was disabled or failed, yet a fork() has been issued.
[1712524464.327657] [tcn1191:1331714:0]           ib_md.c:1407 UCX  WARN  IB: data corruption might occur when using registered memory.
[1712524464.327719] [tcn1191:1331715:0]           ib_md.c:1406 UCX  WARN  IB: ibv_fork_init() was disabled or failed, yet a fork() has been issued.
[1712524464.327724] [tcn1191:1331715:0]           ib_md.c:1407 UCX  WARN  IB: data corruption might occur when using registered memory.
[1712524464.327726] [tcn1191:1331717:0]           ib_md.c:1406 UCX  WARN  IB: ibv_fork_init() was disabled or failed, yet a fork() has been issued.
[1712524464.327731] [tcn1191:1331717:0]           ib_md.c:1407 UCX  WARN  IB: data corruption might occur when using registered memory.
[1712524464.336276] [tcn1191:1331712:0]           ib_md.c:1406 UCX  WARN  IB: ibv_fork_init() was disabled or failed, yet a fork() has been issued.
[1712524464.336288] [tcn1191:1331712:0]           ib_md.c:1407 UCX  WARN  IB: data corruption might occur when using registered memory.
[1712524464.370047] [tcn1191:1331692:0]           ib_md.c:1406 UCX  WARN  IB: ibv_fork_init() was disabled or failed, yet a fork() has been issued.
[1712524464.370053] [tcn1191:1331692:0]           ib_md.c:1407 UCX  WARN  IB: data corruption might occur when using registered memory.
[1712524464.376874] [tcn1191:1331696:0]           ib_md.c:1406 UCX  WARN  IB: ibv_fork_init() was disabled or failed, yet a fork() has been issued.
[1712524464.376879] [tcn1191:1331696:0]           ib_md.c:1407 UCX  WARN  IB: data corruption might occur when using registered memory.
[1712524464.376874] [tcn1191:1331698:0]           ib_md.c:1406 UCX  WARN  IB: ibv_fork_init() was disabled or failed, yet a fork() has been issued.
[1712524464.376879] [tcn1191:1331698:0]           ib_md.c:1407 UCX  WARN  IB: data corruption might occur when using registered memory.
[1712524464.381481] [tcn1191:1331695:0]           ib_md.c:1406 UCX  WARN  IB: ibv_fork_init() was disabled or failed, yet a fork() has been issued.
[1712524464.381487] [tcn1191:1331695:0]           ib_md.c:1407 UCX  WARN  IB: data corruption might occur when using registered memory.
[1712524464.378842] [tcn1191:1331697:0]           ib_md.c:1406 UCX  WARN  IB: ibv_fork_init() was disabled or failed, yet a fork() has been issued.
[1712524464.378846] [tcn1191:1331697:0]           ib_md.c:1407 UCX  WARN  IB: data corruption might occur when using registered memory.
[1712524464.378994] [tcn1191:1331702:0]           ib_md.c:1406 UCX  WARN  IB: ibv_fork_init() was disabled or failed, yet a fork() has been issued.
[1712524464.378999] [tcn1191:1331702:0]           ib_md.c:1407 UCX  WARN  IB: data corruption might occur when using registered memory.
[1712524464.404177] [tcn1191:1331699:0]           ib_md.c:1406 UCX  WARN  IB: ibv_fork_init() was disabled or failed, yet a fork() has been issued.
[1712524464.404184] [tcn1191:1331699:0]           ib_md.c:1407 UCX  WARN  IB: data corruption might occur when using registered memory.
[1712524464.404177] [tcn1191:1331700:0]           ib_md.c:1406 UCX  WARN  IB: ibv_fork_init() was disabled or failed, yet a fork() has been issued.
[1712524464.404184] [tcn1191:1331700:0]           ib_md.c:1407 UCX  WARN  IB: data corruption might occur when using registered memory.
[1712524464.423833] [tcn1191:1331688:0]           ib_md.c:1406 UCX  WARN  IB: ibv_fork_init() was disabled or failed, yet a fork() has been issued.
[1712524464.423838] [tcn1191:1331688:0]           ib_md.c:1407 UCX  WARN  IB: data corruption might occur when using registered memory.
[1712524464.423310] [tcn1191:1331689:0]           ib_md.c:1406 UCX  WARN  IB: ibv_fork_init() was disabled or failed, yet a fork() has been issued.
[1712524464.423315] [tcn1191:1331689:0]           ib_md.c:1407 UCX  WARN  IB: data corruption might occur when using registered memory.
[1712524464.423832] [tcn1191:1331691:0]           ib_md.c:1406 UCX  WARN  IB: ibv_fork_init() was disabled or failed, yet a fork() has been issued.
[1712524464.423837] [tcn1191:1331691:0]           ib_md.c:1407 UCX  WARN  IB: data corruption might occur when using registered memory.
[1712524464.422670] [tcn1191:1331694:0]           ib_md.c:1406 UCX  WARN  IB: ibv_fork_init() was disabled or failed, yet a fork() has been issued.
[1712524464.422677] [tcn1191:1331694:0]           ib_md.c:1407 UCX  WARN  IB: data corruption might occur when using registered memory.
[1712524464.426192] [tcn1191:1331701:0]           ib_md.c:1406 UCX  WARN  IB: ibv_fork_init() was disabled or failed, yet a fork() has been issued.
[1712524464.426200] [tcn1191:1331701:0]           ib_md.c:1407 UCX  WARN  IB: data corruption might occur when using registered memory.
[1712524464.420078] [tcn1191:1331712:0]           ib_md.c:1406 UCX  WARN  IB: ibv_fork_init() was disabled or failed, yet a fork() has been issued.
[1712524464.420085] [tcn1191:1331712:0]           ib_md.c:1407 UCX  WARN  IB: data corruption might occur when using registered memory.
[1712524464.434190] [tcn1191:1331703:0]           ib_md.c:1406 UCX  WARN  IB: ibv_fork_init() was disabled or failed, yet a fork() has been issued.
[1712524464.434196] [tcn1191:1331703:0]           ib_md.c:1407 UCX  WARN  IB: data corruption might occur when using registered memory.
[1712524464.434191] [tcn1191:1331705:0]           ib_md.c:1406 UCX  WARN  IB: ibv_fork_init() was disabled or failed, yet a fork() has been issued.
[1712524464.434196] [tcn1191:1331705:0]           ib_md.c:1407 UCX  WARN  IB: data corruption might occur when using registered memory.
[1712524464.444366] [tcn1191:1331706:0]           ib_md.c:1406 UCX  WARN  IB: ibv_fork_init() was disabled or failed, yet a fork() has been issued.
[1712524464.444373] [tcn1191:1331706:0]           ib_md.c:1407 UCX  WARN  IB: data corruption might occur when using registered memory.
[1712524464.444856] [tcn1191:1331710:0]           ib_md.c:1406 UCX  WARN  IB: ibv_fork_init() was disabled or failed, yet a fork() has been issued.
[1712524464.444861] [tcn1191:1331710:0]           ib_md.c:1407 UCX  WARN  IB: data corruption might occur when using registered memory.
[1712524464.441458] [tcn1191:1331711:0]           ib_md.c:1406 UCX  WARN  IB: ibv_fork_init() was disabled or failed, yet a fork() has been issued.
[1712524464.441466] [tcn1191:1331711:0]           ib_md.c:1407 UCX  WARN  IB: data corruption might occur when using registered memory.
[1712524464.442163] [tcn1191:1331713:0]           ib_md.c:1406 UCX  WARN  IB: ibv_fork_init() was disabled or failed, yet a fork() has been issued.
[1712524464.442170] [tcn1191:1331713:0]           ib_md.c:1407 UCX  WARN  IB: data corruption might occur when using registered memory.
[1712524464.441849] [tcn1191:1331714:0]           ib_md.c:1406 UCX  WARN  IB: ibv_fork_init() was disabled or failed, yet a fork() has been issued.
[1712524464.441856] [tcn1191:1331714:0]           ib_md.c:1407 UCX  WARN  IB: data corruption might occur when using registered memory.
[1712524464.441458] [tcn1191:1331715:0]           ib_md.c:1406 UCX  WARN  IB: ibv_fork_init() was disabled or failed, yet a fork() has been issued.
[1712524464.441466] [tcn1191:1331715:0]           ib_md.c:1407 UCX  WARN  IB: data corruption might occur when using registered memory.
[1712524464.442099] [tcn1191:1331716:0]           ib_md.c:1406 UCX  WARN  IB: ibv_fork_init() was disabled or failed, yet a fork() has been issued.
[1712524464.442108] [tcn1191:1331716:0]           ib_md.c:1407 UCX  WARN  IB: data corruption might occur when using registered memory.
[1712524464.441483] [tcn1191:1331717:0]           ib_md.c:1406 UCX  WARN  IB: ibv_fork_init() was disabled or failed, yet a fork() has been issued.
[1712524464.441489] [tcn1191:1331717:0]           ib_md.c:1407 UCX  WARN  IB: data corruption might occur when using registered memory.
[1712524464.442156] [tcn1191:1331718:0]           ib_md.c:1406 UCX  WARN  IB: ibv_fork_init() was disabled or failed, yet a fork() has been issued.
[1712524464.442164] [tcn1191:1331718:0]           ib_md.c:1407 UCX  WARN  IB: data corruption might occur when using registered memory.
[1712524464.473327] [tcn1191:1331704:0]           ib_md.c:1406 UCX  WARN  IB: ibv_fork_init() was disabled or failed, yet a fork() has been issued.
[1712524464.473332] [tcn1191:1331704:0]           ib_md.c:1407 UCX  WARN  IB: data corruption might occur when using registered memory.
[1712524464.473316] [tcn1191:1331707:0]           ib_md.c:1406 UCX  WARN  IB: ibv_fork_init() was disabled or failed, yet a fork() has been issued.
[1712524464.473324] [tcn1191:1331707:0]           ib_md.c:1407 UCX  WARN  IB: data corruption might occur when using registered memory.
[1712524464.473333] [tcn1191:1331708:0]           ib_md.c:1406 UCX  WARN  IB: ibv_fork_init() was disabled or failed, yet a fork() has been issued.
[1712524464.473338] [tcn1191:1331708:0]           ib_md.c:1407 UCX  WARN  IB: data corruption might occur when using registered memory.
[1712524464.484290] [tcn1191:1331687:0]           ib_md.c:1406 UCX  WARN  IB: ibv_fork_init() was disabled or failed, yet a fork() has been issued.
[1712524464.484297] [tcn1191:1331687:0]           ib_md.c:1407 UCX  WARN  IB: data corruption might occur when using registered memory.
[1712524464.485140] [tcn1191:1331690:0]           ib_md.c:1406 UCX  WARN  IB: ibv_fork_init() was disabled or failed, yet a fork() has been issued.
[1712524464.485146] [tcn1191:1331690:0]           ib_md.c:1407 UCX  WARN  IB: data corruption might occur when using registered memory.
[1712524464.482996] [tcn1191:1331693:0]           ib_md.c:1406 UCX  WARN  IB: ibv_fork_init() was disabled or failed, yet a fork() has been issued.
[1712524464.483004] [tcn1191:1331693:0]           ib_md.c:1407 UCX  WARN  IB: data corruption might occur when using registered memory.
[1712524464.485439] [tcn1191:1331709:0]           ib_md.c:1406 UCX  WARN  IB: ibv_fork_init() was disabled or failed, yet a fork() has been issued.
[1712524464.485446] [tcn1191:1331709:0]           ib_md.c:1407 UCX  WARN  IB: data corruption might occur when using registered memory.
[1712524464.485180] [tcn1191:1331712:0]           ib_md.c:1406 UCX  WARN  IB: ibv_fork_init() was disabled or failed, yet a fork() has been issued.
[1712524464.485190] [tcn1191:1331712:0]           ib_md.c:1407 UCX  WARN  IB: data corruption might occur when using registered memory.
[1712524464.504573] [tcn1191:1331711:0]           ib_md.c:1406 UCX  WARN  IB: ibv_fork_init() was disabled or failed, yet a fork() has been issued.
[1712524464.504579] [tcn1191:1331711:0]           ib_md.c:1407 UCX  WARN  IB: data corruption might occur when using registered memory.
[1712524464.511475] [tcn1191:1331713:0]           ib_md.c:1406 UCX  WARN  IB: ibv_fork_init() was disabled or failed, yet a fork() has been issued.
[1712524464.511483] [tcn1191:1331713:0]           ib_md.c:1407 UCX  WARN  IB: data corruption might occur when using registered memory.
[1712524464.511481] [tcn1191:1331714:0]           ib_md.c:1406 UCX  WARN  IB: ibv_fork_init() was disabled or failed, yet a fork() has been issued.
[1712524464.511487] [tcn1191:1331714:0]           ib_md.c:1407 UCX  WARN  IB: data corruption might occur when using registered memory.
[1712524464.511030] [tcn1191:1331715:0]           ib_md.c:1406 UCX  WARN  IB: ibv_fork_init() was disabled or failed, yet a fork() has been issued.
[1712524464.511036] [tcn1191:1331715:0]           ib_md.c:1407 UCX  WARN  IB: data corruption might occur when using registered memory.
[1712524464.508905] [tcn1191:1331716:0]           ib_md.c:1406 UCX  WARN  IB: ibv_fork_init() was disabled or failed, yet a fork() has been issued.
[1712524464.508910] [tcn1191:1331716:0]           ib_md.c:1407 UCX  WARN  IB: data corruption might occur when using registered memory.
[1712524464.511070] [tcn1191:1331717:0]           ib_md.c:1406 UCX  WARN  IB: ibv_fork_init() was disabled or failed, yet a fork() has been issued.
[1712524464.511076] [tcn1191:1331717:0]           ib_md.c:1407 UCX  WARN  IB: data corruption might occur when using registered memory.
[1712524464.511485] [tcn1191:1331718:0]           ib_md.c:1406 UCX  WARN  IB: ibv_fork_init() was disabled or failed, yet a fork() has been issued.
[1712524464.511491] [tcn1191:1331718:0]           ib_md.c:1407 UCX  WARN  IB: data corruption might occur when using registered memory.
[1712524464.543915] [tcn1191:1331692:0]           ib_md.c:1406 UCX  WARN  IB: ibv_fork_init() was disabled or failed, yet a fork() has been issued.
[1712524464.543921] [tcn1191:1331692:0]           ib_md.c:1407 UCX  WARN  IB: data corruption might occur when using registered memory.
[1712524464.553801] [tcn1191:1331696:0]           ib_md.c:1406 UCX  WARN  IB: ibv_fork_init() was disabled or failed, yet a fork() has been issued.
[1712524464.553808] [tcn1191:1331696:0]           ib_md.c:1407 UCX  WARN  IB: data corruption might occur when using registered memory.
[1712524464.553801] [tcn1191:1331698:0]           ib_md.c:1406 UCX  WARN  IB: ibv_fork_init() was disabled or failed, yet a fork() has been issued.
[1712524464.553808] [tcn1191:1331698:0]           ib_md.c:1407 UCX  WARN  IB: data corruption might occur when using registered memory.
[1712524464.554857] [tcn1191:1331695:0]           ib_md.c:1406 UCX  WARN  IB: ibv_fork_init() was disabled or failed, yet a fork() has been issued.
[1712524464.554862] [tcn1191:1331695:0]           ib_md.c:1407 UCX  WARN  IB: data corruption might occur when using registered memory.
[1712524464.554735] [tcn1191:1331697:0]           ib_md.c:1406 UCX  WARN  IB: ibv_fork_init() was disabled or failed, yet a fork() has been issued.
[1712524464.554740] [tcn1191:1331697:0]           ib_md.c:1407 UCX  WARN  IB: data corruption might occur when using registered memory.
[1712524464.554642] [tcn1191:1331702:0]           ib_md.c:1406 UCX  WARN  IB: ibv_fork_init() was disabled or failed, yet a fork() has been issued.
[1712524464.554647] [tcn1191:1331702:0]           ib_md.c:1407 UCX  WARN  IB: data corruption might occur when using registered memory.
[1712524464.560727] [tcn1191:1331711:0]           ib_md.c:1406 UCX  WARN  IB: ibv_fork_init() was disabled or failed, yet a fork() has been issued.
[1712524464.560733] [tcn1191:1331711:0]           ib_md.c:1407 UCX  WARN  IB: data corruption might occur when using registered memory.
[1712524464.570965] [tcn1191:1331716:0]           ib_md.c:1406 UCX  WARN  IB: ibv_fork_init() was disabled or failed, yet a fork() has been issued.
[1712524464.570971] [tcn1191:1331716:0]           ib_md.c:1407 UCX  WARN  IB: data corruption might occur when using registered memory.
[1712524464.573826] [tcn1191:1331715:0]           ib_md.c:1406 UCX  WARN  IB: ibv_fork_init() was disabled or failed, yet a fork() has been issued.
[1712524464.573831] [tcn1191:1331715:0]           ib_md.c:1407 UCX  WARN  IB: data corruption might occur when using registered memory.
[1712524464.578240] [tcn1191:1331713:0]           ib_md.c:1406 UCX  WARN  IB: ibv_fork_init() was disabled or failed, yet a fork() has been issued.
[1712524464.578246] [tcn1191:1331713:0]           ib_md.c:1407 UCX  WARN  IB: data corruption might occur when using registered memory.
[1712524464.578273] [tcn1191:1331714:0]           ib_md.c:1406 UCX  WARN  IB: ibv_fork_init() was disabled or failed, yet a fork() has been issued.
[1712524464.578278] [tcn1191:1331714:0]           ib_md.c:1407 UCX  WARN  IB: data corruption might occur when using registered memory.
[1712524464.579178] [tcn1191:1331717:0]           ib_md.c:1406 UCX  WARN  IB: ibv_fork_init() was disabled or failed, yet a fork() has been issued.
[1712524464.579186] [tcn1191:1331717:0]           ib_md.c:1407 UCX  WARN  IB: data corruption might occur when using registered memory.
[1712524464.579177] [tcn1191:1331718:0]           ib_md.c:1406 UCX  WARN  IB: ibv_fork_init() was disabled or failed, yet a fork() has been issued.
[1712524464.579185] [tcn1191:1331718:0]           ib_md.c:1407 UCX  WARN  IB: data corruption might occur when using registered memory.
[1712524464.579763] [tcn1191:1331700:0]           ib_md.c:1406 UCX  WARN  IB: ibv_fork_init() was disabled or failed, yet a fork() has been issued.
[1712524464.579769] [tcn1191:1331700:0]           ib_md.c:1407 UCX  WARN  IB: data corruption might occur when using registered memory.
[1712524464.582985] [tcn1191:1331699:0]           ib_md.c:1406 UCX  WARN  IB: ibv_fork_init() was disabled or failed, yet a fork() has been issued.
[1712524464.582990] [tcn1191:1331699:0]           ib_md.c:1407 UCX  WARN  IB: data corruption might occur when using registered memory.
[1712524464.613020] [tcn1191:1331691:0]           ib_md.c:1406 UCX  WARN  IB: ibv_fork_init() was disabled or failed, yet a fork() has been issued.
[1712524464.613026] [tcn1191:1331691:0]           ib_md.c:1407 UCX  WARN  IB: data corruption might occur when using registered memory.
[1712524464.613403] [tcn1191:1331694:0]           ib_md.c:1406 UCX  WARN  IB: ibv_fork_init() was disabled or failed, yet a fork() has been issued.
[1712524464.613408] [tcn1191:1331694:0]           ib_md.c:1407 UCX  WARN  IB: data corruption might occur when using registered memory.
[1712524464.614505] [tcn1191:1331688:0]           ib_md.c:1406 UCX  WARN  IB: ibv_fork_init() was disabled or failed, yet a fork() has been issued.
[1712524464.614510] [tcn1191:1331688:0]           ib_md.c:1407 UCX  WARN  IB: data corruption might occur when using registered memory.
[1712524464.614372] [tcn1191:1331689:0]           ib_md.c:1406 UCX  WARN  IB: ibv_fork_init() was disabled or failed, yet a fork() has been issued.
[1712524464.614377] [tcn1191:1331689:0]           ib_md.c:1407 UCX  WARN  IB: data corruption might occur when using registered memory.
[1712524464.615602] [tcn1191:1331701:0]           ib_md.c:1406 UCX  WARN  IB: ibv_fork_init() was disabled or failed, yet a fork() has been issued.
[1712524464.615610] [tcn1191:1331701:0]           ib_md.c:1407 UCX  WARN  IB: data corruption might occur when using registered memory.
[1712524464.618593] [tcn1191:1331703:0]           ib_md.c:1406 UCX  WARN  IB: ibv_fork_init() was disabled or failed, yet a fork() has been issued.
[1712524464.618599] [tcn1191:1331703:0]           ib_md.c:1407 UCX  WARN  IB: data corruption might occur when using registered memory.
[1712524464.618776] [tcn1191:1331705:0]           ib_md.c:1406 UCX  WARN  IB: ibv_fork_init() was disabled or failed, yet a fork() has been issued.
[1712524464.618781] [tcn1191:1331705:0]           ib_md.c:1407 UCX  WARN  IB: data corruption might occur when using registered memory.
[1712524464.629085] [tcn1191:1331706:0]           ib_md.c:1406 UCX  WARN  IB: ibv_fork_init() was disabled or failed, yet a fork() has been issued.
[1712524464.629096] [tcn1191:1331706:0]           ib_md.c:1407 UCX  WARN  IB: data corruption might occur when using registered memory.
[1712524464.635067] [tcn1191:1331710:0]           ib_md.c:1406 UCX  WARN  IB: ibv_fork_init() was disabled or failed, yet a fork() has been issued.
[1712524464.635073] [tcn1191:1331710:0]           ib_md.c:1407 UCX  WARN  IB: data corruption might occur when using registered memory.
[1712524464.662651] [tcn1191:1331687:0]           ib_md.c:1406 UCX  WARN  IB: ibv_fork_init() was disabled or failed, yet a fork() has been issued.
[1712524464.662655] [tcn1191:1331687:0]           ib_md.c:1407 UCX  WARN  IB: data corruption might occur when using registered memory.
[1712524464.662559] [tcn1191:1331690:0]           ib_md.c:1406 UCX  WARN  IB: ibv_fork_init() was disabled or failed, yet a fork() has been issued.
[1712524464.662564] [tcn1191:1331690:0]           ib_md.c:1407 UCX  WARN  IB: data corruption might occur when using registered memory.
[1712524464.661650] [tcn1191:1331693:0]           ib_md.c:1406 UCX  WARN  IB: ibv_fork_init() was disabled or failed, yet a fork() has been issued.
[1712524464.661656] [tcn1191:1331693:0]           ib_md.c:1407 UCX  WARN  IB: data corruption might occur when using registered memory.
[1712524464.655575] [tcn1191:1331704:0]           ib_md.c:1406 UCX  WARN  IB: ibv_fork_init() was disabled or failed, yet a fork() has been issued.
[1712524464.655581] [tcn1191:1331704:0]           ib_md.c:1407 UCX  WARN  IB: data corruption might occur when using registered memory.
[1712524464.655627] [tcn1191:1331707:0]           ib_md.c:1406 UCX  WARN  IB: ibv_fork_init() was disabled or failed, yet a fork() has been issued.
[1712524464.655632] [tcn1191:1331707:0]           ib_md.c:1407 UCX  WARN  IB: data corruption might occur when using registered memory.
[1712524464.655548] [tcn1191:1331708:0]           ib_md.c:1406 UCX  WARN  IB: ibv_fork_init() was disabled or failed, yet a fork() has been issued.
[1712524464.655553] [tcn1191:1331708:0]           ib_md.c:1407 UCX  WARN  IB: data corruption might occur when using registered memory.
[1712524464.662315] [tcn1191:1331709:0]           ib_md.c:1406 UCX  WARN  IB: ibv_fork_init() was disabled or failed, yet a fork() has been issued.
[1712524464.662320] [tcn1191:1331709:0]           ib_md.c:1407 UCX  WARN  IB: data corruption might occur when using registered memory.
[1712524464.678981] [tcn1191:1331692:0]           ib_md.c:1406 UCX  WARN  IB: ibv_fork_init() was disabled or failed, yet a fork() has been issued.
[1712524464.678987] [tcn1191:1331692:0]           ib_md.c:1407 UCX  WARN  IB: data corruption might occur when using registered memory.
[1712524464.705056] [tcn1191:1331695:0]           ib_md.c:1406 UCX  WARN  IB: ibv_fork_init() was disabled or failed, yet a fork() has been issued.
[1712524464.705061] [tcn1191:1331695:0]           ib_md.c:1407 UCX  WARN  IB: data corruption might occur when using registered memory.
[1712524464.705053] [tcn1191:1331696:0]           ib_md.c:1406 UCX  WARN  IB: ibv_fork_init() was disabled or failed, yet a fork() has been issued.
[1712524464.705059] [tcn1191:1331696:0]           ib_md.c:1407 UCX  WARN  IB: data corruption might occur when using registered memory.
[1712524464.705061] [tcn1191:1331697:0]           ib_md.c:1406 UCX  WARN  IB: ibv_fork_init() was disabled or failed, yet a fork() has been issued.
[1712524464.705066] [tcn1191:1331697:0]           ib_md.c:1407 UCX  WARN  IB: data corruption might occur when using registered memory.
[1712524464.705057] [tcn1191:1331698:0]           ib_md.c:1406 UCX  WARN  IB: ibv_fork_init() was disabled or failed, yet a fork() has been issued.
[1712524464.705062] [tcn1191:1331698:0]           ib_md.c:1407 UCX  WARN  IB: data corruption might occur when using registered memory.
[1712524464.705053] [tcn1191:1331702:0]           ib_md.c:1406 UCX  WARN  IB: ibv_fork_init() was disabled or failed, yet a fork() has been issued.
[1712524464.705059] [tcn1191:1331702:0]           ib_md.c:1407 UCX  WARN  IB: data corruption might occur when using registered memory.
[1712524464.720573] [tcn1191:1331700:0]           ib_md.c:1406 UCX  WARN  IB: ibv_fork_init() was disabled or failed, yet a fork() has been issued.
[1712524464.720578] [tcn1191:1331700:0]           ib_md.c:1407 UCX  WARN  IB: data corruption might occur when using registered memory.
[1712524464.732077] [tcn1191:1331699:0]           ib_md.c:1406 UCX  WARN  IB: ibv_fork_init() was disabled or failed, yet a fork() has been issued.
[1712524464.732083] [tcn1191:1331699:0]           ib_md.c:1407 UCX  WARN  IB: data corruption might occur when using registered memory.
[1712524464.773166] [tcn1191:1331688:0]           ib_md.c:1406 UCX  WARN  IB: ibv_fork_init() was disabled or failed, yet a fork() has been issued.
[1712524464.773171] [tcn1191:1331688:0]           ib_md.c:1407 UCX  WARN  IB: data corruption might occur when using registered memory.
[1712524464.772898] [tcn1191:1331689:0]           ib_md.c:1406 UCX  WARN  IB: ibv_fork_init() was disabled or failed, yet a fork() has been issued.
[1712524464.772903] [tcn1191:1331689:0]           ib_md.c:1407 UCX  WARN  IB: data corruption might occur when using registered memory.
[1712524464.771335] [tcn1191:1331691:0]           ib_md.c:1406 UCX  WARN  IB: ibv_fork_init() was disabled or failed, yet a fork() has been issued.
[1712524464.771340] [tcn1191:1331691:0]           ib_md.c:1407 UCX  WARN  IB: data corruption might occur when using registered memory.
[1712524464.771335] [tcn1191:1331694:0]           ib_md.c:1406 UCX  WARN  IB: ibv_fork_init() was disabled or failed, yet a fork() has been issued.
[1712524464.771341] [tcn1191:1331694:0]           ib_md.c:1407 UCX  WARN  IB: data corruption might occur when using registered memory.
[1712524464.774610] [tcn1191:1331701:0]           ib_md.c:1406 UCX  WARN  IB: ibv_fork_init() was disabled or failed, yet a fork() has been issued.
[1712524464.774617] [tcn1191:1331701:0]           ib_md.c:1407 UCX  WARN  IB: data corruption might occur when using registered memory.
[1712524464.776489] [tcn1191:1331703:0]           ib_md.c:1406 UCX  WARN  IB: ibv_fork_init() was disabled or failed, yet a fork() has been issued.
[1712524464.776494] [tcn1191:1331703:0]           ib_md.c:1407 UCX  WARN  IB: data corruption might occur when using registered memory.
[1712524464.776489] [tcn1191:1331705:0]           ib_md.c:1406 UCX  WARN  IB: ibv_fork_init() was disabled or failed, yet a fork() has been issued.
[1712524464.776494] [tcn1191:1331705:0]           ib_md.c:1407 UCX  WARN  IB: data corruption might occur when using registered memory.
[1712524464.780809] [tcn1191:1331706:0]           ib_md.c:1406 UCX  WARN  IB: ibv_fork_init() was disabled or failed, yet a fork() has been issued.
[1712524464.780814] [tcn1191:1331706:0]           ib_md.c:1407 UCX  WARN  IB: data corruption might occur when using registered memory.
[1712524464.791368] [tcn1191:1331710:0]           ib_md.c:1406 UCX  WARN  IB: ibv_fork_init() was disabled or failed, yet a fork() has been issued.
[1712524464.791373] [tcn1191:1331710:0]           ib_md.c:1407 UCX  WARN  IB: data corruption might occur when using registered memory.
[1712524464.826938] [tcn1191:1331687:0]           ib_md.c:1406 UCX  WARN  IB: ibv_fork_init() was disabled or failed, yet a fork() has been issued.
[1712524464.826943] [tcn1191:1331687:0]           ib_md.c:1407 UCX  WARN  IB: data corruption might occur when using registered memory.
[1712524464.826934] [tcn1191:1331690:0]           ib_md.c:1406 UCX  WARN  IB: ibv_fork_init() was disabled or failed, yet a fork() has been issued.
[1712524464.826940] [tcn1191:1331690:0]           ib_md.c:1407 UCX  WARN  IB: data corruption might occur when using registered memory.
[1712524464.826935] [tcn1191:1331693:0]           ib_md.c:1406 UCX  WARN  IB: ibv_fork_init() was disabled or failed, yet a fork() has been issued.
[1712524464.826940] [tcn1191:1331693:0]           ib_md.c:1407 UCX  WARN  IB: data corruption might occur when using registered memory.
[1712524464.817491] [tcn1191:1331704:0]           ib_md.c:1406 UCX  WARN  IB: ibv_fork_init() was disabled or failed, yet a fork() has been issued.
[1712524464.817497] [tcn1191:1331704:0]           ib_md.c:1407 UCX  WARN  IB: data corruption might occur when using registered memory.
[1712524464.817747] [tcn1191:1331707:0]           ib_md.c:1406 UCX  WARN  IB: ibv_fork_init() was disabled or failed, yet a fork() has been issued.
[1712524464.817753] [tcn1191:1331707:0]           ib_md.c:1407 UCX  WARN  IB: data corruption might occur when using registered memory.
[1712524464.817901] [tcn1191:1331708:0]           ib_md.c:1406 UCX  WARN  IB: ibv_fork_init() was disabled or failed, yet a fork() has been issued.
[1712524464.817906] [tcn1191:1331708:0]           ib_md.c:1407 UCX  WARN  IB: data corruption might occur when using registered memory.
[1712524464.824653] [tcn1191:1331709:0]           ib_md.c:1406 UCX  WARN  IB: ibv_fork_init() was disabled or failed, yet a fork() has been issued.
[1712524464.824659] [tcn1191:1331709:0]           ib_md.c:1407 UCX  WARN  IB: data corruption might occur when using registered memory.
[1712524464.837477] [tcn1191:1331692:0]           ib_md.c:1406 UCX  WARN  IB: ibv_fork_init() was disabled or failed, yet a fork() has been issued.
[1712524464.837482] [tcn1191:1331692:0]           ib_md.c:1407 UCX  WARN  IB: data corruption might occur when using registered memory.
[1712524464.876560] [tcn1191:1331695:0]           ib_md.c:1406 UCX  WARN  IB: ibv_fork_init() was disabled or failed, yet a fork() has been issued.
[1712524464.876566] [tcn1191:1331695:0]           ib_md.c:1407 UCX  WARN  IB: data corruption might occur when using registered memory.
[1712524464.876681] [tcn1191:1331696:0]           ib_md.c:1406 UCX  WARN  IB: ibv_fork_init() was disabled or failed, yet a fork() has been issued.
[1712524464.876685] [tcn1191:1331696:0]           ib_md.c:1407 UCX  WARN  IB: data corruption might occur when using registered memory.
[1712524464.876664] [tcn1191:1331697:0]           ib_md.c:1406 UCX  WARN  IB: ibv_fork_init() was disabled or failed, yet a fork() has been issued.
[1712524464.876669] [tcn1191:1331697:0]           ib_md.c:1407 UCX  WARN  IB: data corruption might occur when using registered memory.
[1712524464.876681] [tcn1191:1331698:0]           ib_md.c:1406 UCX  WARN  IB: ibv_fork_init() was disabled or failed, yet a fork() has been issued.
[1712524464.876686] [tcn1191:1331698:0]           ib_md.c:1407 UCX  WARN  IB: data corruption might occur when using registered memory.
[1712524464.878912] [tcn1191:1331700:0]           ib_md.c:1406 UCX  WARN  IB: ibv_fork_init() was disabled or failed, yet a fork() has been issued.
[1712524464.878917] [tcn1191:1331700:0]           ib_md.c:1407 UCX  WARN  IB: data corruption might occur when using registered memory.
[1712524464.876667] [tcn1191:1331702:0]           ib_md.c:1406 UCX  WARN  IB: ibv_fork_init() was disabled or failed, yet a fork() has been issued.
[1712524464.876672] [tcn1191:1331702:0]           ib_md.c:1407 UCX  WARN  IB: data corruption might occur when using registered memory.
[1712524464.894919] [tcn1191:1331699:0]           ib_md.c:1406 UCX  WARN  IB: ibv_fork_init() was disabled or failed, yet a fork() has been issued.
[1712524464.894924] [tcn1191:1331699:0]           ib_md.c:1407 UCX  WARN  IB: data corruption might occur when using registered memory.
[1712524464.939882] [tcn1191:1331691:0]           ib_md.c:1406 UCX  WARN  IB: ibv_fork_init() was disabled or failed, yet a fork() has been issued.
[1712524464.939887] [tcn1191:1331691:0]           ib_md.c:1407 UCX  WARN  IB: data corruption might occur when using registered memory.
[1712524464.939882] [tcn1191:1331694:0]           ib_md.c:1406 UCX  WARN  IB: ibv_fork_init() was disabled or failed, yet a fork() has been issued.
[1712524464.939887] [tcn1191:1331694:0]           ib_md.c:1407 UCX  WARN  IB: data corruption might occur when using registered memory.
[1712524464.941521] [tcn1191:1331688:0]           ib_md.c:1406 UCX  WARN  IB: ibv_fork_init() was disabled or failed, yet a fork() has been issued.
[1712524464.941526] [tcn1191:1331688:0]           ib_md.c:1407 UCX  WARN  IB: data corruption might occur when using registered memory.
[1712524464.940938] [tcn1191:1331689:0]           ib_md.c:1406 UCX  WARN  IB: ibv_fork_init() was disabled or failed, yet a fork() has been issued.
[1712524464.940943] [tcn1191:1331689:0]           ib_md.c:1407 UCX  WARN  IB: data corruption might occur when using registered memory.
[1712524464.947805] [tcn1191:1331701:0]           ib_md.c:1406 UCX  WARN  IB: ibv_fork_init() was disabled or failed, yet a fork() has been issued.
[1712524464.947813] [tcn1191:1331701:0]           ib_md.c:1407 UCX  WARN  IB: data corruption might occur when using registered memory.
[1712524464.947809] [tcn1191:1331703:0]           ib_md.c:1406 UCX  WARN  IB: ibv_fork_init() was disabled or failed, yet a fork() has been issued.
[1712524464.947815] [tcn1191:1331703:0]           ib_md.c:1407 UCX  WARN  IB: data corruption might occur when using registered memory.
[1712524464.947865] [tcn1191:1331705:0]           ib_md.c:1406 UCX  WARN  IB: ibv_fork_init() was disabled or failed, yet a fork() has been issued.
[1712524464.947870] [tcn1191:1331705:0]           ib_md.c:1407 UCX  WARN  IB: data corruption might occur when using registered memory.
[1712524464.947857] [tcn1191:1331706:0]           ib_md.c:1406 UCX  WARN  IB: ibv_fork_init() was disabled or failed, yet a fork() has been issued.
[1712524464.947863] [tcn1191:1331706:0]           ib_md.c:1407 UCX  WARN  IB: data corruption might occur when using registered memory.
[1712524464.951776] [tcn1191:1331710:0]           ib_md.c:1406 UCX  WARN  IB: ibv_fork_init() was disabled or failed, yet a fork() has been issued.
[1712524464.951781] [tcn1191:1331710:0]           ib_md.c:1407 UCX  WARN  IB: data corruption might occur when using registered memory.
[1712524464.992106] [tcn1191:1331690:0]           ib_md.c:1406 UCX  WARN  IB: ibv_fork_init() was disabled or failed, yet a fork() has been issued.
[1712524464.992112] [tcn1191:1331690:0]           ib_md.c:1407 UCX  WARN  IB: data corruption might occur when using registered memory.
[1712524464.992106] [tcn1191:1331693:0]           ib_md.c:1406 UCX  WARN  IB: ibv_fork_init() was disabled or failed, yet a fork() has been issued.
[1712524464.992112] [tcn1191:1331693:0]           ib_md.c:1407 UCX  WARN  IB: data corruption might occur when using registered memory.
[1712524464.980934] [tcn1191:1331704:0]           ib_md.c:1406 UCX  WARN  IB: ibv_fork_init() was disabled or failed, yet a fork() has been issued.
[1712524464.980939] [tcn1191:1331704:0]           ib_md.c:1407 UCX  WARN  IB: data corruption might occur when using registered memory.
[1712524464.980899] [tcn1191:1331707:0]           ib_md.c:1406 UCX  WARN  IB: ibv_fork_init() was disabled or failed, yet a fork() has been issued.
[1712524464.980905] [tcn1191:1331707:0]           ib_md.c:1407 UCX  WARN  IB: data corruption might occur when using registered memory.
[1712524464.980940] [tcn1191:1331708:0]           ib_md.c:1406 UCX  WARN  IB: ibv_fork_init() was disabled or failed, yet a fork() has been issued.
[1712524464.980945] [tcn1191:1331708:0]           ib_md.c:1407 UCX  WARN  IB: data corruption might occur when using registered memory.
[1712524464.984253] [tcn1191:1331709:0]           ib_md.c:1406 UCX  WARN  IB: ibv_fork_init() was disabled or failed, yet a fork() has been issued.
[1712524464.984258] [tcn1191:1331709:0]           ib_md.c:1407 UCX  WARN  IB: data corruption might occur when using registered memory.
[1712524464.993283] [tcn1191:1331687:0]           ib_md.c:1406 UCX  WARN  IB: ibv_fork_init() was disabled or failed, yet a fork() has been issued.
[1712524464.993290] [tcn1191:1331687:0]           ib_md.c:1407 UCX  WARN  IB: data corruption might occur when using registered memory.
(HemoCell) (Config) reading config-fixed.xml
 _   _   ____   __  __   _____    ___   ____   __     __ 
( )_( ) ( ___) (  \/  ) (  _  )  / __) ( ___) (  )   (  )
 ) _ (   )__)   )    (   )(_)(  ( (__   )__)   )(__   )(__ 
(_) (_) (____) (_/\/\_) (_____)  \___) (____) (____) (____) 
                         v.2.6

(unbounded) (Parameters) calculating flow parameters
(HemoCell) dt is set to *auto*. Tau will be set to 1!
(HemoCell) System parameters:
	 dx: 	5e-07
	 dt: 	3.78788e-08
	 dm: 	1.28125e-16
	 dN: 	4.4649e-08
	 tau: 	1
	 nu_lbm: 	0.166667
	 u_lb_max: 	7.57576e-07
	 f_limit: 	0.00111985
(unbounded) (Fluid) Initializing Palabos Fluid Field
(HemoCell) Using default domain management.
(HemoCell) (Fluid) Setting Fluid Equilibrium
Size of the multi-block:     200-by-200-by-100
Number of atomic-blocks:     32
Smallest atomic-block:       50-by-50-by-50
Largest atomic-block:        50-by-50-by-50
Number of allocated cells:   4 million
Fraction of allocated domain: 100 percent

(Hemocell) (HemoCellFields) (Init) particle envelope: 25 [lu]
Cellfield  (+ material model) of RBC
  Volume :90 m VolumeFraction of lsp per fluid node: 1.1215%
  Nvertex: 642
(Cell-mechanics model) High Order model parameters for RBC cellfield
	 k_link:   0.000183679
	 k_area:   9.18393e-07
	 k_bend: : 1.46943e-05
	 k_volume: 3.67357e-06
	 eta_m:    0
	 mean_edge:1.00019
	 N faces:  1280
(HemoCell) (Timescale Seperation) Setting seperation of RBC to 20 timesteps
(HemoCell) (Timescale separation) Setting update separation of all particles to 5 timesteps
(HemoCell) (CellField) Setting output variables for RBC cells
(HemoCell) (Fluid) Setting output variables for fluid field
(HemoCell) (CellField) Loading particle positions 
(readPositionsBloodCells) Reading particle positions...
(readPositionsBloodCells) Particle count in file (RBC): 128000.
(unbounded) fresh start: warming up cell-free fluid domain for 0 iterations...
(unbounded) Starting simulation...
 | RBC Volume ratio [x100%]: 1.925
(main)   nCells (global) = 1000
(HemoCell) (SanityCheck) Performing Sanity check on simulation parameters and setup
(HemoCell) WARNING: Force limit active at 50 pN. Results can be inaccurate due to force capping.
Size of the multi-block:     200-by-200-by-100
Number of atomic-blocks:     32
Smallest atomic-block:       50-by-50-by-50
Largest atomic-block:        50-by-50-by-50
Number of allocated cells:   4 million
Fraction of allocated domain: 100 percent
(SanityCheck) one of the dimensions of the largest atomic block is more than 25.
  This can be inefficient. The best performance is below 26x26x26 blocks.
  It is recommended to adjust the number of processors or the sparseBlockStructure accordingly.
Hemocell Profiler Statistics (Only Process 0):
HemoCell: 1259.768000
 MpiReceive: 0.000000
 MpiSend: 0.000000
 deleteIncompleteCells: 0.010000
 iterate: 1258.910000
  advanceParticles: 62.870000
  applyConstitutiveModel: 17.730000
  collideAndStream: 789.945000
  deleteNonLocalParticles: 3.806000
  interpolateFluidVelocity: 48.785000
  setExternalVector: 51.487000
  spreadParticleForce: 231.923000
  syncEnvelopes: 52.140000
   MpiReceive: 10.010000
   MpiSend: 3.806000
 syncEnvelopes: 0.176000
  MpiReceive: 0.027000
  MpiSend: 0.015000
(main) Simulation finished :) 

JOB STATISTICS
==============
Job ID: 5809732
Cluster: snellius
User/Group: jvandijk/jvandijk
State: COMPLETED (exit code 0)
Nodes: 1
Cores per node: 32
CPU Utilized: 11:03:33
CPU Efficiency: 96.52% of 11:27:28 core-walltime
Job Wall-clock time: 00:21:29
Memory Utilized: 8.49 GB (estimated maximum)
Memory Efficiency: 15.16% of 56.00 GB (1.75 GB/core)
