[1710515332.555404] [o405:331920:0]     ucp_context.c:1969 UCX  WARN  UCP API version is incompatible: required >= 1.15, actual 1.14.1 (loaded from /home_nfs/bhamitono/install/x86_64/rh/8.6/ucx/1.14.1/gnu/8.5.0/lib/libucp.so.0)
[1710515332.555815] [o405:331948:0]     ucp_context.c:1969 UCX  WARN  UCP API version is incompatible: required >= 1.15, actual 1.14.1 (loaded from /home_nfs/bhamitono/install/x86_64/rh/8.6/ucx/1.14.1/gnu/8.5.0/lib/libucp.so.0)
[1710515332.579334] [o405:331964:0]     ucp_context.c:1969 UCX  WARN  UCP API version is incompatible: required >= 1.15, actual 1.14.1 (loaded from /home_nfs/bhamitono/install/x86_64/rh/8.6/ucx/1.14.1/gnu/8.5.0/lib/libucp.so.0)
[1710515332.621889] [o405:331907:0]     ucp_context.c:1969 UCX  WARN  UCP API version is incompatible: required >= 1.15, actual 1.14.1 (loaded from /home_nfs/bhamitono/install/x86_64/rh/8.6/ucx/1.14.1/gnu/8.5.0/lib/libucp.so.0)
[1710515332.622695] [o405:331932:0]     ucp_context.c:1969 UCX  WARN  UCP API version is incompatible: required >= 1.15, actual 1.14.1 (loaded from /home_nfs/bhamitono/install/x86_64/rh/8.6/ucx/1.14.1/gnu/8.5.0/lib/libucp.so.0)
[1710515332.624472] [o405:331922:0]     ucp_context.c:1969 UCX  WARN  UCP API version is incompatible: required >= 1.15, actual 1.14.1 (loaded from /home_nfs/bhamitono/install/x86_64/rh/8.6/ucx/1.14.1/gnu/8.5.0/lib/libucp.so.0)
[1710515332.624519] [o405:331962:0]     ucp_context.c:1969 UCX  WARN  UCP API version is incompatible: required >= 1.15, actual 1.14.1 (loaded from /home_nfs/bhamitono/install/x86_64/rh/8.6/ucx/1.14.1/gnu/8.5.0/lib/libucp.so.0)
[1710515332.624755] [o405:331930:0]     ucp_context.c:1969 UCX  WARN  UCP API version is incompatible: required >= 1.15, actual 1.14.1 (loaded from /home_nfs/bhamitono/install/x86_64/rh/8.6/ucx/1.14.1/gnu/8.5.0/lib/libucp.so.0)
[1710515332.624861] [o405:331916:0]     ucp_context.c:1969 UCX  WARN  UCP API version is incompatible: required >= 1.15, actual 1.14.1 (loaded from /home_nfs/bhamitono/install/x86_64/rh/8.6/ucx/1.14.1/gnu/8.5.0/lib/libucp.so.0)
[1710515332.625895] [o405:331936:0]     ucp_context.c:1969 UCX  WARN  UCP API version is incompatible: required >= 1.15, actual 1.14.1 (loaded from /home_nfs/bhamitono/install/x86_64/rh/8.6/ucx/1.14.1/gnu/8.5.0/lib/libucp.so.0)
[1710515332.630796] [o405:331910:0]     ucp_context.c:1969 UCX  WARN  UCP API version is incompatible: required >= 1.15, actual 1.14.1 (loaded from /home_nfs/bhamitono/install/x86_64/rh/8.6/ucx/1.14.1/gnu/8.5.0/lib/libucp.so.0)
[1710515332.631508] [o405:331950:0]     ucp_context.c:1969 UCX  WARN  UCP API version is incompatible: required >= 1.15, actual 1.14.1 (loaded from /home_nfs/bhamitono/install/x86_64/rh/8.6/ucx/1.14.1/gnu/8.5.0/lib/libucp.so.0)
[1710515332.634780] [o405:331959:0]     ucp_context.c:1969 UCX  WARN  UCP API version is incompatible: required >= 1.15, actual 1.14.1 (loaded from /home_nfs/bhamitono/install/x86_64/rh/8.6/ucx/1.14.1/gnu/8.5.0/lib/libucp.so.0)
[1710515332.635030] [o405:331914:0]     ucp_context.c:1969 UCX  WARN  UCP API version is incompatible: required >= 1.15, actual 1.14.1 (loaded from /home_nfs/bhamitono/install/x86_64/rh/8.6/ucx/1.14.1/gnu/8.5.0/lib/libucp.so.0)
[1710515332.637660] [o405:331955:0]     ucp_context.c:1969 UCX  WARN  UCP API version is incompatible: required >= 1.15, actual 1.14.1 (loaded from /home_nfs/bhamitono/install/x86_64/rh/8.6/ucx/1.14.1/gnu/8.5.0/lib/libucp.so.0)
[1710515332.641543] [o405:331926:0]     ucp_context.c:1969 UCX  WARN  UCP API version is incompatible: required >= 1.15, actual 1.14.1 (loaded from /home_nfs/bhamitono/install/x86_64/rh/8.6/ucx/1.14.1/gnu/8.5.0/lib/libucp.so.0)
[1710515332.644798] [o405:331965:0]     ucp_context.c:1969 UCX  WARN  UCP API version is incompatible: required >= 1.15, actual 1.14.1 (loaded from /home_nfs/bhamitono/install/x86_64/rh/8.6/ucx/1.14.1/gnu/8.5.0/lib/libucp.so.0)
[1710515332.645209] [o405:331912:0]     ucp_context.c:1969 UCX  WARN  UCP API version is incompatible: required >= 1.15, actual 1.14.1 (loaded from /home_nfs/bhamitono/install/x86_64/rh/8.6/ucx/1.14.1/gnu/8.5.0/lib/libucp.so.0)
[1710515332.646096] [o405:331908:0]     ucp_context.c:1969 UCX  WARN  UCP API version is incompatible: required >= 1.15, actual 1.14.1 (loaded from /home_nfs/bhamitono/install/x86_64/rh/8.6/ucx/1.14.1/gnu/8.5.0/lib/libucp.so.0)
[1710515332.646121] [o405:331963:0]     ucp_context.c:1969 UCX  WARN  UCP API version is incompatible: required >= 1.15, actual 1.14.1 (loaded from /home_nfs/bhamitono/install/x86_64/rh/8.6/ucx/1.14.1/gnu/8.5.0/lib/libucp.so.0)
[1710515332.646293] [o405:331942:0]     ucp_context.c:1969 UCX  WARN  UCP API version is incompatible: required >= 1.15, actual 1.14.1 (loaded from /home_nfs/bhamitono/install/x86_64/rh/8.6/ucx/1.14.1/gnu/8.5.0/lib/libucp.so.0)
[1710515332.646393] [o405:331928:0]     ucp_context.c:1969 UCX  WARN  UCP API version is incompatible: required >= 1.15, actual 1.14.1 (loaded from /home_nfs/bhamitono/install/x86_64/rh/8.6/ucx/1.14.1/gnu/8.5.0/lib/libucp.so.0)
[1710515332.646450] [o405:331940:0]     ucp_context.c:1969 UCX  WARN  UCP API version is incompatible: required >= 1.15, actual 1.14.1 (loaded from /home_nfs/bhamitono/install/x86_64/rh/8.6/ucx/1.14.1/gnu/8.5.0/lib/libucp.so.0)
[1710515332.646474] [o405:331961:0]     ucp_context.c:1969 UCX  WARN  UCP API version is incompatible: required >= 1.15, actual 1.14.1 (loaded from /home_nfs/bhamitono/install/x86_64/rh/8.6/ucx/1.14.1/gnu/8.5.0/lib/libucp.so.0)
[1710515332.646658] [o405:331938:0]     ucp_context.c:1969 UCX  WARN  UCP API version is incompatible: required >= 1.15, actual 1.14.1 (loaded from /home_nfs/bhamitono/install/x86_64/rh/8.6/ucx/1.14.1/gnu/8.5.0/lib/libucp.so.0)
[1710515332.646690] [o405:331944:0]     ucp_context.c:1969 UCX  WARN  UCP API version is incompatible: required >= 1.15, actual 1.14.1 (loaded from /home_nfs/bhamitono/install/x86_64/rh/8.6/ucx/1.14.1/gnu/8.5.0/lib/libucp.so.0)
[1710515332.646681] [o405:331918:0]     ucp_context.c:1969 UCX  WARN  UCP API version is incompatible: required >= 1.15, actual 1.14.1 (loaded from /home_nfs/bhamitono/install/x86_64/rh/8.6/ucx/1.14.1/gnu/8.5.0/lib/libucp.so.0)
[1710515332.646771] [o405:331953:0]     ucp_context.c:1969 UCX  WARN  UCP API version is incompatible: required >= 1.15, actual 1.14.1 (loaded from /home_nfs/bhamitono/install/x86_64/rh/8.6/ucx/1.14.1/gnu/8.5.0/lib/libucp.so.0)
[1710515332.646738] [o405:331924:0]     ucp_context.c:1969 UCX  WARN  UCP API version is incompatible: required >= 1.15, actual 1.14.1 (loaded from /home_nfs/bhamitono/install/x86_64/rh/8.6/ucx/1.14.1/gnu/8.5.0/lib/libucp.so.0)
[1710515332.646790] [o405:331935:0]     ucp_context.c:1969 UCX  WARN  UCP API version is incompatible: required >= 1.15, actual 1.14.1 (loaded from /home_nfs/bhamitono/install/x86_64/rh/8.6/ucx/1.14.1/gnu/8.5.0/lib/libucp.so.0)
[1710515332.646884] [o405:331957:0]     ucp_context.c:1969 UCX  WARN  UCP API version is incompatible: required >= 1.15, actual 1.14.1 (loaded from /home_nfs/bhamitono/install/x86_64/rh/8.6/ucx/1.14.1/gnu/8.5.0/lib/libucp.so.0)
[1710515332.646883] [o405:331946:0]     ucp_context.c:1969 UCX  WARN  UCP API version is incompatible: required >= 1.15, actual 1.14.1 (loaded from /home_nfs/bhamitono/install/x86_64/rh/8.6/ucx/1.14.1/gnu/8.5.0/lib/libucp.so.0)
(HemoCell) (Config) reading config-fixed-large.xml
 _   _   ____   __  __   _____    ___   ____   __     __ 
( )_( ) ( ___) (  \/  ) (  _  )  / __) ( ___) (  )   (  )
 ) _ (   )__)   )    (   )(_)(  ( (__   )__)   )(__   )(__ 
(_) (_) (____) (_/\/\_) (_____)  \___) (____) (____) (____) 
                         v.2.6

(unbounded) (Parameters) calculating flow parameters
(HemoCell) dt is set to *auto*. Tau will be set to 1!
(HemoCell) System parameters:
	 dx: 	5e-07
	 dt: 	3.78788e-08
	 dm: 	1.28125e-16
	 dN: 	4.4649e-08
	 tau: 	1
	 nu_lbm: 	0.166667
	 u_lb_max: 	7.57576e-07
	 f_limit: 	0.00111985
(unbounded) (Fluid) Initializing Palabos Fluid Field
(HemoCell) Using default domain management.
(HemoCell) (Fluid) Setting Fluid Equilibrium
Size of the multi-block:     200-by-200-by-100
Number of atomic-blocks:     32
Smallest atomic-block:       50-by-50-by-50
Largest atomic-block:        50-by-50-by-50
Number of allocated cells:   4 million
Fraction of allocated domain: 100 percent

(Hemocell) (HemoCellFields) (Init) particle envelope: 25 [lu]
Cellfield  (+ material model) of RBC
  Volume :90 µm³ VolumeFraction of lsp per fluid node: 1.1215 %
  Nvertex: 642
(Cell-mechanics model) High Order model parameters for RBC cellfield
	 k_link:   0.000183679
	 k_area:   9.18393e-07
	 k_bend: : 1.46943e-05
	 k_volume: 3.67357e-06
	 eta_m:    0
	 mean_edge:1.00019
	 N faces:  1280
(HemoCell) (Timescale Seperation) Setting seperation of RBC to 20 timesteps
(HemoCell) (Timescale separation) Setting update separation of all particles to 5 timesteps
(HemoCell) (CellField) Setting output variables for RBC cells
(HemoCell) (Fluid) Setting output variables for fluid field
(HemoCell) (CellField) Loading particle positions 
(readPositionsBloodCells) Reading particle positions...
(readPositionsBloodCells) Particle count in file (RBC): 128000.
(HemoCell) (Output) writing output at timestep 0 (0 s). Approx. performance: 0.00 s / iteration.
(unbounded) fresh start: warming up cell-free fluid domain for 0 iterations...
(unbounded) Starting simulation...
 | RBC Volume ratio [x100%]: 1.925
(main)   nCells (global) = 1000
Hemocell Profiler Statistics (Only Process 0):
HemoCell: 1.470000
 MpiReceive: 0.000000
 MpiSend: 0.000000
 deleteIncompleteCells: 0.021000
 output: 0.484000
  applyConstitutiveModel: 0.015000
  deleteIncompleteCells: 0.007000
  separateForceVectors: 0.041000
  syncEnvelopes: 0.068000
   MpiReceive: 0.020000
   MpiSend: 0.024000
  unifyForceVectors: 0.013000
  updateResidenceTime: 0.000000
  writeOutput: 0.288000
   writeCellCSVInfo: 0.073000
    syncEnvelopes: 0.030000
     MpiReceive: 0.010000
     MpiSend: 0.009000
   writeCellField: 0.178000
   writeFluidField: 0.036000
 syncEnvelopes: 0.194000
  MpiReceive: 0.036000
  MpiSend: 0.023000
(main) Simulation finished :) 
 -- 
Energy = 1962.257029592 J (Average of 568 W, 3 samples, over 3.454677869 s )
Measurement details in './report_882786.csv'
