CONFIG = FIXED
Perf Event Paranoid to -1
Zone reclaim
Numa balancing
Transparent HP
Drop Cache
Turbo
OFF
---------------
o401
---------------
Boost is now disabled on this node.
 #####################################
 Begin : 
 #####################################
--------------------------------------------------------------------------
The library attempted to open the following supporting CUDA libraries,
but each of them failed.  CUDA-aware support is disabled.
libcuda.so.1: cannot open shared object file: No such file or directory
libcuda.dylib: cannot open shared object file: No such file or directory
/usr/lib64/libcuda.so.1: cannot open shared object file: No such file or directory
/usr/lib64/libcuda.dylib: cannot open shared object file: No such file or directory
If you are not interested in CUDA-aware support, then run with
--mca opal_warn_on_missing_libcuda 0 to suppress this message.  If you are interested
in CUDA-aware support, then try setting LD_LIBRARY_PATH to the location
of libcuda.so.1 to get passed this issue.
--------------------------------------------------------------------------
--------------------------------------------------------------------------
WARNING: There was an error initializing an OpenFabrics device.

  Local host:   o401
  Local device: mlx5_0
--------------------------------------------------------------------------
[1710943892.649380] [o401:212151:0]     ucp_context.c:1969 UCX  WARN  UCP API version is incompatible: required >= 1.15, actual 1.14.1 (loaded from /home_nfs/bhamitono/install/x86_64/rh/8.6/ucx/1.14.1/gnu/8.5.0/lib/libucp.so.0)
[1710943892.649380] [o401:212074:0]     ucp_context.c:1969 UCX  WARN  UCP API version is incompatible: required >= 1.15, actual 1.14.1 (loaded from /home_nfs/bhamitono/install/x86_64/rh/8.6/ucx/1.14.1/gnu/8.5.0/lib/libucp.so.0)
[1710943892.649729] [o401:212012:0]     ucp_context.c:1969 UCX  WARN  UCP API version is incompatible: required >= 1.15, actual 1.14.1 (loaded from /home_nfs/bhamitono/install/x86_64/rh/8.6/ucx/1.14.1/gnu/8.5.0/lib/libucp.so.0)
[1710943892.651844] [o401:212064:0]     ucp_context.c:1969 UCX  WARN  UCP API version is incompatible: required >= 1.15, actual 1.14.1 (loaded from /home_nfs/bhamitono/install/x86_64/rh/8.6/ucx/1.14.1/gnu/8.5.0/lib/libucp.so.0)
[1710943892.653315] [o401:212023:0]     ucp_context.c:1969 UCX  WARN  UCP API version is incompatible: required >= 1.15, actual 1.14.1 (loaded from /home_nfs/bhamitono/install/x86_64/rh/8.6/ucx/1.14.1/gnu/8.5.0/lib/libucp.so.0)
[1710943892.653426] [o401:212112:0]     ucp_context.c:1969 UCX  WARN  UCP API version is incompatible: required >= 1.15, actual 1.14.1 (loaded from /home_nfs/bhamitono/install/x86_64/rh/8.6/ucx/1.14.1/gnu/8.5.0/lib/libucp.so.0)
[1710943892.654012] [o401:212122:0]     ucp_context.c:1969 UCX  WARN  UCP API version is incompatible: required >= 1.15, actual 1.14.1 (loaded from /home_nfs/bhamitono/install/x86_64/rh/8.6/ucx/1.14.1/gnu/8.5.0/lib/libucp.so.0)
[1710943892.654043] [o401:212011:0]     ucp_context.c:1969 UCX  WARN  UCP API version is incompatible: required >= 1.15, actual 1.14.1 (loaded from /home_nfs/bhamitono/install/x86_64/rh/8.6/ucx/1.14.1/gnu/8.5.0/lib/libucp.so.0)
[1710943892.654047] [o401:212042:0]     ucp_context.c:1969 UCX  WARN  UCP API version is incompatible: required >= 1.15, actual 1.14.1 (loaded from /home_nfs/bhamitono/install/x86_64/rh/8.6/ucx/1.14.1/gnu/8.5.0/lib/libucp.so.0)
[1710943892.654283] [o401:212166:0]     ucp_context.c:1969 UCX  WARN  UCP API version is incompatible: required >= 1.15, actual 1.14.1 (loaded from /home_nfs/bhamitono/install/x86_64/rh/8.6/ucx/1.14.1/gnu/8.5.0/lib/libucp.so.0)
[1710943892.654315] [o401:212098:0]     ucp_context.c:1969 UCX  WARN  UCP API version is incompatible: required >= 1.15, actual 1.14.1 (loaded from /home_nfs/bhamitono/install/x86_64/rh/8.6/ucx/1.14.1/gnu/8.5.0/lib/libucp.so.0)
[1710943892.655783] [o401:212275:0]     ucp_context.c:1969 UCX  WARN  UCP API version is incompatible: required >= 1.15, actual 1.14.1 (loaded from /home_nfs/bhamitono/install/x86_64/rh/8.6/ucx/1.14.1/gnu/8.5.0/lib/libucp.so.0)
[1710943892.656280] [o401:212296:0]     ucp_context.c:1969 UCX  WARN  UCP API version is incompatible: required >= 1.15, actual 1.14.1 (loaded from /home_nfs/bhamitono/install/x86_64/rh/8.6/ucx/1.14.1/gnu/8.5.0/lib/libucp.so.0)
[1710943892.656416] [o401:212114:0]     ucp_context.c:1969 UCX  WARN  UCP API version is incompatible: required >= 1.15, actual 1.14.1 (loaded from /home_nfs/bhamitono/install/x86_64/rh/8.6/ucx/1.14.1/gnu/8.5.0/lib/libucp.so.0)
[1710943892.656586] [o401:212277:0]     ucp_context.c:1969 UCX  WARN  UCP API version is incompatible: required >= 1.15, actual 1.14.1 (loaded from /home_nfs/bhamitono/install/x86_64/rh/8.6/ucx/1.14.1/gnu/8.5.0/lib/libucp.so.0)
[1710943892.664514] [o401:212009:0]     ucp_context.c:1969 UCX  WARN  UCP API version is incompatible: required >= 1.15, actual 1.14.1 (loaded from /home_nfs/bhamitono/install/x86_64/rh/8.6/ucx/1.14.1/gnu/8.5.0/lib/libucp.so.0)
[1710943892.682103] [o401:212000:0]     ucp_context.c:1969 UCX  WARN  UCP API version is incompatible: required >= 1.15, actual 1.14.1 (loaded from /home_nfs/bhamitono/install/x86_64/rh/8.6/ucx/1.14.1/gnu/8.5.0/lib/libucp.so.0)
[1710943892.690240] [o401:212169:0]     ucp_context.c:1969 UCX  WARN  UCP API version is incompatible: required >= 1.15, actual 1.14.1 (loaded from /home_nfs/bhamitono/install/x86_64/rh/8.6/ucx/1.14.1/gnu/8.5.0/lib/libucp.so.0)
[1710943892.716895] [o401:212062:0]     ucp_context.c:1969 UCX  WARN  UCP API version is incompatible: required >= 1.15, actual 1.14.1 (loaded from /home_nfs/bhamitono/install/x86_64/rh/8.6/ucx/1.14.1/gnu/8.5.0/lib/libucp.so.0)
[1710943892.725822] [o401:212111:0]     ucp_context.c:1969 UCX  WARN  UCP API version is incompatible: required >= 1.15, actual 1.14.1 (loaded from /home_nfs/bhamitono/install/x86_64/rh/8.6/ucx/1.14.1/gnu/8.5.0/lib/libucp.so.0)
[1710943892.729805] [o401:212101:0]     ucp_context.c:1969 UCX  WARN  UCP API version is incompatible: required >= 1.15, actual 1.14.1 (loaded from /home_nfs/bhamitono/install/x86_64/rh/8.6/ucx/1.14.1/gnu/8.5.0/lib/libucp.so.0)
[1710943892.730186] [o401:212065:0]     ucp_context.c:1969 UCX  WARN  UCP API version is incompatible: required >= 1.15, actual 1.14.1 (loaded from /home_nfs/bhamitono/install/x86_64/rh/8.6/ucx/1.14.1/gnu/8.5.0/lib/libucp.so.0)
[1710943892.733429] [o401:212120:0]     ucp_context.c:1969 UCX  WARN  UCP API version is incompatible: required >= 1.15, actual 1.14.1 (loaded from /home_nfs/bhamitono/install/x86_64/rh/8.6/ucx/1.14.1/gnu/8.5.0/lib/libucp.so.0)
[1710943892.735263] [o401:212072:0]     ucp_context.c:1969 UCX  WARN  UCP API version is incompatible: required >= 1.15, actual 1.14.1 (loaded from /home_nfs/bhamitono/install/x86_64/rh/8.6/ucx/1.14.1/gnu/8.5.0/lib/libucp.so.0)
[1710943892.745339] [o401:212076:0]     ucp_context.c:1969 UCX  WARN  UCP API version is incompatible: required >= 1.15, actual 1.14.1 (loaded from /home_nfs/bhamitono/install/x86_64/rh/8.6/ucx/1.14.1/gnu/8.5.0/lib/libucp.so.0)
[1710943892.746908] [o401:212186:0]     ucp_context.c:1969 UCX  WARN  UCP API version is incompatible: required >= 1.15, actual 1.14.1 (loaded from /home_nfs/bhamitono/install/x86_64/rh/8.6/ucx/1.14.1/gnu/8.5.0/lib/libucp.so.0)
[1710943892.747715] [o401:212116:0]     ucp_context.c:1969 UCX  WARN  UCP API version is incompatible: required >= 1.15, actual 1.14.1 (loaded from /home_nfs/bhamitono/install/x86_64/rh/8.6/ucx/1.14.1/gnu/8.5.0/lib/libucp.so.0)
[1710943892.748017] [o401:212071:0]     ucp_context.c:1969 UCX  WARN  UCP API version is incompatible: required >= 1.15, actual 1.14.1 (loaded from /home_nfs/bhamitono/install/x86_64/rh/8.6/ucx/1.14.1/gnu/8.5.0/lib/libucp.so.0)
[1710943892.748741] [o401:212079:0]     ucp_context.c:1969 UCX  WARN  UCP API version is incompatible: required >= 1.15, actual 1.14.1 (loaded from /home_nfs/bhamitono/install/x86_64/rh/8.6/ucx/1.14.1/gnu/8.5.0/lib/libucp.so.0)
[1710943892.751177] [o401:212332:0]     ucp_context.c:1969 UCX  WARN  UCP API version is incompatible: required >= 1.15, actual 1.14.1 (loaded from /home_nfs/bhamitono/install/x86_64/rh/8.6/ucx/1.14.1/gnu/8.5.0/lib/libucp.so.0)
[1710943892.751777] [o401:212061:0]     ucp_context.c:1969 UCX  WARN  UCP API version is incompatible: required >= 1.15, actual 1.14.1 (loaded from /home_nfs/bhamitono/install/x86_64/rh/8.6/ucx/1.14.1/gnu/8.5.0/lib/libucp.so.0)
[1710943892.752245] [o401:212069:0]     ucp_context.c:1969 UCX  WARN  UCP API version is incompatible: required >= 1.15, actual 1.14.1 (loaded from /home_nfs/bhamitono/install/x86_64/rh/8.6/ucx/1.14.1/gnu/8.5.0/lib/libucp.so.0)
[1710943892.752217] [o401:212113:0]     ucp_context.c:1969 UCX  WARN  UCP API version is incompatible: required >= 1.15, actual 1.14.1 (loaded from /home_nfs/bhamitono/install/x86_64/rh/8.6/ucx/1.14.1/gnu/8.5.0/lib/libucp.so.0)
[1710943892.752434] [o401:212068:0]     ucp_context.c:1969 UCX  WARN  UCP API version is incompatible: required >= 1.15, actual 1.14.1 (loaded from /home_nfs/bhamitono/install/x86_64/rh/8.6/ucx/1.14.1/gnu/8.5.0/lib/libucp.so.0)
[1710943892.752494] [o401:212018:0]     ucp_context.c:1969 UCX  WARN  UCP API version is incompatible: required >= 1.15, actual 1.14.1 (loaded from /home_nfs/bhamitono/install/x86_64/rh/8.6/ucx/1.14.1/gnu/8.5.0/lib/libucp.so.0)
[1710943892.753493] [o401:212106:0]     ucp_context.c:1969 UCX  WARN  UCP API version is incompatible: required >= 1.15, actual 1.14.1 (loaded from /home_nfs/bhamitono/install/x86_64/rh/8.6/ucx/1.14.1/gnu/8.5.0/lib/libucp.so.0)
[1710943892.753559] [o401:212084:0]     ucp_context.c:1969 UCX  WARN  UCP API version is incompatible: required >= 1.15, actual 1.14.1 (loaded from /home_nfs/bhamitono/install/x86_64/rh/8.6/ucx/1.14.1/gnu/8.5.0/lib/libucp.so.0)
[1710943892.753705] [o401:212105:0]     ucp_context.c:1969 UCX  WARN  UCP API version is incompatible: required >= 1.15, actual 1.14.1 (loaded from /home_nfs/bhamitono/install/x86_64/rh/8.6/ucx/1.14.1/gnu/8.5.0/lib/libucp.so.0)
[1710943892.754365] [o401:212322:0]     ucp_context.c:1969 UCX  WARN  UCP API version is incompatible: required >= 1.15, actual 1.14.1 (loaded from /home_nfs/bhamitono/install/x86_64/rh/8.6/ucx/1.14.1/gnu/8.5.0/lib/libucp.so.0)
[1710943892.754478] [o401:212015:0]     ucp_context.c:1969 UCX  WARN  UCP API version is incompatible: required >= 1.15, actual 1.14.1 (loaded from /home_nfs/bhamitono/install/x86_64/rh/8.6/ucx/1.14.1/gnu/8.5.0/lib/libucp.so.0)
[1710943892.754749] [o401:212032:0]     ucp_context.c:1969 UCX  WARN  UCP API version is incompatible: required >= 1.15, actual 1.14.1 (loaded from /home_nfs/bhamitono/install/x86_64/rh/8.6/ucx/1.14.1/gnu/8.5.0/lib/libucp.so.0)
[1710943892.755328] [o401:212142:0]     ucp_context.c:1969 UCX  WARN  UCP API version is incompatible: required >= 1.15, actual 1.14.1 (loaded from /home_nfs/bhamitono/install/x86_64/rh/8.6/ucx/1.14.1/gnu/8.5.0/lib/libucp.so.0)
[1710943892.755590] [o401:212016:0]     ucp_context.c:1969 UCX  WARN  UCP API version is incompatible: required >= 1.15, actual 1.14.1 (loaded from /home_nfs/bhamitono/install/x86_64/rh/8.6/ucx/1.14.1/gnu/8.5.0/lib/libucp.so.0)
[1710943892.756625] [o401:212306:0]     ucp_context.c:1969 UCX  WARN  UCP API version is incompatible: required >= 1.15, actual 1.14.1 (loaded from /home_nfs/bhamitono/install/x86_64/rh/8.6/ucx/1.14.1/gnu/8.5.0/lib/libucp.so.0)
[1710943892.756416] [o401:212297:0]     ucp_context.c:1969 UCX  WARN  UCP API version is incompatible: required >= 1.15, actual 1.14.1 (loaded from /home_nfs/bhamitono/install/x86_64/rh/8.6/ucx/1.14.1/gnu/8.5.0/lib/libucp.so.0)
[1710943892.757267] [o401:212095:0]     ucp_context.c:1969 UCX  WARN  UCP API version is incompatible: required >= 1.15, actual 1.14.1 (loaded from /home_nfs/bhamitono/install/x86_64/rh/8.6/ucx/1.14.1/gnu/8.5.0/lib/libucp.so.0)
[1710943892.762791] [o401:211998:0]     ucp_context.c:1969 UCX  WARN  UCP API version is incompatible: required >= 1.15, actual 1.14.1 (loaded from /home_nfs/bhamitono/install/x86_64/rh/8.6/ucx/1.14.1/gnu/8.5.0/lib/libucp.so.0)
[1710943892.763047] [o401:211997:0]     ucp_context.c:1969 UCX  WARN  UCP API version is incompatible: required >= 1.15, actual 1.14.1 (loaded from /home_nfs/bhamitono/install/x86_64/rh/8.6/ucx/1.14.1/gnu/8.5.0/lib/libucp.so.0)
[1710943892.763020] [o401:212080:0]     ucp_context.c:1969 UCX  WARN  UCP API version is incompatible: required >= 1.15, actual 1.14.1 (loaded from /home_nfs/bhamitono/install/x86_64/rh/8.6/ucx/1.14.1/gnu/8.5.0/lib/libucp.so.0)
[1710943892.763148] [o401:212043:0]     ucp_context.c:1969 UCX  WARN  UCP API version is incompatible: required >= 1.15, actual 1.14.1 (loaded from /home_nfs/bhamitono/install/x86_64/rh/8.6/ucx/1.14.1/gnu/8.5.0/lib/libucp.so.0)
[1710943892.763137] [o401:212103:0]     ucp_context.c:1969 UCX  WARN  UCP API version is incompatible: required >= 1.15, actual 1.14.1 (loaded from /home_nfs/bhamitono/install/x86_64/rh/8.6/ucx/1.14.1/gnu/8.5.0/lib/libucp.so.0)
[1710943892.763281] [o401:212090:0]     ucp_context.c:1969 UCX  WARN  UCP API version is incompatible: required >= 1.15, actual 1.14.1 (loaded from /home_nfs/bhamitono/install/x86_64/rh/8.6/ucx/1.14.1/gnu/8.5.0/lib/libucp.so.0)
[1710943892.763414] [o401:212158:0]     ucp_context.c:1969 UCX  WARN  UCP API version is incompatible: required >= 1.15, actual 1.14.1 (loaded from /home_nfs/bhamitono/install/x86_64/rh/8.6/ucx/1.14.1/gnu/8.5.0/lib/libucp.so.0)
[1710943892.763473] [o401:212010:0]     ucp_context.c:1969 UCX  WARN  UCP API version is incompatible: required >= 1.15, actual 1.14.1 (loaded from /home_nfs/bhamitono/install/x86_64/rh/8.6/ucx/1.14.1/gnu/8.5.0/lib/libucp.so.0)
[1710943892.763483] [o401:212085:0]     ucp_context.c:1969 UCX  WARN  UCP API version is incompatible: required >= 1.15, actual 1.14.1 (loaded from /home_nfs/bhamitono/install/x86_64/rh/8.6/ucx/1.14.1/gnu/8.5.0/lib/libucp.so.0)
[1710943892.763576] [o401:212083:0]     ucp_context.c:1969 UCX  WARN  UCP API version is incompatible: required >= 1.15, actual 1.14.1 (loaded from /home_nfs/bhamitono/install/x86_64/rh/8.6/ucx/1.14.1/gnu/8.5.0/lib/libucp.so.0)
[1710943892.763610] [o401:212017:0]     ucp_context.c:1969 UCX  WARN  UCP API version is incompatible: required >= 1.15, actual 1.14.1 (loaded from /home_nfs/bhamitono/install/x86_64/rh/8.6/ucx/1.14.1/gnu/8.5.0/lib/libucp.so.0)
[1710943892.763637] [o401:212124:0]     ucp_context.c:1969 UCX  WARN  UCP API version is incompatible: required >= 1.15, actual 1.14.1 (loaded from /home_nfs/bhamitono/install/x86_64/rh/8.6/ucx/1.14.1/gnu/8.5.0/lib/libucp.so.0)
[1710943892.763632] [o401:212073:0]     ucp_context.c:1969 UCX  WARN  UCP API version is incompatible: required >= 1.15, actual 1.14.1 (loaded from /home_nfs/bhamitono/install/x86_64/rh/8.6/ucx/1.14.1/gnu/8.5.0/lib/libucp.so.0)
[1710943892.763623] [o401:212127:0]     ucp_context.c:1969 UCX  WARN  UCP API version is incompatible: required >= 1.15, actual 1.14.1 (loaded from /home_nfs/bhamitono/install/x86_64/rh/8.6/ucx/1.14.1/gnu/8.5.0/lib/libucp.so.0)
[1710943892.763753] [o401:212075:0]     ucp_context.c:1969 UCX  WARN  UCP API version is incompatible: required >= 1.15, actual 1.14.1 (loaded from /home_nfs/bhamitono/install/x86_64/rh/8.6/ucx/1.14.1/gnu/8.5.0/lib/libucp.so.0)
[1710943892.763869] [o401:212099:0]     ucp_context.c:1969 UCX  WARN  UCP API version is incompatible: required >= 1.15, actual 1.14.1 (loaded from /home_nfs/bhamitono/install/x86_64/rh/8.6/ucx/1.14.1/gnu/8.5.0/lib/libucp.so.0)
[1710943892.764067] [o401:212119:0]     ucp_context.c:1969 UCX  WARN  UCP API version is incompatible: required >= 1.15, actual 1.14.1 (loaded from /home_nfs/bhamitono/install/x86_64/rh/8.6/ucx/1.14.1/gnu/8.5.0/lib/libucp.so.0)
[1710943892.766747] [o401:212268:0]     ucp_context.c:1969 UCX  WARN  UCP API version is incompatible: required >= 1.15, actual 1.14.1 (loaded from /home_nfs/bhamitono/install/x86_64/rh/8.6/ucx/1.14.1/gnu/8.5.0/lib/libucp.so.0)
[1710943892.766892] [o401:212205:0]     ucp_context.c:1969 UCX  WARN  UCP API version is incompatible: required >= 1.15, actual 1.14.1 (loaded from /home_nfs/bhamitono/install/x86_64/rh/8.6/ucx/1.14.1/gnu/8.5.0/lib/libucp.so.0)
[1710943892.768243] [o401:212283:0]     ucp_context.c:1969 UCX  WARN  UCP API version is incompatible: required >= 1.15, actual 1.14.1 (loaded from /home_nfs/bhamitono/install/x86_64/rh/8.6/ucx/1.14.1/gnu/8.5.0/lib/libucp.so.0)
[1710943892.770612] [o401:212328:0]     ucp_context.c:1969 UCX  WARN  UCP API version is incompatible: required >= 1.15, actual 1.14.1 (loaded from /home_nfs/bhamitono/install/x86_64/rh/8.6/ucx/1.14.1/gnu/8.5.0/lib/libucp.so.0)
[1710943892.772082] [o401:212298:0]     ucp_context.c:1969 UCX  WARN  UCP API version is incompatible: required >= 1.15, actual 1.14.1 (loaded from /home_nfs/bhamitono/install/x86_64/rh/8.6/ucx/1.14.1/gnu/8.5.0/lib/libucp.so.0)
[1710943892.774908] [o401:212326:0]     ucp_context.c:1969 UCX  WARN  UCP API version is incompatible: required >= 1.15, actual 1.14.1 (loaded from /home_nfs/bhamitono/install/x86_64/rh/8.6/ucx/1.14.1/gnu/8.5.0/lib/libucp.so.0)
[1710943892.779638] [o401:212185:0]     ucp_context.c:1969 UCX  WARN  UCP API version is incompatible: required >= 1.15, actual 1.14.1 (loaded from /home_nfs/bhamitono/install/x86_64/rh/8.6/ucx/1.14.1/gnu/8.5.0/lib/libucp.so.0)
[1710943892.779859] [o401:212184:0]     ucp_context.c:1969 UCX  WARN  UCP API version is incompatible: required >= 1.15, actual 1.14.1 (loaded from /home_nfs/bhamitono/install/x86_64/rh/8.6/ucx/1.14.1/gnu/8.5.0/lib/libucp.so.0)
[1710943892.781687] [o401:212212:0]     ucp_context.c:1969 UCX  WARN  UCP API version is incompatible: required >= 1.15, actual 1.14.1 (loaded from /home_nfs/bhamitono/install/x86_64/rh/8.6/ucx/1.14.1/gnu/8.5.0/lib/libucp.so.0)
[1710943892.781967] [o401:212215:0]     ucp_context.c:1969 UCX  WARN  UCP API version is incompatible: required >= 1.15, actual 1.14.1 (loaded from /home_nfs/bhamitono/install/x86_64/rh/8.6/ucx/1.14.1/gnu/8.5.0/lib/libucp.so.0)
[1710943892.782145] [o401:212299:0]     ucp_context.c:1969 UCX  WARN  UCP API version is incompatible: required >= 1.15, actual 1.14.1 (loaded from /home_nfs/bhamitono/install/x86_64/rh/8.6/ucx/1.14.1/gnu/8.5.0/lib/libucp.so.0)
[1710943892.782170] [o401:212216:0]     ucp_context.c:1969 UCX  WARN  UCP API version is incompatible: required >= 1.15, actual 1.14.1 (loaded from /home_nfs/bhamitono/install/x86_64/rh/8.6/ucx/1.14.1/gnu/8.5.0/lib/libucp.so.0)
[1710943892.782429] [o401:212228:0]     ucp_context.c:1969 UCX  WARN  UCP API version is incompatible: required >= 1.15, actual 1.14.1 (loaded from /home_nfs/bhamitono/install/x86_64/rh/8.6/ucx/1.14.1/gnu/8.5.0/lib/libucp.so.0)
[1710943892.782526] [o401:212211:0]     ucp_context.c:1969 UCX  WARN  UCP API version is incompatible: required >= 1.15, actual 1.14.1 (loaded from /home_nfs/bhamitono/install/x86_64/rh/8.6/ucx/1.14.1/gnu/8.5.0/lib/libucp.so.0)
[1710943892.782577] [o401:212305:0]     ucp_context.c:1969 UCX  WARN  UCP API version is incompatible: required >= 1.15, actual 1.14.1 (loaded from /home_nfs/bhamitono/install/x86_64/rh/8.6/ucx/1.14.1/gnu/8.5.0/lib/libucp.so.0)
[1710943892.782576] [o401:212213:0]     ucp_context.c:1969 UCX  WARN  UCP API version is incompatible: required >= 1.15, actual 1.14.1 (loaded from /home_nfs/bhamitono/install/x86_64/rh/8.6/ucx/1.14.1/gnu/8.5.0/lib/libucp.so.0)
[1710943892.782642] [o401:212229:0]     ucp_context.c:1969 UCX  WARN  UCP API version is incompatible: required >= 1.15, actual 1.14.1 (loaded from /home_nfs/bhamitono/install/x86_64/rh/8.6/ucx/1.14.1/gnu/8.5.0/lib/libucp.so.0)
[1710943892.782686] [o401:212269:0]     ucp_context.c:1969 UCX  WARN  UCP API version is incompatible: required >= 1.15, actual 1.14.1 (loaded from /home_nfs/bhamitono/install/x86_64/rh/8.6/ucx/1.14.1/gnu/8.5.0/lib/libucp.so.0)
[1710943892.782771] [o401:212206:0]     ucp_context.c:1969 UCX  WARN  UCP API version is incompatible: required >= 1.15, actual 1.14.1 (loaded from /home_nfs/bhamitono/install/x86_64/rh/8.6/ucx/1.14.1/gnu/8.5.0/lib/libucp.so.0)
[1710943892.782845] [o401:212230:0]     ucp_context.c:1969 UCX  WARN  UCP API version is incompatible: required >= 1.15, actual 1.14.1 (loaded from /home_nfs/bhamitono/install/x86_64/rh/8.6/ucx/1.14.1/gnu/8.5.0/lib/libucp.so.0)
[1710943892.782930] [o401:212231:0]     ucp_context.c:1969 UCX  WARN  UCP API version is incompatible: required >= 1.15, actual 1.14.1 (loaded from /home_nfs/bhamitono/install/x86_64/rh/8.6/ucx/1.14.1/gnu/8.5.0/lib/libucp.so.0)
[1710943892.783071] [o401:212307:0]     ucp_context.c:1969 UCX  WARN  UCP API version is incompatible: required >= 1.15, actual 1.14.1 (loaded from /home_nfs/bhamitono/install/x86_64/rh/8.6/ucx/1.14.1/gnu/8.5.0/lib/libucp.so.0)
[1710943892.783217] [o401:212214:0]     ucp_context.c:1969 UCX  WARN  UCP API version is incompatible: required >= 1.15, actual 1.14.1 (loaded from /home_nfs/bhamitono/install/x86_64/rh/8.6/ucx/1.14.1/gnu/8.5.0/lib/libucp.so.0)
[1710943892.783260] [o401:212272:0]     ucp_context.c:1969 UCX  WARN  UCP API version is incompatible: required >= 1.15, actual 1.14.1 (loaded from /home_nfs/bhamitono/install/x86_64/rh/8.6/ucx/1.14.1/gnu/8.5.0/lib/libucp.so.0)
[1710943892.783419] [o401:212226:0]     ucp_context.c:1969 UCX  WARN  UCP API version is incompatible: required >= 1.15, actual 1.14.1 (loaded from /home_nfs/bhamitono/install/x86_64/rh/8.6/ucx/1.14.1/gnu/8.5.0/lib/libucp.so.0)
[1710943892.783740] [o401:212274:0]     ucp_context.c:1969 UCX  WARN  UCP API version is incompatible: required >= 1.15, actual 1.14.1 (loaded from /home_nfs/bhamitono/install/x86_64/rh/8.6/ucx/1.14.1/gnu/8.5.0/lib/libucp.so.0)
[1710943892.783717] [o401:212335:0]     ucp_context.c:1969 UCX  WARN  UCP API version is incompatible: required >= 1.15, actual 1.14.1 (loaded from /home_nfs/bhamitono/install/x86_64/rh/8.6/ucx/1.14.1/gnu/8.5.0/lib/libucp.so.0)
[1710943892.783807] [o401:212323:0]     ucp_context.c:1969 UCX  WARN  UCP API version is incompatible: required >= 1.15, actual 1.14.1 (loaded from /home_nfs/bhamitono/install/x86_64/rh/8.6/ucx/1.14.1/gnu/8.5.0/lib/libucp.so.0)
[1710943892.783839] [o401:212311:0]     ucp_context.c:1969 UCX  WARN  UCP API version is incompatible: required >= 1.15, actual 1.14.1 (loaded from /home_nfs/bhamitono/install/x86_64/rh/8.6/ucx/1.14.1/gnu/8.5.0/lib/libucp.so.0)
[1710943892.783865] [o401:212270:0]     ucp_context.c:1969 UCX  WARN  UCP API version is incompatible: required >= 1.15, actual 1.14.1 (loaded from /home_nfs/bhamitono/install/x86_64/rh/8.6/ucx/1.14.1/gnu/8.5.0/lib/libucp.so.0)
[1710943892.783875] [o401:212300:0]     ucp_context.c:1969 UCX  WARN  UCP API version is incompatible: required >= 1.15, actual 1.14.1 (loaded from /home_nfs/bhamitono/install/x86_64/rh/8.6/ucx/1.14.1/gnu/8.5.0/lib/libucp.so.0)
[1710943892.783913] [o401:212333:0]     ucp_context.c:1969 UCX  WARN  UCP API version is incompatible: required >= 1.15, actual 1.14.1 (loaded from /home_nfs/bhamitono/install/x86_64/rh/8.6/ucx/1.14.1/gnu/8.5.0/lib/libucp.so.0)
[1710943892.783935] [o401:212281:0]     ucp_context.c:1969 UCX  WARN  UCP API version is incompatible: required >= 1.15, actual 1.14.1 (loaded from /home_nfs/bhamitono/install/x86_64/rh/8.6/ucx/1.14.1/gnu/8.5.0/lib/libucp.so.0)
[1710943892.783979] [o401:212331:0]     ucp_context.c:1969 UCX  WARN  UCP API version is incompatible: required >= 1.15, actual 1.14.1 (loaded from /home_nfs/bhamitono/install/x86_64/rh/8.6/ucx/1.14.1/gnu/8.5.0/lib/libucp.so.0)
[1710943892.784030] [o401:212329:0]     ucp_context.c:1969 UCX  WARN  UCP API version is incompatible: required >= 1.15, actual 1.14.1 (loaded from /home_nfs/bhamitono/install/x86_64/rh/8.6/ucx/1.14.1/gnu/8.5.0/lib/libucp.so.0)
[1710943892.783996] [o401:212271:0]     ucp_context.c:1969 UCX  WARN  UCP API version is incompatible: required >= 1.15, actual 1.14.1 (loaded from /home_nfs/bhamitono/install/x86_64/rh/8.6/ucx/1.14.1/gnu/8.5.0/lib/libucp.so.0)
[1710943892.784086] [o401:212282:0]     ucp_context.c:1969 UCX  WARN  UCP API version is incompatible: required >= 1.15, actual 1.14.1 (loaded from /home_nfs/bhamitono/install/x86_64/rh/8.6/ucx/1.14.1/gnu/8.5.0/lib/libucp.so.0)
[1710943892.784095] [o401:212334:0]     ucp_context.c:1969 UCX  WARN  UCP API version is incompatible: required >= 1.15, actual 1.14.1 (loaded from /home_nfs/bhamitono/install/x86_64/rh/8.6/ucx/1.14.1/gnu/8.5.0/lib/libucp.so.0)
[1710943892.784027] [o401:212318:0]     ucp_context.c:1969 UCX  WARN  UCP API version is incompatible: required >= 1.15, actual 1.14.1 (loaded from /home_nfs/bhamitono/install/x86_64/rh/8.6/ucx/1.14.1/gnu/8.5.0/lib/libucp.so.0)
[1710943892.784076] [o401:212327:0]     ucp_context.c:1969 UCX  WARN  UCP API version is incompatible: required >= 1.15, actual 1.14.1 (loaded from /home_nfs/bhamitono/install/x86_64/rh/8.6/ucx/1.14.1/gnu/8.5.0/lib/libucp.so.0)
[1710943892.783993] [o401:212320:0]     ucp_context.c:1969 UCX  WARN  UCP API version is incompatible: required >= 1.15, actual 1.14.1 (loaded from /home_nfs/bhamitono/install/x86_64/rh/8.6/ucx/1.14.1/gnu/8.5.0/lib/libucp.so.0)
[1710943892.784087] [o401:212303:0]     ucp_context.c:1969 UCX  WARN  UCP API version is incompatible: required >= 1.15, actual 1.14.1 (loaded from /home_nfs/bhamitono/install/x86_64/rh/8.6/ucx/1.14.1/gnu/8.5.0/lib/libucp.so.0)
[1710943892.784117] [o401:212309:0]     ucp_context.c:1969 UCX  WARN  UCP API version is incompatible: required >= 1.15, actual 1.14.1 (loaded from /home_nfs/bhamitono/install/x86_64/rh/8.6/ucx/1.14.1/gnu/8.5.0/lib/libucp.so.0)
[1710943892.784112] [o401:212325:0]     ucp_context.c:1969 UCX  WARN  UCP API version is incompatible: required >= 1.15, actual 1.14.1 (loaded from /home_nfs/bhamitono/install/x86_64/rh/8.6/ucx/1.14.1/gnu/8.5.0/lib/libucp.so.0)
[1710943892.784120] [o401:212324:0]     ucp_context.c:1969 UCX  WARN  UCP API version is incompatible: required >= 1.15, actual 1.14.1 (loaded from /home_nfs/bhamitono/install/x86_64/rh/8.6/ucx/1.14.1/gnu/8.5.0/lib/libucp.so.0)
[1710943892.784189] [o401:212278:0]     ucp_context.c:1969 UCX  WARN  UCP API version is incompatible: required >= 1.15, actual 1.14.1 (loaded from /home_nfs/bhamitono/install/x86_64/rh/8.6/ucx/1.14.1/gnu/8.5.0/lib/libucp.so.0)
[1710943892.784398] [o401:212285:0]     ucp_context.c:1969 UCX  WARN  UCP API version is incompatible: required >= 1.15, actual 1.14.1 (loaded from /home_nfs/bhamitono/install/x86_64/rh/8.6/ucx/1.14.1/gnu/8.5.0/lib/libucp.so.0)
[1710943892.784737] [o401:212240:0]     ucp_context.c:1969 UCX  WARN  UCP API version is incompatible: required >= 1.15, actual 1.14.1 (loaded from /home_nfs/bhamitono/install/x86_64/rh/8.6/ucx/1.14.1/gnu/8.5.0/lib/libucp.so.0)
[1710943892.784912] [o401:212351:0]     ucp_context.c:1969 UCX  WARN  UCP API version is incompatible: required >= 1.15, actual 1.14.1 (loaded from /home_nfs/bhamitono/install/x86_64/rh/8.6/ucx/1.14.1/gnu/8.5.0/lib/libucp.so.0)
(HemoCell) (Config) reading config.xml
 _   _   ____   __  __   _____    ___   ____   __     __ 
( )_( ) ( ___) (  \/  ) (  _  )  / __) ( ___) (  )   (  )
 ) _ (   )__)   )    (   )(_)(  ( (__   )__)   )(__   )(__ 
(_) (_) (____) (_/\/\_) (_____)  \___) (____) (____) (____) 
                         v.2.6

(unbounded) (Parameters) calculating flow parameters
(HemoCell) dt is set to *auto*. Tau will be set to 1!
(HemoCell) System parameters:
	 dx: 	5e-07
	 dt: 	3.78788e-08
	 dm: 	1.28125e-16
	 dN: 	4.4649e-08
	 tau: 	1
	 nu_lbm: 	0.166667
	 u_lb_max: 	7.57576e-07
	 f_limit: 	0.00111985
(unbounded) (Fluid) Initializing Palabos Fluid Field
(HemoCell) Using default domain management.
(HemoCell) (Fluid) Setting Fluid Equilibrium
Size of the multi-block:     200-by-200-by-100
Number of atomic-blocks:     112
Smallest atomic-block:       50-by-14-by-50
Largest atomic-block:        50-by-15-by-50
Number of allocated cells:   4 million
Fraction of allocated domain: 100 percent

(Hemocell) (HemoCellFields) (Init) particle envelope: 25 [lu]
Cellfield  (+ material model) of RBC
  Volume :90 µm³ VolumeFraction of lsp per fluid node: 1.1215 %
  Nvertex: 642
(Cell-mechanics model) High Order model parameters for RBC cellfield
	 k_link:   0.000183679
	 k_area:   9.18393e-07
	 k_bend: : 1.46943e-05
	 k_volume: 3.67357e-06
	 eta_m:    0
	 mean_edge:1.00019
	 N faces:  1280
(HemoCell) (Timescale Seperation) Setting seperation of RBC to 20 timesteps
(HemoCell) (Timescale separation) Setting update separation of all particles to 5 timesteps
(HemoCell) (CellField) Setting output variables for RBC cells
(HemoCell) (Fluid) Setting output variables for fluid field
(HemoCell) (CellField) Loading particle positions 
(readPositionsBloodCells) Reading particle positions...
(readPositionsBloodCells) Particle count in file (RBC): 128000.
(HemoCell) (Output) writing output at timestep 0 (0 s). Approx. performance: 0.00 s / iteration.
(unbounded) fresh start: warming up cell-free fluid domain for 0 iterations...
(unbounded) Starting simulation...
 | RBC Volume ratio [x100%]: 1.925
(main)   nCells (global) = 1000
(HemoCell) (SanityCheck) Performing Sanity check on simulation parameters and setup
(HemoCell) WARNING: The number of atomic neighbours is suspiciously high: 44 Usually it should be < 30 ! Please check the domain decomposition structure!
(HemoCell) WARNING: Force limit active at 50 pN. Results can be inaccurate due to force capping.
Size of the multi-block:     200-by-200-by-100
Number of atomic-blocks:     112
Smallest atomic-block:       50-by-14-by-50
Largest atomic-block:        50-by-15-by-50
Number of allocated cells:   4 million
Fraction of allocated domain: 100 percent
(SanityCheck) one of the dimensions of the largest atomic block is more than 25.
  This can be inefficient. The best performance is below 26x26x26 blocks.
  It is recommended to adjust the number of processors or the sparseBlockStructure accordingly.
(SanityCheck) one of the dimensions of the smallest atomic block is less than 16.
  This can be inefficient. For the best performance we recommend between 20^3 to 25^3 blocks.
  It is recommended to adjust the number of processors or the sparseBlockStructure, and making sure that the particleEnvelope is smaller than the block size.
[o401:211642] 111 more processes have sent help message help-mpi-common-cuda.txt / dlopen failed
[o401:211642] Set MCA parameter "orte_base_help_aggregate" to 0 to see all help / error messages
[o401:211642] 111 more processes have sent help message help-mpi-btl-openib.txt / error in device init
Hemocell Profiler Statistics (Only Process 0):
HemoCell: 447.442000
 MpiReceive: 0.000000
 MpiSend: 0.000000
 deleteIncompleteCells: 0.007000
 iterate: 446.477000
  advanceParticles: 18.192000
  applyConstitutiveModel: 8.549000
  collideAndStream: 266.590000
  deleteNonLocalParticles: 1.627000
  interpolateFluidVelocity: 10.260000
  setExternalVector: 14.137000
  spreadParticleForce: 96.473000
  syncEnvelopes: 30.407000
   MpiReceive: 7.128000
   MpiSend: 2.835000
 output: 0.284000
  applyConstitutiveModel: 0.008000
  deleteIncompleteCells: 0.002000
  separateForceVectors: 0.020000
  syncEnvelopes: 0.021000
   MpiReceive: 0.006000
   MpiSend: 0.005000
  unifyForceVectors: 0.004000
  updateResidenceTime: 0.000000
  writeOutput: 0.189000
   writeCellCSVInfo: 0.040000
    syncEnvelopes: 0.008000
     MpiReceive: 0.002000
     MpiSend: 0.001000
   writeCellField: 0.136000
   writeFluidField: 0.013000
 syncEnvelopes: 0.089000
  MpiReceive: 0.008000
  MpiSend: 0.005000
(main) Simulation finished :) 
cat: bull_time.out: No such file or directory
BULL MPI TASKS   = 112
BULL Bin name    = /home_nfs/bhamitono/projects/compbiomed2/wp4/hemocell/HemoCell-dev-develop/build_intel_sapphirerapids/cube_gnu_sapphirerapids 
BULL config      = fixed 
BULL PARTITION   = Intel_9480_2s_56c_2t_edr_640GB
BULL Time        = 
