Restoring modules from user's hemocell
[31mError:[0m Couldn't open loop file: 2
[31mError:[0m Couldn't open loop file: 2
[31mError:[0m Couldn't open loop file: 2
[31mError:[0m Couldn't open loop file: 2
[31mError:[0m Couldn't open loop file: 2
[31mError:[0m Couldn't open loop file: 2
[31mError:[0m Couldn't open loop file: 2
[31mError:[0m Couldn't open loop file: 2
[31mError:[0m Couldn't open loop file: 2
[31mError:[0m Couldn't open loop file: 2
[31mError:[0m Couldn't open loop file: 2
[31mError:[0m Couldn't open loop file: 2
[31mError:[0m Couldn't open loop file: 2
[31mError:[0m Couldn't open loop file: 2
[31mError:[0m Couldn't open loop file: 2
[31mError:[0m Couldn't open loop file: 2
[31mError:[0m Couldn't open loop file: 2
[31mError:[0m Couldn't open loop file: 2
[31mError:[0m Couldn't open loop file: 2
[31mError:[0m Couldn't open loop file: 2
[31mError:[0m Couldn't open loop file: 2
[31mError:[0m Couldn't open loop file: 2
[31mError:[0m Couldn't open loop file: 2
[31mError:[0m Couldn't open loop file: 2
[31mError:[0m Couldn't open loop file: 2
[31mError:[0m Couldn't open loop file: 2
srun: Job step aborted: Waiting up to 32 seconds for job step to finish.
slurmstepd: error: *** JOB 5731643 ON tcn490 CANCELLED AT 2024-03-29T23:00:16 DUE TO TIME LIMIT ***
slurmstepd: error: *** STEP 5731643.0 ON tcn490 CANCELLED AT 2024-03-29T23:00:16 DUE TO TIME LIMIT ***
slurmstepd: error: container_p_join: setns failed for /slurm/5731643/.ns: Invalid argument
slurmstepd: error: container_g_join(5731643): Invalid argument
