Restoring modules from user's ert

Reading configuration from 'Config/config.snellius.genoa.01'...
  Making new results directory, Results.snellius.genoa.02...
    Making new run directory, 'Results.snellius.genoa.02/Run.001'...
    mkdir Results.snellius.genoa.02/Run.001 
    cp Config/config.snellius.genoa.01 Results.snellius.genoa.02/Run.001/config.ert 

FLOP count 1...
    mkdir Results.snellius.genoa.02/Run.001/FLOPS.001 

  Building ERT core code...
    mpic++ -Ofast -fargument-noalias -mavx2 -I./Kernels -DERT_FLOP=1 -DERT_ALIGN=32 -DERT_MEMORY_MAX=45496692736 -DERT_WORKING_SET_MIN=1 -DERT_TRIALS_MIN=1 -DERT_WSS_MULT=1.1 -DERT_MPI -DERT_FP64 -c ./Drivers/driver1.cxx -o Results.snellius.genoa.02/Run.001/FLOPS.001/driver1.o 
    mpic++ -Ofast -fargument-noalias -mavx2 -I./Kernels -DERT_FLOP=1 -DERT_ALIGN=32 -DERT_MEMORY_MAX=45496692736 -DERT_WORKING_SET_MIN=1 -DERT_TRIALS_MIN=1 -DERT_WSS_MULT=1.1 -DERT_MPI -DERT_FP64 -c ./Kernels/kernel1.cxx -o Results.snellius.genoa.02/Run.001/FLOPS.001/kernel1.o 
    mpic++ Results.snellius.genoa.02/Run.001/FLOPS.001/driver1.o Results.snellius.genoa.02/Run.001/FLOPS.001/kernel1.o -o Results.snellius.genoa.02/Run.001/FLOPS.001/driver1.kernel1 

  Running ERT core code...
    mkdir Results.snellius.genoa.02/Run.001/FLOPS.001/MPI.0001 
    MPI 1
    (export OMP_NUM_THREADS=ERT_OPENMP_THREADS; mpirun -np 1 Results.snellius.genoa.02/Run.001/FLOPS.001/driver1.kernel1 ) > Results.snellius.genoa.02/Run.001/FLOPS.001/MPI.0001/try.001 2>&1 
    (export OMP_NUM_THREADS=ERT_OPENMP_THREADS; mpirun -np 1 Results.snellius.genoa.02/Run.001/FLOPS.001/driver1.kernel1 ) > Results.snellius.genoa.02/Run.001/FLOPS.001/MPI.0001/try.002 2>&1 
    (export OMP_NUM_THREADS=ERT_OPENMP_THREADS; mpirun -np 1 Results.snellius.genoa.02/Run.001/FLOPS.001/driver1.kernel1 ) > Results.snellius.genoa.02/Run.001/FLOPS.001/MPI.0001/try.003 2>&1 
    (export OMP_NUM_THREADS=ERT_OPENMP_THREADS; mpirun -np 1 Results.snellius.genoa.02/Run.001/FLOPS.001/driver1.kernel1 ) > Results.snellius.genoa.02/Run.001/FLOPS.001/MPI.0001/try.004 2>&1 
    (export OMP_NUM_THREADS=ERT_OPENMP_THREADS; mpirun -np 1 Results.snellius.genoa.02/Run.001/FLOPS.001/driver1.kernel1 ) > Results.snellius.genoa.02/Run.001/FLOPS.001/MPI.0001/try.005 2>&1 
    touch Results.snellius.genoa.02/Run.001/FLOPS.001/MPI.0001/run.done 

  Processing results...
    Results.snellius.genoa.02/Run.001/FLOPS.001/MPI.0001
    cat Results.snellius.genoa.02/Run.001/FLOPS.001/MPI.0001/try.* | ./Scripts/preprocess.py > Results.snellius.genoa.02/Run.001/FLOPS.001/MPI.0001/pre
    ./Scripts/maximum.py < Results.snellius.genoa.02/Run.001/FLOPS.001/MPI.0001/pre > Results.snellius.genoa.02/Run.001/FLOPS.001/MPI.0001/max
    ./Scripts/summary.py < Results.snellius.genoa.02/Run.001/FLOPS.001/MPI.0001/max > Results.snellius.genoa.02/Run.001/FLOPS.001/MPI.0001/sum

    echo 'load "Results.snellius.genoa.02/Run.001/FLOPS.001/MPI.0001/graph1.gnu"' | gnuplot
    echo 'load "Results.snellius.genoa.02/Run.001/FLOPS.001/MPI.0001/graph2.gnu"' | gnuplot
    echo 'load "Results.snellius.genoa.02/Run.001/FLOPS.001/MPI.0001/graph3.gnu"' | gnuplot
    echo 'load "Results.snellius.genoa.02/Run.001/FLOPS.001/MPI.0001/graph4.gnu"' | gnuplot


FLOP count 2...
    mkdir Results.snellius.genoa.02/Run.001/FLOPS.002 

  Building ERT core code...
    mpic++ -Ofast -fargument-noalias -mavx2 -I./Kernels -DERT_FLOP=2 -DERT_ALIGN=32 -DERT_MEMORY_MAX=45496692736 -DERT_WORKING_SET_MIN=1 -DERT_TRIALS_MIN=1 -DERT_WSS_MULT=1.1 -DERT_MPI -DERT_FP64 -c ./Drivers/driver1.cxx -o Results.snellius.genoa.02/Run.001/FLOPS.002/driver1.o 
    mpic++ -Ofast -fargument-noalias -mavx2 -I./Kernels -DERT_FLOP=2 -DERT_ALIGN=32 -DERT_MEMORY_MAX=45496692736 -DERT_WORKING_SET_MIN=1 -DERT_TRIALS_MIN=1 -DERT_WSS_MULT=1.1 -DERT_MPI -DERT_FP64 -c ./Kernels/kernel1.cxx -o Results.snellius.genoa.02/Run.001/FLOPS.002/kernel1.o 
    mpic++ Results.snellius.genoa.02/Run.001/FLOPS.002/driver1.o Results.snellius.genoa.02/Run.001/FLOPS.002/kernel1.o -o Results.snellius.genoa.02/Run.001/FLOPS.002/driver1.kernel1 

  Running ERT core code...
    mkdir Results.snellius.genoa.02/Run.001/FLOPS.002/MPI.0001 
    MPI 1
    (export OMP_NUM_THREADS=ERT_OPENMP_THREADS; mpirun -np 1 Results.snellius.genoa.02/Run.001/FLOPS.002/driver1.kernel1 ) > Results.snellius.genoa.02/Run.001/FLOPS.002/MPI.0001/try.001 2>&1 
    (export OMP_NUM_THREADS=ERT_OPENMP_THREADS; mpirun -np 1 Results.snellius.genoa.02/Run.001/FLOPS.002/driver1.kernel1 ) > Results.snellius.genoa.02/Run.001/FLOPS.002/MPI.0001/try.002 2>&1 
    (export OMP_NUM_THREADS=ERT_OPENMP_THREADS; mpirun -np 1 Results.snellius.genoa.02/Run.001/FLOPS.002/driver1.kernel1 ) > Results.snellius.genoa.02/Run.001/FLOPS.002/MPI.0001/try.003 2>&1 
    (export OMP_NUM_THREADS=ERT_OPENMP_THREADS; mpirun -np 1 Results.snellius.genoa.02/Run.001/FLOPS.002/driver1.kernel1 ) > Results.snellius.genoa.02/Run.001/FLOPS.002/MPI.0001/try.004 2>&1 
    (export OMP_NUM_THREADS=ERT_OPENMP_THREADS; mpirun -np 1 Results.snellius.genoa.02/Run.001/FLOPS.002/driver1.kernel1 ) > Results.snellius.genoa.02/Run.001/FLOPS.002/MPI.0001/try.005 2>&1 
    touch Results.snellius.genoa.02/Run.001/FLOPS.002/MPI.0001/run.done 

  Processing results...
    Results.snellius.genoa.02/Run.001/FLOPS.002/MPI.0001
    cat Results.snellius.genoa.02/Run.001/FLOPS.002/MPI.0001/try.* | ./Scripts/preprocess.py > Results.snellius.genoa.02/Run.001/FLOPS.002/MPI.0001/pre
    ./Scripts/maximum.py < Results.snellius.genoa.02/Run.001/FLOPS.002/MPI.0001/pre > Results.snellius.genoa.02/Run.001/FLOPS.002/MPI.0001/max
    ./Scripts/summary.py < Results.snellius.genoa.02/Run.001/FLOPS.002/MPI.0001/max > Results.snellius.genoa.02/Run.001/FLOPS.002/MPI.0001/sum

    echo 'load "Results.snellius.genoa.02/Run.001/FLOPS.002/MPI.0001/graph1.gnu"' | gnuplot
    echo 'load "Results.snellius.genoa.02/Run.001/FLOPS.002/MPI.0001/graph2.gnu"' | gnuplot
    echo 'load "Results.snellius.genoa.02/Run.001/FLOPS.002/MPI.0001/graph3.gnu"' | gnuplot
    echo 'load "Results.snellius.genoa.02/Run.001/FLOPS.002/MPI.0001/graph4.gnu"' | gnuplot


FLOP count 4...
    mkdir Results.snellius.genoa.02/Run.001/FLOPS.004 

  Building ERT core code...
    mpic++ -Ofast -fargument-noalias -mavx2 -I./Kernels -DERT_FLOP=4 -DERT_ALIGN=32 -DERT_MEMORY_MAX=45496692736 -DERT_WORKING_SET_MIN=1 -DERT_TRIALS_MIN=1 -DERT_WSS_MULT=1.1 -DERT_MPI -DERT_FP64 -c ./Drivers/driver1.cxx -o Results.snellius.genoa.02/Run.001/FLOPS.004/driver1.o 
    mpic++ -Ofast -fargument-noalias -mavx2 -I./Kernels -DERT_FLOP=4 -DERT_ALIGN=32 -DERT_MEMORY_MAX=45496692736 -DERT_WORKING_SET_MIN=1 -DERT_TRIALS_MIN=1 -DERT_WSS_MULT=1.1 -DERT_MPI -DERT_FP64 -c ./Kernels/kernel1.cxx -o Results.snellius.genoa.02/Run.001/FLOPS.004/kernel1.o 
    mpic++ Results.snellius.genoa.02/Run.001/FLOPS.004/driver1.o Results.snellius.genoa.02/Run.001/FLOPS.004/kernel1.o -o Results.snellius.genoa.02/Run.001/FLOPS.004/driver1.kernel1 

  Running ERT core code...
    mkdir Results.snellius.genoa.02/Run.001/FLOPS.004/MPI.0001 
    MPI 1
    (export OMP_NUM_THREADS=ERT_OPENMP_THREADS; mpirun -np 1 Results.snellius.genoa.02/Run.001/FLOPS.004/driver1.kernel1 ) > Results.snellius.genoa.02/Run.001/FLOPS.004/MPI.0001/try.001 2>&1 
    (export OMP_NUM_THREADS=ERT_OPENMP_THREADS; mpirun -np 1 Results.snellius.genoa.02/Run.001/FLOPS.004/driver1.kernel1 ) > Results.snellius.genoa.02/Run.001/FLOPS.004/MPI.0001/try.002 2>&1 
    (export OMP_NUM_THREADS=ERT_OPENMP_THREADS; mpirun -np 1 Results.snellius.genoa.02/Run.001/FLOPS.004/driver1.kernel1 ) > Results.snellius.genoa.02/Run.001/FLOPS.004/MPI.0001/try.003 2>&1 
    (export OMP_NUM_THREADS=ERT_OPENMP_THREADS; mpirun -np 1 Results.snellius.genoa.02/Run.001/FLOPS.004/driver1.kernel1 ) > Results.snellius.genoa.02/Run.001/FLOPS.004/MPI.0001/try.004 2>&1 
    (export OMP_NUM_THREADS=ERT_OPENMP_THREADS; mpirun -np 1 Results.snellius.genoa.02/Run.001/FLOPS.004/driver1.kernel1 ) > Results.snellius.genoa.02/Run.001/FLOPS.004/MPI.0001/try.005 2>&1 
slurmstepd: error: *** JOB 6021943 ON tcn904 CANCELLED AT 2024-04-23T18:29:19 ***
slurmstepd: error: container_p_join: setns failed for /slurm/6021943/.ns: Invalid argument
slurmstepd: error: container_g_join(6021943): Invalid argument

JOB STATISTICS
==============
Job ID: 6021943
Cluster: snellius
User/Group: jvandijk/jvandijk
State: CANCELLED (exit code 0)
Nodes: 1
Cores per node: 192
CPU Utilized: 00:00:03
CPU Efficiency: 0.00% of 24-05:58:24 core-walltime
Job Wall-clock time: 03:01:52
Memory Utilized: 42.57 GB
Memory Efficiency: 12.67% of 336.00 GB
