Restoring modules from user's hemocell
DCGMI support OFF
Mapping frequencies from 64 processes to 128 CPUs...
---------------- EAR 4.3 MPI enabled ----------------
                   App/user id: 'experiment-ear.job'/'jvandijk'
           Node/job id/step_id: 'tcn410'/'5775980'/'0'
     P_STATE/frequency (turbo): 0/2600000 (0)
    Tasks/nodes/ppn/node_ratio: 64/1/64/1.000
             Policy (learning): monitoring (0)
Policy threshold/Perf accuracy: 0.00/10000000.00
   DynAIS levels/window/AVX512: 10/200/2
                      VAR path: /var/ear
           EAR privileged user: 0
                       EARL on: 1 
                  Max CPU freq: 2600000
-------------------------------------------------------
EAR initialized successfully.
EAR(experiment-ear.job) at 2.600 in tcn410 MR[0] elapsed 29 sec.: [32m(CPI=0.719 GBS=82.61 Power=374.0W Time=1.027s
	AvgCPUF=2.57GHz/AvgIMCF=1.47GHz GFlop/s=507.76 IO=6.82MB/s MPI_time/exec_Time (max/avg/min): 34.3/18.4/5.5 %)  
	 Next Frequency 2.60[0m
EAR(experiment-ear.job) at 2.600 in tcn410 MR[0] elapsed 40 sec.: [32m(CPI=0.742 GBS=83.13 Power=375.5W Time=1.225s
	AvgCPUF=2.57GHz/AvgIMCF=1.47GHz GFlop/s=517.25 IO=0.00MB/s MPI_time/exec_Time (max/avg/min): 33.7/17.4/5.4 %)  [0m
EAR(experiment-ear.job) at 2.600 in tcn410 MR[0] elapsed 63 sec.: [32m(CPI=0.740 GBS=83.02 Power=393.0W Time=1.078s
	AvgCPUF=2.57GHz/AvgIMCF=1.47GHz GFlop/s=524.30 IO=0.00MB/s MPI_time/exec_Time (max/avg/min): 33.5/17.6/6.1 %)  [0m
EAR(experiment-ear.job) at 2.600 in tcn410 MR[0] elapsed 85 sec.: [32m(CPI=0.738 GBS=82.98 Power=399.9W Time=1.124s
	AvgCPUF=2.57GHz/AvgIMCF=1.47GHz GFlop/s=527.67 IO=0.00MB/s MPI_time/exec_Time (max/avg/min): 33.7/17.7/6.0 %)  [0m
EAR(experiment-ear.job) at 2.600 in tcn410 MR[0] elapsed 108 sec.: [32m(CPI=0.746 GBS=83.31 Power=403.0W Time=1.118s
	AvgCPUF=2.57GHz/AvgIMCF=1.47GHz GFlop/s=530.05 IO=0.00MB/s MPI_time/exec_Time (max/avg/min): 33.2/17.1/5.3 %)  [0m
EAR(experiment-ear.job) at 2.600 in tcn410 MR[0] elapsed 130 sec.: [32m(CPI=0.739 GBS=83.00 Power=401.5W Time=1.124s
	AvgCPUF=2.57GHz/AvgIMCF=1.47GHz GFlop/s=531.18 IO=0.00MB/s MPI_time/exec_Time (max/avg/min): 33.6/17.7/6.1 %)  [0m
EAR(experiment-ear.job) at 2.600 in tcn410 MR[0] elapsed 153 sec.: [32m(CPI=0.739 GBS=83.09 Power=421.2W Time=1.123s
	AvgCPUF=2.57GHz/AvgIMCF=1.47GHz GFlop/s=532.09 IO=0.00MB/s MPI_time/exec_Time (max/avg/min): 33.7/17.6/6.0 %)  [0m
EAR(experiment-ear.job) at 2.600 in tcn410 MR[0] elapsed 175 sec.: [32m(CPI=0.740 GBS=83.02 Power=402.2W Time=1.123s
	AvgCPUF=2.57GHz/AvgIMCF=1.47GHz GFlop/s=532.74 IO=0.00MB/s MPI_time/exec_Time (max/avg/min): 33.7/17.6/6.1 %)  [0m
EAR(experiment-ear.job) at 2.600 in tcn410 MR[0] elapsed 198 sec.: [32m(CPI=0.745 GBS=83.31 Power=385.1W Time=1.119s
	AvgCPUF=2.57GHz/AvgIMCF=1.47GHz GFlop/s=533.43 IO=0.00MB/s MPI_time/exec_Time (max/avg/min): 33.3/17.2/5.6 %)  [0m
EAR(experiment-ear.job) at 2.600 in tcn410 MR[0] elapsed 220 sec.: [32m(CPI=0.738 GBS=83.10 Power=422.3W Time=1.123s
	AvgCPUF=2.57GHz/AvgIMCF=1.47GHz GFlop/s=533.83 IO=0.00MB/s MPI_time/exec_Time (max/avg/min): 33.4/17.7/6.0 %)  [0m
EAR(experiment-ear.job) at 2.600 in tcn410 MR[0] elapsed 242 sec.: [32m(CPI=0.739 GBS=82.97 Power=402.4W Time=1.125s
	AvgCPUF=2.57GHz/AvgIMCF=1.47GHz GFlop/s=534.07 IO=0.00MB/s MPI_time/exec_Time (max/avg/min): 33.6/17.7/6.0 %)  [0m
EAR(experiment-ear.job) at 2.600 in tcn410 MR[0] elapsed 265 sec.: [32m(CPI=0.738 GBS=83.04 Power=402.8W Time=1.124s
	AvgCPUF=2.57GHz/AvgIMCF=1.47GHz GFlop/s=534.31 IO=0.00MB/s MPI_time/exec_Time (max/avg/min): 33.7/17.7/5.9 %)  [0m
EAR(experiment-ear.job) at 2.600 in tcn410 MR[0] elapsed 287 sec.: [32m(CPI=0.746 GBS=83.31 Power=404.6W Time=1.119s
	AvgCPUF=2.57GHz/AvgIMCF=1.47GHz GFlop/s=534.66 IO=0.00MB/s MPI_time/exec_Time (max/avg/min): 33.1/17.1/5.4 %)  [0m
EAR(experiment-ear.job) at 2.600 in tcn410 MR[0] elapsed 310 sec.: [32m(CPI=0.737 GBS=83.00 Power=383.2W Time=1.125s
	AvgCPUF=2.57GHz/AvgIMCF=1.47GHz GFlop/s=534.77 IO=0.00MB/s MPI_time/exec_Time (max/avg/min): 33.8/17.8/6.0 %)  [0m
EAR(experiment-ear.job) at 2.600 in tcn410 MR[0] elapsed 332 sec.: [32m(CPI=0.741 GBS=83.13 Power=422.6W Time=1.122s
	AvgCPUF=2.57GHz/AvgIMCF=1.47GHz GFlop/s=534.94 IO=0.00MB/s MPI_time/exec_Time (max/avg/min): 33.1/17.5/5.7 %)  [0m
EAR(experiment-ear.job) at 2.600 in tcn410 MR[0] elapsed 355 sec.: [32m(CPI=0.743 GBS=83.24 Power=404.3W Time=1.121s
	AvgCPUF=2.57GHz/AvgIMCF=1.47GHz GFlop/s=535.15 IO=0.00MB/s MPI_time/exec_Time (max/avg/min): 33.7/17.4/5.8 %)  [0m
EAR(experiment-ear.job) at 2.600 in tcn410 MR[0] elapsed 377 sec.: [32m(CPI=0.747 GBS=83.31 Power=384.8W Time=1.123s
	AvgCPUF=2.57GHz/AvgIMCF=1.47GHz GFlop/s=535.36 IO=0.00MB/s MPI_time/exec_Time (max/avg/min): 33.3/17.0/5.4 %)  [0m
EAR(experiment-ear.job) at 2.600 in tcn410 MR[0] elapsed 400 sec.: [32m(CPI=0.739 GBS=83.03 Power=423.0W Time=1.123s
	AvgCPUF=2.57GHz/AvgIMCF=1.47GHz GFlop/s=535.45 IO=0.00MB/s MPI_time/exec_Time (max/avg/min): 33.7/17.6/5.9 %)  [0m
EAR(experiment-ear.job) at 2.600 in tcn410 MR[0] elapsed 421 sec.: [32m(CPI=0.741 GBS=83.06 Power=403.8W Time=1.123s
	AvgCPUF=2.57GHz/AvgIMCF=1.47GHz GFlop/s=535.55 IO=0.00MB/s MPI_time/exec_Time (max/avg/min): 33.4/17.5/5.9 %)  [0m
EAR(experiment-ear.job) at 2.600 in tcn410 MR[0] elapsed 444 sec.: [32m(CPI=0.740 GBS=83.13 Power=401.3W Time=1.076s
	AvgCPUF=2.57GHz/AvgIMCF=1.47GHz GFlop/s=535.64 IO=0.00MB/s MPI_time/exec_Time (max/avg/min): 33.6/17.5/5.8 %)  [0m
EAR(experiment-ear.job) at 2.600 in tcn410 MR[0] elapsed 466 sec.: [32m(CPI=0.747 GBS=83.31 Power=404.4W Time=1.120s
	AvgCPUF=2.57GHz/AvgIMCF=1.47GHz GFlop/s=535.78 IO=0.00MB/s MPI_time/exec_Time (max/avg/min): 33.3/17.1/5.4 %)  [0m
EAR(experiment-ear.job) at 2.600 in tcn410 MR[0] elapsed 488 sec.: [32m(CPI=0.741 GBS=83.16 Power=403.8W Time=1.122s
	AvgCPUF=2.57GHz/AvgIMCF=1.47GHz GFlop/s=535.87 IO=0.00MB/s MPI_time/exec_Time (max/avg/min): 33.4/17.5/5.8 %)  [0m
EAR(experiment-ear.job) at 2.600 in tcn410 MR[0] elapsed 511 sec.: [32m(CPI=0.739 GBS=83.00 Power=423.1W Time=1.123s
	AvgCPUF=2.57GHz/AvgIMCF=1.47GHz GFlop/s=535.91 IO=0.00MB/s MPI_time/exec_Time (max/avg/min): 33.3/17.7/5.9 %)  [0m
EAR(experiment-ear.job) at 2.600 in tcn410 MR[0] elapsed 533 sec.: [32m(CPI=0.740 GBS=83.25 Power=403.8W Time=1.123s
	AvgCPUF=2.57GHz/AvgIMCF=1.47GHz GFlop/s=535.96 IO=0.00MB/s MPI_time/exec_Time (max/avg/min): 33.3/17.5/5.2 %)  [0m
EAR(experiment-ear.job) at 2.600 in tcn410 MR[0] elapsed 556 sec.: [32m(CPI=0.744 GBS=83.57 Power=386.2W Time=1.120s
	AvgCPUF=2.57GHz/AvgIMCF=1.47GHz GFlop/s=536.07 IO=0.00MB/s MPI_time/exec_Time (max/avg/min): 33.1/17.1/5.3 %)  [0m
EAR(experiment-ear.job) at 2.600 in tcn410 MR[0] elapsed 578 sec.: [32m(CPI=0.739 GBS=83.23 Power=423.9W Time=1.123s
	AvgCPUF=2.57GHz/AvgIMCF=1.47GHz GFlop/s=536.12 IO=0.00MB/s MPI_time/exec_Time (max/avg/min): 33.4/17.5/5.4 %)  [0m
EAR(experiment-ear.job) at 2.600 in tcn410 MR[0] elapsed 601 sec.: [32m(CPI=0.738 GBS=83.14 Power=403.9W Time=1.123s
	AvgCPUF=2.57GHz/AvgIMCF=1.47GHz GFlop/s=536.15 IO=0.00MB/s MPI_time/exec_Time (max/avg/min): 33.4/17.6/6.0 %)  [0m
EAR(experiment-ear.job) at 2.600 in tcn410 MR[0] elapsed 623 sec.: [32m(CPI=0.738 GBS=83.11 Power=384.2W Time=1.124s
	AvgCPUF=2.57GHz/AvgIMCF=1.47GHz GFlop/s=536.15 IO=0.00MB/s MPI_time/exec_Time (max/avg/min): 33.4/17.6/5.7 %)  [0m
EAR(experiment-ear.job) at 2.600 in tcn410 MR[0] elapsed 646 sec.: [32m(CPI=0.746 GBS=83.44 Power=424.4W Time=1.120s
	AvgCPUF=2.57GHz/AvgIMCF=1.47GHz GFlop/s=536.23 IO=0.00MB/s MPI_time/exec_Time (max/avg/min): 33.3/17.1/5.3 %)  [0m
EAR(experiment-ear.job) at 2.600 in tcn410 MR[0] elapsed 668 sec.: [32m(CPI=0.739 GBS=83.13 Power=403.4W Time=1.124s
	AvgCPUF=2.57GHz/AvgIMCF=1.47GHz GFlop/s=536.24 IO=0.00MB/s MPI_time/exec_Time (max/avg/min): 33.6/17.6/5.8 %)  [0m
EAR(experiment-ear.job) at 2.600 in tcn410 MR[0] elapsed 691 sec.: [32m(CPI=0.738 GBS=83.20 Power=404.0W Time=1.123s
	AvgCPUF=2.57GHz/AvgIMCF=1.47GHz GFlop/s=536.26 IO=0.00MB/s MPI_time/exec_Time (max/avg/min): 33.5/17.6/5.4 %)  [0m
EAR(experiment-ear.job) at 2.600 in tcn410 MR[0] elapsed 713 sec.: [32m(CPI=0.737 GBS=83.05 Power=403.1W Time=1.125s
	AvgCPUF=2.57GHz/AvgIMCF=1.47GHz GFlop/s=536.26 IO=0.00MB/s MPI_time/exec_Time (max/avg/min): 33.3/17.7/5.2 %)  [0m
EAR(experiment-ear.job) at 2.600 in tcn410 MR[0] elapsed 736 sec.: [32m(CPI=0.730 GBS=82.30 Power=399.5W Time=1.137s
	AvgCPUF=2.57GHz/AvgIMCF=1.47GHz GFlop/s=536.09 IO=0.00MB/s MPI_time/exec_Time (max/avg/min): 34.2/18.6/7.0 %)  [0m
EAR(experiment-ear.job) at 2.600 in tcn410 MR[0] elapsed 758 sec.: [32m(CPI=0.738 GBS=83.15 Power=403.0W Time=1.128s
	AvgCPUF=2.57GHz/AvgIMCF=1.47GHz GFlop/s=536.09 IO=0.00MB/s MPI_time/exec_Time (max/avg/min): 33.5/17.7/5.5 %)  [0m
EAR(experiment-ear.job) at 2.600 in tcn410 MR[0] elapsed 781 sec.: [32m(CPI=0.739 GBS=83.10 Power=403.9W Time=1.124s
	AvgCPUF=2.57GHz/AvgIMCF=1.47GHz GFlop/s=536.10 IO=0.00MB/s MPI_time/exec_Time (max/avg/min): 33.3/17.6/5.4 %)  [0m
EAR(experiment-ear.job) at 2.600 in tcn410 MR[0] elapsed 802 sec.: [32m(CPI=0.740 GBS=83.15 Power=403.3W Time=1.125s
	AvgCPUF=2.57GHz/AvgIMCF=1.47GHz GFlop/s=536.11 IO=0.00MB/s MPI_time/exec_Time (max/avg/min): 33.7/17.5/6.1 %)  [0m
