[1710503212.157657] [o405:3991080:0]     ucp_context.c:1969 UCX  WARN  UCP API version is incompatible: required >= 1.15, actual 1.14.1 (loaded from /home_nfs/bhamitono/install/x86_64/rh/8.6/ucx/1.14.1/gnu/8.5.0/lib/libucp.so.0)
[1710503212.207297] [o405:3991085:0]     ucp_context.c:1969 UCX  WARN  UCP API version is incompatible: required >= 1.15, actual 1.14.1 (loaded from /home_nfs/bhamitono/install/x86_64/rh/8.6/ucx/1.14.1/gnu/8.5.0/lib/libucp.so.0)
[1710503212.215380] [o405:3991115:0]     ucp_context.c:1969 UCX  WARN  UCP API version is incompatible: required >= 1.15, actual 1.14.1 (loaded from /home_nfs/bhamitono/install/x86_64/rh/8.6/ucx/1.14.1/gnu/8.5.0/lib/libucp.so.0)
[1710503212.266420] [o405:3991107:0]     ucp_context.c:1969 UCX  WARN  UCP API version is incompatible: required >= 1.15, actual 1.14.1 (loaded from /home_nfs/bhamitono/install/x86_64/rh/8.6/ucx/1.14.1/gnu/8.5.0/lib/libucp.so.0)
[1710503212.270372] [o405:3991082:0]     ucp_context.c:1969 UCX  WARN  UCP API version is incompatible: required >= 1.15, actual 1.14.1 (loaded from /home_nfs/bhamitono/install/x86_64/rh/8.6/ucx/1.14.1/gnu/8.5.0/lib/libucp.so.0)
[1710503212.273138] [o405:3991138:0]     ucp_context.c:1969 UCX  WARN  UCP API version is incompatible: required >= 1.15, actual 1.14.1 (loaded from /home_nfs/bhamitono/install/x86_64/rh/8.6/ucx/1.14.1/gnu/8.5.0/lib/libucp.so.0)
[1710503212.275013] [o405:3991141:0]     ucp_context.c:1969 UCX  WARN  UCP API version is incompatible: required >= 1.15, actual 1.14.1 (loaded from /home_nfs/bhamitono/install/x86_64/rh/8.6/ucx/1.14.1/gnu/8.5.0/lib/libucp.so.0)
[1710503212.284530] [o405:3991146:0]     ucp_context.c:1969 UCX  WARN  UCP API version is incompatible: required >= 1.15, actual 1.14.1 (loaded from /home_nfs/bhamitono/install/x86_64/rh/8.6/ucx/1.14.1/gnu/8.5.0/lib/libucp.so.0)
[1710503212.289794] [o405:3991134:0]     ucp_context.c:1969 UCX  WARN  UCP API version is incompatible: required >= 1.15, actual 1.14.1 (loaded from /home_nfs/bhamitono/install/x86_64/rh/8.6/ucx/1.14.1/gnu/8.5.0/lib/libucp.so.0)
[1710503212.290780] [o405:3991126:0]     ucp_context.c:1969 UCX  WARN  UCP API version is incompatible: required >= 1.15, actual 1.14.1 (loaded from /home_nfs/bhamitono/install/x86_64/rh/8.6/ucx/1.14.1/gnu/8.5.0/lib/libucp.so.0)
[1710503212.290980] [o405:3991132:0]     ucp_context.c:1969 UCX  WARN  UCP API version is incompatible: required >= 1.15, actual 1.14.1 (loaded from /home_nfs/bhamitono/install/x86_64/rh/8.6/ucx/1.14.1/gnu/8.5.0/lib/libucp.so.0)
[1710503212.291686] [o405:3991136:0]     ucp_context.c:1969 UCX  WARN  UCP API version is incompatible: required >= 1.15, actual 1.14.1 (loaded from /home_nfs/bhamitono/install/x86_64/rh/8.6/ucx/1.14.1/gnu/8.5.0/lib/libucp.so.0)
[1710503212.292968] [o405:3991119:0]     ucp_context.c:1969 UCX  WARN  UCP API version is incompatible: required >= 1.15, actual 1.14.1 (loaded from /home_nfs/bhamitono/install/x86_64/rh/8.6/ucx/1.14.1/gnu/8.5.0/lib/libucp.so.0)
[1710503212.294852] [o405:3991123:0]     ucp_context.c:1969 UCX  WARN  UCP API version is incompatible: required >= 1.15, actual 1.14.1 (loaded from /home_nfs/bhamitono/install/x86_64/rh/8.6/ucx/1.14.1/gnu/8.5.0/lib/libucp.so.0)
[1710503212.296984] [o405:3991150:0]     ucp_context.c:1969 UCX  WARN  UCP API version is incompatible: required >= 1.15, actual 1.14.1 (loaded from /home_nfs/bhamitono/install/x86_64/rh/8.6/ucx/1.14.1/gnu/8.5.0/lib/libucp.so.0)
[1710503212.298142] [o405:3991128:0]     ucp_context.c:1969 UCX  WARN  UCP API version is incompatible: required >= 1.15, actual 1.14.1 (loaded from /home_nfs/bhamitono/install/x86_64/rh/8.6/ucx/1.14.1/gnu/8.5.0/lib/libucp.so.0)
[1710503212.298390] [o405:3991144:0]     ucp_context.c:1969 UCX  WARN  UCP API version is incompatible: required >= 1.15, actual 1.14.1 (loaded from /home_nfs/bhamitono/install/x86_64/rh/8.6/ucx/1.14.1/gnu/8.5.0/lib/libucp.so.0)
[1710503212.299664] [o405:3991142:0]     ucp_context.c:1969 UCX  WARN  UCP API version is incompatible: required >= 1.15, actual 1.14.1 (loaded from /home_nfs/bhamitono/install/x86_64/rh/8.6/ucx/1.14.1/gnu/8.5.0/lib/libucp.so.0)
[1710503212.300263] [o405:3991167:0]     ucp_context.c:1969 UCX  WARN  UCP API version is incompatible: required >= 1.15, actual 1.14.1 (loaded from /home_nfs/bhamitono/install/x86_64/rh/8.6/ucx/1.14.1/gnu/8.5.0/lib/libucp.so.0)
[1710503212.300446] [o405:3991101:0]     ucp_context.c:1969 UCX  WARN  UCP API version is incompatible: required >= 1.15, actual 1.14.1 (loaded from /home_nfs/bhamitono/install/x86_64/rh/8.6/ucx/1.14.1/gnu/8.5.0/lib/libucp.so.0)
[1710503212.301235] [o405:3991113:0]     ucp_context.c:1969 UCX  WARN  UCP API version is incompatible: required >= 1.15, actual 1.14.1 (loaded from /home_nfs/bhamitono/install/x86_64/rh/8.6/ucx/1.14.1/gnu/8.5.0/lib/libucp.so.0)
[1710503212.301422] [o405:3991125:0]     ucp_context.c:1969 UCX  WARN  UCP API version is incompatible: required >= 1.15, actual 1.14.1 (loaded from /home_nfs/bhamitono/install/x86_64/rh/8.6/ucx/1.14.1/gnu/8.5.0/lib/libucp.so.0)
[1710503212.302222] [o405:3991070:0]     ucp_context.c:1969 UCX  WARN  UCP API version is incompatible: required >= 1.15, actual 1.14.1 (loaded from /home_nfs/bhamitono/install/x86_64/rh/8.6/ucx/1.14.1/gnu/8.5.0/lib/libucp.so.0)
[1710503212.302210] [o405:3991087:0]     ucp_context.c:1969 UCX  WARN  UCP API version is incompatible: required >= 1.15, actual 1.14.1 (loaded from /home_nfs/bhamitono/install/x86_64/rh/8.6/ucx/1.14.1/gnu/8.5.0/lib/libucp.so.0)
[1710503212.302428] [o405:3991077:0]     ucp_context.c:1969 UCX  WARN  UCP API version is incompatible: required >= 1.15, actual 1.14.1 (loaded from /home_nfs/bhamitono/install/x86_64/rh/8.6/ucx/1.14.1/gnu/8.5.0/lib/libucp.so.0)
[1710503212.302581] [o405:3991095:0]     ucp_context.c:1969 UCX  WARN  UCP API version is incompatible: required >= 1.15, actual 1.14.1 (loaded from /home_nfs/bhamitono/install/x86_64/rh/8.6/ucx/1.14.1/gnu/8.5.0/lib/libucp.so.0)
[1710503212.302714] [o405:3991174:0]     ucp_context.c:1969 UCX  WARN  UCP API version is incompatible: required >= 1.15, actual 1.14.1 (loaded from /home_nfs/bhamitono/install/x86_64/rh/8.6/ucx/1.14.1/gnu/8.5.0/lib/libucp.so.0)
[1710503212.302866] [o405:3991092:0]     ucp_context.c:1969 UCX  WARN  UCP API version is incompatible: required >= 1.15, actual 1.14.1 (loaded from /home_nfs/bhamitono/install/x86_64/rh/8.6/ucx/1.14.1/gnu/8.5.0/lib/libucp.so.0)
[1710503212.302942] [o405:3991121:0]     ucp_context.c:1969 UCX  WARN  UCP API version is incompatible: required >= 1.15, actual 1.14.1 (loaded from /home_nfs/bhamitono/install/x86_64/rh/8.6/ucx/1.14.1/gnu/8.5.0/lib/libucp.so.0)
[1710503212.303087] [o405:3991088:0]     ucp_context.c:1969 UCX  WARN  UCP API version is incompatible: required >= 1.15, actual 1.14.1 (loaded from /home_nfs/bhamitono/install/x86_64/rh/8.6/ucx/1.14.1/gnu/8.5.0/lib/libucp.so.0)
[1710503212.303235] [o405:3991104:0]     ucp_context.c:1969 UCX  WARN  UCP API version is incompatible: required >= 1.15, actual 1.14.1 (loaded from /home_nfs/bhamitono/install/x86_64/rh/8.6/ucx/1.14.1/gnu/8.5.0/lib/libucp.so.0)
[1710503212.303241] [o405:3991072:0]     ucp_context.c:1969 UCX  WARN  UCP API version is incompatible: required >= 1.15, actual 1.14.1 (loaded from /home_nfs/bhamitono/install/x86_64/rh/8.6/ucx/1.14.1/gnu/8.5.0/lib/libucp.so.0)
[1710503212.303801] [o405:3991071:0]     ucp_context.c:1969 UCX  WARN  UCP API version is incompatible: required >= 1.15, actual 1.14.1 (loaded from /home_nfs/bhamitono/install/x86_64/rh/8.6/ucx/1.14.1/gnu/8.5.0/lib/libucp.so.0)
[1710503212.303917] [o405:3991079:0]     ucp_context.c:1969 UCX  WARN  UCP API version is incompatible: required >= 1.15, actual 1.14.1 (loaded from /home_nfs/bhamitono/install/x86_64/rh/8.6/ucx/1.14.1/gnu/8.5.0/lib/libucp.so.0)
[1710503212.303921] [o405:3991117:0]     ucp_context.c:1969 UCX  WARN  UCP API version is incompatible: required >= 1.15, actual 1.14.1 (loaded from /home_nfs/bhamitono/install/x86_64/rh/8.6/ucx/1.14.1/gnu/8.5.0/lib/libucp.so.0)
[1710503212.304144] [o405:3991169:0]     ucp_context.c:1969 UCX  WARN  UCP API version is incompatible: required >= 1.15, actual 1.14.1 (loaded from /home_nfs/bhamitono/install/x86_64/rh/8.6/ucx/1.14.1/gnu/8.5.0/lib/libucp.so.0)
[1710503212.304690] [o405:3991148:0]     ucp_context.c:1969 UCX  WARN  UCP API version is incompatible: required >= 1.15, actual 1.14.1 (loaded from /home_nfs/bhamitono/install/x86_64/rh/8.6/ucx/1.14.1/gnu/8.5.0/lib/libucp.so.0)
[1710503212.304880] [o405:3991090:0]     ucp_context.c:1969 UCX  WARN  UCP API version is incompatible: required >= 1.15, actual 1.14.1 (loaded from /home_nfs/bhamitono/install/x86_64/rh/8.6/ucx/1.14.1/gnu/8.5.0/lib/libucp.so.0)
[1710503212.305496] [o405:3991103:0]     ucp_context.c:1969 UCX  WARN  UCP API version is incompatible: required >= 1.15, actual 1.14.1 (loaded from /home_nfs/bhamitono/install/x86_64/rh/8.6/ucx/1.14.1/gnu/8.5.0/lib/libucp.so.0)
[1710503212.306397] [o405:3991075:0]     ucp_context.c:1969 UCX  WARN  UCP API version is incompatible: required >= 1.15, actual 1.14.1 (loaded from /home_nfs/bhamitono/install/x86_64/rh/8.6/ucx/1.14.1/gnu/8.5.0/lib/libucp.so.0)
[1710503212.307531] [o405:3991173:0]     ucp_context.c:1969 UCX  WARN  UCP API version is incompatible: required >= 1.15, actual 1.14.1 (loaded from /home_nfs/bhamitono/install/x86_64/rh/8.6/ucx/1.14.1/gnu/8.5.0/lib/libucp.so.0)
[1710503212.307715] [o405:3991163:0]     ucp_context.c:1969 UCX  WARN  UCP API version is incompatible: required >= 1.15, actual 1.14.1 (loaded from /home_nfs/bhamitono/install/x86_64/rh/8.6/ucx/1.14.1/gnu/8.5.0/lib/libucp.so.0)
[1710503212.308745] [o405:3991154:0]     ucp_context.c:1969 UCX  WARN  UCP API version is incompatible: required >= 1.15, actual 1.14.1 (loaded from /home_nfs/bhamitono/install/x86_64/rh/8.6/ucx/1.14.1/gnu/8.5.0/lib/libucp.so.0)
[1710503212.308899] [o405:3991153:0]     ucp_context.c:1969 UCX  WARN  UCP API version is incompatible: required >= 1.15, actual 1.14.1 (loaded from /home_nfs/bhamitono/install/x86_64/rh/8.6/ucx/1.14.1/gnu/8.5.0/lib/libucp.so.0)
[1710503212.308884] [o405:3991099:0]     ucp_context.c:1969 UCX  WARN  UCP API version is incompatible: required >= 1.15, actual 1.14.1 (loaded from /home_nfs/bhamitono/install/x86_64/rh/8.6/ucx/1.14.1/gnu/8.5.0/lib/libucp.so.0)
[1710503212.309354] [o405:3991161:0]     ucp_context.c:1969 UCX  WARN  UCP API version is incompatible: required >= 1.15, actual 1.14.1 (loaded from /home_nfs/bhamitono/install/x86_64/rh/8.6/ucx/1.14.1/gnu/8.5.0/lib/libucp.so.0)
[1710503212.309437] [o405:3991172:0]     ucp_context.c:1969 UCX  WARN  UCP API version is incompatible: required >= 1.15, actual 1.14.1 (loaded from /home_nfs/bhamitono/install/x86_64/rh/8.6/ucx/1.14.1/gnu/8.5.0/lib/libucp.so.0)
[1710503212.309769] [o405:3991131:0]     ucp_context.c:1969 UCX  WARN  UCP API version is incompatible: required >= 1.15, actual 1.14.1 (loaded from /home_nfs/bhamitono/install/x86_64/rh/8.6/ucx/1.14.1/gnu/8.5.0/lib/libucp.so.0)
[1710503212.309985] [o405:3991166:0]     ucp_context.c:1969 UCX  WARN  UCP API version is incompatible: required >= 1.15, actual 1.14.1 (loaded from /home_nfs/bhamitono/install/x86_64/rh/8.6/ucx/1.14.1/gnu/8.5.0/lib/libucp.so.0)
[1710503212.310336] [o405:3991171:0]     ucp_context.c:1969 UCX  WARN  UCP API version is incompatible: required >= 1.15, actual 1.14.1 (loaded from /home_nfs/bhamitono/install/x86_64/rh/8.6/ucx/1.14.1/gnu/8.5.0/lib/libucp.so.0)
[1710503212.310329] [o405:3991159:0]     ucp_context.c:1969 UCX  WARN  UCP API version is incompatible: required >= 1.15, actual 1.14.1 (loaded from /home_nfs/bhamitono/install/x86_64/rh/8.6/ucx/1.14.1/gnu/8.5.0/lib/libucp.so.0)
[1710503212.310421] [o405:3991097:0]     ucp_context.c:1969 UCX  WARN  UCP API version is incompatible: required >= 1.15, actual 1.14.1 (loaded from /home_nfs/bhamitono/install/x86_64/rh/8.6/ucx/1.14.1/gnu/8.5.0/lib/libucp.so.0)
[1710503212.310386] [o405:3991109:0]     ucp_context.c:1969 UCX  WARN  UCP API version is incompatible: required >= 1.15, actual 1.14.1 (loaded from /home_nfs/bhamitono/install/x86_64/rh/8.6/ucx/1.14.1/gnu/8.5.0/lib/libucp.so.0)
[1710503212.310626] [o405:3991175:0]     ucp_context.c:1969 UCX  WARN  UCP API version is incompatible: required >= 1.15, actual 1.14.1 (loaded from /home_nfs/bhamitono/install/x86_64/rh/8.6/ucx/1.14.1/gnu/8.5.0/lib/libucp.so.0)
[1710503212.310709] [o405:3991156:0]     ucp_context.c:1969 UCX  WARN  UCP API version is incompatible: required >= 1.15, actual 1.14.1 (loaded from /home_nfs/bhamitono/install/x86_64/rh/8.6/ucx/1.14.1/gnu/8.5.0/lib/libucp.so.0)
[1710503212.310733] [o405:3991111:0]     ucp_context.c:1969 UCX  WARN  UCP API version is incompatible: required >= 1.15, actual 1.14.1 (loaded from /home_nfs/bhamitono/install/x86_64/rh/8.6/ucx/1.14.1/gnu/8.5.0/lib/libucp.so.0)
(HemoCell) (Config) reading config-relative.xml
 _   _   ____   __  __   _____    ___   ____   __     __ 
( )_( ) ( ___) (  \/  ) (  _  )  / __) ( ___) (  )   (  )
 ) _ (   )__)   )    (   )(_)(  ( (__   )__)   )(__   )(__ 
(_) (_) (____) (_/\/\_) (_____)  \___) (____) (____) (____) 
                         v.2.6

(unbounded) (Parameters) calculating flow parameters
(HemoCell) dt is set to *auto*. Tau will be set to 1!
(HemoCell) System parameters:
	 dx: 	5e-07
	 dt: 	3.78788e-08
	 dm: 	1.28125e-16
	 dN: 	4.4649e-08
	 tau: 	1
	 nu_lbm: 	0.166667
	 u_lb_max: 	7.57576e-07
	 f_limit: 	0.00111985
(unbounded) (Fluid) Initializing Palabos Fluid Field
(HemoCell) Using default domain management.
(HemoCell) (Fluid) Setting Fluid Equilibrium
Size of the multi-block:     100-by-100-by-175
Number of atomic-blocks:     56
Smallest atomic-block:       50-by-50-by-12
Largest atomic-block:        50-by-50-by-13
Number of allocated cells:   1.75 million
Fraction of allocated domain: 100 percent

(Hemocell) (HemoCellFields) (Init) particle envelope: 25 [lu]
Cellfield  (+ material model) of RBC
  Volume :90 µm³ VolumeFraction of lsp per fluid node: 1.1215 %
  Nvertex: 642
(Cell-mechanics model) High Order model parameters for RBC cellfield
	 k_link:   0.000183679
	 k_area:   9.18393e-07
	 k_bend: : 1.46943e-05
	 k_volume: 3.67357e-06
	 eta_m:    0
	 mean_edge:1.00019
	 N faces:  1280
(HemoCell) (Timescale Seperation) Setting seperation of RBC to 20 timesteps
(HemoCell) (Timescale separation) Setting update separation of all particles to 5 timesteps
(HemoCell) (CellField) Setting output variables for RBC cells
(HemoCell) (Fluid) Setting output variables for fluid field
(HemoCell) (CellField) Loading particle positions 
(readPositionsBloodCells) Reading particle positions...
(readPositionsBloodCells) Particle count in file (RBC): 128000.
(HemoCell) (Output) writing output at timestep 0 (0 s). Approx. performance: 0.00 s / iteration.
(unbounded) fresh start: warming up cell-free fluid domain for 0 iterations...
(unbounded) Starting simulation...
 | RBC Volume ratio [x100%]: 1.76
(main)   nCells (global) = 400
Hemocell Profiler Statistics (Only Process 0):
HemoCell: 0.879000
 MpiReceive: 0.000000
 MpiSend: 0.000000
 deleteIncompleteCells: 0.007000
 output: 0.280000
  applyConstitutiveModel: 0.005000
  deleteIncompleteCells: 0.002000
  separateForceVectors: 0.011000
  syncEnvelopes: 0.022000
   MpiReceive: 0.005000
   MpiSend: 0.003000
  unifyForceVectors: 0.002000
  updateResidenceTime: 0.000000
  writeOutput: 0.179000
   writeCellCSVInfo: 0.086000
    syncEnvelopes: 0.057000
     MpiReceive: 0.002000
     MpiSend: 0.001000
   writeCellField: 0.081000
   writeFluidField: 0.011000
 syncEnvelopes: 0.081000
  MpiReceive: 0.008000
  MpiSend: 0.005000
(main) Simulation finished :) 
 -- 
Energy = 2517.588413256 J (Average of 568 W, 4 samples, over 4.432373967 s )
Measurement details in './report_882676.csv'
