Restoring modules from user's hemocell
[31mError:[0m Couldn't open loop file: 2
[31mError:[0m Couldn't open loop file: 2
[31mError:[0m Couldn't open loop file: 2
[31mError:[0m Couldn't open loop file: 2
[31mError:[0m Couldn't open loop file: 2
[31mError:[0m Couldn't open loop file: 2
[31mError:[0m Couldn't open loop file: 2
[31mError:[0m Couldn't open loop file: 2
[31mError:[0m Couldn't open loop file: 2
[31mError:[0m Couldn't open loop file: 2
[31mError:[0m Couldn't open loop file: 2
[31mError:[0m Couldn't open loop file: 2
[31mError:[0m Couldn't open loop file: 2
[31mError:[0m Couldn't open loop file: 2
[31mError:[0m Couldn't open loop file: 2
[31mError:[0m Couldn't open loop file: 2
[31mError:[0m Couldn't open loop file: 2
[31mError:[0m Couldn't open loop file: 2
[31mError:[0m Couldn't open loop file: 2
[31mError:[0m Couldn't open loop file: 2
[31mError:[0m Couldn't open loop file: 2
[31mError:[0m Couldn't open loop file: 2
[31mError:[0m Couldn't open loop file: 2
[31mError:[0m Couldn't open loop file: 2
[31mError:[0m Couldn't open loop file: 2
[31mError:[0m Couldn't open loop file: 2
[31mError:[0m Couldn't open loop file: 2
[31mError:[0m Couldn't open loop file: 2
[31mError:[0m Couldn't open loop file: 2
[31mError:[0m Couldn't open loop file: 2
slurmstepd: error: *** JOB 5748497 ON tcn462 CANCELLED AT 2024-04-01T01:55:30 DUE TO TIME LIMIT ***
slurmstepd: error: *** STEP 5748497.0 ON tcn462 CANCELLED AT 2024-04-01T01:55:30 DUE TO TIME LIMIT ***
srun: Job step aborted: Waiting up to 32 seconds for job step to finish.
slurmstepd: error: container_p_join: setns failed for /slurm/5748497/.ns: Invalid argument
slurmstepd: error: container_g_join(5748497): Invalid argument
