/gpfs/home3/jvandijk/showcees-framework/tmp.mq4Wzn3Skh
config-relative-genoa.xml
RBC.xml
RBC.pos
PLT.pos
PLT.xml
filter.filter
/home/jvandijk/HemoCell-dev-no-scorep/Hemocell-Performance-Benchmarks/cube-benchmark/cube-benchmark
moved to /gpfs/home3/jvandijk/showcees-framework/tmp.mq4Wzn3Skh
(HemoCell) (Config) reading config-relative-genoa.xml
 _   _   ____   __  __   _____    ___   ____   __     __ 
( )_( ) ( ___) (  \/  ) (  _  )  / __) ( ___) (  )   (  )
 ) _ (   )__)   )    (   )(_)(  ( (__   )__)   )(__   )(__ 
(_) (_) (____) (_/\/\_) (_____)  \___) (____) (____) (____) 
                         v.2.6

(unbounded) (Parameters) calculating flow parameters
(HemoCell) dt is set to *auto*. Tau will be set to 1!
(HemoCell) System parameters:
	 dx: 	5e-07
	 dt: 	3.78788e-08
	 dm: 	1.28125e-16
	 dN: 	4.4649e-08
	 tau: 	1
	 nu_lbm: 	0.166667
	 u_lb_max: 	7.57576e-07
	 f_limit: 	0.00111985
(unbounded) (Fluid) Initializing Palabos Fluid Field
(HemoCell) Using default domain management.
(HemoCell) (Fluid) Setting Fluid Equilibrium
Size of the multi-block:     200-by-150-by-100
Number of atomic-blocks:     192
Smallest atomic-block:       16-by-37-by-25
Largest atomic-block:        17-by-38-by-25
Number of allocated cells:   3 million
Fraction of allocated domain: 100 percent

(Hemocell) (HemoCellFields) (Init) particle envelope: 25 [lu]
Cellfield  (+ material model) of RBC
  Volume :90 µm³ VolumeFraction of lsp per fluid node: 1.1215 %
  Nvertex: 642
(Cell-mechanics model) High Order model parameters for RBC cellfield
	 k_link:   0.000183679
	 k_area:   9.18393e-07
	 k_bend: : 1.46943e-05
	 k_volume: 3.67357e-06
	 eta_m:    0
	 mean_edge:1.00019
	 N faces:  1280
(HemoCell) (Timescale Seperation) Setting seperation of RBC to 20 timesteps
(HemoCell) (Timescale separation) Setting update separation of all particles to 5 timesteps
(HemoCell) (CellField) Setting output variables for RBC cells
(HemoCell) (Fluid) Setting output variables for fluid field
(HemoCell) (CellField) Loading particle positions 
(readPositionsBloodCells) Reading particle positions...
(readPositionsBloodCells) Particle count in file (RBC): 128000.
(unbounded) fresh start: warming up cell-free fluid domain for 0 iterations...
(unbounded) Starting simulation...
 | RBC Volume ratio [x100%]: 1.925
(main)   nCells (global) = 750
(HemoCell) (SanityCheck) Performing Sanity check on simulation parameters and setup
(HemoCell) WARNING: The number of atomic neighbours is suspiciously high: 33 Usually it should be < 30 ! Please check the domain decomposition structure!
(HemoCell) WARNING: Force limit active at 50 pN. Results can be inaccurate due to force capping.
Size of the multi-block:     200-by-150-by-100
Number of atomic-blocks:     192
Smallest atomic-block:       16-by-37-by-25
Largest atomic-block:        17-by-38-by-25
Number of allocated cells:   3 million
Fraction of allocated domain: 100 percent
(SanityCheck) one of the dimensions of the largest atomic block is more than 25.
  This can be inefficient. The best performance is below 26x26x26 blocks.
  It is recommended to adjust the number of processors or the sparseBlockStructure accordingly.
Hemocell Profiler Statistics (Only Process 0):
HemoCell: 212.406000
 MpiReceive: 0.000000
 MpiSend: 0.000000
 deleteIncompleteCells: 0.001000
 iterate: 211.458000
  advanceParticles: 4.576000
  applyConstitutiveModel: 2.275000
  collideAndStream: 148.639000
  deleteNonLocalParticles: 0.601000
  interpolateFluidVelocity: 3.785000
  setExternalVector: 3.263000
  spreadParticleForce: 17.777000
  syncEnvelopes: 30.445000
   MpiReceive: 1.401000
   MpiSend: 0.618000
 syncEnvelopes: 0.123000
  MpiReceive: 0.003000
  MpiSend: 0.002000
(main) Simulation finished :) 

JOB STATISTICS
==============
Job ID: 5731629
Cluster: snellius
User/Group: jvandijk/jvandijk
State: RUNNING
Nodes: 1
Cores per node: 192
CPU Utilized: 00:00:00
CPU Efficiency: 0.00% of 13:26:24 core-walltime
Job Wall-clock time: 00:04:12
Memory Utilized: 0.00 MB (estimated maximum)
Memory Efficiency: 0.00% of 336.00 GB (1.75 GB/core)
WARNING: Efficiency statistics may be misleading for RUNNING jobs.
