cp: cannot stat './/stent.stl': No such file or directory
event syntax error: '..,l3_misses,l3_cache_accesses'
                                  \___ parser error
Run 'perf list' for a list of valid events

 Usage: perf stat [<options>] [<command>]

    -e, --event <event>   event selector. use 'perf list' to list available events
event syntax error: '..,l3_misses,l3_cache_accesses'
                                  \___ parser error
Run 'perf list' for a list of valid events

 Usage: perf stat [<options>] [<command>]

    -e, --event <event>   event selector. use 'perf list' to list available events
event syntax error: '..,l3_misses,l3_cache_accesses'
                                  \___ parser error
Run 'perf list' for a list of valid events

 Usage: perf stat [<options>] [<command>]

    -e, --event <event>   event selector. use 'perf list' to list available events
event syntax error: '..,l3_misses,l3_cache_accesses'
                                  \___ parser error
Run 'perf list' for a list of valid events

 Usage: perf stat [<options>] [<command>]

    -e, --event <event>   event selector. use 'perf list' to list available events
event syntax error: '..,l3_misses,l3_cache_accesses'
                                  \___ parser error
Run 'perf list' for a list of valid events

 Usage: perf stat [<options>] [<command>]

    -e, --event <event>   event selector. use 'perf list' to list available events
event syntax error: '..,l3_misses,l3_cache_accesses'
                                  \___ parser error
Run 'perf list' for a list of valid events

 Usage: perf stat [<options>] [<command>]

    -e, --event <event>   event selector. use 'perf list' to list available events
event syntax error: '..,l3_misses,l3_cache_accesses'
                                  \___ parser error
Run 'perf list' for a list of valid events

 Usage: perf stat [<options>] [<command>]

    -e, --event <event>   event selector. use 'perf list' to list available events
event syntax error: '..,l3_misses,l3_cache_accesses'
                                  \___ parser error
Run 'perf list' for a list of valid events

 Usage: perf stat [<options>] [<command>]

    -e, --event <event>   event selector. use 'perf list' to list available events
event syntax error: '..,l3_misses,l3_cache_accesses'
                                  \___ parser error
Run 'perf list' for a list of valid events

 Usage: perf stat [<options>] [<command>]

    -e, --event <event>   event selector. use 'perf list' to list available events
event syntax error: '..,l3_misses,l3_cache_accesses'
                                  \___ parser error
Run 'perf list' for a list of valid events

 Usage: perf stat [<options>] [<command>]

    -e, --event <event>   event selector. use 'perf list' to list available events
event syntax error: '..,l3_misses,l3_cache_accesses'
                                  \___ parser error
Run 'perf list' for a list of valid events

 Usage: perf stat [<options>] [<command>]

    -e, --event <event>   event selector. use 'perf list' to list available events
event syntax error: '..,l3_misses,l3_cache_accesses'
                                  \___ parser error
Run 'perf list' for a list of valid events

 Usage: perf stat [<options>] [<command>]

    -e, --event <event>   event selector. use 'perf list' to list available events
event syntax error: '..,l3_misses,l3_cache_accesses'
                                  \___ parser error
Run 'perf list' for a list of valid events

 Usage: perf stat [<options>] [<command>]

    -e, --event <event>   event selector. use 'perf list' to list available events
event syntax error: '..,l3_misses,l3_cache_accesses'
                                  \___ parser error
Run 'perf list' for a list of valid events

 Usage: perf stat [<options>] [<command>]

    -e, --event <event>   event selector. use 'perf list' to list available events
event syntax error: '..,l3_misses,l3_cache_accesses'
                                  \___ parser error
Run 'perf list' for a list of valid events

 Usage: perf stat [<options>] [<command>]

    -e, --event <event>   event selector. use 'perf list' to list available events
event syntax error: '..,l3_misses,l3_cache_accesses'
                                  \___ parser error
Run 'perf list' for a list of valid events

 Usage: perf stat [<options>] [<command>]

    -e, --event <event>   event selector. use 'perf list' to list available events
event syntax error: '..,l3_misses,l3_cache_accesses'
                                  \___ parser error
Run 'perf list' for a list of valid events

 Usage: perf stat [<options>] [<command>]

    -e, --event <event>   event selector. use 'perf list' to list available events
event syntax error: '..,l3_misses,l3_cache_accesses'
                                  \___ parser error
Run 'perf list' for a list of valid events

 Usage: perf stat [<options>] [<command>]

    -e, --event <event>   event selector. use 'perf list' to list available events
event syntax error: '..,l3_misses,l3_cache_accesses'
                                  \___ parser error
Run 'perf list' for a list of valid events

 Usage: perf stat [<options>] [<command>]

    -e, --event <event>   event selector. use 'perf list' to list available events
event syntax error: '..,l3_misses,l3_cache_accesses'
                                  \___ parser error
Run 'perf list' for a list of valid events

 Usage: perf stat [<options>] [<command>]

    -e, --event <event>   event selector. use 'perf list' to list available events
event syntax error: '..,l3_misses,l3_cache_accesses'
                                  \___ parser error
Run 'perf list' for a list of valid events

 Usage: perf stat [<options>] [<command>]

    -e, --event <event>   event selector. use 'perf list' to list available events
event syntax error: '..,l3_misses,l3_cache_accesses'
                                  \___ parser error
Run 'perf list' for a list of valid events

 Usage: perf stat [<options>] [<command>]

    -e, --event <event>   event selector. use 'perf list' to list available events
event syntax error: '..,l3_misses,l3_cache_accesses'
                                  \___ parser error
Run 'perf list' for a list of valid events

 Usage: perf stat [<options>] [<command>]

    -e, --event <event>   event selector. use 'perf list' to list available events
event syntax error: '..,l3_misses,l3_cache_accesses'
                                  \___ parser error
Run 'perf list' for a list of valid events

 Usage: perf stat [<options>] [<command>]

    -e, --event <event>   event selector. use 'perf list' to list available events
event syntax error: '..,l3_misses,l3_cache_accesses'
                                  \___ parser error
Run 'perf list' for a list of valid events

 Usage: perf stat [<options>] [<command>]

    -e, --event <event>   event selector. use 'perf list' to list available events
event syntax error: '..,l3_misses,l3_cache_accesses'
                                  \___ parser error
Run 'perf list' for a list of valid events

 Usage: perf stat [<options>] [<command>]

    -e, --event <event>   event selector. use 'perf list' to list available events
event syntax error: '..,l3_misses,l3_cache_accesses'
                                  \___ parser error
Run 'perf list' for a list of valid events

 Usage: perf stat [<options>] [<command>]

    -e, --event <event>   event selector. use 'perf list' to list available events
event syntax error: '..,l3_misses,l3_cache_accesses'
                                  \___ parser error
Run 'perf list' for a list of valid events

 Usage: perf stat [<options>] [<command>]

    -e, --event <event>   event selector. use 'perf list' to list available events
event syntax error: '..,l3_misses,l3_cache_accesses'
                                  \___ parser error
Run 'perf list' for a list of valid events

 Usage: perf stat [<options>] [<command>]

    -e, --event <event>   event selector. use 'perf list' to list available events
event syntax error: '..,l3_misses,l3_cache_accesses'
                                  \___ parser error
Run 'perf list' for a list of valid events

 Usage: perf stat [<options>] [<command>]

    -e, --event <event>   event selector. use 'perf list' to list available events
event syntax error: '..,l3_misses,l3_cache_accesses'
                                  \___ parser error
Run 'perf list' for a list of valid events

 Usage: perf stat [<options>] [<command>]

    -e, --event <event>   event selector. use 'perf list' to list available events
event syntax error: '..,l3_misses,l3_cache_accesses'
                                  \___ parser error
Run 'perf list' for a list of valid events

 Usage: perf stat [<options>] [<command>]

    -e, --event <event>   event selector. use 'perf list' to list available events
event syntax error: '..,l3_misses,l3_cache_accesses'
                                  \___ parser error
Run 'perf list' for a list of valid events

 Usage: perf stat [<options>] [<command>]

    -e, --event <event>   event selector. use 'perf list' to list available events
event syntax error: '..,l3_misses,l3_cache_accesses'
                                  \___ parser error
Run 'perf list' for a list of valid events

 Usage: perf stat [<options>] [<command>]

    -e, --event <event>   event selector. use 'perf list' to list available events
event syntax error: '..,l3_misses,l3_cache_accesses'
                                  \___ parser error
Run 'perf list' for a list of valid events

 Usage: perf stat [<options>] [<command>]

    -e, --event <event>   event selector. use 'perf list' to list available events
event syntax error: '..,l3_misses,l3_cache_accesses'
                                  \___ parser error
Run 'perf list' for a list of valid events

 Usage: perf stat [<options>] [<command>]

    -e, --event <event>   event selector. use 'perf list' to list available events
event syntax error: '..,l3_misses,l3_cache_accesses'
                                  \___ parser error
Run 'perf list' for a list of valid events

 Usage: perf stat [<options>] [<command>]

    -e, --event <event>   event selector. use 'perf list' to list available events
event syntax error: '..,l3_misses,l3_cache_accesses'
                                  \___ parser error
Run 'perf list' for a list of valid events

 Usage: perf stat [<options>] [<command>]

    -e, --event <event>   event selector. use 'perf list' to list available events
event syntax error: '..,l3_misses,l3_cache_accesses'
                                  \___ parser error
Run 'perf list' for a list of valid events

 Usage: perf stat [<options>] [<command>]

    -e, --event <event>   event selector. use 'perf list' to list available events
event syntax error: '..,l3_misses,l3_cache_accesses'
                                  \___ parser error
Run 'perf list' for a list of valid events

 Usage: perf stat [<options>] [<command>]

    -e, --event <event>   event selector. use 'perf list' to list available events
event syntax error: '..,l3_misses,l3_cache_accesses'
                                  \___ parser error
Run 'perf list' for a list of valid events

 Usage: perf stat [<options>] [<command>]

    -e, --event <event>   event selector. use 'perf list' to list available events
event syntax error: '..,l3_misses,l3_cache_accesses'
                                  \___ parser error
Run 'perf list' for a list of valid events

 Usage: perf stat [<options>] [<command>]

    -e, --event <event>   event selector. use 'perf list' to list available events
event syntax error: '..,l3_misses,l3_cache_accesses'
                                  \___ parser error
Run 'perf list' for a list of valid events

 Usage: perf stat [<options>] [<command>]

    -e, --event <event>   event selector. use 'perf list' to list available events
event syntax error: '..,l3_misses,l3_cache_accesses'
                                  \___ parser error
Run 'perf list' for a list of valid events

 Usage: perf stat [<options>] [<command>]

    -e, --event <event>   event selector. use 'perf list' to list available events
event syntax error: '..,l3_misses,l3_cache_accesses'
                                  \___ parser error
Run 'perf list' for a list of valid events

 Usage: perf stat [<options>] [<command>]

    -e, --event <event>   event selector. use 'perf list' to list available events
event syntax error: '..,l3_misses,l3_cache_accesses'
                                  \___ parser error
Run 'perf list' for a list of valid events

 Usage: perf stat [<options>] [<command>]

    -e, --event <event>   event selector. use 'perf list' to list available events
event syntax error: '..,l3_misses,l3_cache_accesses'
                                  \___ parser error
Run 'perf list' for a list of valid events

 Usage: perf stat [<options>] [<command>]

    -e, --event <event>   event selector. use 'perf list' to list available events
event syntax error: '..,l3_misses,l3_cache_accesses'
                                  \___ parser error
Run 'perf list' for a list of valid events

 Usage: perf stat [<options>] [<command>]

    -e, --event <event>   event selector. use 'perf list' to list available events
event syntax error: '..,l3_misses,l3_cache_accesses'
                                  \___ parser error
Run 'perf list' for a list of valid events

 Usage: perf stat [<options>] [<command>]

    -e, --event <event>   event selector. use 'perf list' to list available events
event syntax error: '..,l3_misses,l3_cache_accesses'
                                  \___ parser error
Run 'perf list' for a list of valid events

 Usage: perf stat [<options>] [<command>]

    -e, --event <event>   event selector. use 'perf list' to list available events
event syntax error: '..,l3_misses,l3_cache_accesses'
                                  \___ parser error
Run 'perf list' for a list of valid events

 Usage: perf stat [<options>] [<command>]

    -e, --event <event>   event selector. use 'perf list' to list available events
event syntax error: '..,l3_misses,l3_cache_accesses'
                                  \___ parser error
Run 'perf list' for a list of valid events

 Usage: perf stat [<options>] [<command>]

    -e, --event <event>   event selector. use 'perf list' to list available events
event syntax error: '..,l3_misses,l3_cache_accesses'
                                  \___ parser error
Run 'perf list' for a list of valid events

 Usage: perf stat [<options>] [<command>]

    -e, --event <event>   event selector. use 'perf list' to list available events
event syntax error: '..,l3_misses,l3_cache_accesses'
                                  \___ parser error
Run 'perf list' for a list of valid events

 Usage: perf stat [<options>] [<command>]

    -e, --event <event>   event selector. use 'perf list' to list available events
event syntax error: '..,l3_misses,l3_cache_accesses'
                                  \___ parser error
Run 'perf list' for a list of valid events

 Usage: perf stat [<options>] [<command>]

    -e, --event <event>   event selector. use 'perf list' to list available events
event syntax error: '..,l3_misses,l3_cache_accesses'
                                  \___ parser error
Run 'perf list' for a list of valid events

 Usage: perf stat [<options>] [<command>]

    -e, --event <event>   event selector. use 'perf list' to list available events
event syntax error: '..,l3_misses,l3_cache_accesses'
                                  \___ parser error
Run 'perf list' for a list of valid events

 Usage: perf stat [<options>] [<command>]

    -e, --event <event>   event selector. use 'perf list' to list available events
event syntax error: '..,l3_misses,l3_cache_accesses'
                                  \___ parser error
Run 'perf list' for a list of valid events

 Usage: perf stat [<options>] [<command>]

    -e, --event <event>   event selector. use 'perf list' to list available events
event syntax error: '..,l3_misses,l3_cache_accesses'
                                  \___ parser error
Run 'perf list' for a list of valid events

 Usage: perf stat [<options>] [<command>]

    -e, --event <event>   event selector. use 'perf list' to list available events
event syntax error: '..,l3_misses,l3_cache_accesses'
                                  \___ parser error
Run 'perf list' for a list of valid events

 Usage: perf stat [<options>] [<command>]

    -e, --event <event>   event selector. use 'perf list' to list available events
event syntax error: '..,l3_misses,l3_cache_accesses'
                                  \___ parser error
Run 'perf list' for a list of valid events

 Usage: perf stat [<options>] [<command>]

    -e, --event <event>   event selector. use 'perf list' to list available events
event syntax error: '..,l3_misses,l3_cache_accesses'
                                  \___ parser error
Run 'perf list' for a list of valid events
event syntax error: '..,l3_misses,l3_cache_accesses'
                                  \___ parser error
Run 'perf list' for a list of valid events

 Usage: perf stat [<options>] [<command>]

    -e, --event <event>   event selector. use 'perf list' to list available events

 Usage: perf stat [<options>] [<command>]

    -e, --event <event>   event selector. use 'perf list' to list available events
event syntax error: '..,l3_misses,l3_cache_accesses'
                                  \___ parser error
Run 'perf list' for a list of valid events

 Usage: perf stat [<options>] [<command>]

    -e, --event <event>   event selector. use 'perf list' to list available events
srun: error: nid005302: tasks 0-63: Exited with exit code 129
srun: launch/slurm: _step_signal: Terminating StepId=6150707.2
python: can't open file '/mnt/lustre/a2fs-work2/work/e723/e723/jvandijk/6150707/./generate-meta-data-yaml.py': [Errno 2] No such file or directory
