Restoring modules from user's hemocell
Lmod Warning: The following modules were not loaded: ear




DCGMI support OFF
Mapping frequencies from 96 processes to 192 CPUs...
---------------- EAR 4.3 MPI enabled ----------------
                   App/user id: 'experiment-ear.job'/'jvandijk'
           Node/job id/step_id: 'tcn1155'/'5776004'/'0'
     P_STATE/frequency (turbo): 0/2400000 (0)
    Tasks/nodes/ppn/node_ratio: 96/1/96/1.000
             Policy (learning): monitoring (0)
Policy threshold/Perf accuracy: 0.00/10000000.00
   DynAIS levels/window/AVX512: 10/200/2
                      VAR path: /var/ear
           EAR privileged user: 0
                       EARL on: 1 
                  Max CPU freq: 2400000
-------------------------------------------------------
EAR initialized successfully.
Warning, going to time guided because low number of MPI calls per second current 163.300003 
EAR(experiment-ear.job) at 2.400 in tcn1155 MR[0] elapsed 35 sec.: [32m(CPI=0.421 GBS=196.86 Power=545.3W Time=1.007s
	AvgCPUF=2.38GHz/AvgIMCF=1.80GHz GFlop/s=559.47 IO=8.46MB/s MPI_time/exec_Time (max/avg/min): 59.1/34.9/8.2 %)  
	 Next Frequency 2.40[0m
EAR(experiment-ear.job) at 2.400 in tcn1155 MR[0] elapsed 46 sec.: [32m(CPI=0.426 GBS=219.32 Power=542.8W Time=1.120s
	AvgCPUF=2.38GHz/AvgIMCF=1.80GHz GFlop/s=624.39 IO=0.00MB/s MPI_time/exec_Time (max/avg/min): 59.6/35.4/8.8 %)  [0m
EAR(experiment-ear.job) at 2.400 in tcn1155 MR[0] elapsed 57 sec.: [32m(CPI=0.426 GBS=233.74 Power=542.3W Time=1.109s
	AvgCPUF=2.39GHz/AvgIMCF=1.80GHz GFlop/s=662.93 IO=0.00MB/s MPI_time/exec_Time (max/avg/min): 58.5/35.6/9.3 %)  [0m
EAR(experiment-ear.job) at 2.400 in tcn1155 MR[0] elapsed 68 sec.: [32m(CPI=0.425 GBS=177.35 Power=501.2W Time=1.108s
	AvgCPUF=2.38GHz/AvgIMCF=1.80GHz GFlop/s=688.10 IO=0.00MB/s MPI_time/exec_Time (max/avg/min): 59.2/35.6/9.0 %)  
	 Next Frequency 2.40[0m
EAR(experiment-ear.job) at 2.400 in tcn1155 MR[0] elapsed 79 sec.: [32m(CPI=0.424 GBS=218.08 Power=543.6W Time=1.117s
	AvgCPUF=2.39GHz/AvgIMCF=1.80GHz GFlop/s=705.66 IO=0.00MB/s MPI_time/exec_Time (max/avg/min): 59.4/35.7/9.2 %)  [0m
EAR(experiment-ear.job) at 2.400 in tcn1155 MR[0] elapsed 91 sec.: [32m(CPI=0.425 GBS=195.55 Power=545.4W Time=1.107s
	AvgCPUF=2.38GHz/AvgIMCF=1.80GHz GFlop/s=718.72 IO=0.00MB/s MPI_time/exec_Time (max/avg/min): 58.7/35.8/9.1 %)  
	 Next Frequency 2.40[0m
EAR(experiment-ear.job) at 2.400 in tcn1155 MR[0] elapsed 102 sec.: [32m(CPI=0.425 GBS=206.19 Power=496.6W Time=1.117s
	AvgCPUF=2.38GHz/AvgIMCF=1.80GHz GFlop/s=728.93 IO=0.00MB/s MPI_time/exec_Time (max/avg/min): 59.3/35.6/8.9 %)  [0m
EAR(experiment-ear.job) at 2.400 in tcn1155 MR[0] elapsed 113 sec.: [32m(CPI=0.425 GBS=212.32 Power=547.7W Time=1.107s
	AvgCPUF=2.38GHz/AvgIMCF=1.80GHz GFlop/s=737.30 IO=0.00MB/s MPI_time/exec_Time (max/avg/min): 59.2/35.5/8.6 %)  [0m
EAR(experiment-ear.job) at 2.400 in tcn1155 MR[0] elapsed 124 sec.: [32m(CPI=0.424 GBS=205.81 Power=548.7W Time=1.109s
	AvgCPUF=2.39GHz/AvgIMCF=1.80GHz GFlop/s=743.74 IO=0.00MB/s MPI_time/exec_Time (max/avg/min): 59.3/35.6/9.1 %)  [0m
EAR(experiment-ear.job) at 2.400 in tcn1155 MR[0] elapsed 135 sec.: [32m(CPI=0.425 GBS=172.14 Power=498.9W Time=1.110s
	AvgCPUF=2.38GHz/AvgIMCF=1.80GHz GFlop/s=749.41 IO=0.00MB/s MPI_time/exec_Time (max/avg/min): 59.4/35.8/9.4 %)  [0m
EAR(experiment-ear.job) at 2.400 in tcn1155 MR[0] elapsed 146 sec.: [32m(CPI=0.424 GBS=208.00 Power=544.8W Time=1.110s
	AvgCPUF=2.38GHz/AvgIMCF=1.80GHz GFlop/s=754.00 IO=0.00MB/s MPI_time/exec_Time (max/avg/min): 59.2/35.8/9.0 %)  [0m
EAR(experiment-ear.job) at 2.400 in tcn1155 MR[0] elapsed 158 sec.: [32m(CPI=0.426 GBS=242.35 Power=546.7W Time=1.108s
	AvgCPUF=2.38GHz/AvgIMCF=1.80GHz GFlop/s=757.98 IO=0.00MB/s MPI_time/exec_Time (max/avg/min): 59.3/35.5/8.4 %)  [0m
EAR(experiment-ear.job) at 2.400 in tcn1155 MR[0] elapsed 169 sec.: [32m(CPI=0.424 GBS=219.13 Power=547.1W Time=1.210s
	AvgCPUF=2.38GHz/AvgIMCF=1.80GHz GFlop/s=761.32 IO=0.00MB/s MPI_time/exec_Time (max/avg/min): 59.2/35.7/8.9 %)  
	 Next Frequency 2.40[0m
EAR(experiment-ear.job) at 2.400 in tcn1155 MR[0] elapsed 181 sec.: [32m(CPI=0.425 GBS=235.64 Power=499.2W Time=1.120s
	AvgCPUF=2.38GHz/AvgIMCF=1.80GHz GFlop/s=764.32 IO=0.00MB/s MPI_time/exec_Time (max/avg/min): 59.5/35.8/9.2 %)  [0m
EAR(experiment-ear.job) at 2.400 in tcn1155 MR[0] elapsed 193 sec.: [32m(CPI=0.426 GBS=211.51 Power=546.7W Time=1.209s
	AvgCPUF=2.38GHz/AvgIMCF=1.80GHz GFlop/s=767.09 IO=0.00MB/s MPI_time/exec_Time (max/avg/min): 59.1/35.5/8.9 %)  [0m
EAR(experiment-ear.job) at 2.400 in tcn1155 MR[0] elapsed 205 sec.: [32m(CPI=0.424 GBS=224.58 Power=545.4W Time=1.107s
	AvgCPUF=2.39GHz/AvgIMCF=1.80GHz GFlop/s=769.26 IO=0.00MB/s MPI_time/exec_Time (max/avg/min): 59.5/35.9/9.9 %)  [0m
EAR(experiment-ear.job) at 2.400 in tcn1155 MR[0] elapsed 216 sec.: [32m(CPI=0.424 GBS=219.35 Power=504.9W Time=1.212s
	AvgCPUF=2.38GHz/AvgIMCF=1.80GHz GFlop/s=771.19 IO=0.00MB/s MPI_time/exec_Time (max/avg/min): 59.4/35.9/8.6 %)  [0m
EAR(experiment-ear.job) at 2.400 in tcn1155 MR[0] elapsed 227 sec.: [32m(CPI=0.426 GBS=220.41 Power=546.5W Time=1.113s
	AvgCPUF=2.38GHz/AvgIMCF=1.80GHz GFlop/s=773.09 IO=0.00MB/s MPI_time/exec_Time (max/avg/min): 59.1/35.6/8.6 %)  [0m
EAR(experiment-ear.job) at 2.400 in tcn1155 MR[0] elapsed 238 sec.: [32m(CPI=0.425 GBS=205.13 Power=545.2W Time=1.108s
	AvgCPUF=2.38GHz/AvgIMCF=1.80GHz GFlop/s=774.78 IO=0.00MB/s MPI_time/exec_Time (max/avg/min): 59.1/35.6/8.9 %)  [0m
EAR(experiment-ear.job) at 2.400 in tcn1155 MR[0] elapsed 249 sec.: [32m(CPI=0.425 GBS=209.27 Power=547.3W Time=1.109s
	AvgCPUF=2.38GHz/AvgIMCF=1.80GHz GFlop/s=776.30 IO=0.00MB/s MPI_time/exec_Time (max/avg/min): 59.4/35.6/8.8 %)  [0m
EAR(experiment-ear.job) at 2.400 in tcn1155 MR[0] elapsed 260 sec.: [32m(CPI=0.424 GBS=211.17 Power=499.3W Time=1.108s
	AvgCPUF=2.38GHz/AvgIMCF=1.80GHz GFlop/s=777.59 IO=0.00MB/s MPI_time/exec_Time (max/avg/min): 59.4/35.8/9.1 %)  [0m
EAR(experiment-ear.job) at 2.400 in tcn1155 MR[0] elapsed 271 sec.: [32m(CPI=0.426 GBS=219.10 Power=551.4W Time=1.107s
	AvgCPUF=2.38GHz/AvgIMCF=1.80GHz GFlop/s=778.95 IO=0.00MB/s MPI_time/exec_Time (max/avg/min): 59.5/35.5/8.5 %)  [0m
EAR(experiment-ear.job) at 2.400 in tcn1155 MR[0] elapsed 282 sec.: [32m(CPI=0.425 GBS=201.11 Power=550.6W Time=1.107s
	AvgCPUF=2.38GHz/AvgIMCF=1.80GHz GFlop/s=780.15 IO=0.00MB/s MPI_time/exec_Time (max/avg/min): 59.3/35.7/8.7 %)  [0m
EAR(experiment-ear.job) at 2.400 in tcn1155 MR[0] elapsed 293 sec.: [32m(CPI=0.425 GBS=206.33 Power=499.1W Time=1.109s
	AvgCPUF=2.39GHz/AvgIMCF=1.80GHz GFlop/s=781.25 IO=0.00MB/s MPI_time/exec_Time (max/avg/min): 59.0/35.7/8.3 %)  [0m
EAR(experiment-ear.job) at 2.400 in tcn1155 MR[0] elapsed 304 sec.: [32m(CPI=0.425 GBS=220.61 Power=550.5W Time=1.110s
	AvgCPUF=2.38GHz/AvgIMCF=1.80GHz GFlop/s=782.23 IO=0.00MB/s MPI_time/exec_Time (max/avg/min): 59.1/35.5/8.1 %)  [0m
EAR(experiment-ear.job) at 2.400 in tcn1155 MR[0] elapsed 316 sec.: [32m(CPI=0.426 GBS=195.67 Power=543.7W Time=1.111s
	AvgCPUF=2.39GHz/AvgIMCF=1.80GHz GFlop/s=783.16 IO=0.00MB/s MPI_time/exec_Time (max/avg/min): 59.4/35.7/8.2 %)  [0m
EAR(experiment-ear.job) at 2.400 in tcn1155 MR[0] elapsed 327 sec.: [32m(CPI=0.425 GBS=199.60 Power=548.4W Time=1.108s
	AvgCPUF=2.38GHz/AvgIMCF=1.80GHz GFlop/s=783.92 IO=0.00MB/s MPI_time/exec_Time (max/avg/min): 58.7/35.7/8.5 %)  [0m
EAR(experiment-ear.job) at 2.400 in tcn1155 MR[0] elapsed 338 sec.: [32m(CPI=0.426 GBS=195.50 Power=498.1W Time=1.110s
	AvgCPUF=2.38GHz/AvgIMCF=1.80GHz GFlop/s=784.70 IO=0.00MB/s MPI_time/exec_Time (max/avg/min): 59.8/35.7/8.3 %)  [0m
EAR(experiment-ear.job) at 2.400 in tcn1155 MR[0] elapsed 349 sec.: [32m(CPI=0.425 GBS=232.89 Power=549.9W Time=1.108s
	AvgCPUF=2.38GHz/AvgIMCF=1.80GHz GFlop/s=785.41 IO=0.00MB/s MPI_time/exec_Time (max/avg/min): 59.6/35.7/8.4 %)  [0m
EAR(experiment-ear.job) at 2.400 in tcn1155 MR[0] elapsed 360 sec.: [32m(CPI=0.425 GBS=210.66 Power=549.1W Time=1.109s
	AvgCPUF=2.40GHz/AvgIMCF=1.80GHz GFlop/s=786.00 IO=0.00MB/s MPI_time/exec_Time (max/avg/min): 59.4/36.0/8.5 %)  [0m
EAR(experiment-ear.job) at 2.400 in tcn1155 MR[0] elapsed 371 sec.: [32m(CPI=0.424 GBS=204.37 Power=501.2W Time=1.108s
	AvgCPUF=2.38GHz/AvgIMCF=1.80GHz GFlop/s=786.55 IO=0.00MB/s MPI_time/exec_Time (max/avg/min): 59.8/35.9/8.4 %)  [0m
EAR(experiment-ear.job) at 2.400 in tcn1155 MR[0] elapsed 382 sec.: [32m(CPI=0.424 GBS=208.54 Power=549.4W Time=1.107s
	AvgCPUF=2.38GHz/AvgIMCF=1.80GHz GFlop/s=787.05 IO=0.00MB/s MPI_time/exec_Time (max/avg/min): 58.8/36.1/8.6 %)  [0m
EAR(experiment-ear.job) at 2.400 in tcn1155 MR[0] elapsed 393 sec.: [32m(CPI=0.425 GBS=254.79 Power=549.1W Time=1.109s
	AvgCPUF=2.38GHz/AvgIMCF=1.80GHz GFlop/s=787.56 IO=0.00MB/s MPI_time/exec_Time (max/avg/min): 59.3/35.7/8.2 %)  [0m
EAR(experiment-ear.job) at 2.400 in tcn1155 MR[0] elapsed 404 sec.: [32m(CPI=0.424 GBS=199.44 Power=500.4W Time=1.111s
	AvgCPUF=2.38GHz/AvgIMCF=1.80GHz GFlop/s=788.02 IO=0.00MB/s MPI_time/exec_Time (max/avg/min): 59.8/36.0/8.8 %)  
	 Next Frequency 2.40[0m
EAR(experiment-ear.job) at 2.400 in tcn1155 MR[0] elapsed 415 sec.: [32m(CPI=0.424 GBS=232.84 Power=541.7W Time=1.119s
	AvgCPUF=2.38GHz/AvgIMCF=1.80GHz GFlop/s=788.42 IO=0.00MB/s MPI_time/exec_Time (max/avg/min): 58.5/36.0/8.5 %)  [0m
EAR(experiment-ear.job) at 2.400 in tcn1155 MR[0] elapsed 427 sec.: [32m(CPI=0.424 GBS=172.55 Power=555.4W Time=1.108s
	AvgCPUF=2.38GHz/AvgIMCF=1.80GHz GFlop/s=788.83 IO=0.00MB/s MPI_time/exec_Time (max/avg/min): 59.4/36.0/8.6 %)  
	 Next Frequency 2.40[0m
EAR(experiment-ear.job) at 2.400 in tcn1155 MR[0] elapsed 438 sec.: [32m(CPI=0.424 GBS=156.18 Power=544.3W Time=1.118s
	AvgCPUF=2.39GHz/AvgIMCF=1.80GHz GFlop/s=789.19 IO=0.00MB/s MPI_time/exec_Time (max/avg/min): 59.8/36.1/8.3 %)  [0m
EAR(experiment-ear.job) at 2.400 in tcn1155 MR[0] elapsed 449 sec.: [32m(CPI=0.424 GBS=207.98 Power=500.6W Time=1.109s
	AvgCPUF=2.38GHz/AvgIMCF=1.80GHz GFlop/s=789.54 IO=0.00MB/s MPI_time/exec_Time (max/avg/min): 58.5/36.1/8.1 %)  [0m
EAR(experiment-ear.job) at 2.400 in tcn1155 MR[0] elapsed 461 sec.: [32m(CPI=0.424 GBS=218.33 Power=548.9W Time=1.112s
	AvgCPUF=2.38GHz/AvgIMCF=1.80GHz GFlop/s=789.83 IO=0.00MB/s MPI_time/exec_Time (max/avg/min): 59.5/36.1/8.4 %)  
	 Next Frequency 2.40[0m
