/gpfs/home3/jvandijk/showcees-framework/tmp.IwwehAoylv
config-relative.xml
RBC.xml
RBC.pos
PLT.pos
PLT.xml
filter.filter
/home/jvandijk/HemoCell-dev-no-scorep/Hemocell-Performance-Benchmarks/cube-benchmark/cube-benchmark
moved to /gpfs/home3/jvandijk/showcees-framework/tmp.IwwehAoylv

JOB STATISTICS
==============
Job ID: 5748502
Cluster: snellius
User/Group: jvandijk/jvandijk
State: TIMEOUT (exit code 0)
Nodes: 1
Cores per node: 128
CPU Utilized: 10:30:06
CPU Efficiency: 47.18% of 22:15:28 core-walltime
Job Wall-clock time: 00:10:26
Memory Utilized: 4.66 GB (estimated maximum)
Memory Efficiency: 2.08% of 224.00 GB (1.75 GB/core)
