/gpfs/home3/jvandijk/showcees-framework/tmp.yVzQ50arWd
perfwrapper
config-relative.xml
RBC.xml
RBC.pos
PLT.pos
PLT.xml
filter.filter
/home/jvandijk/HemoCell-dev-no-scorep/Hemocell-Performance-Benchmarks/cube-benchmark/cube-benchmark
(HemoCell) (Config) reading config-relative.xml
 _   _   ____   __  __   _____    ___   ____   __     __ 
( )_( ) ( ___) (  \/  ) (  _  )  / __) ( ___) (  )   (  )
 ) _ (   )__)   )    (   )(_)(  ( (__   )__)   )(__   )(__ 
(_) (_) (____) (_/\/\_) (_____)  \___) (____) (____) (____) 
                         v.2.6

(unbounded) (Parameters) calculating flow parameters
(HemoCell) dt is set to *auto*. Tau will be set to 1!
(HemoCell) System parameters:
	 dx: 	5e-07
	 dt: 	3.78788e-08
	 dm: 	1.28125e-16
	 dN: 	4.4649e-08
	 tau: 	1
	 nu_lbm: 	0.166667
	 u_lb_max: 	7.57576e-07
	 f_limit: 	0.00111985
(unbounded) (Fluid) Initializing Palabos Fluid Field
(HemoCell) Using default domain management.
(HemoCell) (Fluid) Setting Fluid Equilibrium
Size of the multi-block:     200-by-100-by-100
Number of atomic-blocks:     128
Smallest atomic-block:       25-by-25-by-25
Largest atomic-block:        25-by-25-by-25
Number of allocated cells:   2 million
Fraction of allocated domain: 100 percent

(Hemocell) (HemoCellFields) (Init) particle envelope: 25 [lu]
Cellfield  (+ material model) of RBC
  Volume :90 µm³ VolumeFraction of lsp per fluid node: 1.1215 %
  Nvertex: 642
(Cell-mechanics model) High Order model parameters for RBC cellfield
	 k_link:   0.000183679
	 k_area:   9.18393e-07
	 k_bend: : 1.46943e-05
	 k_volume: 3.67357e-06
	 eta_m:    0
	 mean_edge:1.00019
	 N faces:  1280
(HemoCell) (Timescale Seperation) Setting seperation of RBC to 20 timesteps
(HemoCell) (Timescale separation) Setting update separation of all particles to 5 timesteps
(HemoCell) (CellField) Setting output variables for RBC cells
(HemoCell) (Fluid) Setting output variables for fluid field
(HemoCell) (CellField) Loading particle positions 
(readPositionsBloodCells) Reading particle positions...
(readPositionsBloodCells) Particle count in file (RBC): 128000.
(unbounded) fresh start: warming up cell-free fluid domain for 0 iterations...
(unbounded) Starting simulation...
 | RBC Volume ratio [x100%]: 1.925
(main)   nCells (global) = 500
(HemoCell) (SanityCheck) Performing Sanity check on simulation parameters and setup
(HemoCell) WARNING: Force limit active at 50 pN. Results can be inaccurate due to force capping.
Hemocell Profiler Statistics (Only Process 0):
HemoCell: 268.834000
 MpiReceive: 0.000000
 MpiSend: 0.000000
 deleteIncompleteCells: 0.002000
 iterate: 267.959000
  advanceParticles: 7.027000
  applyConstitutiveModel: 3.172000
  collideAndStream: 192.177000
  deleteNonLocalParticles: 0.552000
  interpolateFluidVelocity: 4.584000
  setExternalVector: 4.522000
  spreadParticleForce: 20.056000
  syncEnvelopes: 35.742000
   MpiReceive: 3.194000
   MpiSend: 0.562000
 syncEnvelopes: 0.223000
  MpiReceive: 0.005000
  MpiSend: 0.002000
(main) Simulation finished :) 
(HemoCell) (Config) reading config-relative.xml
 _   _   ____   __  __   _____    ___   ____   __     __ 
( )_( ) ( ___) (  \/  ) (  _  )  / __) ( ___) (  )   (  )
 ) _ (   )__)   )    (   )(_)(  ( (__   )__)   )(__   )(__ 
(_) (_) (____) (_/\/\_) (_____)  \___) (____) (____) (____) 
                         v.2.6

(unbounded) (Parameters) calculating flow parameters
(HemoCell) dt is set to *auto*. Tau will be set to 1!
(HemoCell) System parameters:
	 dx: 	5e-07
	 dt: 	3.78788e-08
	 dm: 	1.28125e-16
	 dN: 	4.4649e-08
	 tau: 	1
	 nu_lbm: 	0.166667
	 u_lb_max: 	7.57576e-07
	 f_limit: 	0.00111985
(unbounded) (Fluid) Initializing Palabos Fluid Field
(HemoCell) Using default domain management.
(HemoCell) (Fluid) Setting Fluid Equilibrium
Size of the multi-block:     200-by-100-by-100
Number of atomic-blocks:     128
Smallest atomic-block:       25-by-25-by-25
Largest atomic-block:        25-by-25-by-25
Number of allocated cells:   2 million
Fraction of allocated domain: 100 percent

(Hemocell) (HemoCellFields) (Init) particle envelope: 25 [lu]
Cellfield  (+ material model) of RBC
  Volume :90 µm³ VolumeFraction of lsp per fluid node: 1.1215 %
  Nvertex: 642
(Cell-mechanics model) High Order model parameters for RBC cellfield
	 k_link:   0.000183679
	 k_area:   9.18393e-07
	 k_bend: : 1.46943e-05
	 k_volume: 3.67357e-06
	 eta_m:    0
	 mean_edge:1.00019
	 N faces:  1280
(HemoCell) (Timescale Seperation) Setting seperation of RBC to 20 timesteps
(HemoCell) (Timescale separation) Setting update separation of all particles to 5 timesteps
(HemoCell) (CellField) Setting output variables for RBC cells
(HemoCell) (Fluid) Setting output variables for fluid field
(HemoCell) (CellField) Loading particle positions 
(readPositionsBloodCells) Reading particle positions...
(readPositionsBloodCells) Particle count in file (RBC): 128000.
(unbounded) fresh start: warming up cell-free fluid domain for 0 iterations...
(unbounded) Starting simulation...
 | RBC Volume ratio [x100%]: 1.925
(main)   nCells (global) = 500
(HemoCell) (SanityCheck) Performing Sanity check on simulation parameters and setup
(HemoCell) WARNING: Force limit active at 50 pN. Results can be inaccurate due to force capping.
Hemocell Profiler Statistics (Only Process 0):
HemoCell: 265.534000
 MpiReceive: 0.000000
 MpiSend: 0.000000
 deleteIncompleteCells: 0.002000
 iterate: 264.752000
  advanceParticles: 8.052000
  applyConstitutiveModel: 3.091000
  collideAndStream: 180.707000
  deleteNonLocalParticles: 0.480000
  interpolateFluidVelocity: 5.119000
  setExternalVector: 7.201000
  spreadParticleForce: 28.205000
  syncEnvelopes: 31.778000
   MpiReceive: 2.723000
   MpiSend: 0.552000
 syncEnvelopes: 0.142000
  MpiReceive: 0.005000
  MpiSend: 0.001000
(main) Simulation finished :) 
(HemoCell) (Config) reading config-relative.xml
 _   _   ____   __  __   _____    ___   ____   __     __ 
( )_( ) ( ___) (  \/  ) (  _  )  / __) ( ___) (  )   (  )
 ) _ (   )__)   )    (   )(_)(  ( (__   )__)   )(__   )(__ 
(_) (_) (____) (_/\/\_) (_____)  \___) (____) (____) (____) 
                         v.2.6

(unbounded) (Parameters) calculating flow parameters
(HemoCell) dt is set to *auto*. Tau will be set to 1!
(HemoCell) System parameters:
	 dx: 	5e-07
	 dt: 	3.78788e-08
	 dm: 	1.28125e-16
	 dN: 	4.4649e-08
	 tau: 	1
	 nu_lbm: 	0.166667
	 u_lb_max: 	7.57576e-07
	 f_limit: 	0.00111985
(unbounded) (Fluid) Initializing Palabos Fluid Field
(HemoCell) Using default domain management.
(HemoCell) (Fluid) Setting Fluid Equilibrium
Size of the multi-block:     200-by-100-by-100
Number of atomic-blocks:     128
Smallest atomic-block:       25-by-25-by-25
Largest atomic-block:        25-by-25-by-25
Number of allocated cells:   2 million
Fraction of allocated domain: 100 percent

(Hemocell) (HemoCellFields) (Init) particle envelope: 25 [lu]
Cellfield  (+ material model) of RBC
  Volume :90 µm³ VolumeFraction of lsp per fluid node: 1.1215 %
  Nvertex: 642
(Cell-mechanics model) High Order model parameters for RBC cellfield
	 k_link:   0.000183679
	 k_area:   9.18393e-07
	 k_bend: : 1.46943e-05
	 k_volume: 3.67357e-06
	 eta_m:    0
	 mean_edge:1.00019
	 N faces:  1280
(HemoCell) (Timescale Seperation) Setting seperation of RBC to 20 timesteps
(HemoCell) (Timescale separation) Setting update separation of all particles to 5 timesteps
(HemoCell) (CellField) Setting output variables for RBC cells
(HemoCell) (Fluid) Setting output variables for fluid field
(HemoCell) (CellField) Loading particle positions 
(readPositionsBloodCells) Reading particle positions...
(readPositionsBloodCells) Particle count in file (RBC): 128000.
(unbounded) fresh start: warming up cell-free fluid domain for 0 iterations...
(unbounded) Starting simulation...
 | RBC Volume ratio [x100%]: 1.925
(main)   nCells (global) = 500
(HemoCell) (SanityCheck) Performing Sanity check on simulation parameters and setup
(HemoCell) WARNING: Force limit active at 50 pN. Results can be inaccurate due to force capping.
Hemocell Profiler Statistics (Only Process 0):
HemoCell: 258.783000
 MpiReceive: 0.000000
 MpiSend: 0.000000
 deleteIncompleteCells: 0.002000
 iterate: 258.011000
  advanceParticles: 7.378000
  applyConstitutiveModel: 3.210000
  collideAndStream: 179.719000
  deleteNonLocalParticles: 0.541000
  interpolateFluidVelocity: 5.181000
  setExternalVector: 11.333000
  spreadParticleForce: 20.845000
  syncEnvelopes: 29.699000
   MpiReceive: 2.779000
   MpiSend: 0.558000
 syncEnvelopes: 0.133000
  MpiReceive: 0.005000
  MpiSend: 0.001000
(main) Simulation finished :) 
(HemoCell) (Config) reading config-relative.xml
 _   _   ____   __  __   _____    ___   ____   __     __ 
( )_( ) ( ___) (  \/  ) (  _  )  / __) ( ___) (  )   (  )
 ) _ (   )__)   )    (   )(_)(  ( (__   )__)   )(__   )(__ 
(_) (_) (____) (_/\/\_) (_____)  \___) (____) (____) (____) 
                         v.2.6

(unbounded) (Parameters) calculating flow parameters
(HemoCell) dt is set to *auto*. Tau will be set to 1!
(HemoCell) System parameters:
	 dx: 	5e-07
	 dt: 	3.78788e-08
	 dm: 	1.28125e-16
	 dN: 	4.4649e-08
	 tau: 	1
	 nu_lbm: 	0.166667
	 u_lb_max: 	7.57576e-07
	 f_limit: 	0.00111985
(unbounded) (Fluid) Initializing Palabos Fluid Field
(HemoCell) Using default domain management.
(HemoCell) (Fluid) Setting Fluid Equilibrium
Size of the multi-block:     200-by-100-by-100
Number of atomic-blocks:     128
Smallest atomic-block:       25-by-25-by-25
Largest atomic-block:        25-by-25-by-25
Number of allocated cells:   2 million
Fraction of allocated domain: 100 percent

(Hemocell) (HemoCellFields) (Init) particle envelope: 25 [lu]
Cellfield  (+ material model) of RBC
  Volume :90 µm³ VolumeFraction of lsp per fluid node: 1.1215 %
  Nvertex: 642
(Cell-mechanics model) High Order model parameters for RBC cellfield
	 k_link:   0.000183679
	 k_area:   9.18393e-07
	 k_bend: : 1.46943e-05
	 k_volume: 3.67357e-06
	 eta_m:    0
	 mean_edge:1.00019
	 N faces:  1280
(HemoCell) (Timescale Seperation) Setting seperation of RBC to 20 timesteps
(HemoCell) (Timescale separation) Setting update separation of all particles to 5 timesteps
(HemoCell) (CellField) Setting output variables for RBC cells
(HemoCell) (Fluid) Setting output variables for fluid field
(HemoCell) (CellField) Loading particle positions 
(readPositionsBloodCells) Reading particle positions...
(readPositionsBloodCells) Particle count in file (RBC): 128000.
(unbounded) fresh start: warming up cell-free fluid domain for 0 iterations...
(unbounded) Starting simulation...
 | RBC Volume ratio [x100%]: 1.925
(main)   nCells (global) = 500
(HemoCell) (SanityCheck) Performing Sanity check on simulation parameters and setup
(HemoCell) WARNING: Force limit active at 50 pN. Results can be inaccurate due to force capping.
Hemocell Profiler Statistics (Only Process 0):
HemoCell: 257.257000
 MpiReceive: 0.000000
 MpiSend: 0.000000
 deleteIncompleteCells: 0.002000
 iterate: 256.475000
  advanceParticles: 6.678000
  applyConstitutiveModel: 3.016000
  collideAndStream: 177.945000
  deleteNonLocalParticles: 0.515000
  interpolateFluidVelocity: 3.673000
  setExternalVector: 7.000000
  spreadParticleForce: 20.844000
  syncEnvelopes: 36.674000
   MpiReceive: 3.467000
   MpiSend: 0.510000
 syncEnvelopes: 0.155000
  MpiReceive: 0.005000
  MpiSend: 0.001000
(main) Simulation finished :) 

JOB STATISTICS
==============
Job ID: 5762107
Cluster: snellius
User/Group: jvandijk/jvandijk
State: RUNNING
Nodes: 1
Cores per node: 128
CPU Utilized: 1-13:05:35
CPU Efficiency: 86.86% of 1-18:42:08 core-walltime
Job Wall-clock time: 00:20:01
Memory Utilized: 18.30 GB (estimated maximum)
Memory Efficiency: 8.17% of 224.00 GB (1.75 GB/core)
WARNING: Efficiency statistics may be misleading for RUNNING jobs.
