Restoring modules from user's hemocell
DCGMI support OFF
Mapping frequencies from 64 processes to 128 CPUs...
---------------- EAR 4.3 MPI enabled ----------------
                   App/user id: 'experiment-ear.job'/'jvandijk'
           Node/job id/step_id: 'tcn78'/'5775988'/'0'
     P_STATE/frequency (turbo): 0/2600000 (0)
    Tasks/nodes/ppn/node_ratio: 64/1/64/1.000
             Policy (learning): monitoring (0)
Policy threshold/Perf accuracy: 0.00/10000000.00
   DynAIS levels/window/AVX512: 10/200/2
                      VAR path: /var/ear
           EAR privileged user: 0
                       EARL on: 1 
                  Max CPU freq: 2600000
-------------------------------------------------------
EAR initialized successfully.
EAR(experiment-ear.job) at 2.600 in tcn78 MR[0] elapsed 28 sec.: [32m(CPI=0.620 GBS=74.11 Power=377.8W Time=0.981s
	AvgCPUF=2.57GHz/AvgIMCF=1.47GHz GFlop/s=463.89 IO=7.00MB/s MPI_time/exec_Time (max/avg/min): 48.8/28.6/9.4 %)  
	 Next Frequency 2.60[0m
EAR(experiment-ear.job) at 2.600 in tcn78 MR[0] elapsed 40 sec.: [32m(CPI=0.626 GBS=74.30 Power=478.0W Time=1.172s
	AvgCPUF=2.57GHz/AvgIMCF=1.47GHz GFlop/s=469.75 IO=0.00MB/s MPI_time/exec_Time (max/avg/min): 48.4/28.3/8.7 %)  [0m
EAR(experiment-ear.job) at 2.600 in tcn78 MR[0] elapsed 62 sec.: [32m(CPI=0.627 GBS=74.37 Power=483.8W Time=1.076s
	AvgCPUF=2.57GHz/AvgIMCF=1.47GHz GFlop/s=474.85 IO=0.00MB/s MPI_time/exec_Time (max/avg/min): 48.5/28.2/8.7 %)  [0m
EAR(experiment-ear.job) at 2.600 in tcn78 MR[0] elapsed 83 sec.: [32m(CPI=0.627 GBS=75.23 Power=469.7W Time=1.073s
	AvgCPUF=2.57GHz/AvgIMCF=1.47GHz GFlop/s=477.41 IO=0.00MB/s MPI_time/exec_Time (max/avg/min): 48.2/28.2/8.5 %)  [0m
EAR(experiment-ear.job) at 2.600 in tcn78 MR[0] elapsed 104 sec.: [32m(CPI=0.629 GBS=74.33 Power=430.8W Time=1.070s
	AvgCPUF=2.57GHz/AvgIMCF=1.47GHz GFlop/s=479.11 IO=0.00MB/s MPI_time/exec_Time (max/avg/min): 48.3/27.9/7.9 %)  [0m
EAR(experiment-ear.job) at 2.600 in tcn78 MR[0] elapsed 126 sec.: [32m(CPI=0.628 GBS=73.80 Power=420.9W Time=1.075s
	AvgCPUF=2.57GHz/AvgIMCF=1.47GHz GFlop/s=480.01 IO=0.00MB/s MPI_time/exec_Time (max/avg/min): 48.3/28.1/8.3 %)  [0m
EAR(experiment-ear.job) at 2.600 in tcn78 MR[0] elapsed 147 sec.: [32m(CPI=0.627 GBS=73.74 Power=420.0W Time=1.074s
	AvgCPUF=2.57GHz/AvgIMCF=1.47GHz GFlop/s=480.59 IO=0.00MB/s MPI_time/exec_Time (max/avg/min): 48.6/28.2/8.4 %)  [0m
EAR(experiment-ear.job) at 2.600 in tcn78 MR[0] elapsed 169 sec.: [32m(CPI=0.630 GBS=74.04 Power=421.0W Time=1.069s
	AvgCPUF=2.57GHz/AvgIMCF=1.47GHz GFlop/s=481.27 IO=0.00MB/s MPI_time/exec_Time (max/avg/min): 48.1/27.9/7.8 %)  [0m
EAR(experiment-ear.job) at 2.600 in tcn78 MR[0] elapsed 190 sec.: [32m(CPI=0.626 GBS=73.72 Power=417.6W Time=1.076s
	AvgCPUF=2.57GHz/AvgIMCF=1.47GHz GFlop/s=481.59 IO=0.00MB/s MPI_time/exec_Time (max/avg/min): 48.9/28.3/8.6 %)  [0m
EAR(experiment-ear.job) at 2.600 in tcn78 MR[0] elapsed 212 sec.: [32m(CPI=0.627 GBS=73.85 Power=418.6W Time=1.073s
	AvgCPUF=2.57GHz/AvgIMCF=1.47GHz GFlop/s=481.90 IO=0.00MB/s MPI_time/exec_Time (max/avg/min): 48.4/28.1/8.0 %)  [0m
EAR(experiment-ear.job) at 2.600 in tcn78 MR[0] elapsed 233 sec.: [32m(CPI=0.628 GBS=73.88 Power=418.9W Time=1.072s
	AvgCPUF=2.57GHz/AvgIMCF=1.47GHz GFlop/s=482.16 IO=0.00MB/s MPI_time/exec_Time (max/avg/min): 48.6/28.1/8.2 %)  [0m
EAR(experiment-ear.job) at 2.600 in tcn78 MR[0] elapsed 255 sec.: [32m(CPI=0.629 GBS=74.02 Power=419.4W Time=1.071s
	AvgCPUF=2.57GHz/AvgIMCF=1.47GHz GFlop/s=482.48 IO=0.00MB/s MPI_time/exec_Time (max/avg/min): 48.2/27.9/8.0 %)  [0m
EAR(experiment-ear.job) at 2.600 in tcn78 MR[0] elapsed 275 sec.: [32m(CPI=0.629 GBS=73.96 Power=419.0W Time=1.071s
	AvgCPUF=2.57GHz/AvgIMCF=1.47GHz GFlop/s=482.70 IO=0.00MB/s MPI_time/exec_Time (max/avg/min): 48.0/28.0/8.1 %)  [0m
EAR(experiment-ear.job) at 2.600 in tcn78 MR[0] elapsed 296 sec.: [32m(CPI=0.627 GBS=73.87 Power=417.0W Time=1.023s
	AvgCPUF=2.57GHz/AvgIMCF=1.47GHz GFlop/s=482.86 IO=0.00MB/s MPI_time/exec_Time (max/avg/min): 48.0/28.1/8.2 %)  [0m
EAR(experiment-ear.job) at 2.600 in tcn78 MR[0] elapsed 318 sec.: [32m(CPI=0.630 GBS=74.03 Power=420.1W Time=1.069s
	AvgCPUF=2.57GHz/AvgIMCF=1.47GHz GFlop/s=483.06 IO=0.00MB/s MPI_time/exec_Time (max/avg/min): 48.3/27.8/8.1 %)  [0m
EAR(experiment-ear.job) at 2.600 in tcn78 MR[0] elapsed 339 sec.: [32m(CPI=0.627 GBS=73.78 Power=417.6W Time=1.075s
	AvgCPUF=2.57GHz/AvgIMCF=1.47GHz GFlop/s=483.16 IO=0.00MB/s MPI_time/exec_Time (max/avg/min): 48.7/28.2/8.1 %)  [0m
EAR(experiment-ear.job) at 2.600 in tcn78 MR[0] elapsed 361 sec.: [32m(CPI=0.626 GBS=73.72 Power=418.0W Time=1.074s
	AvgCPUF=2.57GHz/AvgIMCF=1.47GHz GFlop/s=483.20 IO=0.00MB/s MPI_time/exec_Time (max/avg/min): 48.4/28.3/8.4 %)  [0m
EAR(experiment-ear.job) at 2.600 in tcn78 MR[0] elapsed 382 sec.: [32m(CPI=0.626 GBS=73.68 Power=418.2W Time=1.074s
	AvgCPUF=2.57GHz/AvgIMCF=1.47GHz GFlop/s=483.22 IO=0.00MB/s MPI_time/exec_Time (max/avg/min): 48.5/28.3/8.6 %)  [0m
EAR(experiment-ear.job) at 2.600 in tcn78 MR[0] elapsed 404 sec.: [32m(CPI=0.630 GBS=74.02 Power=419.0W Time=1.071s
	AvgCPUF=2.57GHz/AvgIMCF=1.47GHz GFlop/s=483.35 IO=0.00MB/s MPI_time/exec_Time (max/avg/min): 48.3/27.9/8.1 %)  [0m
EAR(experiment-ear.job) at 2.600 in tcn78 MR[0] elapsed 425 sec.: [32m(CPI=0.627 GBS=73.77 Power=418.4W Time=1.073s
	AvgCPUF=2.57GHz/AvgIMCF=1.47GHz GFlop/s=483.41 IO=0.00MB/s MPI_time/exec_Time (max/avg/min): 48.4/28.2/8.4 %)  [0m
EAR(experiment-ear.job) at 2.600 in tcn78 MR[0] elapsed 447 sec.: [32m(CPI=0.626 GBS=73.77 Power=440.0W Time=1.073s
	AvgCPUF=2.57GHz/AvgIMCF=1.47GHz GFlop/s=483.44 IO=0.00MB/s MPI_time/exec_Time (max/avg/min): 48.5/28.2/8.3 %)  [0m
EAR(experiment-ear.job) at 2.600 in tcn78 MR[0] elapsed 468 sec.: [32m(CPI=0.630 GBS=74.02 Power=420.2W Time=1.071s
	AvgCPUF=2.57GHz/AvgIMCF=1.47GHz GFlop/s=483.55 IO=0.00MB/s MPI_time/exec_Time (max/avg/min): 48.3/27.9/7.9 %)  [0m
EAR(experiment-ear.job) at 2.600 in tcn78 MR[0] elapsed 490 sec.: [32m(CPI=0.628 GBS=73.82 Power=419.0W Time=1.073s
	AvgCPUF=2.57GHz/AvgIMCF=1.47GHz GFlop/s=483.59 IO=0.00MB/s MPI_time/exec_Time (max/avg/min): 48.6/28.2/8.4 %)  [0m
