CONFIG = RELATIVE
Loading openmpi/4.1.5/gnu/8.5.0/openmpi-4.1.5-none-1.0
  Loading requirement: ucx/1.14.1/gnu/8.5.0/ucx-1.14.1-none-1.0
Zone reclaim
Numa balancing
Transparent HP
Drop Cache
Turbo
 #####################################
 Begin : 
 #####################################
--------------------------------------------------------------------------
WARNING: There was an error initializing an OpenFabrics device.

  Local host:   o118
  Local device: mlx5_0
--------------------------------------------------------------------------
[1710410693.839252] [o118:6378 :0]          parser.c:1993 UCX  WARN  unused environment variable: UCX_DIR (maybe: UCX_TLS?)
[1710410693.839252] [o118:6378 :0]          parser.c:1993 UCX  WARN  (set UCX_WARN_UNUSED_ENV_VARS=n to suppress this warning)
[1710410693.839252] [o118:6379 :0]          parser.c:1993 UCX  WARN  unused environment variable: UCX_DIR (maybe: UCX_TLS?)
[1710410693.839252] [o118:6379 :0]          parser.c:1993 UCX  WARN  (set UCX_WARN_UNUSED_ENV_VARS=n to suppress this warning)
[1710410693.839684] [o118:6381 :0]          parser.c:1993 UCX  WARN  unused environment variable: UCX_DIR (maybe: UCX_TLS?)
[1710410693.839684] [o118:6381 :0]          parser.c:1993 UCX  WARN  (set UCX_WARN_UNUSED_ENV_VARS=n to suppress this warning)
[1710410693.839714] [o118:6392 :0]          parser.c:1993 UCX  WARN  unused environment variable: UCX_DIR (maybe: UCX_TLS?)
[1710410693.839714] [o118:6392 :0]          parser.c:1993 UCX  WARN  (set UCX_WARN_UNUSED_ENV_VARS=n to suppress this warning)
[1710410693.839739] [o118:6382 :0]          parser.c:1993 UCX  WARN  unused environment variable: UCX_DIR (maybe: UCX_TLS?)
[1710410693.839739] [o118:6382 :0]          parser.c:1993 UCX  WARN  (set UCX_WARN_UNUSED_ENV_VARS=n to suppress this warning)
[1710410693.839900] [o118:6388 :0]          parser.c:1993 UCX  WARN  unused environment variable: UCX_DIR (maybe: UCX_TLS?)
[1710410693.839900] [o118:6388 :0]          parser.c:1993 UCX  WARN  (set UCX_WARN_UNUSED_ENV_VARS=n to suppress this warning)
[1710410693.839972] [o118:6383 :0]          parser.c:1993 UCX  WARN  unused environment variable: UCX_DIR (maybe: UCX_TLS?)
[1710410693.839972] [o118:6383 :0]          parser.c:1993 UCX  WARN  (set UCX_WARN_UNUSED_ENV_VARS=n to suppress this warning)
[1710410693.840055] [o118:6386 :0]          parser.c:1993 UCX  WARN  unused environment variable: UCX_DIR (maybe: UCX_TLS?)
[1710410693.840055] [o118:6386 :0]          parser.c:1993 UCX  WARN  (set UCX_WARN_UNUSED_ENV_VARS=n to suppress this warning)
[1710410693.840104] [o118:6393 :0]          parser.c:1993 UCX  WARN  unused environment variable: UCX_DIR (maybe: UCX_TLS?)
[1710410693.840104] [o118:6393 :0]          parser.c:1993 UCX  WARN  (set UCX_WARN_UNUSED_ENV_VARS=n to suppress this warning)
[1710410693.840195] [o118:6389 :0]          parser.c:1993 UCX  WARN  unused environment variable: UCX_DIR (maybe: UCX_TLS?)
[1710410693.840195] [o118:6389 :0]          parser.c:1993 UCX  WARN  (set UCX_WARN_UNUSED_ENV_VARS=n to suppress this warning)
[1710410693.840197] [o118:6380 :0]          parser.c:1993 UCX  WARN  unused environment variable: UCX_DIR (maybe: UCX_TLS?)
[1710410693.840197] [o118:6380 :0]          parser.c:1993 UCX  WARN  (set UCX_WARN_UNUSED_ENV_VARS=n to suppress this warning)
[1710410693.840246] [o118:6391 :0]          parser.c:1993 UCX  WARN  unused environment variable: UCX_DIR (maybe: UCX_TLS?)
[1710410693.840246] [o118:6391 :0]          parser.c:1993 UCX  WARN  (set UCX_WARN_UNUSED_ENV_VARS=n to suppress this warning)
[1710410693.840297] [o118:6385 :0]          parser.c:1993 UCX  WARN  unused environment variable: UCX_DIR (maybe: UCX_TLS?)
[1710410693.840297] [o118:6385 :0]          parser.c:1993 UCX  WARN  (set UCX_WARN_UNUSED_ENV_VARS=n to suppress this warning)
[1710410693.840299] [o118:6387 :0]          parser.c:1993 UCX  WARN  unused environment variable: UCX_DIR (maybe: UCX_TLS?)
[1710410693.840299] [o118:6387 :0]          parser.c:1993 UCX  WARN  (set UCX_WARN_UNUSED_ENV_VARS=n to suppress this warning)
[1710410693.840309] [o118:6390 :0]          parser.c:1993 UCX  WARN  unused environment variable: UCX_DIR (maybe: UCX_TLS?)
[1710410693.840309] [o118:6390 :0]          parser.c:1993 UCX  WARN  (set UCX_WARN_UNUSED_ENV_VARS=n to suppress this warning)
[1710410693.840318] [o118:6384 :0]          parser.c:1993 UCX  WARN  unused environment variable: UCX_DIR (maybe: UCX_TLS?)
[1710410693.840318] [o118:6384 :0]          parser.c:1993 UCX  WARN  (set UCX_WARN_UNUSED_ENV_VARS=n to suppress this warning)
(HemoCell) (Config) reading config-relative.xml
 _   _   ____   __  __   _____    ___   ____   __     __ 
( )_( ) ( ___) (  \/  ) (  _  )  / __) ( ___) (  )   (  )
 ) _ (   )__)   )    (   )(_)(  ( (__   )__)   )(__   )(__ 
(_) (_) (____) (_/\/\_) (_____)  \___) (____) (____) (____) 
                         v.2.6

(unbounded) (Parameters) calculating flow parameters
(HemoCell) dt is set to *auto*. Tau will be set to 1!
(HemoCell) System parameters:
	 dx: 	5e-07
	 dt: 	3.78788e-08
	 dm: 	1.28125e-16
	 dN: 	4.4649e-08
	 tau: 	1
	 nu_lbm: 	0.166667
	 u_lb_max: 	7.57576e-07
	 f_limit: 	0.00111985
(unbounded) (Fluid) Initializing Palabos Fluid Field
(HemoCell) Using default domain management.
(HemoCell) (Fluid) Setting Fluid Equilibrium
Size of the multi-block:     100-by-100-by-125
Number of atomic-blocks:     16
Smallest atomic-block:       50-by-50-by-31
Largest atomic-block:        50-by-50-by-32
Number of allocated cells:   1.25 million
Fraction of allocated domain: 100 percent

(Hemocell) (HemoCellFields) (Init) particle envelope: 25 [lu]
Cellfield  (+ material model) of RBC
  Volume :90 µm³ VolumeFraction of lsp per fluid node: 1.1215 %
  Nvertex: 642
(Cell-mechanics model) High Order model parameters for RBC cellfield
	 k_link:   0.000183679
	 k_area:   9.18393e-07
	 k_bend: : 1.46943e-05
	 k_volume: 3.67357e-06
	 eta_m:    0
	 mean_edge:1.00019
	 N faces:  1280
(HemoCell) (Timescale Seperation) Setting seperation of RBC to 20 timesteps
(HemoCell) (Timescale separation) Setting update separation of all particles to 5 timesteps
(HemoCell) (CellField) Setting output variables for RBC cells
(HemoCell) (Fluid) Setting output variables for fluid field
(HemoCell) (CellField) Loading particle positions 
(readPositionsBloodCells) Reading particle positions...
(readPositionsBloodCells) Particle count in file (RBC): 128000.
(HemoCell) (Output) writing output at timestep 0 (0 s). Approx. performance: 0.00 s / iteration.
(unbounded) fresh start: warming up cell-free fluid domain for 0 iterations...
(unbounded) Starting simulation...
 | RBC Volume ratio [x100%]: 1.848
(main)   nCells (global) = 300
Hemocell Profiler Statistics (Only Process 0):
HemoCell: 1.188000
 MpiReceive: 0.000000
 MpiSend: 0.000000
 deleteIncompleteCells: 0.013000
 output: 0.404000
  applyConstitutiveModel: 0.014000
  deleteIncompleteCells: 0.004000
  separateForceVectors: 0.028000
  syncEnvelopes: 0.040000
   MpiReceive: 0.019000
   MpiSend: 0.010000
  unifyForceVectors: 0.005000
  updateResidenceTime: 0.000000
  writeOutput: 0.240000
   writeCellCSVInfo: 0.107000
    syncEnvelopes: 0.056000
     MpiReceive: 0.009000
     MpiSend: 0.004000
   writeCellField: 0.098000
   writeFluidField: 0.033000
 syncEnvelopes: 0.115000
  MpiReceive: 0.030000
  MpiSend: 0.009000
(main) Simulation finished :) 
[o118:06374] 15 more processes have sent help message help-mpi-btl-openib.txt / error in device init
[o118:06374] Set MCA parameter "orte_base_help_aggregate" to 0 to see all help / error messages
BULL MPI TASKS   = 16
BULL Bin name    = /home_nfs/bhamitono/projects/compbiomed2/wp4/hemocell/HemoCell-dev-develop/build_ampere_gnu/cube_aarch64 
BULL config      = relative 
BULL PARTITION   = Ampere_Q8030_1s_80c_1t_edr_256GB_3200
BULL Time        = 2.04
